[[34m03:15:50.476 STDOUT (DEBUG) on main utils.HLInstance.<init>(HLInstance.java:104)] Version : 138dd36 on dev_LoloElDeglingo - [oups][0m
[[34m03:15:50.481 STDOUT (DEBUG) on main utils.HLInstance.<init>(HLInstance.java:112)] System : Linux 5.8.0-44-generic amd64[0m
[[34m03:15:50.492 STDOUT (DEBUG) on main utils.HLInstance.<init>(HLInstance.java:114)] Java : Oracle Corporation 14.0.2, max memory : 3.88G, available processors : 8[0m
[[34m03:15:50.492 STDOUT (DEBUG) on main utils.HLInstance.<init>(HLInstance.java:117)] [0m
[[34m03:15:50.493 STDOUT (DEBUG) on main utils.HLInstance.<init>(HLInstance.java:119)]    Remember, with great power comes great current squared times resistance !
[0m
[[34m03:15:50.493 STDOUT (DEBUG) on main utils.HLInstance.<init>(HLInstance.java:122)] Chargement de la config...[0m
[[34m03:15:50.516 STDOUT (DEBUG) on main pfg.config.Config.readConfigFile(Config.java:166)] Loading config file : /home/tsimafei/TechTheTiller-HighLevel/bin/../config/config.txt[0m
[[31m03:15:50.539 STDERR (CRITICAL) on main] Unknown key : RECALAGE_ACC, also tried recalageAcc[0m
[[31m03:15:50.539 STDERR (CRITICAL) on main] Unknown key : SECOURS, also tried secours[0m
[[31m03:15:50.540 STDERR (CRITICAL) on main] Unknown key : RECALAGE_MECA_ACC, also tried recalageMecaAcc[0m
[[31m03:15:50.541 STDERR (CRITICAL) on main] Unknown key : MILIEU_ECUEIL_PRIVE_XBLEU, also tried milieuEcueilPriveXbleu[0m
[[34m03:15:50.542 STDOUT (DEBUG) on main pfg.config.Config.printChangedValues(Config.java:465)] Configuration diff :[0m
[[34m03:15:50.542 STDOUT (DEBUG) on main pfg.config.Config.printChangedValues(Config.java:469)]   visualisation = false (default : true)[0m
[[34m03:15:50.543 STDOUT (DEBUG) on main pfg.config.Config.printChangedValues(Config.java:469)]   usingBaliseImage = false (default : true)[0m
[[34m03:15:50.543 STDOUT (DEBUG) on main pfg.config.Config.printChangedValues(Config.java:469)]   usingPanel = false (default : true)[0m
[[34m03:15:50.543 STDOUT (DEBUG) on main pfg.config.Config.printChangedValues(Config.java:469)]   connectToBuddy = false (default : true)[0m
[[34m03:15:50.544 STDOUT (DEBUG) on main pfg.config.Config.printChangedValues(Config.java:469)]   modeMonthlery = true (default : false)[0m
[[34m03:15:50.544 STDOUT (DEBUG) on main pfg.config.Config.printChangedValues(Config.java:469)]   buddyRay = 70 (default : 150)[0m
[[34m03:15:50.545 STDOUT (DEBUG) on main pfg.config.Config.printChangedValues(Config.java:469)]   ennemyRay = 150 (default : 220)[0m
[[34m03:15:50.545 STDOUT (DEBUG) on main pfg.config.Config.printChangedValues(Config.java:469)]   nbrNoeudsX = 30 (default : 45)[0m
[[34m03:15:50.546 STDOUT (DEBUG) on main pfg.config.Config.printChangedValues(Config.java:469)]   nbrNoeudsY = 20 (default : 30)[0m
[[34m03:15:50.546 STDOUT (DEBUG) on main pfg.config.Config.printChangedValues(Config.java:469)]   nbrNoeudsCircle = 14 (default : 12)[0m
[[34m03:15:50.557 DATA_HANDLER (DEBUG) on main utils.HLInstance.module(HLInstance.java:271)] Initialisation du moduleClass Table[0m
[[34m03:15:50.558 DATA_HANDLER (DEBUG) on main utils.HLInstance.module(HLInstance.java:285)] Mise à jour de la config du moduleClass Table après son initialisation.[0m
[[34m03:15:50.567 STDOUT (DEBUG) on main pfg.config.Config.loadInto(Config.java:274)] Set private boolean data.Table.symetry to false[0m
[[34m03:15:50.568 STDOUT (DEBUG) on main pfg.config.Config.loadInto(Config.java:274)] Set private int data.Table.length to 3000[0m
[[34m03:15:50.569 STDOUT (DEBUG) on main pfg.config.Config.loadInto(Config.java:274)] Set private int data.Table.height to 2000[0m
[[34m03:15:50.569 STDOUT (DEBUG) on main pfg.config.Config.loadInto(Config.java:274)] Set private int data.Table.robotRay to 190[0m
[[34m03:15:50.570 STDOUT (DEBUG) on main pfg.config.Config.loadInto(Config.java:274)] Set private int data.Table.buddyRay to 70[0m
[[34m03:15:50.570 STDOUT (DEBUG) on main pfg.config.Config.loadInto(Config.java:274)] Set private int data.Table.ennemyRay to 150[0m
[[34m03:15:50.571 STDOUT (DEBUG) on main pfg.config.Config.loadInto(Config.java:274)] Set private int data.Table.compareThreshold to 5[0m
[[34m03:15:50.571 STDOUT (DEBUG) on main pfg.config.Config.loadInto(Config.java:274)] Set private boolean data.Table.openTheGate to false[0m
[[34m03:15:50.572 DATA_HANDLER (DEBUG) on main utils.HLInstance.module(HLInstance.java:297)] Module Table prêt[0m
[[34m03:15:50.573 DATA_HANDLER (DEBUG) on main utils.HLInstance.module(HLInstance.java:271)] Initialisation du moduleClass Graphe[0m
[[34m03:15:50.574 DATA_HANDLER (DEBUG) on main utils.HLInstance.module(HLInstance.java:285)] Mise à jour de la config du moduleClass Graphe après son initialisation.[0m
[[34m03:15:50.575 STDOUT (DEBUG) on main pfg.config.Config.loadInto(Config.java:274)] Set private int data.Graphe.nodeCircleNbr to 14[0m
[[34m03:15:50.575 STDOUT (DEBUG) on main pfg.config.Config.loadInto(Config.java:274)] Set private double data.Graphe.spaceCircleParameter to 1.2[0m
[[34m03:15:50.576 STDOUT (DEBUG) on main pfg.config.Config.loadInto(Config.java:274)] Set private int data.Graphe.nodeXNbr to 30[0m
[[34m03:15:50.576 STDOUT (DEBUG) on main pfg.config.Config.loadInto(Config.java:274)] Set private int data.Graphe.nodeYNbr to 20[0m
[[34m03:15:50.577 STDOUT (DEBUG) on main pfg.config.Config.loadInto(Config.java:274)] Set private int data.Graphe.partitioningX to 25[0m
[[34m03:15:50.577 STDOUT (DEBUG) on main pfg.config.Config.loadInto(Config.java:274)] Set private int data.Graphe.partitioningY to 25[0m
[[34m03:15:50.884 DATA_HANDLER (DEBUG) on main utils.HLInstance.module(HLInstance.java:297)] Module Graphe prêt[0m
[[34m03:15:50.884 DATA_HANDLER (DEBUG) on main utils.HLInstance.module(HLInstance.java:271)] Initialisation du moduleClass Pathfinder[0m
[[34m03:15:50.885 DATA_HANDLER (DEBUG) on main utils.HLInstance.module(HLInstance.java:285)] Mise à jour de la config du moduleClass Pathfinder après son initialisation.[0m
[[34m03:15:50.885 DATA_HANDLER (DEBUG) on main utils.HLInstance.module(HLInstance.java:297)] Module Pathfinder prêt[0m
[[34m03:15:50.886 DATA_HANDLER (DEBUG) on main utils.HLInstance.module(HLInstance.java:271)] Initialisation du moduleClass OrderWrapper[0m
[[34m03:15:50.886 DATA_HANDLER (DEBUG) on main utils.HLInstance.module(HLInstance.java:285)] Mise à jour de la config du moduleClass OrderWrapper après son initialisation.[0m
[[34m03:15:50.887 STDOUT (DEBUG) on main pfg.config.Config.loadInto(Config.java:274)] Set private boolean orders.OrderWrapper.symetry to false[0m
[[34m03:15:50.889 STDOUT (DEBUG) on main pfg.config.Config.loadInto(Config.java:274)] Set private boolean orders.OrderWrapper.simulation to false[0m
[[34m03:15:50.889 STDOUT (DEBUG) on main pfg.config.Config.loadInto(Config.java:274)] Set private boolean orders.OrderWrapper.usingBaliseImage to false[0m
[[34m03:15:50.891 DATA_HANDLER (DEBUG) on main utils.HLInstance.module(HLInstance.java:297)] Module OrderWrapper prêt[0m
[[34m03:15:50.892 DATA_HANDLER (DEBUG) on main utils.HLInstance.module(HLInstance.java:271)] Initialisation du moduleClass PathFollower[0m
[[34m03:15:50.892 DATA_HANDLER (DEBUG) on main utils.HLInstance.module(HLInstance.java:285)] Mise à jour de la config du moduleClass PathFollower après son initialisation.[0m
[[34m03:15:50.893 STDOUT (DEBUG) on main pfg.config.Config.loadInto(Config.java:274)] Set private long locomotion.PathFollower.locomotionLoopDelay to 20[0m
[[34m03:15:50.893 STDOUT (DEBUG) on main pfg.config.Config.loadInto(Config.java:274)] Set private int locomotion.PathFollower.locomotionDistanceCheck to 200[0m
[[34m03:15:50.893 STDOUT (DEBUG) on main pfg.config.Config.loadInto(Config.java:274)] Set private int locomotion.PathFollower.locomotionRadiusCheck to 200[0m
[[34m03:15:50.893 STDOUT (DEBUG) on main pfg.config.Config.loadInto(Config.java:274)] Set private long locomotion.PathFollower.locomotionObstructedTimeout to 2000[0m
[[34m03:15:50.893 STDOUT (DEBUG) on main pfg.config.Config.loadInto(Config.java:274)] Set private boolean locomotion.PathFollower.simulation to false[0m
[[34m03:15:50.897 DATA_HANDLER (DEBUG) on main utils.HLInstance.module(HLInstance.java:297)] Module PathFollower prêt[0m
[[34m03:15:50.897 DATA_HANDLER (DEBUG) on main utils.HLInstance.module(HLInstance.java:271)] Initialisation du moduleClass Locomotion[0m
[[34m03:15:50.897 DATA_HANDLER (DEBUG) on main utils.HLInstance.module(HLInstance.java:285)] Mise à jour de la config du moduleClass Locomotion après son initialisation.[0m
[[34m03:15:50.898 STDOUT (DEBUG) on main pfg.config.Config.loadInto(Config.java:274)] Set private int locomotion.Locomotion.vectorComparisonThreshold to 5[0m
[[34m03:15:50.898 STDOUT (DEBUG) on main pfg.config.Config.loadInto(Config.java:274)] Set private long locomotion.Locomotion.locomotionObstructedTimeout to 2000[0m
[[34m03:15:50.898 DATA_HANDLER (DEBUG) on main utils.HLInstance.module(HLInstance.java:297)] Module Locomotion prêt[0m
[[34m03:15:50.898 DATA_HANDLER (DEBUG) on main utils.HLInstance.module(HLInstance.java:271)] Initialisation du moduleClass HookFactory[0m
[[34m03:15:50.898 DATA_HANDLER (DEBUG) on main utils.HLInstance.module(HLInstance.java:285)] Mise à jour de la config du moduleClass HookFactory après son initialisation.[0m
[[34m03:15:50.898 DATA_HANDLER (DEBUG) on main utils.HLInstance.module(HLInstance.java:297)] Module HookFactory prêt[0m
[[34m03:15:50.899 DATA_HANDLER (DEBUG) on main utils.HLInstance.module(HLInstance.java:271)] Initialisation du moduleClass ConnectionManager[0m
[[34m03:15:50.899 DATA_HANDLER (DEBUG) on main utils.HLInstance.module(HLInstance.java:285)] Mise à jour de la config du moduleClass ConnectionManager après son initialisation.[0m
[[34m03:15:50.899 DATA_HANDLER (DEBUG) on main utils.HLInstance.module(HLInstance.java:297)] Module ConnectionManager prêt[0m
[[34m03:15:50.899 DATA_HANDLER (DEBUG) on main utils.HLInstance.module(HLInstance.java:271)] Initialisation du moduleClass SimulatorDebug[0m
[[34m03:15:50.899 DATA_HANDLER (DEBUG) on main utils.HLInstance.module(HLInstance.java:285)] Mise à jour de la config du moduleClass SimulatorDebug après son initialisation.[0m
[[34m03:15:50.900 STDOUT (DEBUG) on main pfg.config.Config.loadInto(Config.java:274)] Set private boolean utils.communication.SimulatorDebug.active to false[0m
[[34m03:15:50.900 DATA_HANDLER (DEBUG) on main utils.HLInstance.module(HLInstance.java:297)] Module SimulatorDebug prêt[0m
[[34m03:15:50.900 DATA_HANDLER (DEBUG) on main utils.HLInstance.module(HLInstance.java:271)] Initialisation du moduleClass PanneauModule[0m
[[34m03:15:50.900 DATA_HANDLER (DEBUG) on main utils.HLInstance.module(HLInstance.java:285)] Mise à jour de la config du moduleClass PanneauModule après son initialisation.[0m
[[34m03:15:50.901 STDOUT (DEBUG) on main pfg.config.Config.loadInto(Config.java:274)] Set private long data.controlers.PanneauModule.scoreUpdatePeriod to 100[0m
[[34m03:15:50.902 STDOUT (DEBUG) on main pfg.config.Config.loadInto(Config.java:274)] Set private java.lang.String data.controlers.PanneauModule.couleur to jaune[0m
[[34m03:15:50.902 STDOUT (DEBUG) on main pfg.config.Config.loadInto(Config.java:274)] Set private int data.controlers.PanneauModule.ledProgramPort to 19500[0m
[[34m03:15:50.902 STDOUT (DEBUG) on main pfg.config.Config.loadInto(Config.java:274)] Set private int data.controlers.PanneauModule.ledCount to 16[0m
[[34m03:15:50.902 STDOUT (DEBUG) on main pfg.config.Config.loadInto(Config.java:274)] Set private boolean data.controlers.PanneauModule.using7Segments to true[0m
[[34m03:15:50.903 DATA_HANDLER (DEBUG) on main utils.HLInstance.module(HLInstance.java:297)] Module PanneauModule prêt[0m
[[34m03:15:50.903 DATA_HANDLER (DEBUG) on main utils.HLInstance.module(HLInstance.java:271)] Initialisation du moduleClass Master[0m
[[34m03:15:50.905 DATA_HANDLER (DEBUG) on main utils.HLInstance.module(HLInstance.java:271)] Initialisation du moduleClass SynchronizationWithBuddy[0m
[[34m03:15:50.906 DATA_HANDLER (DEBUG) on main utils.HLInstance.module(HLInstance.java:285)] Mise à jour de la config du moduleClass SynchronizationWithBuddy après son initialisation.[0m
[[34m03:15:50.906 STDOUT (DEBUG) on main pfg.config.Config.loadInto(Config.java:274)] Set protected boolean data.synchronization.SynchronizationCommon.symetry to false[0m
[[34m03:15:50.906 STDOUT (DEBUG) on main pfg.config.Config.loadInto(Config.java:274)] Set protected boolean data.synchronization.SynchronizationCommon.simulation to false[0m
[[34m03:15:50.907 STDOUT (DEBUG) on main pfg.config.Config.loadInto(Config.java:274)] Set protected boolean data.synchronization.SynchronizationCommon.master to true[0m
[[34m03:15:50.907 DATA_HANDLER (DEBUG) on main utils.HLInstance.module(HLInstance.java:297)] Module SynchronizationWithBuddy prêt[0m
[[34m03:15:50.907 DATA_HANDLER (DEBUG) on main utils.HLInstance.module(HLInstance.java:271)] Initialisation du moduleClass Listener[0m
[[34m03:15:50.907 DATA_HANDLER (DEBUG) on main utils.HLInstance.module(HLInstance.java:285)] Mise à jour de la config du moduleClass Listener après son initialisation.[0m
[[34m03:15:50.907 STDOUT (DEBUG) on main pfg.config.Config.loadInto(Config.java:274)] Set private boolean data.controlers.Listener.master to true[0m
[[34m03:15:50.907 STDOUT (DEBUG) on main pfg.config.Config.loadInto(Config.java:274)] Set private boolean data.controlers.Listener.simulation to false[0m
[[34m03:15:50.908 STDOUT (DEBUG) on main pfg.config.Config.loadInto(Config.java:274)] Set private boolean data.controlers.Listener.usingLidar to false[0m
[[34m03:15:50.908 STDOUT (DEBUG) on main pfg.config.Config.loadInto(Config.java:274)] Set private boolean data.controlers.Listener.usingCylinderDetection to false[0m
[[34m03:15:50.908 STDOUT (DEBUG) on main pfg.config.Config.loadInto(Config.java:274)] Set private boolean data.controlers.Listener.usingBaliseImage to false[0m
[[34m03:15:50.908 STDOUT (DEBUG) on main pfg.config.Config.loadInto(Config.java:274)] Set private boolean data.controlers.Listener.visualisation to false[0m
[[34m03:15:50.908 STDOUT (DEBUG) on main pfg.config.Config.loadInto(Config.java:274)] Set private boolean data.controlers.Listener.usingBaliseConnection to false[0m
[[34m03:15:50.909 STDOUT (DEBUG) on main pfg.config.Config.loadInto(Config.java:274)] Set private boolean data.controlers.Listener.connectToBuddy to false[0m
[[34m03:15:50.909 STDOUT (DEBUG) on main pfg.config.Config.loadInto(Config.java:274)] Set private long data.controlers.Listener.timeBetweenPosUpdates to 200[0m
[[34m03:15:50.910 DATA_HANDLER (DEBUG) on main utils.HLInstance.module(HLInstance.java:297)] Module Listener prêt[0m
[[34m03:15:50.910 COMMUNICATION (DEBUG) on pool-1-thread-1 data.controlers.Listener.asyncInit(Listener.java:186)] Listener lancé : connection aux devices...[0m
[[34m03:15:50.911 COMMUNICATION (DEBUG) on pool-1-thread-1 data.controlers.Listener.asyncInit(Listener.java:199)] Lidar[0m
[[34m03:15:50.911 COMMUNICATION (DEBUG) on pool-1-thread-1 data.controlers.Listener.asyncInit(Listener.java:200)] Balise[0m
[[34m03:15:50.911 DATA_HANDLER (DEBUG) on main utils.HLInstance.module(HLInstance.java:271)] Initialisation du moduleClass MatchTimer[0m
[[34m03:15:50.911 DATA_HANDLER (DEBUG) on main utils.HLInstance.module(HLInstance.java:285)] Mise à jour de la config du moduleClass MatchTimer après son initialisation.[0m
[[34m03:15:50.912 DATA_HANDLER (DEBUG) on main utils.HLInstance.module(HLInstance.java:297)] Module MatchTimer prêt[0m
[[34m03:15:50.914 DATA_HANDLER (DEBUG) on main utils.HLInstance.module(HLInstance.java:271)] Initialisation du moduleClass DataController[0m
[[34m03:15:50.916 DATA_HANDLER (DEBUG) on main utils.HLInstance.module(HLInstance.java:285)] Mise à jour de la config du moduleClass DataController après son initialisation.[0m
[[34m03:15:50.916 STDOUT (DEBUG) on main pfg.config.Config.loadInto(Config.java:274)] Set private boolean data.controlers.DataController.master to true[0m
[[34m03:15:50.917 STDOUT (DEBUG) on main pfg.config.Config.loadInto(Config.java:274)] Set private boolean data.controlers.DataController.symetry to false[0m
[[34m03:15:50.927 DATA_HANDLER (DEBUG) on main utils.HLInstance.module(HLInstance.java:297)] Module DataController prêt[0m
[[34m03:15:50.928 DATA_HANDLER (DEBUG) on main utils.HLInstance.module(HLInstance.java:285)] Mise à jour de la config du moduleClass Master après son initialisation.[0m
[[34m03:15:50.928 COMMUNICATION (DEBUG) on pool-1-thread-1 utils.communication.SerialInterface.init(SerialInterface.java:65)] Ouverture de ttyACM0[0m
[[34m03:15:50.928 DATA_HANDLER (DEBUG) on DataController data.controlers.DataController.run(DataController.java:164)] Controller lancé : en attente du listener...[0m
[[34m03:15:50.928 STDOUT (DEBUG) on main pfg.config.Config.loadInto(Config.java:274)] Set private long robot.Robot.locomotionLoopDelay to 20[0m
[[34m03:15:50.929 STDOUT (DEBUG) on main pfg.config.Config.loadInto(Config.java:274)] Set private boolean robot.Robot.simulation to false[0m
[[34m03:15:50.929 COMMUNICATION (DEBUG) on pool-1-thread-1 data.controlers.Listener.asyncInit(Listener.java:203)] Teensy Master[0m
[[34m03:15:50.929 STDOUT (DEBUG) on main pfg.config.Config.loadInto(Config.java:274)] Set private boolean robot.Robot.master to true[0m
[[34m03:15:50.929 STDOUT (DEBUG) on main pfg.config.Config.loadInto(Config.java:274)] Set private boolean robot.Robot.symetry to false[0m
[[34m03:15:50.929 STDOUT (DEBUG) on main pfg.config.Config.loadInto(Config.java:274)] Set private boolean robot.Robot.usingPanel to false[0m
[[34m03:15:50.929 DATA_HANDLER (DEBUG) on main utils.HLInstance.module(HLInstance.java:297)] Module Master prêt[0m
[[31m03:15:50.930 STRATEGY (CRITICAL) on main main.RobotEntryPoint.initServices(RobotEntryPoint.java:195)] PAS DE PANNEAU[0m
[[34m03:15:50.930 STRATEGY (DEBUG) on main main.RobotEntryPoint.initServices(RobotEntryPoint.java:198)] Couleur: jaune[0m
[[34m03:15:50.930 DATA_HANDLER (DEBUG) on main utils.HLInstance.module(HLInstance.java:271)] Initialisation du moduleClass ScriptManagerMaster[0m
[[34m03:15:50.931 DATA_HANDLER (DEBUG) on main utils.HLInstance.module(HLInstance.java:285)] Mise à jour de la config du moduleClass ScriptManagerMaster après son initialisation.[0m
[[34m03:15:50.931 DATA_HANDLER (DEBUG) on main utils.HLInstance.module(HLInstance.java:297)] Module ScriptManagerMaster prêt[0m
[[34m03:15:51.210 DATA_HANDLER (DEBUG) on main utils.HLInstance.module(HLInstance.java:271)] Initialisation du moduleClass LidarController[0m
[[34m03:15:51.210 DATA_HANDLER (DEBUG) on main utils.HLInstance.module(HLInstance.java:285)] Mise à jour de la config du moduleClass LidarController après son initialisation.[0m
[[34m03:15:51.211 STDOUT (DEBUG) on main pfg.config.Config.loadInto(Config.java:274)] Set private boolean data.controlers.LidarController.symetry to false[0m
[[34m03:15:51.211 STDOUT (DEBUG) on main pfg.config.Config.loadInto(Config.java:274)] Set private int data.controlers.LidarController.robotRay to 190[0m
[[34m03:15:51.211 STDOUT (DEBUG) on main pfg.config.Config.loadInto(Config.java:274)] Set private int data.controlers.LidarController.ennemyRay to 150[0m
[[34m03:15:51.211 STDOUT (DEBUG) on main pfg.config.Config.loadInto(Config.java:274)] Set private java.lang.String data.controlers.LidarController.lidarProcessPath to ../bin/LiDAR_UST_10LX[0m
[[34m03:15:51.211 STDOUT (DEBUG) on main pfg.config.Config.loadInto(Config.java:274)] Set private boolean data.controlers.LidarController.usingLidar to false[0m
[[34m03:15:51.212 DATA_HANDLER (DEBUG) on main utils.HLInstance.module(HLInstance.java:297)] Module LidarController prêt[0m
[[34m03:15:51.213 DATA_HANDLER (DEBUG) on main utils.HLInstance.module(HLInstance.java:271)] Initialisation du moduleClass CylinderDetectionController[0m
[[34m03:15:51.214 DATA_HANDLER (DEBUG) on main utils.HLInstance.module(HLInstance.java:285)] Mise à jour de la config du moduleClass CylinderDetectionController après son initialisation.[0m
[[34m03:15:51.215 STDOUT (DEBUG) on main pfg.config.Config.loadInto(Config.java:274)] Set private boolean data.controlers.CylinderDetectionController.usingCylinderDetection to false[0m
[[34m03:15:51.215 STDOUT (DEBUG) on main pfg.config.Config.loadInto(Config.java:274)] Set private boolean data.controlers.CylinderDetectionController.symetry to false[0m
[[34m03:15:51.215 DATA_HANDLER (DEBUG) on main utils.HLInstance.module(HLInstance.java:297)] Module CylinderDetectionController prêt[0m
[[34m03:15:51.216 DATA_HANDLER (DEBUG) on main utils.HLInstance.module(HLInstance.java:271)] Initialisation du moduleClass AIModule[0m
[[34m03:15:51.221 DATA_HANDLER (DEBUG) on main utils.HLInstance.module(HLInstance.java:285)] Mise à jour de la config du moduleClass AIModule après son initialisation.[0m
[[34m03:15:51.221 STDOUT (DEBUG) on main pfg.config.Config.loadInto(Config.java:274)] Set private int data.Graphe.nodeCircleNbr to 14[0m
[[34m03:15:51.221 STDOUT (DEBUG) on main pfg.config.Config.loadInto(Config.java:274)] Set private double data.Graphe.spaceCircleParameter to 1.2[0m
[[34m03:15:51.221 STDOUT (DEBUG) on main pfg.config.Config.loadInto(Config.java:274)] Set private int data.Graphe.nodeXNbr to 30[0m
[[34m03:15:51.222 STDOUT (DEBUG) on main pfg.config.Config.loadInto(Config.java:274)] Set private int data.Graphe.nodeYNbr to 20[0m
[[34m03:15:51.222 STDOUT (DEBUG) on main pfg.config.Config.loadInto(Config.java:274)] Set private int data.Graphe.partitioningX to 25[0m
[[34m03:15:51.222 STDOUT (DEBUG) on main pfg.config.Config.loadInto(Config.java:274)] Set private int data.Graphe.partitioningY to 25[0m
[[34m03:15:51.222 DATA_HANDLER (DEBUG) on main utils.HLInstance.module(HLInstance.java:297)] Module AIModule prêt[0m
[[34m03:15:51.223 DATA_HANDLER (DEBUG) on main utils.HLInstance.module(HLInstance.java:271)] Initialisation du moduleClass MontlheryController[0m
[[34m03:15:51.223 DATA_HANDLER (DEBUG) on main utils.HLInstance.module(HLInstance.java:285)] Mise à jour de la config du moduleClass MontlheryController après son initialisation.[0m
[[34m03:15:51.223 DATA_HANDLER (DEBUG) on main utils.HLInstance.module(HLInstance.java:297)] Module MontlheryController prêt[0m
[[31m03:15:51.226 COMMUNICATION (CRITICAL) on Thread-5 connection.Connection.send(Connection.java:145)] TEENSY_MASTER WAITING FOR OPENNESS[0m
[[31m03:15:51.727 COMMUNICATION (CRITICAL) on Thread-5 connection.Connection.send(Connection.java:145)] TEENSY_MASTER WAITING FOR OPENNESS[0m
[[34m03:15:51.978 COMMUNICATION (DEBUG) on main main.RobotEntryPoint.entryPoint(RobotEntryPoint.java:61)] Connection established, starting match[0m
[[34m03:15:52.130 COMMUNICATION (DEBUG) on pool-1-thread-1 data.controlers.Listener.asyncInit(Listener.java:257)] Listener opérationnel[0m
[[34m03:15:52.229 ORDERS (DEBUG) on Thread-5 MontlheryController.run(MontlheryController.java:39)] Sent to LL: montlhery[0m
[[34m03:15:52.229 ORDERS (DEBUG) on Thread-5 MontlheryController.run(MontlheryController.java:39)] Sent to LL: maxro 0.7853981633974483[0m
[[34m03:15:52.230 ORDERS (DEBUG) on Thread-5 MontlheryController.run(MontlheryController.java:39)] Sent to LL: maxtr 180[0m
[[34m03:15:52.331 DATA_HANDLER (DEBUG) on DataController data.controlers.DataController.run(DataController.java:172)] Controller opérationnel[0m
[[34m03:15:52.355 ORDERS (DEBUG) on Thread-5 MontlheryController.run(MontlheryController.java:132)] Sent to LL: sstop[0m
[[34m03:16:02.726 ORDERS (DEBUG) on Thread-5 MontlheryController.run(MontlheryController.java:107)] Sent to LL: av[0m
[[34m03:16:02.871 ORDERS (DEBUG) on Thread-5 MontlheryController.run(MontlheryController.java:114)] Sent to LL: trstop[0m
[[34m03:16:02.871 ORDERS (DEBUG) on Thread-5 MontlheryController.run(MontlheryController.java:132)] Sent to LL: sstop[0m
[[34m03:16:11.806 ORDERS (DEBUG) on Thread-5 MontlheryController.run(MontlheryController.java:107)] Sent to LL: av[0m
[[34m03:16:11.935 ORDERS (DEBUG) on Thread-5 MontlheryController.run(MontlheryController.java:114)] Sent to LL: trstop[0m
[[34m03:16:11.935 ORDERS (DEBUG) on Thread-5 MontlheryController.run(MontlheryController.java:132)] Sent to LL: sstop[0m
[[34m03:16:13.403 ORDERS (DEBUG) on Thread-5 MontlheryController.run(MontlheryController.java:107)] Sent to LL: av[0m
[[34m03:16:15.402 ORDERS (DEBUG) on Thread-5 MontlheryController.run(MontlheryController.java:114)] Sent to LL: trstop[0m
[[34m03:16:15.403 ORDERS (DEBUG) on Thread-5 MontlheryController.run(MontlheryController.java:132)] Sent to LL: sstop[0m
[[34m03:16:15.483 ORDERS (DEBUG) on Thread-5 MontlheryController.run(MontlheryController.java:109)] Sent to LL: rc[0m
[[34m03:16:16.467 ORDERS (DEBUG) on Thread-5 MontlheryController.run(MontlheryController.java:114)] Sent to LL: trstop[0m
[[34m03:16:16.467 ORDERS (DEBUG) on Thread-5 MontlheryController.run(MontlheryController.java:132)] Sent to LL: sstop[0m
[[34m03:16:19.468 ORDERS (DEBUG) on Thread-5 MontlheryController.run(MontlheryController.java:107)] Sent to LL: av[0m
[[34m03:16:19.662 ORDERS (DEBUG) on Thread-5 MontlheryController.run(MontlheryController.java:114)] Sent to LL: trstop[0m
[[34m03:16:19.662 ORDERS (DEBUG) on Thread-5 MontlheryController.run(MontlheryController.java:132)] Sent to LL: sstop[0m
[[34m03:16:19.936 ORDERS (DEBUG) on Thread-5 MontlheryController.run(MontlheryController.java:107)] Sent to LL: av[0m
[[34m03:16:20.130 ORDERS (DEBUG) on Thread-5 MontlheryController.run(MontlheryController.java:114)] Sent to LL: trstop[0m
[[34m03:16:20.130 ORDERS (DEBUG) on Thread-5 MontlheryController.run(MontlheryController.java:132)] Sent to LL: sstop[0m
[[34m03:16:20.372 ORDERS (DEBUG) on Thread-5 MontlheryController.run(MontlheryController.java:107)] Sent to LL: av[0m
[[34m03:16:20.582 ORDERS (DEBUG) on Thread-5 MontlheryController.run(MontlheryController.java:114)] Sent to LL: trstop[0m
[[34m03:16:20.582 ORDERS (DEBUG) on Thread-5 MontlheryController.run(MontlheryController.java:132)] Sent to LL: sstop[0m
[[34m03:16:22.340 ORDERS (DEBUG) on Thread-5 MontlheryController.run(MontlheryController.java:107)] Sent to LL: av[0m
[[34m03:16:22.936 ORDERS (DEBUG) on Thread-5 MontlheryController.run(MontlheryController.java:114)] Sent to LL: trstop[0m
[[34m03:16:22.936 ORDERS (DEBUG) on Thread-5 MontlheryController.run(MontlheryController.java:132)] Sent to LL: sstop[0m
[[34m03:16:26.185 ORDERS (DEBUG) on Thread-5 MontlheryController.run(MontlheryController.java:109)] Sent to LL: rc[0m
[[34m03:16:26.653 ORDERS (DEBUG) on Thread-5 MontlheryController.run(MontlheryController.java:114)] Sent to LL: trstop[0m
[[34m03:16:26.653 ORDERS (DEBUG) on Thread-5 MontlheryController.run(MontlheryController.java:132)] Sent to LL: sstop[0m
[[34m03:16:27.282 ORDERS (DEBUG) on Thread-5 MontlheryController.run(MontlheryController.java:109)] Sent to LL: rc[0m
[[34m03:16:27.701 ORDERS (DEBUG) on Thread-5 MontlheryController.run(MontlheryController.java:114)] Sent to LL: trstop[0m
[[34m03:16:27.702 ORDERS (DEBUG) on Thread-5 MontlheryController.run(MontlheryController.java:132)] Sent to LL: sstop[0m
[[34m03:16:31.040 ORDERS (DEBUG) on Thread-5 MontlheryController.run(MontlheryController.java:120)] Sent to LL: td[0m
[[34m03:16:31.443 ORDERS (DEBUG) on Thread-5 MontlheryController.run(MontlheryController.java:127)] Sent to LL: rostop[0m
[[34m03:16:31.443 ORDERS (DEBUG) on Thread-5 MontlheryController.run(MontlheryController.java:132)] Sent to LL: sstop[0m
