[[34m19:55:25.194 STDOUT (DEBUG) on main utils.HLInstance.<init>(HLInstance.java:104)] Version : d1a5ef2 on master - [gitignore .idea, .gradle][0m
[[34m19:55:25.204 STDOUT (DEBUG) on main utils.HLInstance.<init>(HLInstance.java:112)] System : Linux 5.8.0-45-generic amd64[0m
[[34m19:55:25.223 STDOUT (DEBUG) on main utils.HLInstance.<init>(HLInstance.java:114)] Java : Oracle Corporation 16, max memory : 3.87G, available processors : 12[0m
[[34m19:55:25.223 STDOUT (DEBUG) on main utils.HLInstance.<init>(HLInstance.java:117)] [0m
[[34m19:55:25.224 STDOUT (DEBUG) on main utils.HLInstance.<init>(HLInstance.java:119)]    Remember, with great power comes great current squared times resistance !
[0m
[[34m19:55:25.225 STDOUT (DEBUG) on main utils.HLInstance.<init>(HLInstance.java:122)] Chargement de la config...[0m
[[34m19:55:25.268 STDOUT (DEBUG) on main pfg.config.Config.readConfigFile(Config.java:166)] Loading config file : /home/brunlois/IdeaProjects/TechTheTiller-HighLevel/bin/../config/config.txt[0m
[[31m19:55:25.295 STDERR (CRITICAL) on main] Unknown key : RECALAGE_MECA_BLUE_ACC, also tried recalageMecaBlueAcc[0m
[[31m19:55:25.311 STDERR (CRITICAL) on main] Unknown key : MILIEU_ECUEIL_PRIVE_XBLEU, also tried milieuEcueilPriveXbleu[0m
[[34m19:55:25.311 STDOUT (DEBUG) on main pfg.config.Config.printChangedValues(Config.java:465)] Configuration diff :[0m
[[34m19:55:25.312 STDOUT (DEBUG) on main pfg.config.Config.printChangedValues(Config.java:469)]   master = false (default : true)[0m
[[34m19:55:25.313 STDOUT (DEBUG) on main pfg.config.Config.printChangedValues(Config.java:469)]   visualisation = false (default : true)[0m
[[34m19:55:25.319 STDOUT (DEBUG) on main pfg.config.Config.printChangedValues(Config.java:469)]   usingBaliseImage = false (default : true)[0m
[[34m19:55:25.322 STDOUT (DEBUG) on main pfg.config.Config.printChangedValues(Config.java:469)]   usingPanel = false (default : true)[0m
[[34m19:55:25.322 STDOUT (DEBUG) on main pfg.config.Config.printChangedValues(Config.java:469)]   connectToBuddy = false (default : true)[0m
[[34m19:55:25.322 STDOUT (DEBUG) on main pfg.config.Config.printChangedValues(Config.java:469)]   ledCount = 1 (default : 16)[0m
[[34m19:55:25.323 STDOUT (DEBUG) on main pfg.config.Config.printChangedValues(Config.java:469)]   using7Segments = false (default : true)[0m
[[34m19:55:25.324 STDOUT (DEBUG) on main pfg.config.Config.printChangedValues(Config.java:469)]   robotRay = 142 (default : 190)[0m
[[34m19:55:25.324 STDOUT (DEBUG) on main pfg.config.Config.printChangedValues(Config.java:469)]   buddyRay = 190 (default : 150)[0m
[[34m19:55:25.326 STDOUT (DEBUG) on main pfg.config.Config.printChangedValues(Config.java:469)]   ennemyRay = 150 (default : 220)[0m
[[34m19:55:25.326 STDOUT (DEBUG) on main pfg.config.Config.printChangedValues(Config.java:469)]   vectorComparisonThreshold = 15 (default : 5)[0m
[[34m19:55:25.333 STDOUT (DEBUG) on main pfg.config.Config.printChangedValues(Config.java:469)]   nbrNoeudsX = 30 (default : 45)[0m
[[34m19:55:25.334 STDOUT (DEBUG) on main pfg.config.Config.printChangedValues(Config.java:469)]   nbrNoeudsY = 20 (default : 30)[0m
[[34m19:55:25.335 STDOUT (DEBUG) on main pfg.config.Config.printChangedValues(Config.java:469)]   nbrNoeudsCircle = 14 (default : 12)[0m
[[34m19:55:25.355 DATA_HANDLER (DEBUG) on main utils.HLInstance.module(HLInstance.java:271)] Initialisation du moduleClass Table[0m
[[34m19:55:25.356 DATA_HANDLER (DEBUG) on main utils.HLInstance.module(HLInstance.java:285)] Mise à jour de la config du moduleClass Table après son initialisation.[0m
[[34m19:55:25.369 STDOUT (DEBUG) on main pfg.config.Config.loadInto(Config.java:274)] Set private boolean data.Table.symetry to false[0m
[[34m19:55:25.369 STDOUT (DEBUG) on main pfg.config.Config.loadInto(Config.java:274)] Set private int data.Table.length to 3000[0m
[[34m19:55:25.370 STDOUT (DEBUG) on main pfg.config.Config.loadInto(Config.java:274)] Set private int data.Table.height to 2000[0m
[[34m19:55:25.370 STDOUT (DEBUG) on main pfg.config.Config.loadInto(Config.java:274)] Set private int data.Table.robotRay to 142[0m
[[34m19:55:25.371 STDOUT (DEBUG) on main pfg.config.Config.loadInto(Config.java:274)] Set private int data.Table.buddyRay to 190[0m
[[34m19:55:25.373 STDOUT (DEBUG) on main pfg.config.Config.loadInto(Config.java:274)] Set private int data.Table.ennemyRay to 150[0m
[[34m19:55:25.376 STDOUT (DEBUG) on main pfg.config.Config.loadInto(Config.java:274)] Set private int data.Table.compareThreshold to 15[0m
[[34m19:55:25.376 STDOUT (DEBUG) on main pfg.config.Config.loadInto(Config.java:274)] Set private boolean data.Table.openTheGate to false[0m
[[34m19:55:25.377 DATA_HANDLER (DEBUG) on main utils.HLInstance.module(HLInstance.java:297)] Module Table prêt[0m
[[34m19:55:25.378 DATA_HANDLER (DEBUG) on main utils.HLInstance.module(HLInstance.java:271)] Initialisation du moduleClass Graphe[0m
[[34m19:55:25.383 DATA_HANDLER (DEBUG) on main utils.HLInstance.module(HLInstance.java:285)] Mise à jour de la config du moduleClass Graphe après son initialisation.[0m
[[34m19:55:25.384 STDOUT (DEBUG) on main pfg.config.Config.loadInto(Config.java:274)] Set private int data.Graphe.nodeCircleNbr to 14[0m
[[34m19:55:25.385 STDOUT (DEBUG) on main pfg.config.Config.loadInto(Config.java:274)] Set private double data.Graphe.spaceCircleParameter to 1.2[0m
[[34m19:55:25.385 STDOUT (DEBUG) on main pfg.config.Config.loadInto(Config.java:274)] Set private int data.Graphe.nodeXNbr to 30[0m
[[34m19:55:25.386 STDOUT (DEBUG) on main pfg.config.Config.loadInto(Config.java:274)] Set private int data.Graphe.nodeYNbr to 20[0m
[[34m19:55:25.387 STDOUT (DEBUG) on main pfg.config.Config.loadInto(Config.java:274)] Set private int data.Graphe.partitioningX to 25[0m
[[34m19:55:25.387 STDOUT (DEBUG) on main pfg.config.Config.loadInto(Config.java:274)] Set private int data.Graphe.partitioningY to 25[0m
[[34m19:55:25.388 GRAPHE (DEBUG) on main data.Graphe.init(Graphe.java:147)] Initialisation du Graphe...[0m
[[34m19:55:25.389 GRAPHE (DEBUG) on main data.Graphe.placeNodes(Graphe.java:241)] Placement des noeuds en quadrillage[0m
[[34m19:55:25.391 GRAPHE (DEBUG) on main data.Graphe.placeNodes(Graphe.java:249)] Ajout d'un noeud en (-1500,0)[0m
[[34m19:55:25.391 GRAPHE (DEBUG) on main data.Graphe.placeNodes(Graphe.java:249)] Ajout d'un noeud en (-1500,100)[0m
[[34m19:55:25.392 GRAPHE (DEBUG) on main data.Graphe.placeNodes(Graphe.java:249)] Ajout d'un noeud en (-1500,200)[0m
[[34m19:55:25.392 GRAPHE (DEBUG) on main data.Graphe.placeNodes(Graphe.java:249)] Ajout d'un noeud en (-1500,300)[0m
[[34m19:55:25.393 GRAPHE (DEBUG) on main data.Graphe.placeNodes(Graphe.java:249)] Ajout d'un noeud en (-1500,400)[0m
[[34m19:55:25.393 GRAPHE (DEBUG) on main data.Graphe.placeNodes(Graphe.java:249)] Ajout d'un noeud en (-1500,500)[0m
[[34m19:55:25.394 GRAPHE (DEBUG) on main data.Graphe.placeNodes(Graphe.java:249)] Ajout d'un noeud en (-1500,600)[0m
[[34m19:55:25.394 GRAPHE (DEBUG) on main data.Graphe.placeNodes(Graphe.java:249)] Ajout d'un noeud en (-1500,700)[0m
[[34m19:55:25.395 GRAPHE (DEBUG) on main data.Graphe.placeNodes(Graphe.java:249)] Ajout d'un noeud en (-1500,800)[0m
[[34m19:55:25.395 GRAPHE (DEBUG) on main data.Graphe.placeNodes(Graphe.java:249)] Ajout d'un noeud en (-1500,900)[0m
[[34m19:55:25.396 GRAPHE (DEBUG) on main data.Graphe.placeNodes(Graphe.java:249)] Ajout d'un noeud en (-1500,1000)[0m
[[34m19:55:25.403 GRAPHE (DEBUG) on main data.Graphe.placeNodes(Graphe.java:249)] Ajout d'un noeud en (-1500,1100)[0m
[[34m19:55:25.406 GRAPHE (DEBUG) on main data.Graphe.placeNodes(Graphe.java:249)] Ajout d'un noeud en (-1500,1200)[0m
[[34m19:55:25.406 GRAPHE (DEBUG) on main data.Graphe.placeNodes(Graphe.java:249)] Ajout d'un noeud en (-1500,1300)[0m
[[34m19:55:25.411 GRAPHE (DEBUG) on main data.Graphe.placeNodes(Graphe.java:249)] Ajout d'un noeud en (-1500,1400)[0m
[[34m19:55:25.412 GRAPHE (DEBUG) on main data.Graphe.placeNodes(Graphe.java:249)] Ajout d'un noeud en (-1500,1500)[0m
[[34m19:55:25.412 GRAPHE (DEBUG) on main data.Graphe.placeNodes(Graphe.java:249)] Ajout d'un noeud en (-1500,1600)[0m
[[34m19:55:25.412 GRAPHE (DEBUG) on main data.Graphe.placeNodes(Graphe.java:249)] Ajout d'un noeud en (-1500,1700)[0m
[[34m19:55:25.420 GRAPHE (DEBUG) on main data.Graphe.placeNodes(Graphe.java:249)] Ajout d'un noeud en (-1500,1800)[0m
[[34m19:55:25.421 GRAPHE (DEBUG) on main data.Graphe.placeNodes(Graphe.java:249)] Ajout d'un noeud en (-1500,1900)[0m
[[34m19:55:25.421 GRAPHE (DEBUG) on main data.Graphe.placeNodes(Graphe.java:249)] Ajout d'un noeud en (-1400,0)[0m
[[34m19:55:25.422 GRAPHE (DEBUG) on main data.Graphe.placeNodes(Graphe.java:249)] Ajout d'un noeud en (-1400,100)[0m
[[34m19:55:25.422 GRAPHE (DEBUG) on main data.Graphe.placeNodes(Graphe.java:249)] Ajout d'un noeud en (-1400,200)[0m
[[34m19:55:25.423 GRAPHE (DEBUG) on main data.Graphe.placeNodes(Graphe.java:249)] Ajout d'un noeud en (-1400,300)[0m
[[34m19:55:25.423 GRAPHE (DEBUG) on main data.Graphe.placeNodes(Graphe.java:249)] Ajout d'un noeud en (-1400,400)[0m
[[34m19:55:25.424 GRAPHE (DEBUG) on main data.Graphe.placeNodes(Graphe.java:249)] Ajout d'un noeud en (-1400,500)[0m
[[34m19:55:25.424 GRAPHE (DEBUG) on main data.Graphe.placeNodes(Graphe.java:249)] Ajout d'un noeud en (-1400,600)[0m
[[34m19:55:25.425 GRAPHE (DEBUG) on main data.Graphe.placeNodes(Graphe.java:249)] Ajout d'un noeud en (-1400,700)[0m
[[34m19:55:25.425 GRAPHE (DEBUG) on main data.Graphe.placeNodes(Graphe.java:249)] Ajout d'un noeud en (-1400,800)[0m
[[34m19:55:25.425 GRAPHE (DEBUG) on main data.Graphe.placeNodes(Graphe.java:249)] Ajout d'un noeud en (-1400,900)[0m
[[34m19:55:25.426 GRAPHE (DEBUG) on main data.Graphe.placeNodes(Graphe.java:249)] Ajout d'un noeud en (-1400,1000)[0m
[[34m19:55:25.427 GRAPHE (DEBUG) on main data.Graphe.placeNodes(Graphe.java:249)] Ajout d'un noeud en (-1400,1100)[0m
[[34m19:55:25.429 GRAPHE (DEBUG) on main data.Graphe.placeNodes(Graphe.java:249)] Ajout d'un noeud en (-1400,1200)[0m
[[34m19:55:25.429 GRAPHE (DEBUG) on main data.Graphe.placeNodes(Graphe.java:249)] Ajout d'un noeud en (-1400,1300)[0m
[[34m19:55:25.430 GRAPHE (DEBUG) on main data.Graphe.placeNodes(Graphe.java:249)] Ajout d'un noeud en (-1400,1400)[0m
[[34m19:55:25.430 GRAPHE (DEBUG) on main data.Graphe.placeNodes(Graphe.java:249)] Ajout d'un noeud en (-1400,1500)[0m
[[34m19:55:25.435 GRAPHE (DEBUG) on main data.Graphe.placeNodes(Graphe.java:249)] Ajout d'un noeud en (-1400,1600)[0m
[[34m19:55:25.436 GRAPHE (DEBUG) on main data.Graphe.placeNodes(Graphe.java:249)] Ajout d'un noeud en (-1400,1700)[0m
[[34m19:55:25.436 GRAPHE (DEBUG) on main data.Graphe.placeNodes(Graphe.java:249)] Ajout d'un noeud en (-1400,1800)[0m
[[34m19:55:25.437 GRAPHE (DEBUG) on main data.Graphe.placeNodes(Graphe.java:249)] Ajout d'un noeud en (-1400,1900)[0m
[[34m19:55:25.437 GRAPHE (DEBUG) on main data.Graphe.placeNodes(Graphe.java:249)] Ajout d'un noeud en (-1300,0)[0m
[[34m19:55:25.438 GRAPHE (DEBUG) on main data.Graphe.placeNodes(Graphe.java:249)] Ajout d'un noeud en (-1300,100)[0m
[[34m19:55:25.438 GRAPHE (DEBUG) on main data.Graphe.placeNodes(Graphe.java:249)] Ajout d'un noeud en (-1300,200)[0m
[[34m19:55:25.438 GRAPHE (DEBUG) on main data.Graphe.placeNodes(Graphe.java:249)] Ajout d'un noeud en (-1300,300)[0m
[[34m19:55:25.439 GRAPHE (DEBUG) on main data.Graphe.placeNodes(Graphe.java:249)] Ajout d'un noeud en (-1300,400)[0m
[[34m19:55:25.439 GRAPHE (DEBUG) on main data.Graphe.placeNodes(Graphe.java:249)] Ajout d'un noeud en (-1300,500)[0m
[[34m19:55:25.439 GRAPHE (DEBUG) on main data.Graphe.placeNodes(Graphe.java:249)] Ajout d'un noeud en (-1300,600)[0m
[[34m19:55:25.439 GRAPHE (DEBUG) on main data.Graphe.placeNodes(Graphe.java:249)] Ajout d'un noeud en (-1300,700)[0m
[[34m19:55:25.440 GRAPHE (DEBUG) on main data.Graphe.placeNodes(Graphe.java:249)] Ajout d'un noeud en (-1300,800)[0m
[[34m19:55:25.440 GRAPHE (DEBUG) on main data.Graphe.placeNodes(Graphe.java:249)] Ajout d'un noeud en (-1300,900)[0m
[[34m19:55:25.440 GRAPHE (DEBUG) on main data.Graphe.placeNodes(Graphe.java:249)] Ajout d'un noeud en (-1300,1000)[0m
[[34m19:55:25.440 GRAPHE (DEBUG) on main data.Graphe.placeNodes(Graphe.java:249)] Ajout d'un noeud en (-1300,1100)[0m
[[34m19:55:25.441 GRAPHE (DEBUG) on main data.Graphe.placeNodes(Graphe.java:249)] Ajout d'un noeud en (-1300,1200)[0m
[[34m19:55:25.441 GRAPHE (DEBUG) on main data.Graphe.placeNodes(Graphe.java:249)] Ajout d'un noeud en (-1300,1300)[0m
[[34m19:55:25.443 GRAPHE (DEBUG) on main data.Graphe.placeNodes(Graphe.java:249)] Ajout d'un noeud en (-1300,1400)[0m
[[34m19:55:25.443 GRAPHE (DEBUG) on main data.Graphe.placeNodes(Graphe.java:249)] Ajout d'un noeud en (-1300,1500)[0m
[[34m19:55:25.444 GRAPHE (DEBUG) on main data.Graphe.placeNodes(Graphe.java:249)] Ajout d'un noeud en (-1300,1600)[0m
[[34m19:55:25.444 GRAPHE (DEBUG) on main data.Graphe.placeNodes(Graphe.java:249)] Ajout d'un noeud en (-1300,1700)[0m
[[34m19:55:25.445 GRAPHE (DEBUG) on main data.Graphe.placeNodes(Graphe.java:249)] Ajout d'un noeud en (-1300,1800)[0m
[[34m19:55:25.445 GRAPHE (DEBUG) on main data.Graphe.placeNodes(Graphe.java:249)] Ajout d'un noeud en (-1300,1900)[0m
[[34m19:55:25.445 GRAPHE (DEBUG) on main data.Graphe.placeNodes(Graphe.java:249)] Ajout d'un noeud en (-1200,0)[0m
[[34m19:55:25.446 GRAPHE (DEBUG) on main data.Graphe.placeNodes(Graphe.java:249)] Ajout d'un noeud en (-1200,100)[0m
[[34m19:55:25.446 GRAPHE (DEBUG) on main data.Graphe.placeNodes(Graphe.java:249)] Ajout d'un noeud en (-1200,200)[0m
[[34m19:55:25.446 GRAPHE (DEBUG) on main data.Graphe.placeNodes(Graphe.java:249)] Ajout d'un noeud en (-1200,300)[0m
[[34m19:55:25.447 GRAPHE (DEBUG) on main data.Graphe.placeNodes(Graphe.java:249)] Ajout d'un noeud en (-1200,400)[0m
[[34m19:55:25.447 GRAPHE (DEBUG) on main data.Graphe.placeNodes(Graphe.java:249)] Ajout d'un noeud en (-1200,500)[0m
[[34m19:55:25.448 GRAPHE (DEBUG) on main data.Graphe.placeNodes(Graphe.java:249)] Ajout d'un noeud en (-1200,600)[0m
[[34m19:55:25.451 GRAPHE (DEBUG) on main data.Graphe.placeNodes(Graphe.java:249)] Ajout d'un noeud en (-1200,700)[0m
[[34m19:55:25.454 GRAPHE (DEBUG) on main data.Graphe.placeNodes(Graphe.java:249)] Ajout d'un noeud en (-1200,800)[0m
[[34m19:55:25.454 GRAPHE (DEBUG) on main data.Graphe.placeNodes(Graphe.java:249)] Ajout d'un noeud en (-1200,900)[0m
[[34m19:55:25.455 GRAPHE (DEBUG) on main data.Graphe.placeNodes(Graphe.java:249)] Ajout d'un noeud en (-1200,1000)[0m
[[34m19:55:25.455 GRAPHE (DEBUG) on main data.Graphe.placeNodes(Graphe.java:249)] Ajout d'un noeud en (-1200,1100)[0m
[[34m19:55:25.456 GRAPHE (DEBUG) on main data.Graphe.placeNodes(Graphe.java:249)] Ajout d'un noeud en (-1200,1200)[0m
[[34m19:55:25.456 GRAPHE (DEBUG) on main data.Graphe.placeNodes(Graphe.java:249)] Ajout d'un noeud en (-1200,1300)[0m
[[34m19:55:25.456 GRAPHE (DEBUG) on main data.Graphe.placeNodes(Graphe.java:249)] Ajout d'un noeud en (-1200,1400)[0m
[[34m19:55:25.457 GRAPHE (DEBUG) on main data.Graphe.placeNodes(Graphe.java:249)] Ajout d'un noeud en (-1200,1500)[0m
[[34m19:55:25.457 GRAPHE (DEBUG) on main data.Graphe.placeNodes(Graphe.java:249)] Ajout d'un noeud en (-1200,1600)[0m
[[34m19:55:25.458 GRAPHE (DEBUG) on main data.Graphe.placeNodes(Graphe.java:249)] Ajout d'un noeud en (-1200,1700)[0m
[[34m19:55:25.458 GRAPHE (DEBUG) on main data.Graphe.placeNodes(Graphe.java:249)] Ajout d'un noeud en (-1200,1800)[0m
[[34m19:55:25.458 GRAPHE (DEBUG) on main data.Graphe.placeNodes(Graphe.java:249)] Ajout d'un noeud en (-1200,1900)[0m
[[34m19:55:25.459 GRAPHE (DEBUG) on main data.Graphe.placeNodes(Graphe.java:249)] Ajout d'un noeud en (-1100,0)[0m
[[34m19:55:25.459 GRAPHE (DEBUG) on main data.Graphe.placeNodes(Graphe.java:249)] Ajout d'un noeud en (-1100,100)[0m
[[34m19:55:25.460 GRAPHE (DEBUG) on main data.Graphe.placeNodes(Graphe.java:249)] Ajout d'un noeud en (-1100,200)[0m
[[34m19:55:25.460 GRAPHE (DEBUG) on main data.Graphe.placeNodes(Graphe.java:249)] Ajout d'un noeud en (-1100,300)[0m
[[34m19:55:25.460 GRAPHE (DEBUG) on main data.Graphe.placeNodes(Graphe.java:249)] Ajout d'un noeud en (-1100,400)[0m
[[34m19:55:25.461 GRAPHE (DEBUG) on main data.Graphe.placeNodes(Graphe.java:249)] Ajout d'un noeud en (-1100,500)[0m
[[34m19:55:25.461 GRAPHE (DEBUG) on main data.Graphe.placeNodes(Graphe.java:249)] Ajout d'un noeud en (-1100,600)[0m
[[34m19:55:25.461 GRAPHE (DEBUG) on main data.Graphe.placeNodes(Graphe.java:249)] Ajout d'un noeud en (-1100,700)[0m
[[34m19:55:25.461 GRAPHE (DEBUG) on main data.Graphe.placeNodes(Graphe.java:249)] Ajout d'un noeud en (-1100,800)[0m
[[34m19:55:25.462 GRAPHE (DEBUG) on main data.Graphe.placeNodes(Graphe.java:249)] Ajout d'un noeud en (-1100,900)[0m
[[34m19:55:25.462 GRAPHE (DEBUG) on main data.Graphe.placeNodes(Graphe.java:249)] Ajout d'un noeud en (-1100,1000)[0m
[[34m19:55:25.462 GRAPHE (DEBUG) on main data.Graphe.placeNodes(Graphe.java:249)] Ajout d'un noeud en (-1100,1100)[0m
[[34m19:55:25.462 GRAPHE (DEBUG) on main data.Graphe.placeNodes(Graphe.java:249)] Ajout d'un noeud en (-1100,1200)[0m
[[34m19:55:25.463 GRAPHE (DEBUG) on main data.Graphe.placeNodes(Graphe.java:249)] Ajout d'un noeud en (-1100,1300)[0m
[[34m19:55:25.463 GRAPHE (DEBUG) on main data.Graphe.placeNodes(Graphe.java:249)] Ajout d'un noeud en (-1100,1400)[0m
[[34m19:55:25.463 GRAPHE (DEBUG) on main data.Graphe.placeNodes(Graphe.java:249)] Ajout d'un noeud en (-1100,1500)[0m
[[34m19:55:25.464 GRAPHE (DEBUG) on main data.Graphe.placeNodes(Graphe.java:249)] Ajout d'un noeud en (-1100,1600)[0m
[[34m19:55:25.464 GRAPHE (DEBUG) on main data.Graphe.placeNodes(Graphe.java:249)] Ajout d'un noeud en (-1100,1700)[0m
[[34m19:55:25.464 GRAPHE (DEBUG) on main data.Graphe.placeNodes(Graphe.java:249)] Ajout d'un noeud en (-1100,1800)[0m
[[34m19:55:25.465 GRAPHE (DEBUG) on main data.Graphe.placeNodes(Graphe.java:249)] Ajout d'un noeud en (-1100,1900)[0m
[[34m19:55:25.467 GRAPHE (DEBUG) on main data.Graphe.placeNodes(Graphe.java:249)] Ajout d'un noeud en (-1000,0)[0m
[[34m19:55:25.468 GRAPHE (DEBUG) on main data.Graphe.placeNodes(Graphe.java:249)] Ajout d'un noeud en (-1000,100)[0m
[[34m19:55:25.468 GRAPHE (DEBUG) on main data.Graphe.placeNodes(Graphe.java:249)] Ajout d'un noeud en (-1000,200)[0m
[[34m19:55:25.468 GRAPHE (DEBUG) on main data.Graphe.placeNodes(Graphe.java:249)] Ajout d'un noeud en (-1000,300)[0m
[[34m19:55:25.468 GRAPHE (DEBUG) on main data.Graphe.placeNodes(Graphe.java:249)] Ajout d'un noeud en (-1000,400)[0m
[[34m19:55:25.469 GRAPHE (DEBUG) on main data.Graphe.placeNodes(Graphe.java:249)] Ajout d'un noeud en (-1000,500)[0m
[[34m19:55:25.469 GRAPHE (DEBUG) on main data.Graphe.placeNodes(Graphe.java:249)] Ajout d'un noeud en (-1000,600)[0m
[[34m19:55:25.469 GRAPHE (DEBUG) on main data.Graphe.placeNodes(Graphe.java:249)] Ajout d'un noeud en (-1000,700)[0m
[[34m19:55:25.470 GRAPHE (DEBUG) on main data.Graphe.placeNodes(Graphe.java:249)] Ajout d'un noeud en (-1000,800)[0m
[[34m19:55:25.470 GRAPHE (DEBUG) on main data.Graphe.placeNodes(Graphe.java:249)] Ajout d'un noeud en (-1000,900)[0m
[[34m19:55:25.470 GRAPHE (DEBUG) on main data.Graphe.placeNodes(Graphe.java:249)] Ajout d'un noeud en (-1000,1000)[0m
[[34m19:55:25.470 GRAPHE (DEBUG) on main data.Graphe.placeNodes(Graphe.java:249)] Ajout d'un noeud en (-1000,1100)[0m
[[34m19:55:25.471 GRAPHE (DEBUG) on main data.Graphe.placeNodes(Graphe.java:249)] Ajout d'un noeud en (-1000,1200)[0m
[[34m19:55:25.471 GRAPHE (DEBUG) on main data.Graphe.placeNodes(Graphe.java:249)] Ajout d'un noeud en (-1000,1300)[0m
[[34m19:55:25.472 GRAPHE (DEBUG) on main data.Graphe.placeNodes(Graphe.java:249)] Ajout d'un noeud en (-1000,1400)[0m
[[34m19:55:25.472 GRAPHE (DEBUG) on main data.Graphe.placeNodes(Graphe.java:249)] Ajout d'un noeud en (-1000,1500)[0m
[[34m19:55:25.473 GRAPHE (DEBUG) on main data.Graphe.placeNodes(Graphe.java:249)] Ajout d'un noeud en (-1000,1600)[0m
[[34m19:55:25.473 GRAPHE (DEBUG) on main data.Graphe.placeNodes(Graphe.java:249)] Ajout d'un noeud en (-1000,1700)[0m
[[34m19:55:25.473 GRAPHE (DEBUG) on main data.Graphe.placeNodes(Graphe.java:249)] Ajout d'un noeud en (-1000,1800)[0m
[[34m19:55:25.473 GRAPHE (DEBUG) on main data.Graphe.placeNodes(Graphe.java:249)] Ajout d'un noeud en (-1000,1900)[0m
[[34m19:55:25.474 GRAPHE (DEBUG) on main data.Graphe.placeNodes(Graphe.java:249)] Ajout d'un noeud en (-900,0)[0m
[[34m19:55:25.474 GRAPHE (DEBUG) on main data.Graphe.placeNodes(Graphe.java:249)] Ajout d'un noeud en (-900,100)[0m
[[34m19:55:25.474 GRAPHE (DEBUG) on main data.Graphe.placeNodes(Graphe.java:249)] Ajout d'un noeud en (-900,200)[0m
[[34m19:55:25.475 GRAPHE (DEBUG) on main data.Graphe.placeNodes(Graphe.java:249)] Ajout d'un noeud en (-900,300)[0m
[[34m19:55:25.475 GRAPHE (DEBUG) on main data.Graphe.placeNodes(Graphe.java:249)] Ajout d'un noeud en (-900,400)[0m
[[34m19:55:25.475 GRAPHE (DEBUG) on main data.Graphe.placeNodes(Graphe.java:249)] Ajout d'un noeud en (-900,500)[0m
[[34m19:55:25.476 GRAPHE (DEBUG) on main data.Graphe.placeNodes(Graphe.java:249)] Ajout d'un noeud en (-900,600)[0m
[[34m19:55:25.476 GRAPHE (DEBUG) on main data.Graphe.placeNodes(Graphe.java:249)] Ajout d'un noeud en (-900,700)[0m
[[34m19:55:25.476 GRAPHE (DEBUG) on main data.Graphe.placeNodes(Graphe.java:249)] Ajout d'un noeud en (-900,800)[0m
[[34m19:55:25.477 GRAPHE (DEBUG) on main data.Graphe.placeNodes(Graphe.java:249)] Ajout d'un noeud en (-900,900)[0m
[[34m19:55:25.477 GRAPHE (DEBUG) on main data.Graphe.placeNodes(Graphe.java:249)] Ajout d'un noeud en (-900,1000)[0m
[[34m19:55:25.477 GRAPHE (DEBUG) on main data.Graphe.placeNodes(Graphe.java:249)] Ajout d'un noeud en (-900,1100)[0m
[[34m19:55:25.477 GRAPHE (DEBUG) on main data.Graphe.placeNodes(Graphe.java:249)] Ajout d'un noeud en (-900,1200)[0m
[[34m19:55:25.478 GRAPHE (DEBUG) on main data.Graphe.placeNodes(Graphe.java:249)] Ajout d'un noeud en (-900,1300)[0m
[[34m19:55:25.478 GRAPHE (DEBUG) on main data.Graphe.placeNodes(Graphe.java:249)] Ajout d'un noeud en (-900,1400)[0m
[[34m19:55:25.478 GRAPHE (DEBUG) on main data.Graphe.placeNodes(Graphe.java:249)] Ajout d'un noeud en (-900,1500)[0m
[[34m19:55:25.478 GRAPHE (DEBUG) on main data.Graphe.placeNodes(Graphe.java:249)] Ajout d'un noeud en (-900,1600)[0m
[[34m19:55:25.479 GRAPHE (DEBUG) on main data.Graphe.placeNodes(Graphe.java:249)] Ajout d'un noeud en (-900,1700)[0m
[[34m19:55:25.479 GRAPHE (DEBUG) on main data.Graphe.placeNodes(Graphe.java:249)] Ajout d'un noeud en (-900,1800)[0m
[[34m19:55:25.479 GRAPHE (DEBUG) on main data.Graphe.placeNodes(Graphe.java:249)] Ajout d'un noeud en (-900,1900)[0m
[[34m19:55:25.479 GRAPHE (DEBUG) on main data.Graphe.placeNodes(Graphe.java:249)] Ajout d'un noeud en (-800,0)[0m
[[34m19:55:25.480 GRAPHE (DEBUG) on main data.Graphe.placeNodes(Graphe.java:249)] Ajout d'un noeud en (-800,100)[0m
[[34m19:55:25.480 GRAPHE (DEBUG) on main data.Graphe.placeNodes(Graphe.java:249)] Ajout d'un noeud en (-800,200)[0m
[[34m19:55:25.480 GRAPHE (DEBUG) on main data.Graphe.placeNodes(Graphe.java:249)] Ajout d'un noeud en (-800,300)[0m
[[34m19:55:25.480 GRAPHE (DEBUG) on main data.Graphe.placeNodes(Graphe.java:249)] Ajout d'un noeud en (-800,400)[0m
[[34m19:55:25.481 GRAPHE (DEBUG) on main data.Graphe.placeNodes(Graphe.java:249)] Ajout d'un noeud en (-800,500)[0m
[[34m19:55:25.481 GRAPHE (DEBUG) on main data.Graphe.placeNodes(Graphe.java:249)] Ajout d'un noeud en (-800,600)[0m
[[34m19:55:25.482 GRAPHE (DEBUG) on main data.Graphe.placeNodes(Graphe.java:249)] Ajout d'un noeud en (-800,700)[0m
[[34m19:55:25.482 GRAPHE (DEBUG) on main data.Graphe.placeNodes(Graphe.java:249)] Ajout d'un noeud en (-800,800)[0m
[[34m19:55:25.482 GRAPHE (DEBUG) on main data.Graphe.placeNodes(Graphe.java:249)] Ajout d'un noeud en (-800,900)[0m
[[34m19:55:25.482 GRAPHE (DEBUG) on main data.Graphe.placeNodes(Graphe.java:249)] Ajout d'un noeud en (-800,1000)[0m
[[34m19:55:25.483 GRAPHE (DEBUG) on main data.Graphe.placeNodes(Graphe.java:249)] Ajout d'un noeud en (-800,1100)[0m
[[34m19:55:25.483 GRAPHE (DEBUG) on main data.Graphe.placeNodes(Graphe.java:249)] Ajout d'un noeud en (-800,1200)[0m
[[34m19:55:25.483 GRAPHE (DEBUG) on main data.Graphe.placeNodes(Graphe.java:249)] Ajout d'un noeud en (-800,1300)[0m
[[34m19:55:25.484 GRAPHE (DEBUG) on main data.Graphe.placeNodes(Graphe.java:249)] Ajout d'un noeud en (-800,1400)[0m
[[34m19:55:25.484 GRAPHE (DEBUG) on main data.Graphe.placeNodes(Graphe.java:249)] Ajout d'un noeud en (-800,1500)[0m
[[34m19:55:25.484 GRAPHE (DEBUG) on main data.Graphe.placeNodes(Graphe.java:249)] Ajout d'un noeud en (-800,1600)[0m
[[34m19:55:25.484 GRAPHE (DEBUG) on main data.Graphe.placeNodes(Graphe.java:249)] Ajout d'un noeud en (-800,1700)[0m
[[34m19:55:25.484 GRAPHE (DEBUG) on main data.Graphe.placeNodes(Graphe.java:249)] Ajout d'un noeud en (-800,1800)[0m
[[34m19:55:25.485 GRAPHE (DEBUG) on main data.Graphe.placeNodes(Graphe.java:249)] Ajout d'un noeud en (-800,1900)[0m
[[34m19:55:25.485 GRAPHE (DEBUG) on main data.Graphe.placeNodes(Graphe.java:249)] Ajout d'un noeud en (-700,0)[0m
[[34m19:55:25.485 GRAPHE (DEBUG) on main data.Graphe.placeNodes(Graphe.java:249)] Ajout d'un noeud en (-700,100)[0m
[[34m19:55:25.486 GRAPHE (DEBUG) on main data.Graphe.placeNodes(Graphe.java:249)] Ajout d'un noeud en (-700,200)[0m
[[34m19:55:25.486 GRAPHE (DEBUG) on main data.Graphe.placeNodes(Graphe.java:249)] Ajout d'un noeud en (-700,300)[0m
[[34m19:55:25.486 GRAPHE (DEBUG) on main data.Graphe.placeNodes(Graphe.java:249)] Ajout d'un noeud en (-700,400)[0m
[[34m19:55:25.486 GRAPHE (DEBUG) on main data.Graphe.placeNodes(Graphe.java:249)] Ajout d'un noeud en (-700,500)[0m
[[34m19:55:25.487 GRAPHE (DEBUG) on main data.Graphe.placeNodes(Graphe.java:249)] Ajout d'un noeud en (-700,600)[0m
[[34m19:55:25.487 GRAPHE (DEBUG) on main data.Graphe.placeNodes(Graphe.java:249)] Ajout d'un noeud en (-700,700)[0m
[[34m19:55:25.487 GRAPHE (DEBUG) on main data.Graphe.placeNodes(Graphe.java:249)] Ajout d'un noeud en (-700,800)[0m
[[34m19:55:25.488 GRAPHE (DEBUG) on main data.Graphe.placeNodes(Graphe.java:249)] Ajout d'un noeud en (-700,900)[0m
[[34m19:55:25.488 GRAPHE (DEBUG) on main data.Graphe.placeNodes(Graphe.java:249)] Ajout d'un noeud en (-700,1000)[0m
[[34m19:55:25.488 GRAPHE (DEBUG) on main data.Graphe.placeNodes(Graphe.java:249)] Ajout d'un noeud en (-700,1100)[0m
[[34m19:55:25.489 GRAPHE (DEBUG) on main data.Graphe.placeNodes(Graphe.java:249)] Ajout d'un noeud en (-700,1200)[0m
[[34m19:55:25.489 GRAPHE (DEBUG) on main data.Graphe.placeNodes(Graphe.java:249)] Ajout d'un noeud en (-700,1300)[0m
[[34m19:55:25.489 GRAPHE (DEBUG) on main data.Graphe.placeNodes(Graphe.java:249)] Ajout d'un noeud en (-700,1400)[0m
[[34m19:55:25.490 GRAPHE (DEBUG) on main data.Graphe.placeNodes(Graphe.java:249)] Ajout d'un noeud en (-700,1500)[0m
[[34m19:55:25.490 GRAPHE (DEBUG) on main data.Graphe.placeNodes(Graphe.java:249)] Ajout d'un noeud en (-700,1600)[0m
[[34m19:55:25.490 GRAPHE (DEBUG) on main data.Graphe.placeNodes(Graphe.java:249)] Ajout d'un noeud en (-700,1700)[0m
[[34m19:55:25.491 GRAPHE (DEBUG) on main data.Graphe.placeNodes(Graphe.java:249)] Ajout d'un noeud en (-700,1800)[0m
[[34m19:55:25.491 GRAPHE (DEBUG) on main data.Graphe.placeNodes(Graphe.java:249)] Ajout d'un noeud en (-700,1900)[0m
[[34m19:55:25.491 GRAPHE (DEBUG) on main data.Graphe.placeNodes(Graphe.java:249)] Ajout d'un noeud en (-600,0)[0m
[[34m19:55:25.491 GRAPHE (DEBUG) on main data.Graphe.placeNodes(Graphe.java:249)] Ajout d'un noeud en (-600,100)[0m
[[34m19:55:25.492 GRAPHE (DEBUG) on main data.Graphe.placeNodes(Graphe.java:249)] Ajout d'un noeud en (-600,200)[0m
[[34m19:55:25.492 GRAPHE (DEBUG) on main data.Graphe.placeNodes(Graphe.java:249)] Ajout d'un noeud en (-600,300)[0m
[[34m19:55:25.492 GRAPHE (DEBUG) on main data.Graphe.placeNodes(Graphe.java:249)] Ajout d'un noeud en (-600,400)[0m
[[34m19:55:25.492 GRAPHE (DEBUG) on main data.Graphe.placeNodes(Graphe.java:249)] Ajout d'un noeud en (-600,500)[0m
[[34m19:55:25.493 GRAPHE (DEBUG) on main data.Graphe.placeNodes(Graphe.java:249)] Ajout d'un noeud en (-600,600)[0m
[[34m19:55:25.493 GRAPHE (DEBUG) on main data.Graphe.placeNodes(Graphe.java:249)] Ajout d'un noeud en (-600,700)[0m
[[34m19:55:25.493 GRAPHE (DEBUG) on main data.Graphe.placeNodes(Graphe.java:249)] Ajout d'un noeud en (-600,800)[0m
[[34m19:55:25.494 GRAPHE (DEBUG) on main data.Graphe.placeNodes(Graphe.java:249)] Ajout d'un noeud en (-600,900)[0m
[[34m19:55:25.494 GRAPHE (DEBUG) on main data.Graphe.placeNodes(Graphe.java:249)] Ajout d'un noeud en (-600,1000)[0m
[[34m19:55:25.494 GRAPHE (DEBUG) on main data.Graphe.placeNodes(Graphe.java:249)] Ajout d'un noeud en (-600,1100)[0m
[[34m19:55:25.495 GRAPHE (DEBUG) on main data.Graphe.placeNodes(Graphe.java:249)] Ajout d'un noeud en (-600,1200)[0m
[[34m19:55:25.495 GRAPHE (DEBUG) on main data.Graphe.placeNodes(Graphe.java:249)] Ajout d'un noeud en (-600,1300)[0m
[[34m19:55:25.495 GRAPHE (DEBUG) on main data.Graphe.placeNodes(Graphe.java:249)] Ajout d'un noeud en (-600,1400)[0m
[[34m19:55:25.496 GRAPHE (DEBUG) on main data.Graphe.placeNodes(Graphe.java:249)] Ajout d'un noeud en (-600,1500)[0m
[[34m19:55:25.496 GRAPHE (DEBUG) on main data.Graphe.placeNodes(Graphe.java:249)] Ajout d'un noeud en (-600,1600)[0m
[[34m19:55:25.496 GRAPHE (DEBUG) on main data.Graphe.placeNodes(Graphe.java:249)] Ajout d'un noeud en (-600,1700)[0m
[[34m19:55:25.497 GRAPHE (DEBUG) on main data.Graphe.placeNodes(Graphe.java:249)] Ajout d'un noeud en (-600,1800)[0m
[[34m19:55:25.497 GRAPHE (DEBUG) on main data.Graphe.placeNodes(Graphe.java:249)] Ajout d'un noeud en (-600,1900)[0m
[[34m19:55:25.498 GRAPHE (DEBUG) on main data.Graphe.placeNodes(Graphe.java:249)] Ajout d'un noeud en (-500,0)[0m
[[34m19:55:25.498 GRAPHE (DEBUG) on main data.Graphe.placeNodes(Graphe.java:249)] Ajout d'un noeud en (-500,100)[0m
[[34m19:55:25.499 GRAPHE (DEBUG) on main data.Graphe.placeNodes(Graphe.java:249)] Ajout d'un noeud en (-500,200)[0m
[[34m19:55:25.499 GRAPHE (DEBUG) on main data.Graphe.placeNodes(Graphe.java:249)] Ajout d'un noeud en (-500,300)[0m
[[34m19:55:25.499 GRAPHE (DEBUG) on main data.Graphe.placeNodes(Graphe.java:249)] Ajout d'un noeud en (-500,400)[0m
[[34m19:55:25.500 GRAPHE (DEBUG) on main data.Graphe.placeNodes(Graphe.java:249)] Ajout d'un noeud en (-500,500)[0m
[[34m19:55:25.500 GRAPHE (DEBUG) on main data.Graphe.placeNodes(Graphe.java:249)] Ajout d'un noeud en (-500,600)[0m
[[34m19:55:25.500 GRAPHE (DEBUG) on main data.Graphe.placeNodes(Graphe.java:249)] Ajout d'un noeud en (-500,700)[0m
[[34m19:55:25.501 GRAPHE (DEBUG) on main data.Graphe.placeNodes(Graphe.java:249)] Ajout d'un noeud en (-500,800)[0m
[[34m19:55:25.501 GRAPHE (DEBUG) on main data.Graphe.placeNodes(Graphe.java:249)] Ajout d'un noeud en (-500,900)[0m
[[34m19:55:25.501 GRAPHE (DEBUG) on main data.Graphe.placeNodes(Graphe.java:249)] Ajout d'un noeud en (-500,1000)[0m
[[34m19:55:25.502 GRAPHE (DEBUG) on main data.Graphe.placeNodes(Graphe.java:249)] Ajout d'un noeud en (-500,1100)[0m
[[34m19:55:25.502 GRAPHE (DEBUG) on main data.Graphe.placeNodes(Graphe.java:249)] Ajout d'un noeud en (-500,1200)[0m
[[34m19:55:25.502 GRAPHE (DEBUG) on main data.Graphe.placeNodes(Graphe.java:249)] Ajout d'un noeud en (-500,1300)[0m
[[34m19:55:25.503 GRAPHE (DEBUG) on main data.Graphe.placeNodes(Graphe.java:249)] Ajout d'un noeud en (-500,1400)[0m
[[34m19:55:25.503 GRAPHE (DEBUG) on main data.Graphe.placeNodes(Graphe.java:249)] Ajout d'un noeud en (-500,1500)[0m
[[34m19:55:25.503 GRAPHE (DEBUG) on main data.Graphe.placeNodes(Graphe.java:249)] Ajout d'un noeud en (-500,1600)[0m
[[34m19:55:25.503 GRAPHE (DEBUG) on main data.Graphe.placeNodes(Graphe.java:249)] Ajout d'un noeud en (-500,1700)[0m
[[34m19:55:25.504 GRAPHE (DEBUG) on main data.Graphe.placeNodes(Graphe.java:249)] Ajout d'un noeud en (-500,1800)[0m
[[34m19:55:25.504 GRAPHE (DEBUG) on main data.Graphe.placeNodes(Graphe.java:249)] Ajout d'un noeud en (-500,1900)[0m
[[34m19:55:25.504 GRAPHE (DEBUG) on main data.Graphe.placeNodes(Graphe.java:249)] Ajout d'un noeud en (-400,0)[0m
[[34m19:55:25.504 GRAPHE (DEBUG) on main data.Graphe.placeNodes(Graphe.java:249)] Ajout d'un noeud en (-400,100)[0m
[[34m19:55:25.505 GRAPHE (DEBUG) on main data.Graphe.placeNodes(Graphe.java:249)] Ajout d'un noeud en (-400,200)[0m
[[34m19:55:25.505 GRAPHE (DEBUG) on main data.Graphe.placeNodes(Graphe.java:249)] Ajout d'un noeud en (-400,300)[0m
[[34m19:55:25.505 GRAPHE (DEBUG) on main data.Graphe.placeNodes(Graphe.java:249)] Ajout d'un noeud en (-400,400)[0m
[[34m19:55:25.505 GRAPHE (DEBUG) on main data.Graphe.placeNodes(Graphe.java:249)] Ajout d'un noeud en (-400,500)[0m
[[34m19:55:25.506 GRAPHE (DEBUG) on main data.Graphe.placeNodes(Graphe.java:249)] Ajout d'un noeud en (-400,600)[0m
[[34m19:55:25.506 GRAPHE (DEBUG) on main data.Graphe.placeNodes(Graphe.java:249)] Ajout d'un noeud en (-400,700)[0m
[[34m19:55:25.506 GRAPHE (DEBUG) on main data.Graphe.placeNodes(Graphe.java:249)] Ajout d'un noeud en (-400,800)[0m
[[34m19:55:25.507 GRAPHE (DEBUG) on main data.Graphe.placeNodes(Graphe.java:249)] Ajout d'un noeud en (-400,900)[0m
[[34m19:55:25.507 GRAPHE (DEBUG) on main data.Graphe.placeNodes(Graphe.java:249)] Ajout d'un noeud en (-400,1000)[0m
[[34m19:55:25.507 GRAPHE (DEBUG) on main data.Graphe.placeNodes(Graphe.java:249)] Ajout d'un noeud en (-400,1100)[0m
[[34m19:55:25.508 GRAPHE (DEBUG) on main data.Graphe.placeNodes(Graphe.java:249)] Ajout d'un noeud en (-400,1200)[0m
[[34m19:55:25.508 GRAPHE (DEBUG) on main data.Graphe.placeNodes(Graphe.java:249)] Ajout d'un noeud en (-400,1300)[0m
[[34m19:55:25.508 GRAPHE (DEBUG) on main data.Graphe.placeNodes(Graphe.java:249)] Ajout d'un noeud en (-400,1400)[0m
[[34m19:55:25.508 GRAPHE (DEBUG) on main data.Graphe.placeNodes(Graphe.java:249)] Ajout d'un noeud en (-400,1500)[0m
[[34m19:55:25.509 GRAPHE (DEBUG) on main data.Graphe.placeNodes(Graphe.java:249)] Ajout d'un noeud en (-400,1600)[0m
[[34m19:55:25.509 GRAPHE (DEBUG) on main data.Graphe.placeNodes(Graphe.java:249)] Ajout d'un noeud en (-400,1700)[0m
[[34m19:55:25.509 GRAPHE (DEBUG) on main data.Graphe.placeNodes(Graphe.java:249)] Ajout d'un noeud en (-400,1800)[0m
[[34m19:55:25.510 GRAPHE (DEBUG) on main data.Graphe.placeNodes(Graphe.java:249)] Ajout d'un noeud en (-400,1900)[0m
[[34m19:55:25.510 GRAPHE (DEBUG) on main data.Graphe.placeNodes(Graphe.java:249)] Ajout d'un noeud en (-300,0)[0m
[[34m19:55:25.510 GRAPHE (DEBUG) on main data.Graphe.placeNodes(Graphe.java:249)] Ajout d'un noeud en (-300,100)[0m
[[34m19:55:25.510 GRAPHE (DEBUG) on main data.Graphe.placeNodes(Graphe.java:249)] Ajout d'un noeud en (-300,200)[0m
[[34m19:55:25.510 GRAPHE (DEBUG) on main data.Graphe.placeNodes(Graphe.java:249)] Ajout d'un noeud en (-300,300)[0m
[[34m19:55:25.511 GRAPHE (DEBUG) on main data.Graphe.placeNodes(Graphe.java:249)] Ajout d'un noeud en (-300,400)[0m
[[34m19:55:25.511 GRAPHE (DEBUG) on main data.Graphe.placeNodes(Graphe.java:249)] Ajout d'un noeud en (-300,500)[0m
[[34m19:55:25.511 GRAPHE (DEBUG) on main data.Graphe.placeNodes(Graphe.java:249)] Ajout d'un noeud en (-300,600)[0m
[[34m19:55:25.511 GRAPHE (DEBUG) on main data.Graphe.placeNodes(Graphe.java:249)] Ajout d'un noeud en (-300,700)[0m
[[34m19:55:25.512 GRAPHE (DEBUG) on main data.Graphe.placeNodes(Graphe.java:249)] Ajout d'un noeud en (-300,800)[0m
[[34m19:55:25.512 GRAPHE (DEBUG) on main data.Graphe.placeNodes(Graphe.java:249)] Ajout d'un noeud en (-300,900)[0m
[[34m19:55:25.512 GRAPHE (DEBUG) on main data.Graphe.placeNodes(Graphe.java:249)] Ajout d'un noeud en (-300,1000)[0m
[[34m19:55:25.512 GRAPHE (DEBUG) on main data.Graphe.placeNodes(Graphe.java:249)] Ajout d'un noeud en (-300,1100)[0m
[[34m19:55:25.513 GRAPHE (DEBUG) on main data.Graphe.placeNodes(Graphe.java:249)] Ajout d'un noeud en (-300,1200)[0m
[[34m19:55:25.513 GRAPHE (DEBUG) on main data.Graphe.placeNodes(Graphe.java:249)] Ajout d'un noeud en (-300,1300)[0m
[[34m19:55:25.513 GRAPHE (DEBUG) on main data.Graphe.placeNodes(Graphe.java:249)] Ajout d'un noeud en (-300,1400)[0m
[[34m19:55:25.513 GRAPHE (DEBUG) on main data.Graphe.placeNodes(Graphe.java:249)] Ajout d'un noeud en (-300,1500)[0m
[[34m19:55:25.514 GRAPHE (DEBUG) on main data.Graphe.placeNodes(Graphe.java:249)] Ajout d'un noeud en (-300,1600)[0m
[[34m19:55:25.514 GRAPHE (DEBUG) on main data.Graphe.placeNodes(Graphe.java:249)] Ajout d'un noeud en (-300,1700)[0m
[[34m19:55:25.514 GRAPHE (DEBUG) on main data.Graphe.placeNodes(Graphe.java:249)] Ajout d'un noeud en (-300,1800)[0m
[[34m19:55:25.514 GRAPHE (DEBUG) on main data.Graphe.placeNodes(Graphe.java:249)] Ajout d'un noeud en (-300,1900)[0m
[[34m19:55:25.514 GRAPHE (DEBUG) on main data.Graphe.placeNodes(Graphe.java:249)] Ajout d'un noeud en (-200,0)[0m
[[34m19:55:25.514 GRAPHE (DEBUG) on main data.Graphe.placeNodes(Graphe.java:249)] Ajout d'un noeud en (-200,100)[0m
[[34m19:55:25.515 GRAPHE (DEBUG) on main data.Graphe.placeNodes(Graphe.java:249)] Ajout d'un noeud en (-200,200)[0m
[[34m19:55:25.515 GRAPHE (DEBUG) on main data.Graphe.placeNodes(Graphe.java:249)] Ajout d'un noeud en (-200,300)[0m
[[34m19:55:25.515 GRAPHE (DEBUG) on main data.Graphe.placeNodes(Graphe.java:249)] Ajout d'un noeud en (-200,400)[0m
[[34m19:55:25.515 GRAPHE (DEBUG) on main data.Graphe.placeNodes(Graphe.java:249)] Ajout d'un noeud en (-200,500)[0m
[[34m19:55:25.516 GRAPHE (DEBUG) on main data.Graphe.placeNodes(Graphe.java:249)] Ajout d'un noeud en (-200,600)[0m
[[34m19:55:25.516 GRAPHE (DEBUG) on main data.Graphe.placeNodes(Graphe.java:249)] Ajout d'un noeud en (-200,700)[0m
[[34m19:55:25.516 GRAPHE (DEBUG) on main data.Graphe.placeNodes(Graphe.java:249)] Ajout d'un noeud en (-200,800)[0m
[[34m19:55:25.516 GRAPHE (DEBUG) on main data.Graphe.placeNodes(Graphe.java:249)] Ajout d'un noeud en (-200,900)[0m
[[34m19:55:25.516 GRAPHE (DEBUG) on main data.Graphe.placeNodes(Graphe.java:249)] Ajout d'un noeud en (-200,1000)[0m
[[34m19:55:25.516 GRAPHE (DEBUG) on main data.Graphe.placeNodes(Graphe.java:249)] Ajout d'un noeud en (-200,1100)[0m
[[34m19:55:25.517 GRAPHE (DEBUG) on main data.Graphe.placeNodes(Graphe.java:249)] Ajout d'un noeud en (-200,1200)[0m
[[34m19:55:25.517 GRAPHE (DEBUG) on main data.Graphe.placeNodes(Graphe.java:249)] Ajout d'un noeud en (-200,1300)[0m
[[34m19:55:25.517 GRAPHE (DEBUG) on main data.Graphe.placeNodes(Graphe.java:249)] Ajout d'un noeud en (-200,1400)[0m
[[34m19:55:25.517 GRAPHE (DEBUG) on main data.Graphe.placeNodes(Graphe.java:249)] Ajout d'un noeud en (-200,1500)[0m
[[34m19:55:25.517 GRAPHE (DEBUG) on main data.Graphe.placeNodes(Graphe.java:249)] Ajout d'un noeud en (-200,1600)[0m
[[34m19:55:25.517 GRAPHE (DEBUG) on main data.Graphe.placeNodes(Graphe.java:249)] Ajout d'un noeud en (-200,1700)[0m
[[34m19:55:25.518 GRAPHE (DEBUG) on main data.Graphe.placeNodes(Graphe.java:249)] Ajout d'un noeud en (-200,1800)[0m
[[34m19:55:25.518 GRAPHE (DEBUG) on main data.Graphe.placeNodes(Graphe.java:249)] Ajout d'un noeud en (-200,1900)[0m
[[34m19:55:25.518 GRAPHE (DEBUG) on main data.Graphe.placeNodes(Graphe.java:249)] Ajout d'un noeud en (-100,0)[0m
[[34m19:55:25.518 GRAPHE (DEBUG) on main data.Graphe.placeNodes(Graphe.java:249)] Ajout d'un noeud en (-100,100)[0m
[[34m19:55:25.518 GRAPHE (DEBUG) on main data.Graphe.placeNodes(Graphe.java:249)] Ajout d'un noeud en (-100,200)[0m
[[34m19:55:25.519 GRAPHE (DEBUG) on main data.Graphe.placeNodes(Graphe.java:249)] Ajout d'un noeud en (-100,300)[0m
[[34m19:55:25.519 GRAPHE (DEBUG) on main data.Graphe.placeNodes(Graphe.java:249)] Ajout d'un noeud en (-100,400)[0m
[[34m19:55:25.519 GRAPHE (DEBUG) on main data.Graphe.placeNodes(Graphe.java:249)] Ajout d'un noeud en (-100,500)[0m
[[34m19:55:25.519 GRAPHE (DEBUG) on main data.Graphe.placeNodes(Graphe.java:249)] Ajout d'un noeud en (-100,600)[0m
[[34m19:55:25.519 GRAPHE (DEBUG) on main data.Graphe.placeNodes(Graphe.java:249)] Ajout d'un noeud en (-100,700)[0m
[[34m19:55:25.520 GRAPHE (DEBUG) on main data.Graphe.placeNodes(Graphe.java:249)] Ajout d'un noeud en (-100,800)[0m
[[34m19:55:25.520 GRAPHE (DEBUG) on main data.Graphe.placeNodes(Graphe.java:249)] Ajout d'un noeud en (-100,900)[0m
[[34m19:55:25.520 GRAPHE (DEBUG) on main data.Graphe.placeNodes(Graphe.java:249)] Ajout d'un noeud en (-100,1000)[0m
[[34m19:55:25.520 GRAPHE (DEBUG) on main data.Graphe.placeNodes(Graphe.java:249)] Ajout d'un noeud en (-100,1100)[0m
[[34m19:55:25.520 GRAPHE (DEBUG) on main data.Graphe.placeNodes(Graphe.java:249)] Ajout d'un noeud en (-100,1200)[0m
[[34m19:55:25.521 GRAPHE (DEBUG) on main data.Graphe.placeNodes(Graphe.java:249)] Ajout d'un noeud en (-100,1300)[0m
[[34m19:55:25.521 GRAPHE (DEBUG) on main data.Graphe.placeNodes(Graphe.java:249)] Ajout d'un noeud en (-100,1400)[0m
[[34m19:55:25.521 GRAPHE (DEBUG) on main data.Graphe.placeNodes(Graphe.java:249)] Ajout d'un noeud en (-100,1500)[0m
[[34m19:55:25.521 GRAPHE (DEBUG) on main data.Graphe.placeNodes(Graphe.java:249)] Ajout d'un noeud en (-100,1600)[0m
[[34m19:55:25.521 GRAPHE (DEBUG) on main data.Graphe.placeNodes(Graphe.java:249)] Ajout d'un noeud en (-100,1700)[0m
[[34m19:55:25.522 GRAPHE (DEBUG) on main data.Graphe.placeNodes(Graphe.java:249)] Ajout d'un noeud en (-100,1800)[0m
[[34m19:55:25.522 GRAPHE (DEBUG) on main data.Graphe.placeNodes(Graphe.java:249)] Ajout d'un noeud en (-100,1900)[0m
[[34m19:55:25.522 GRAPHE (DEBUG) on main data.Graphe.placeNodes(Graphe.java:249)] Ajout d'un noeud en (0,0)[0m
[[34m19:55:25.522 GRAPHE (DEBUG) on main data.Graphe.placeNodes(Graphe.java:249)] Ajout d'un noeud en (0,100)[0m
[[34m19:55:25.522 GRAPHE (DEBUG) on main data.Graphe.placeNodes(Graphe.java:249)] Ajout d'un noeud en (0,200)[0m
[[34m19:55:25.522 GRAPHE (DEBUG) on main data.Graphe.placeNodes(Graphe.java:249)] Ajout d'un noeud en (0,300)[0m
[[34m19:55:25.523 GRAPHE (DEBUG) on main data.Graphe.placeNodes(Graphe.java:249)] Ajout d'un noeud en (0,400)[0m
[[34m19:55:25.523 GRAPHE (DEBUG) on main data.Graphe.placeNodes(Graphe.java:249)] Ajout d'un noeud en (0,500)[0m
[[34m19:55:25.523 GRAPHE (DEBUG) on main data.Graphe.placeNodes(Graphe.java:249)] Ajout d'un noeud en (0,600)[0m
[[34m19:55:25.523 GRAPHE (DEBUG) on main data.Graphe.placeNodes(Graphe.java:249)] Ajout d'un noeud en (0,700)[0m
[[34m19:55:25.523 GRAPHE (DEBUG) on main data.Graphe.placeNodes(Graphe.java:249)] Ajout d'un noeud en (0,800)[0m
[[34m19:55:25.524 GRAPHE (DEBUG) on main data.Graphe.placeNodes(Graphe.java:249)] Ajout d'un noeud en (0,900)[0m
[[34m19:55:25.524 GRAPHE (DEBUG) on main data.Graphe.placeNodes(Graphe.java:249)] Ajout d'un noeud en (0,1000)[0m
[[34m19:55:25.524 GRAPHE (DEBUG) on main data.Graphe.placeNodes(Graphe.java:249)] Ajout d'un noeud en (0,1100)[0m
[[34m19:55:25.524 GRAPHE (DEBUG) on main data.Graphe.placeNodes(Graphe.java:249)] Ajout d'un noeud en (0,1200)[0m
[[34m19:55:25.524 GRAPHE (DEBUG) on main data.Graphe.placeNodes(Graphe.java:249)] Ajout d'un noeud en (0,1300)[0m
[[34m19:55:25.524 GRAPHE (DEBUG) on main data.Graphe.placeNodes(Graphe.java:249)] Ajout d'un noeud en (0,1400)[0m
[[34m19:55:25.525 GRAPHE (DEBUG) on main data.Graphe.placeNodes(Graphe.java:249)] Ajout d'un noeud en (0,1500)[0m
[[34m19:55:25.525 GRAPHE (DEBUG) on main data.Graphe.placeNodes(Graphe.java:249)] Ajout d'un noeud en (0,1600)[0m
[[34m19:55:25.525 GRAPHE (DEBUG) on main data.Graphe.placeNodes(Graphe.java:249)] Ajout d'un noeud en (0,1700)[0m
[[34m19:55:25.525 GRAPHE (DEBUG) on main data.Graphe.placeNodes(Graphe.java:249)] Ajout d'un noeud en (0,1800)[0m
[[34m19:55:25.525 GRAPHE (DEBUG) on main data.Graphe.placeNodes(Graphe.java:249)] Ajout d'un noeud en (0,1900)[0m
[[34m19:55:25.526 GRAPHE (DEBUG) on main data.Graphe.placeNodes(Graphe.java:249)] Ajout d'un noeud en (100,0)[0m
[[34m19:55:25.526 GRAPHE (DEBUG) on main data.Graphe.placeNodes(Graphe.java:249)] Ajout d'un noeud en (100,100)[0m
[[34m19:55:25.526 GRAPHE (DEBUG) on main data.Graphe.placeNodes(Graphe.java:249)] Ajout d'un noeud en (100,200)[0m
[[34m19:55:25.526 GRAPHE (DEBUG) on main data.Graphe.placeNodes(Graphe.java:249)] Ajout d'un noeud en (100,300)[0m
[[34m19:55:25.526 GRAPHE (DEBUG) on main data.Graphe.placeNodes(Graphe.java:249)] Ajout d'un noeud en (100,400)[0m
[[34m19:55:25.526 GRAPHE (DEBUG) on main data.Graphe.placeNodes(Graphe.java:249)] Ajout d'un noeud en (100,500)[0m
[[34m19:55:25.527 GRAPHE (DEBUG) on main data.Graphe.placeNodes(Graphe.java:249)] Ajout d'un noeud en (100,600)[0m
[[34m19:55:25.527 GRAPHE (DEBUG) on main data.Graphe.placeNodes(Graphe.java:249)] Ajout d'un noeud en (100,700)[0m
[[34m19:55:25.527 GRAPHE (DEBUG) on main data.Graphe.placeNodes(Graphe.java:249)] Ajout d'un noeud en (100,800)[0m
[[34m19:55:25.527 GRAPHE (DEBUG) on main data.Graphe.placeNodes(Graphe.java:249)] Ajout d'un noeud en (100,900)[0m
[[34m19:55:25.527 GRAPHE (DEBUG) on main data.Graphe.placeNodes(Graphe.java:249)] Ajout d'un noeud en (100,1000)[0m
[[34m19:55:25.527 GRAPHE (DEBUG) on main data.Graphe.placeNodes(Graphe.java:249)] Ajout d'un noeud en (100,1100)[0m
[[34m19:55:25.528 GRAPHE (DEBUG) on main data.Graphe.placeNodes(Graphe.java:249)] Ajout d'un noeud en (100,1200)[0m
[[34m19:55:25.528 GRAPHE (DEBUG) on main data.Graphe.placeNodes(Graphe.java:249)] Ajout d'un noeud en (100,1300)[0m
[[34m19:55:25.528 GRAPHE (DEBUG) on main data.Graphe.placeNodes(Graphe.java:249)] Ajout d'un noeud en (100,1400)[0m
[[34m19:55:25.528 GRAPHE (DEBUG) on main data.Graphe.placeNodes(Graphe.java:249)] Ajout d'un noeud en (100,1500)[0m
[[34m19:55:25.528 GRAPHE (DEBUG) on main data.Graphe.placeNodes(Graphe.java:249)] Ajout d'un noeud en (100,1600)[0m
[[34m19:55:25.528 GRAPHE (DEBUG) on main data.Graphe.placeNodes(Graphe.java:249)] Ajout d'un noeud en (100,1700)[0m
[[34m19:55:25.529 GRAPHE (DEBUG) on main data.Graphe.placeNodes(Graphe.java:249)] Ajout d'un noeud en (100,1800)[0m
[[34m19:55:25.529 GRAPHE (DEBUG) on main data.Graphe.placeNodes(Graphe.java:249)] Ajout d'un noeud en (100,1900)[0m
[[34m19:55:25.529 GRAPHE (DEBUG) on main data.Graphe.placeNodes(Graphe.java:249)] Ajout d'un noeud en (200,0)[0m
[[34m19:55:25.529 GRAPHE (DEBUG) on main data.Graphe.placeNodes(Graphe.java:249)] Ajout d'un noeud en (200,100)[0m
[[34m19:55:25.529 GRAPHE (DEBUG) on main data.Graphe.placeNodes(Graphe.java:249)] Ajout d'un noeud en (200,200)[0m
[[34m19:55:25.530 GRAPHE (DEBUG) on main data.Graphe.placeNodes(Graphe.java:249)] Ajout d'un noeud en (200,300)[0m
[[34m19:55:25.530 GRAPHE (DEBUG) on main data.Graphe.placeNodes(Graphe.java:249)] Ajout d'un noeud en (200,400)[0m
[[34m19:55:25.530 GRAPHE (DEBUG) on main data.Graphe.placeNodes(Graphe.java:249)] Ajout d'un noeud en (200,500)[0m
[[34m19:55:25.530 GRAPHE (DEBUG) on main data.Graphe.placeNodes(Graphe.java:249)] Ajout d'un noeud en (200,600)[0m
[[34m19:55:25.530 GRAPHE (DEBUG) on main data.Graphe.placeNodes(Graphe.java:249)] Ajout d'un noeud en (200,700)[0m
[[34m19:55:25.530 GRAPHE (DEBUG) on main data.Graphe.placeNodes(Graphe.java:249)] Ajout d'un noeud en (200,800)[0m
[[34m19:55:25.531 GRAPHE (DEBUG) on main data.Graphe.placeNodes(Graphe.java:249)] Ajout d'un noeud en (200,900)[0m
[[34m19:55:25.531 GRAPHE (DEBUG) on main data.Graphe.placeNodes(Graphe.java:249)] Ajout d'un noeud en (200,1000)[0m
[[34m19:55:25.531 GRAPHE (DEBUG) on main data.Graphe.placeNodes(Graphe.java:249)] Ajout d'un noeud en (200,1100)[0m
[[34m19:55:25.531 GRAPHE (DEBUG) on main data.Graphe.placeNodes(Graphe.java:249)] Ajout d'un noeud en (200,1200)[0m
[[34m19:55:25.531 GRAPHE (DEBUG) on main data.Graphe.placeNodes(Graphe.java:249)] Ajout d'un noeud en (200,1300)[0m
[[34m19:55:25.531 GRAPHE (DEBUG) on main data.Graphe.placeNodes(Graphe.java:249)] Ajout d'un noeud en (200,1400)[0m
[[34m19:55:25.532 GRAPHE (DEBUG) on main data.Graphe.placeNodes(Graphe.java:249)] Ajout d'un noeud en (200,1500)[0m
[[34m19:55:25.532 GRAPHE (DEBUG) on main data.Graphe.placeNodes(Graphe.java:249)] Ajout d'un noeud en (200,1600)[0m
[[34m19:55:25.532 GRAPHE (DEBUG) on main data.Graphe.placeNodes(Graphe.java:249)] Ajout d'un noeud en (200,1700)[0m
[[34m19:55:25.532 GRAPHE (DEBUG) on main data.Graphe.placeNodes(Graphe.java:249)] Ajout d'un noeud en (200,1800)[0m
[[34m19:55:25.532 GRAPHE (DEBUG) on main data.Graphe.placeNodes(Graphe.java:249)] Ajout d'un noeud en (200,1900)[0m
[[34m19:55:25.533 GRAPHE (DEBUG) on main data.Graphe.placeNodes(Graphe.java:249)] Ajout d'un noeud en (300,0)[0m
[[34m19:55:25.533 GRAPHE (DEBUG) on main data.Graphe.placeNodes(Graphe.java:249)] Ajout d'un noeud en (300,100)[0m
[[34m19:55:25.533 GRAPHE (DEBUG) on main data.Graphe.placeNodes(Graphe.java:249)] Ajout d'un noeud en (300,200)[0m
[[34m19:55:25.533 GRAPHE (DEBUG) on main data.Graphe.placeNodes(Graphe.java:249)] Ajout d'un noeud en (300,300)[0m
[[34m19:55:25.533 GRAPHE (DEBUG) on main data.Graphe.placeNodes(Graphe.java:249)] Ajout d'un noeud en (300,400)[0m
[[34m19:55:25.533 GRAPHE (DEBUG) on main data.Graphe.placeNodes(Graphe.java:249)] Ajout d'un noeud en (300,500)[0m
[[34m19:55:25.534 GRAPHE (DEBUG) on main data.Graphe.placeNodes(Graphe.java:249)] Ajout d'un noeud en (300,600)[0m
[[34m19:55:25.534 GRAPHE (DEBUG) on main data.Graphe.placeNodes(Graphe.java:249)] Ajout d'un noeud en (300,700)[0m
[[34m19:55:25.534 GRAPHE (DEBUG) on main data.Graphe.placeNodes(Graphe.java:249)] Ajout d'un noeud en (300,800)[0m
[[34m19:55:25.534 GRAPHE (DEBUG) on main data.Graphe.placeNodes(Graphe.java:249)] Ajout d'un noeud en (300,900)[0m
[[34m19:55:25.534 GRAPHE (DEBUG) on main data.Graphe.placeNodes(Graphe.java:249)] Ajout d'un noeud en (300,1000)[0m
[[34m19:55:25.534 GRAPHE (DEBUG) on main data.Graphe.placeNodes(Graphe.java:249)] Ajout d'un noeud en (300,1100)[0m
[[34m19:55:25.535 GRAPHE (DEBUG) on main data.Graphe.placeNodes(Graphe.java:249)] Ajout d'un noeud en (300,1200)[0m
[[34m19:55:25.535 GRAPHE (DEBUG) on main data.Graphe.placeNodes(Graphe.java:249)] Ajout d'un noeud en (300,1300)[0m
[[34m19:55:25.535 GRAPHE (DEBUG) on main data.Graphe.placeNodes(Graphe.java:249)] Ajout d'un noeud en (300,1400)[0m
[[34m19:55:25.535 GRAPHE (DEBUG) on main data.Graphe.placeNodes(Graphe.java:249)] Ajout d'un noeud en (300,1500)[0m
[[34m19:55:25.535 GRAPHE (DEBUG) on main data.Graphe.placeNodes(Graphe.java:249)] Ajout d'un noeud en (300,1600)[0m
[[34m19:55:25.536 GRAPHE (DEBUG) on main data.Graphe.placeNodes(Graphe.java:249)] Ajout d'un noeud en (300,1700)[0m
[[34m19:55:25.536 GRAPHE (DEBUG) on main data.Graphe.placeNodes(Graphe.java:249)] Ajout d'un noeud en (300,1800)[0m
[[34m19:55:25.536 GRAPHE (DEBUG) on main data.Graphe.placeNodes(Graphe.java:249)] Ajout d'un noeud en (300,1900)[0m
[[34m19:55:25.536 GRAPHE (DEBUG) on main data.Graphe.placeNodes(Graphe.java:249)] Ajout d'un noeud en (400,0)[0m
[[34m19:55:25.536 GRAPHE (DEBUG) on main data.Graphe.placeNodes(Graphe.java:249)] Ajout d'un noeud en (400,100)[0m
[[34m19:55:25.536 GRAPHE (DEBUG) on main data.Graphe.placeNodes(Graphe.java:249)] Ajout d'un noeud en (400,200)[0m
[[34m19:55:25.537 GRAPHE (DEBUG) on main data.Graphe.placeNodes(Graphe.java:249)] Ajout d'un noeud en (400,300)[0m
[[34m19:55:25.537 GRAPHE (DEBUG) on main data.Graphe.placeNodes(Graphe.java:249)] Ajout d'un noeud en (400,400)[0m
[[34m19:55:25.548 GRAPHE (DEBUG) on main data.Graphe.placeNodes(Graphe.java:249)] Ajout d'un noeud en (400,500)[0m
[[34m19:55:25.548 GRAPHE (DEBUG) on main data.Graphe.placeNodes(Graphe.java:249)] Ajout d'un noeud en (400,600)[0m
[[34m19:55:25.549 GRAPHE (DEBUG) on main data.Graphe.placeNodes(Graphe.java:249)] Ajout d'un noeud en (400,700)[0m
[[34m19:55:25.549 GRAPHE (DEBUG) on main data.Graphe.placeNodes(Graphe.java:249)] Ajout d'un noeud en (400,800)[0m
[[34m19:55:25.549 GRAPHE (DEBUG) on main data.Graphe.placeNodes(Graphe.java:249)] Ajout d'un noeud en (400,900)[0m
[[34m19:55:25.549 GRAPHE (DEBUG) on main data.Graphe.placeNodes(Graphe.java:249)] Ajout d'un noeud en (400,1000)[0m
[[34m19:55:25.550 GRAPHE (DEBUG) on main data.Graphe.placeNodes(Graphe.java:249)] Ajout d'un noeud en (400,1100)[0m
[[34m19:55:25.550 GRAPHE (DEBUG) on main data.Graphe.placeNodes(Graphe.java:249)] Ajout d'un noeud en (400,1200)[0m
[[34m19:55:25.550 GRAPHE (DEBUG) on main data.Graphe.placeNodes(Graphe.java:249)] Ajout d'un noeud en (400,1300)[0m
[[34m19:55:25.550 GRAPHE (DEBUG) on main data.Graphe.placeNodes(Graphe.java:249)] Ajout d'un noeud en (400,1400)[0m
[[34m19:55:25.550 GRAPHE (DEBUG) on main data.Graphe.placeNodes(Graphe.java:249)] Ajout d'un noeud en (400,1500)[0m
[[34m19:55:25.550 GRAPHE (DEBUG) on main data.Graphe.placeNodes(Graphe.java:249)] Ajout d'un noeud en (400,1600)[0m
[[34m19:55:25.550 GRAPHE (DEBUG) on main data.Graphe.placeNodes(Graphe.java:249)] Ajout d'un noeud en (400,1700)[0m
[[34m19:55:25.551 GRAPHE (DEBUG) on main data.Graphe.placeNodes(Graphe.java:249)] Ajout d'un noeud en (400,1800)[0m
[[34m19:55:25.551 GRAPHE (DEBUG) on main data.Graphe.placeNodes(Graphe.java:249)] Ajout d'un noeud en (400,1900)[0m
[[34m19:55:25.551 GRAPHE (DEBUG) on main data.Graphe.placeNodes(Graphe.java:249)] Ajout d'un noeud en (500,0)[0m
[[34m19:55:25.551 GRAPHE (DEBUG) on main data.Graphe.placeNodes(Graphe.java:249)] Ajout d'un noeud en (500,100)[0m
[[34m19:55:25.551 GRAPHE (DEBUG) on main data.Graphe.placeNodes(Graphe.java:249)] Ajout d'un noeud en (500,200)[0m
[[34m19:55:25.552 GRAPHE (DEBUG) on main data.Graphe.placeNodes(Graphe.java:249)] Ajout d'un noeud en (500,300)[0m
[[34m19:55:25.552 GRAPHE (DEBUG) on main data.Graphe.placeNodes(Graphe.java:249)] Ajout d'un noeud en (500,400)[0m
[[34m19:55:25.552 GRAPHE (DEBUG) on main data.Graphe.placeNodes(Graphe.java:249)] Ajout d'un noeud en (500,500)[0m
[[34m19:55:25.552 GRAPHE (DEBUG) on main data.Graphe.placeNodes(Graphe.java:249)] Ajout d'un noeud en (500,600)[0m
[[34m19:55:25.552 GRAPHE (DEBUG) on main data.Graphe.placeNodes(Graphe.java:249)] Ajout d'un noeud en (500,700)[0m
[[34m19:55:25.552 GRAPHE (DEBUG) on main data.Graphe.placeNodes(Graphe.java:249)] Ajout d'un noeud en (500,800)[0m
[[34m19:55:25.552 GRAPHE (DEBUG) on main data.Graphe.placeNodes(Graphe.java:249)] Ajout d'un noeud en (500,900)[0m
[[34m19:55:25.553 GRAPHE (DEBUG) on main data.Graphe.placeNodes(Graphe.java:249)] Ajout d'un noeud en (500,1000)[0m
[[34m19:55:25.553 GRAPHE (DEBUG) on main data.Graphe.placeNodes(Graphe.java:249)] Ajout d'un noeud en (500,1100)[0m
[[34m19:55:25.555 GRAPHE (DEBUG) on main data.Graphe.placeNodes(Graphe.java:249)] Ajout d'un noeud en (500,1200)[0m
[[34m19:55:25.555 GRAPHE (DEBUG) on main data.Graphe.placeNodes(Graphe.java:249)] Ajout d'un noeud en (500,1300)[0m
[[34m19:55:25.556 GRAPHE (DEBUG) on main data.Graphe.placeNodes(Graphe.java:249)] Ajout d'un noeud en (500,1400)[0m
[[34m19:55:25.556 GRAPHE (DEBUG) on main data.Graphe.placeNodes(Graphe.java:249)] Ajout d'un noeud en (500,1500)[0m
[[34m19:55:25.556 GRAPHE (DEBUG) on main data.Graphe.placeNodes(Graphe.java:249)] Ajout d'un noeud en (500,1600)[0m
[[34m19:55:25.556 GRAPHE (DEBUG) on main data.Graphe.placeNodes(Graphe.java:249)] Ajout d'un noeud en (500,1700)[0m
[[34m19:55:25.556 GRAPHE (DEBUG) on main data.Graphe.placeNodes(Graphe.java:249)] Ajout d'un noeud en (500,1800)[0m
[[34m19:55:25.556 GRAPHE (DEBUG) on main data.Graphe.placeNodes(Graphe.java:249)] Ajout d'un noeud en (500,1900)[0m
[[34m19:55:25.557 GRAPHE (DEBUG) on main data.Graphe.placeNodes(Graphe.java:249)] Ajout d'un noeud en (600,0)[0m
[[34m19:55:25.557 GRAPHE (DEBUG) on main data.Graphe.placeNodes(Graphe.java:249)] Ajout d'un noeud en (600,100)[0m
[[34m19:55:25.557 GRAPHE (DEBUG) on main data.Graphe.placeNodes(Graphe.java:249)] Ajout d'un noeud en (600,200)[0m
[[34m19:55:25.557 GRAPHE (DEBUG) on main data.Graphe.placeNodes(Graphe.java:249)] Ajout d'un noeud en (600,300)[0m
[[34m19:55:25.557 GRAPHE (DEBUG) on main data.Graphe.placeNodes(Graphe.java:249)] Ajout d'un noeud en (600,400)[0m
[[34m19:55:25.559 GRAPHE (DEBUG) on main data.Graphe.placeNodes(Graphe.java:249)] Ajout d'un noeud en (600,500)[0m
[[34m19:55:25.559 GRAPHE (DEBUG) on main data.Graphe.placeNodes(Graphe.java:249)] Ajout d'un noeud en (600,600)[0m
[[34m19:55:25.559 GRAPHE (DEBUG) on main data.Graphe.placeNodes(Graphe.java:249)] Ajout d'un noeud en (600,700)[0m
[[34m19:55:25.559 GRAPHE (DEBUG) on main data.Graphe.placeNodes(Graphe.java:249)] Ajout d'un noeud en (600,800)[0m
[[34m19:55:25.560 GRAPHE (DEBUG) on main data.Graphe.placeNodes(Graphe.java:249)] Ajout d'un noeud en (600,900)[0m
[[34m19:55:25.560 GRAPHE (DEBUG) on main data.Graphe.placeNodes(Graphe.java:249)] Ajout d'un noeud en (600,1000)[0m
[[34m19:55:25.560 GRAPHE (DEBUG) on main data.Graphe.placeNodes(Graphe.java:249)] Ajout d'un noeud en (600,1100)[0m
[[34m19:55:25.560 GRAPHE (DEBUG) on main data.Graphe.placeNodes(Graphe.java:249)] Ajout d'un noeud en (600,1200)[0m
[[34m19:55:25.560 GRAPHE (DEBUG) on main data.Graphe.placeNodes(Graphe.java:249)] Ajout d'un noeud en (600,1300)[0m
[[34m19:55:25.560 GRAPHE (DEBUG) on main data.Graphe.placeNodes(Graphe.java:249)] Ajout d'un noeud en (600,1400)[0m
[[34m19:55:25.561 GRAPHE (DEBUG) on main data.Graphe.placeNodes(Graphe.java:249)] Ajout d'un noeud en (600,1500)[0m
[[34m19:55:25.561 GRAPHE (DEBUG) on main data.Graphe.placeNodes(Graphe.java:249)] Ajout d'un noeud en (600,1600)[0m
[[34m19:55:25.561 GRAPHE (DEBUG) on main data.Graphe.placeNodes(Graphe.java:249)] Ajout d'un noeud en (600,1700)[0m
[[34m19:55:25.561 GRAPHE (DEBUG) on main data.Graphe.placeNodes(Graphe.java:249)] Ajout d'un noeud en (600,1800)[0m
[[34m19:55:25.561 GRAPHE (DEBUG) on main data.Graphe.placeNodes(Graphe.java:249)] Ajout d'un noeud en (600,1900)[0m
[[34m19:55:25.561 GRAPHE (DEBUG) on main data.Graphe.placeNodes(Graphe.java:249)] Ajout d'un noeud en (700,0)[0m
[[34m19:55:25.561 GRAPHE (DEBUG) on main data.Graphe.placeNodes(Graphe.java:249)] Ajout d'un noeud en (700,100)[0m
[[34m19:55:25.562 GRAPHE (DEBUG) on main data.Graphe.placeNodes(Graphe.java:249)] Ajout d'un noeud en (700,200)[0m
[[34m19:55:25.562 GRAPHE (DEBUG) on main data.Graphe.placeNodes(Graphe.java:249)] Ajout d'un noeud en (700,300)[0m
[[34m19:55:25.562 GRAPHE (DEBUG) on main data.Graphe.placeNodes(Graphe.java:249)] Ajout d'un noeud en (700,400)[0m
[[34m19:55:25.562 GRAPHE (DEBUG) on main data.Graphe.placeNodes(Graphe.java:249)] Ajout d'un noeud en (700,500)[0m
[[34m19:55:25.562 GRAPHE (DEBUG) on main data.Graphe.placeNodes(Graphe.java:249)] Ajout d'un noeud en (700,600)[0m
[[34m19:55:25.562 GRAPHE (DEBUG) on main data.Graphe.placeNodes(Graphe.java:249)] Ajout d'un noeud en (700,700)[0m
[[34m19:55:25.562 GRAPHE (DEBUG) on main data.Graphe.placeNodes(Graphe.java:249)] Ajout d'un noeud en (700,800)[0m
[[34m19:55:25.563 GRAPHE (DEBUG) on main data.Graphe.placeNodes(Graphe.java:249)] Ajout d'un noeud en (700,900)[0m
[[34m19:55:25.563 GRAPHE (DEBUG) on main data.Graphe.placeNodes(Graphe.java:249)] Ajout d'un noeud en (700,1000)[0m
[[34m19:55:25.563 GRAPHE (DEBUG) on main data.Graphe.placeNodes(Graphe.java:249)] Ajout d'un noeud en (700,1100)[0m
[[34m19:55:25.563 GRAPHE (DEBUG) on main data.Graphe.placeNodes(Graphe.java:249)] Ajout d'un noeud en (700,1200)[0m
[[34m19:55:25.563 GRAPHE (DEBUG) on main data.Graphe.placeNodes(Graphe.java:249)] Ajout d'un noeud en (700,1300)[0m
[[34m19:55:25.563 GRAPHE (DEBUG) on main data.Graphe.placeNodes(Graphe.java:249)] Ajout d'un noeud en (700,1400)[0m
[[34m19:55:25.564 GRAPHE (DEBUG) on main data.Graphe.placeNodes(Graphe.java:249)] Ajout d'un noeud en (700,1500)[0m
[[34m19:55:25.564 GRAPHE (DEBUG) on main data.Graphe.placeNodes(Graphe.java:249)] Ajout d'un noeud en (700,1600)[0m
[[34m19:55:25.564 GRAPHE (DEBUG) on main data.Graphe.placeNodes(Graphe.java:249)] Ajout d'un noeud en (700,1700)[0m
[[34m19:55:25.564 GRAPHE (DEBUG) on main data.Graphe.placeNodes(Graphe.java:249)] Ajout d'un noeud en (700,1800)[0m
[[34m19:55:25.564 GRAPHE (DEBUG) on main data.Graphe.placeNodes(Graphe.java:249)] Ajout d'un noeud en (700,1900)[0m
[[34m19:55:25.564 GRAPHE (DEBUG) on main data.Graphe.placeNodes(Graphe.java:249)] Ajout d'un noeud en (800,0)[0m
[[34m19:55:25.564 GRAPHE (DEBUG) on main data.Graphe.placeNodes(Graphe.java:249)] Ajout d'un noeud en (800,100)[0m
[[34m19:55:25.565 GRAPHE (DEBUG) on main data.Graphe.placeNodes(Graphe.java:249)] Ajout d'un noeud en (800,200)[0m
[[34m19:55:25.565 GRAPHE (DEBUG) on main data.Graphe.placeNodes(Graphe.java:249)] Ajout d'un noeud en (800,300)[0m
[[34m19:55:25.565 GRAPHE (DEBUG) on main data.Graphe.placeNodes(Graphe.java:249)] Ajout d'un noeud en (800,400)[0m
[[34m19:55:25.565 GRAPHE (DEBUG) on main data.Graphe.placeNodes(Graphe.java:249)] Ajout d'un noeud en (800,500)[0m
[[34m19:55:25.565 GRAPHE (DEBUG) on main data.Graphe.placeNodes(Graphe.java:249)] Ajout d'un noeud en (800,600)[0m
[[34m19:55:25.566 GRAPHE (DEBUG) on main data.Graphe.placeNodes(Graphe.java:249)] Ajout d'un noeud en (800,700)[0m
[[34m19:55:25.566 GRAPHE (DEBUG) on main data.Graphe.placeNodes(Graphe.java:249)] Ajout d'un noeud en (800,800)[0m
[[34m19:55:25.566 GRAPHE (DEBUG) on main data.Graphe.placeNodes(Graphe.java:249)] Ajout d'un noeud en (800,900)[0m
[[34m19:55:25.566 GRAPHE (DEBUG) on main data.Graphe.placeNodes(Graphe.java:249)] Ajout d'un noeud en (800,1000)[0m
[[34m19:55:25.566 GRAPHE (DEBUG) on main data.Graphe.placeNodes(Graphe.java:249)] Ajout d'un noeud en (800,1100)[0m
[[34m19:55:25.566 GRAPHE (DEBUG) on main data.Graphe.placeNodes(Graphe.java:249)] Ajout d'un noeud en (800,1200)[0m
[[34m19:55:25.567 GRAPHE (DEBUG) on main data.Graphe.placeNodes(Graphe.java:249)] Ajout d'un noeud en (800,1300)[0m
[[34m19:55:25.567 GRAPHE (DEBUG) on main data.Graphe.placeNodes(Graphe.java:249)] Ajout d'un noeud en (800,1400)[0m
[[34m19:55:25.567 GRAPHE (DEBUG) on main data.Graphe.placeNodes(Graphe.java:249)] Ajout d'un noeud en (800,1500)[0m
[[34m19:55:25.567 GRAPHE (DEBUG) on main data.Graphe.placeNodes(Graphe.java:249)] Ajout d'un noeud en (800,1600)[0m
[[34m19:55:25.567 GRAPHE (DEBUG) on main data.Graphe.placeNodes(Graphe.java:249)] Ajout d'un noeud en (800,1700)[0m
[[34m19:55:25.568 GRAPHE (DEBUG) on main data.Graphe.placeNodes(Graphe.java:249)] Ajout d'un noeud en (800,1800)[0m
[[34m19:55:25.568 GRAPHE (DEBUG) on main data.Graphe.placeNodes(Graphe.java:249)] Ajout d'un noeud en (800,1900)[0m
[[34m19:55:25.568 GRAPHE (DEBUG) on main data.Graphe.placeNodes(Graphe.java:249)] Ajout d'un noeud en (900,0)[0m
[[34m19:55:25.568 GRAPHE (DEBUG) on main data.Graphe.placeNodes(Graphe.java:249)] Ajout d'un noeud en (900,100)[0m
[[34m19:55:25.568 GRAPHE (DEBUG) on main data.Graphe.placeNodes(Graphe.java:249)] Ajout d'un noeud en (900,200)[0m
[[34m19:55:25.568 GRAPHE (DEBUG) on main data.Graphe.placeNodes(Graphe.java:249)] Ajout d'un noeud en (900,300)[0m
[[34m19:55:25.568 GRAPHE (DEBUG) on main data.Graphe.placeNodes(Graphe.java:249)] Ajout d'un noeud en (900,400)[0m
[[34m19:55:25.569 GRAPHE (DEBUG) on main data.Graphe.placeNodes(Graphe.java:249)] Ajout d'un noeud en (900,500)[0m
[[34m19:55:25.569 GRAPHE (DEBUG) on main data.Graphe.placeNodes(Graphe.java:249)] Ajout d'un noeud en (900,600)[0m
[[34m19:55:25.569 GRAPHE (DEBUG) on main data.Graphe.placeNodes(Graphe.java:249)] Ajout d'un noeud en (900,700)[0m
[[34m19:55:25.569 GRAPHE (DEBUG) on main data.Graphe.placeNodes(Graphe.java:249)] Ajout d'un noeud en (900,800)[0m
[[34m19:55:25.569 GRAPHE (DEBUG) on main data.Graphe.placeNodes(Graphe.java:249)] Ajout d'un noeud en (900,900)[0m
[[34m19:55:25.569 GRAPHE (DEBUG) on main data.Graphe.placeNodes(Graphe.java:249)] Ajout d'un noeud en (900,1000)[0m
[[34m19:55:25.570 GRAPHE (DEBUG) on main data.Graphe.placeNodes(Graphe.java:249)] Ajout d'un noeud en (900,1100)[0m
[[34m19:55:25.570 GRAPHE (DEBUG) on main data.Graphe.placeNodes(Graphe.java:249)] Ajout d'un noeud en (900,1200)[0m
[[34m19:55:25.570 GRAPHE (DEBUG) on main data.Graphe.placeNodes(Graphe.java:249)] Ajout d'un noeud en (900,1300)[0m
[[34m19:55:25.570 GRAPHE (DEBUG) on main data.Graphe.placeNodes(Graphe.java:249)] Ajout d'un noeud en (900,1400)[0m
[[34m19:55:25.570 GRAPHE (DEBUG) on main data.Graphe.placeNodes(Graphe.java:249)] Ajout d'un noeud en (900,1500)[0m
[[34m19:55:25.570 GRAPHE (DEBUG) on main data.Graphe.placeNodes(Graphe.java:249)] Ajout d'un noeud en (900,1600)[0m
[[34m19:55:25.571 GRAPHE (DEBUG) on main data.Graphe.placeNodes(Graphe.java:249)] Ajout d'un noeud en (900,1700)[0m
[[34m19:55:25.571 GRAPHE (DEBUG) on main data.Graphe.placeNodes(Graphe.java:249)] Ajout d'un noeud en (900,1800)[0m
[[34m19:55:25.571 GRAPHE (DEBUG) on main data.Graphe.placeNodes(Graphe.java:249)] Ajout d'un noeud en (900,1900)[0m
[[34m19:55:25.571 GRAPHE (DEBUG) on main data.Graphe.placeNodes(Graphe.java:249)] Ajout d'un noeud en (1000,0)[0m
[[34m19:55:25.571 GRAPHE (DEBUG) on main data.Graphe.placeNodes(Graphe.java:249)] Ajout d'un noeud en (1000,100)[0m
[[34m19:55:25.571 GRAPHE (DEBUG) on main data.Graphe.placeNodes(Graphe.java:249)] Ajout d'un noeud en (1000,200)[0m
[[34m19:55:25.571 GRAPHE (DEBUG) on main data.Graphe.placeNodes(Graphe.java:249)] Ajout d'un noeud en (1000,300)[0m
[[34m19:55:25.572 GRAPHE (DEBUG) on main data.Graphe.placeNodes(Graphe.java:249)] Ajout d'un noeud en (1000,400)[0m
[[34m19:55:25.572 GRAPHE (DEBUG) on main data.Graphe.placeNodes(Graphe.java:249)] Ajout d'un noeud en (1000,500)[0m
[[34m19:55:25.572 GRAPHE (DEBUG) on main data.Graphe.placeNodes(Graphe.java:249)] Ajout d'un noeud en (1000,600)[0m
[[34m19:55:25.572 GRAPHE (DEBUG) on main data.Graphe.placeNodes(Graphe.java:249)] Ajout d'un noeud en (1000,700)[0m
[[34m19:55:25.572 GRAPHE (DEBUG) on main data.Graphe.placeNodes(Graphe.java:249)] Ajout d'un noeud en (1000,800)[0m
[[34m19:55:25.572 GRAPHE (DEBUG) on main data.Graphe.placeNodes(Graphe.java:249)] Ajout d'un noeud en (1000,900)[0m
[[34m19:55:25.573 GRAPHE (DEBUG) on main data.Graphe.placeNodes(Graphe.java:249)] Ajout d'un noeud en (1000,1000)[0m
[[34m19:55:25.573 GRAPHE (DEBUG) on main data.Graphe.placeNodes(Graphe.java:249)] Ajout d'un noeud en (1000,1100)[0m
[[34m19:55:25.573 GRAPHE (DEBUG) on main data.Graphe.placeNodes(Graphe.java:249)] Ajout d'un noeud en (1000,1200)[0m
[[34m19:55:25.573 GRAPHE (DEBUG) on main data.Graphe.placeNodes(Graphe.java:249)] Ajout d'un noeud en (1000,1300)[0m
[[34m19:55:25.573 GRAPHE (DEBUG) on main data.Graphe.placeNodes(Graphe.java:249)] Ajout d'un noeud en (1000,1400)[0m
[[34m19:55:25.573 GRAPHE (DEBUG) on main data.Graphe.placeNodes(Graphe.java:249)] Ajout d'un noeud en (1000,1500)[0m
[[34m19:55:25.573 GRAPHE (DEBUG) on main data.Graphe.placeNodes(Graphe.java:249)] Ajout d'un noeud en (1000,1600)[0m
[[34m19:55:25.573 GRAPHE (DEBUG) on main data.Graphe.placeNodes(Graphe.java:249)] Ajout d'un noeud en (1000,1700)[0m
[[34m19:55:25.574 GRAPHE (DEBUG) on main data.Graphe.placeNodes(Graphe.java:249)] Ajout d'un noeud en (1000,1800)[0m
[[34m19:55:25.574 GRAPHE (DEBUG) on main data.Graphe.placeNodes(Graphe.java:249)] Ajout d'un noeud en (1000,1900)[0m
[[34m19:55:25.574 GRAPHE (DEBUG) on main data.Graphe.placeNodes(Graphe.java:249)] Ajout d'un noeud en (1100,0)[0m
[[34m19:55:25.574 GRAPHE (DEBUG) on main data.Graphe.placeNodes(Graphe.java:249)] Ajout d'un noeud en (1100,100)[0m
[[34m19:55:25.574 GRAPHE (DEBUG) on main data.Graphe.placeNodes(Graphe.java:249)] Ajout d'un noeud en (1100,200)[0m
[[34m19:55:25.574 GRAPHE (DEBUG) on main data.Graphe.placeNodes(Graphe.java:249)] Ajout d'un noeud en (1100,300)[0m
[[34m19:55:25.574 GRAPHE (DEBUG) on main data.Graphe.placeNodes(Graphe.java:249)] Ajout d'un noeud en (1100,400)[0m
[[34m19:55:25.574 GRAPHE (DEBUG) on main data.Graphe.placeNodes(Graphe.java:249)] Ajout d'un noeud en (1100,500)[0m
[[34m19:55:25.575 GRAPHE (DEBUG) on main data.Graphe.placeNodes(Graphe.java:249)] Ajout d'un noeud en (1100,600)[0m
[[34m19:55:25.575 GRAPHE (DEBUG) on main data.Graphe.placeNodes(Graphe.java:249)] Ajout d'un noeud en (1100,700)[0m
[[34m19:55:25.575 GRAPHE (DEBUG) on main data.Graphe.placeNodes(Graphe.java:249)] Ajout d'un noeud en (1100,800)[0m
[[34m19:55:25.575 GRAPHE (DEBUG) on main data.Graphe.placeNodes(Graphe.java:249)] Ajout d'un noeud en (1100,900)[0m
[[34m19:55:25.575 GRAPHE (DEBUG) on main data.Graphe.placeNodes(Graphe.java:249)] Ajout d'un noeud en (1100,1000)[0m
[[34m19:55:25.575 GRAPHE (DEBUG) on main data.Graphe.placeNodes(Graphe.java:249)] Ajout d'un noeud en (1100,1100)[0m
[[34m19:55:25.575 GRAPHE (DEBUG) on main data.Graphe.placeNodes(Graphe.java:249)] Ajout d'un noeud en (1100,1200)[0m
[[34m19:55:25.575 GRAPHE (DEBUG) on main data.Graphe.placeNodes(Graphe.java:249)] Ajout d'un noeud en (1100,1300)[0m
[[34m19:55:25.576 GRAPHE (DEBUG) on main data.Graphe.placeNodes(Graphe.java:249)] Ajout d'un noeud en (1100,1400)[0m
[[34m19:55:25.576 GRAPHE (DEBUG) on main data.Graphe.placeNodes(Graphe.java:249)] Ajout d'un noeud en (1100,1500)[0m
[[34m19:55:25.576 GRAPHE (DEBUG) on main data.Graphe.placeNodes(Graphe.java:249)] Ajout d'un noeud en (1100,1600)[0m
[[34m19:55:25.576 GRAPHE (DEBUG) on main data.Graphe.placeNodes(Graphe.java:249)] Ajout d'un noeud en (1100,1700)[0m
[[34m19:55:25.576 GRAPHE (DEBUG) on main data.Graphe.placeNodes(Graphe.java:249)] Ajout d'un noeud en (1100,1800)[0m
[[34m19:55:25.576 GRAPHE (DEBUG) on main data.Graphe.placeNodes(Graphe.java:249)] Ajout d'un noeud en (1100,1900)[0m
[[34m19:55:25.576 GRAPHE (DEBUG) on main data.Graphe.placeNodes(Graphe.java:249)] Ajout d'un noeud en (1200,0)[0m
[[34m19:55:25.577 GRAPHE (DEBUG) on main data.Graphe.placeNodes(Graphe.java:249)] Ajout d'un noeud en (1200,100)[0m
[[34m19:55:25.577 GRAPHE (DEBUG) on main data.Graphe.placeNodes(Graphe.java:249)] Ajout d'un noeud en (1200,200)[0m
[[34m19:55:25.577 GRAPHE (DEBUG) on main data.Graphe.placeNodes(Graphe.java:249)] Ajout d'un noeud en (1200,300)[0m
[[34m19:55:25.577 GRAPHE (DEBUG) on main data.Graphe.placeNodes(Graphe.java:249)] Ajout d'un noeud en (1200,400)[0m
[[34m19:55:25.577 GRAPHE (DEBUG) on main data.Graphe.placeNodes(Graphe.java:249)] Ajout d'un noeud en (1200,500)[0m
[[34m19:55:25.578 GRAPHE (DEBUG) on main data.Graphe.placeNodes(Graphe.java:249)] Ajout d'un noeud en (1200,600)[0m
[[34m19:55:25.578 GRAPHE (DEBUG) on main data.Graphe.placeNodes(Graphe.java:249)] Ajout d'un noeud en (1200,700)[0m
[[34m19:55:25.578 GRAPHE (DEBUG) on main data.Graphe.placeNodes(Graphe.java:249)] Ajout d'un noeud en (1200,800)[0m
[[34m19:55:25.578 GRAPHE (DEBUG) on main data.Graphe.placeNodes(Graphe.java:249)] Ajout d'un noeud en (1200,900)[0m
[[34m19:55:25.578 GRAPHE (DEBUG) on main data.Graphe.placeNodes(Graphe.java:249)] Ajout d'un noeud en (1200,1000)[0m
[[34m19:55:25.578 GRAPHE (DEBUG) on main data.Graphe.placeNodes(Graphe.java:249)] Ajout d'un noeud en (1200,1100)[0m
[[34m19:55:25.578 GRAPHE (DEBUG) on main data.Graphe.placeNodes(Graphe.java:249)] Ajout d'un noeud en (1200,1200)[0m
[[34m19:55:25.578 GRAPHE (DEBUG) on main data.Graphe.placeNodes(Graphe.java:249)] Ajout d'un noeud en (1200,1300)[0m
[[34m19:55:25.578 GRAPHE (DEBUG) on main data.Graphe.placeNodes(Graphe.java:249)] Ajout d'un noeud en (1200,1400)[0m
[[34m19:55:25.578 GRAPHE (DEBUG) on main data.Graphe.placeNodes(Graphe.java:249)] Ajout d'un noeud en (1200,1500)[0m
[[34m19:55:25.579 GRAPHE (DEBUG) on main data.Graphe.placeNodes(Graphe.java:249)] Ajout d'un noeud en (1200,1600)[0m
[[34m19:55:25.579 GRAPHE (DEBUG) on main data.Graphe.placeNodes(Graphe.java:249)] Ajout d'un noeud en (1200,1700)[0m
[[34m19:55:25.579 GRAPHE (DEBUG) on main data.Graphe.placeNodes(Graphe.java:249)] Ajout d'un noeud en (1200,1800)[0m
[[34m19:55:25.579 GRAPHE (DEBUG) on main data.Graphe.placeNodes(Graphe.java:249)] Ajout d'un noeud en (1200,1900)[0m
[[34m19:55:25.579 GRAPHE (DEBUG) on main data.Graphe.placeNodes(Graphe.java:249)] Ajout d'un noeud en (1300,0)[0m
[[34m19:55:25.579 GRAPHE (DEBUG) on main data.Graphe.placeNodes(Graphe.java:249)] Ajout d'un noeud en (1300,100)[0m
[[34m19:55:25.580 GRAPHE (DEBUG) on main data.Graphe.placeNodes(Graphe.java:249)] Ajout d'un noeud en (1300,200)[0m
[[34m19:55:25.580 GRAPHE (DEBUG) on main data.Graphe.placeNodes(Graphe.java:249)] Ajout d'un noeud en (1300,300)[0m
[[34m19:55:25.580 GRAPHE (DEBUG) on main data.Graphe.placeNodes(Graphe.java:249)] Ajout d'un noeud en (1300,400)[0m
[[34m19:55:25.580 GRAPHE (DEBUG) on main data.Graphe.placeNodes(Graphe.java:249)] Ajout d'un noeud en (1300,500)[0m
[[34m19:55:25.580 GRAPHE (DEBUG) on main data.Graphe.placeNodes(Graphe.java:249)] Ajout d'un noeud en (1300,600)[0m
[[34m19:55:25.580 GRAPHE (DEBUG) on main data.Graphe.placeNodes(Graphe.java:249)] Ajout d'un noeud en (1300,700)[0m
[[34m19:55:25.581 GRAPHE (DEBUG) on main data.Graphe.placeNodes(Graphe.java:249)] Ajout d'un noeud en (1300,800)[0m
[[34m19:55:25.581 GRAPHE (DEBUG) on main data.Graphe.placeNodes(Graphe.java:249)] Ajout d'un noeud en (1300,900)[0m
[[34m19:55:25.581 GRAPHE (DEBUG) on main data.Graphe.placeNodes(Graphe.java:249)] Ajout d'un noeud en (1300,1000)[0m
[[34m19:55:25.581 GRAPHE (DEBUG) on main data.Graphe.placeNodes(Graphe.java:249)] Ajout d'un noeud en (1300,1100)[0m
[[34m19:55:25.581 GRAPHE (DEBUG) on main data.Graphe.placeNodes(Graphe.java:249)] Ajout d'un noeud en (1300,1200)[0m
[[34m19:55:25.582 GRAPHE (DEBUG) on main data.Graphe.placeNodes(Graphe.java:249)] Ajout d'un noeud en (1300,1300)[0m
[[34m19:55:25.582 GRAPHE (DEBUG) on main data.Graphe.placeNodes(Graphe.java:249)] Ajout d'un noeud en (1300,1400)[0m
[[34m19:55:25.582 GRAPHE (DEBUG) on main data.Graphe.placeNodes(Graphe.java:249)] Ajout d'un noeud en (1300,1500)[0m
[[34m19:55:25.582 GRAPHE (DEBUG) on main data.Graphe.placeNodes(Graphe.java:249)] Ajout d'un noeud en (1300,1600)[0m
[[34m19:55:25.582 GRAPHE (DEBUG) on main data.Graphe.placeNodes(Graphe.java:249)] Ajout d'un noeud en (1300,1700)[0m
[[34m19:55:25.582 GRAPHE (DEBUG) on main data.Graphe.placeNodes(Graphe.java:249)] Ajout d'un noeud en (1300,1800)[0m
[[34m19:55:25.583 GRAPHE (DEBUG) on main data.Graphe.placeNodes(Graphe.java:249)] Ajout d'un noeud en (1300,1900)[0m
[[34m19:55:25.583 GRAPHE (DEBUG) on main data.Graphe.placeNodes(Graphe.java:249)] Ajout d'un noeud en (1400,0)[0m
[[34m19:55:25.583 GRAPHE (DEBUG) on main data.Graphe.placeNodes(Graphe.java:249)] Ajout d'un noeud en (1400,100)[0m
[[34m19:55:25.583 GRAPHE (DEBUG) on main data.Graphe.placeNodes(Graphe.java:249)] Ajout d'un noeud en (1400,200)[0m
[[34m19:55:25.583 GRAPHE (DEBUG) on main data.Graphe.placeNodes(Graphe.java:249)] Ajout d'un noeud en (1400,300)[0m
[[34m19:55:25.583 GRAPHE (DEBUG) on main data.Graphe.placeNodes(Graphe.java:249)] Ajout d'un noeud en (1400,400)[0m
[[34m19:55:25.584 GRAPHE (DEBUG) on main data.Graphe.placeNodes(Graphe.java:249)] Ajout d'un noeud en (1400,500)[0m
[[34m19:55:25.584 GRAPHE (DEBUG) on main data.Graphe.placeNodes(Graphe.java:249)] Ajout d'un noeud en (1400,600)[0m
[[34m19:55:25.584 GRAPHE (DEBUG) on main data.Graphe.placeNodes(Graphe.java:249)] Ajout d'un noeud en (1400,700)[0m
[[34m19:55:25.584 GRAPHE (DEBUG) on main data.Graphe.placeNodes(Graphe.java:249)] Ajout d'un noeud en (1400,800)[0m
[[34m19:55:25.584 GRAPHE (DEBUG) on main data.Graphe.placeNodes(Graphe.java:249)] Ajout d'un noeud en (1400,900)[0m
[[34m19:55:25.584 GRAPHE (DEBUG) on main data.Graphe.placeNodes(Graphe.java:249)] Ajout d'un noeud en (1400,1000)[0m
[[34m19:55:25.585 GRAPHE (DEBUG) on main data.Graphe.placeNodes(Graphe.java:249)] Ajout d'un noeud en (1400,1100)[0m
[[34m19:55:25.585 GRAPHE (DEBUG) on main data.Graphe.placeNodes(Graphe.java:249)] Ajout d'un noeud en (1400,1200)[0m
[[34m19:55:25.585 GRAPHE (DEBUG) on main data.Graphe.placeNodes(Graphe.java:249)] Ajout d'un noeud en (1400,1300)[0m
[[34m19:55:25.585 GRAPHE (DEBUG) on main data.Graphe.placeNodes(Graphe.java:249)] Ajout d'un noeud en (1400,1400)[0m
[[34m19:55:25.585 GRAPHE (DEBUG) on main data.Graphe.placeNodes(Graphe.java:249)] Ajout d'un noeud en (1400,1500)[0m
[[34m19:55:25.585 GRAPHE (DEBUG) on main data.Graphe.placeNodes(Graphe.java:249)] Ajout d'un noeud en (1400,1600)[0m
[[34m19:55:25.585 GRAPHE (DEBUG) on main data.Graphe.placeNodes(Graphe.java:249)] Ajout d'un noeud en (1400,1700)[0m
[[34m19:55:25.585 GRAPHE (DEBUG) on main data.Graphe.placeNodes(Graphe.java:249)] Ajout d'un noeud en (1400,1800)[0m
[[34m19:55:25.585 GRAPHE (DEBUG) on main data.Graphe.placeNodes(Graphe.java:249)] Ajout d'un noeud en (1400,1900)[0m
[[34m19:55:25.586 GRAPHE (DEBUG) on main data.Graphe.placeNodes(Graphe.java:253)] Fin du placement des noeuds en quadrillage[0m
[[34m19:55:25.586 GRAPHE (DEBUG) on main data.Graphe.placeRidges(Graphe.java:262)] Initialisation des arrêtes[0m
[[34m19:55:25.976 GRAPHE (DEBUG) on main data.Graphe.placeRidges(Graphe.java:272)] Fin d'initialisation des arrêtes, 179700 arrêtes créées[0m
[[34m19:55:25.979 GRAPHE (DEBUG) on main data.Graphe.init(Graphe.java:162)] Initialisation terminée : 600 noeuds, 179700 arrêtes[0m
[[34m19:55:25.980 DATA_HANDLER (DEBUG) on main utils.HLInstance.module(HLInstance.java:297)] Module Graphe prêt[0m
[[34m19:55:25.981 DATA_HANDLER (DEBUG) on main utils.HLInstance.module(HLInstance.java:271)] Initialisation du moduleClass Pathfinder[0m
[[34m19:55:25.981 DATA_HANDLER (DEBUG) on main utils.HLInstance.module(HLInstance.java:285)] Mise à jour de la config du moduleClass Pathfinder après son initialisation.[0m
[[34m19:55:25.982 DATA_HANDLER (DEBUG) on main utils.HLInstance.module(HLInstance.java:297)] Module Pathfinder prêt[0m
[[34m19:55:25.985 DATA_HANDLER (DEBUG) on main utils.HLInstance.module(HLInstance.java:271)] Initialisation du moduleClass OrderWrapper[0m
[[34m19:55:25.985 DATA_HANDLER (DEBUG) on main utils.HLInstance.module(HLInstance.java:285)] Mise à jour de la config du moduleClass OrderWrapper après son initialisation.[0m
[[34m19:55:25.986 STDOUT (DEBUG) on main pfg.config.Config.loadInto(Config.java:274)] Set private boolean orders.OrderWrapper.symetry to false[0m
[[34m19:55:25.990 STDOUT (DEBUG) on main pfg.config.Config.loadInto(Config.java:274)] Set private boolean orders.OrderWrapper.simulation to true[0m
[[34m19:55:25.990 STDOUT (DEBUG) on main pfg.config.Config.loadInto(Config.java:274)] Set private boolean orders.OrderWrapper.usingBaliseImage to false[0m
[[34m19:55:25.995 DATA_HANDLER (DEBUG) on main utils.HLInstance.module(HLInstance.java:297)] Module OrderWrapper prêt[0m
[[34m19:55:25.996 DATA_HANDLER (DEBUG) on main utils.HLInstance.module(HLInstance.java:271)] Initialisation du moduleClass PathFollower[0m
[[34m19:55:25.997 DATA_HANDLER (DEBUG) on main utils.HLInstance.module(HLInstance.java:285)] Mise à jour de la config du moduleClass PathFollower après son initialisation.[0m
[[34m19:55:26.020 STDOUT (DEBUG) on main pfg.config.Config.loadInto(Config.java:274)] Set private long locomotion.PathFollower.locomotionLoopDelay to 20[0m
[[34m19:55:26.021 STDOUT (DEBUG) on main pfg.config.Config.loadInto(Config.java:274)] Set private int locomotion.PathFollower.locomotionDistanceCheck to 200[0m
[[34m19:55:26.021 STDOUT (DEBUG) on main pfg.config.Config.loadInto(Config.java:274)] Set private int locomotion.PathFollower.locomotionRadiusCheck to 200[0m
[[34m19:55:26.030 STDOUT (DEBUG) on main pfg.config.Config.loadInto(Config.java:274)] Set private long locomotion.PathFollower.locomotionObstructedTimeout to 2000[0m
[[34m19:55:26.031 STDOUT (DEBUG) on main pfg.config.Config.loadInto(Config.java:274)] Set private boolean locomotion.PathFollower.simulation to true[0m
[[34m19:55:26.041 DATA_HANDLER (DEBUG) on main utils.HLInstance.module(HLInstance.java:297)] Module PathFollower prêt[0m
[[34m19:55:26.042 DATA_HANDLER (DEBUG) on main utils.HLInstance.module(HLInstance.java:271)] Initialisation du moduleClass Locomotion[0m
[[34m19:55:26.055 DATA_HANDLER (DEBUG) on main utils.HLInstance.module(HLInstance.java:285)] Mise à jour de la config du moduleClass Locomotion après son initialisation.[0m
[[34m19:55:26.056 STDOUT (DEBUG) on main pfg.config.Config.loadInto(Config.java:274)] Set private int locomotion.Locomotion.vectorComparisonThreshold to 15[0m
[[34m19:55:26.057 STDOUT (DEBUG) on main pfg.config.Config.loadInto(Config.java:274)] Set private long locomotion.Locomotion.locomotionObstructedTimeout to 2000[0m
[[34m19:55:26.063 DATA_HANDLER (DEBUG) on main utils.HLInstance.module(HLInstance.java:297)] Module Locomotion prêt[0m
[[34m19:55:26.063 DATA_HANDLER (DEBUG) on main utils.HLInstance.module(HLInstance.java:271)] Initialisation du moduleClass HookFactory[0m
[[34m19:55:26.063 DATA_HANDLER (DEBUG) on main utils.HLInstance.module(HLInstance.java:285)] Mise à jour de la config du moduleClass HookFactory après son initialisation.[0m
[[34m19:55:26.063 DATA_HANDLER (DEBUG) on main utils.HLInstance.module(HLInstance.java:297)] Module HookFactory prêt[0m
[[34m19:55:26.064 DATA_HANDLER (DEBUG) on main utils.HLInstance.module(HLInstance.java:271)] Initialisation du moduleClass ConnectionManager[0m
[[34m19:55:26.070 DATA_HANDLER (DEBUG) on main utils.HLInstance.module(HLInstance.java:285)] Mise à jour de la config du moduleClass ConnectionManager après son initialisation.[0m
[[34m19:55:26.070 DATA_HANDLER (DEBUG) on main utils.HLInstance.module(HLInstance.java:297)] Module ConnectionManager prêt[0m
[[34m19:55:26.070 DATA_HANDLER (DEBUG) on main utils.HLInstance.module(HLInstance.java:271)] Initialisation du moduleClass SimulatorDebug[0m
[[34m19:55:26.070 DATA_HANDLER (DEBUG) on main utils.HLInstance.module(HLInstance.java:285)] Mise à jour de la config du moduleClass SimulatorDebug après son initialisation.[0m
[[34m19:55:26.071 STDOUT (DEBUG) on main pfg.config.Config.loadInto(Config.java:274)] Set private boolean utils.communication.SimulatorDebug.active to true[0m
[[34m19:55:26.071 DATA_HANDLER (DEBUG) on main utils.HLInstance.module(HLInstance.java:297)] Module SimulatorDebug prêt[0m
[[34m19:55:26.071 DATA_HANDLER (DEBUG) on main utils.HLInstance.module(HLInstance.java:271)] Initialisation du moduleClass PanneauModule[0m
[[34m19:55:26.071 DATA_HANDLER (DEBUG) on main utils.HLInstance.module(HLInstance.java:285)] Mise à jour de la config du moduleClass PanneauModule après son initialisation.[0m
[[34m19:55:26.072 STDOUT (DEBUG) on main pfg.config.Config.loadInto(Config.java:274)] Set private long data.controlers.PanneauModule.scoreUpdatePeriod to 100[0m
[[34m19:55:26.074 STDOUT (DEBUG) on main pfg.config.Config.loadInto(Config.java:274)] Set private java.lang.String data.controlers.PanneauModule.couleur to jaune[0m
[[34m19:55:26.076 STDOUT (DEBUG) on main pfg.config.Config.loadInto(Config.java:274)] Set private int data.controlers.PanneauModule.ledProgramPort to 19500[0m
[[34m19:55:26.077 STDOUT (DEBUG) on main pfg.config.Config.loadInto(Config.java:274)] Set private int data.controlers.PanneauModule.ledCount to 1[0m
[[34m19:55:26.078 STDOUT (DEBUG) on main pfg.config.Config.loadInto(Config.java:274)] Set private boolean data.controlers.PanneauModule.using7Segments to false[0m
[[34m19:55:26.079 DATA_HANDLER (DEBUG) on main utils.HLInstance.module(HLInstance.java:297)] Module PanneauModule prêt[0m
[[34m19:55:26.079 DATA_HANDLER (DEBUG) on main utils.HLInstance.module(HLInstance.java:271)] Initialisation du moduleClass Slave[0m
[[34m19:55:26.087 DATA_HANDLER (DEBUG) on main utils.HLInstance.module(HLInstance.java:271)] Initialisation du moduleClass SynchronizationWithBuddy[0m
[[34m19:55:26.090 DATA_HANDLER (DEBUG) on main utils.HLInstance.module(HLInstance.java:285)] Mise à jour de la config du moduleClass SynchronizationWithBuddy après son initialisation.[0m
[[34m19:55:26.092 STDOUT (DEBUG) on main pfg.config.Config.loadInto(Config.java:274)] Set protected boolean data.synchronization.SynchronizationCommon.symetry to false[0m
[[34m19:55:26.092 STDOUT (DEBUG) on main pfg.config.Config.loadInto(Config.java:274)] Set protected boolean data.synchronization.SynchronizationCommon.simulation to true[0m
[[34m19:55:26.093 STDOUT (DEBUG) on main pfg.config.Config.loadInto(Config.java:274)] Set protected boolean data.synchronization.SynchronizationCommon.master to false[0m
[[34m19:55:26.093 DATA_HANDLER (DEBUG) on main utils.HLInstance.module(HLInstance.java:297)] Module SynchronizationWithBuddy prêt[0m
[[34m19:55:26.093 DATA_HANDLER (DEBUG) on main utils.HLInstance.module(HLInstance.java:271)] Initialisation du moduleClass Listener[0m
[[34m19:55:26.094 DATA_HANDLER (DEBUG) on main utils.HLInstance.module(HLInstance.java:285)] Mise à jour de la config du moduleClass Listener après son initialisation.[0m
[[34m19:55:26.094 STDOUT (DEBUG) on main pfg.config.Config.loadInto(Config.java:274)] Set private boolean data.controlers.Listener.master to false[0m
[[34m19:55:26.094 STDOUT (DEBUG) on main pfg.config.Config.loadInto(Config.java:274)] Set private boolean data.controlers.Listener.simulation to true[0m
[[34m19:55:26.095 STDOUT (DEBUG) on main pfg.config.Config.loadInto(Config.java:274)] Set private boolean data.controlers.Listener.usingLidar to false[0m
[[34m19:55:26.095 STDOUT (DEBUG) on main pfg.config.Config.loadInto(Config.java:274)] Set private boolean data.controlers.Listener.usingCylinderDetection to false[0m
[[34m19:55:26.095 STDOUT (DEBUG) on main pfg.config.Config.loadInto(Config.java:274)] Set private boolean data.controlers.Listener.usingBaliseImage to false[0m
[[34m19:55:26.095 STDOUT (DEBUG) on main pfg.config.Config.loadInto(Config.java:274)] Set private boolean data.controlers.Listener.visualisation to false[0m
[[34m19:55:26.095 STDOUT (DEBUG) on main pfg.config.Config.loadInto(Config.java:274)] Set private boolean data.controlers.Listener.usingBaliseConnection to false[0m
[[34m19:55:26.096 STDOUT (DEBUG) on main pfg.config.Config.loadInto(Config.java:274)] Set private boolean data.controlers.Listener.connectToBuddy to false[0m
[[34m19:55:26.096 STDOUT (DEBUG) on main pfg.config.Config.loadInto(Config.java:274)] Set private long data.controlers.Listener.timeBetweenPosUpdates to 200[0m
[[34m19:55:26.104 DATA_HANDLER (DEBUG) on main utils.HLInstance.module(HLInstance.java:297)] Module Listener prêt[0m
[[34m19:55:26.109 DATA_HANDLER (DEBUG) on main utils.HLInstance.module(HLInstance.java:271)] Initialisation du moduleClass MatchTimer[0m
[[34m19:55:26.110 DATA_HANDLER (DEBUG) on main utils.HLInstance.module(HLInstance.java:285)] Mise à jour de la config du moduleClass MatchTimer après son initialisation.[0m
[[34m19:55:26.110 DATA_HANDLER (DEBUG) on main utils.HLInstance.module(HLInstance.java:297)] Module MatchTimer prêt[0m
[[34m19:55:26.110 DATA_HANDLER (DEBUG) on main utils.HLInstance.module(HLInstance.java:271)] Initialisation du moduleClass DataController[0m
[[34m19:55:26.107 COMMUNICATION (DEBUG) on pool-1-thread-1 data.controlers.Listener.asyncInit(Listener.java:186)] Listener lancé : connection aux devices...[0m
[[34m19:55:26.111 COMMUNICATION (DEBUG) on pool-1-thread-1 data.controlers.Listener.asyncInit(Listener.java:189)] Simulation initializing connections...[0m
[[34m19:55:26.114 DATA_HANDLER (DEBUG) on main utils.HLInstance.module(HLInstance.java:285)] Mise à jour de la config du moduleClass DataController après son initialisation.[0m
[[34m19:55:26.115 STDOUT (DEBUG) on main pfg.config.Config.loadInto(Config.java:274)] Set private boolean data.controlers.DataController.master to false[0m
[[34m19:55:26.115 STDOUT (DEBUG) on main pfg.config.Config.loadInto(Config.java:274)] Set private boolean data.controlers.DataController.symetry to false[0m
[[34m19:55:26.117 COMMUNICATION (DEBUG) on pool-1-thread-1 data.controlers.Listener.asyncInit(Listener.java:191)] Simulated Teensy Master connected[0m
[[34m19:55:26.117 COMMUNICATION (DEBUG) on pool-1-thread-1 data.controlers.Listener.asyncInit(Listener.java:194)] Debug connection init...[0m
[[34m19:55:26.119 COMMUNICATION (DEBUG) on SocketClient(localhost:10001) utils.communication.SocketClientInterface.lambda$init$0(SocketClientInterface.java:51)] Trying to connect to localhost on port 10001[0m
[[34m19:55:26.123 COMMUNICATION (DEBUG) on pool-1-thread-1 data.controlers.Listener.asyncInit(Listener.java:196)] Debug connection ready![0m
[[34m19:55:26.125 COMMUNICATION (DEBUG) on SocketClient(localhost:19999) utils.communication.SocketClientInterface.lambda$init$0(SocketClientInterface.java:51)] Trying to connect to localhost on port 19999[0m
[[34m19:55:26.139 DATA_HANDLER (DEBUG) on main utils.HLInstance.module(HLInstance.java:297)] Module DataController prêt[0m
[[34m19:55:26.139 DATA_HANDLER (DEBUG) on main utils.HLInstance.module(HLInstance.java:285)] Mise à jour de la config du moduleClass Slave après son initialisation.[0m
[[34m19:55:26.145 STDOUT (DEBUG) on main pfg.config.Config.loadInto(Config.java:274)] Set private long robot.Robot.locomotionLoopDelay to 20[0m
[[34m19:55:26.146 STDOUT (DEBUG) on main pfg.config.Config.loadInto(Config.java:274)] Set private boolean robot.Robot.simulation to true[0m
[[34m19:55:26.146 STDOUT (DEBUG) on main pfg.config.Config.loadInto(Config.java:274)] Set private boolean robot.Robot.master to false[0m
[[34m19:55:26.146 STDOUT (DEBUG) on main pfg.config.Config.loadInto(Config.java:274)] Set private boolean robot.Robot.symetry to false[0m
[[34m19:55:26.146 STDOUT (DEBUG) on main pfg.config.Config.loadInto(Config.java:274)] Set private boolean robot.Robot.usingPanel to false[0m
[[34m19:55:26.146 DATA_HANDLER (DEBUG) on main utils.HLInstance.module(HLInstance.java:297)] Module Slave prêt[0m
[[31m19:55:26.147 STRATEGY (CRITICAL) on main main.RobotEntryPoint.initServices(RobotEntryPoint.java:195)] PAS DE PANNEAU[0m
[[34m19:55:26.147 DATA_HANDLER (DEBUG) on DataController data.controlers.DataController.run(DataController.java:164)] Controller lancé : en attente du listener...[0m
[[34m19:55:26.147 STRATEGY (DEBUG) on main main.RobotEntryPoint.initServices(RobotEntryPoint.java:198)] Couleur: jaune[0m
[[34m19:55:26.147 DATA_HANDLER (DEBUG) on main utils.HLInstance.module(HLInstance.java:271)] Initialisation du moduleClass ScriptManagerSlave[0m
[[31m19:55:26.148 STDERR (CRITICAL) on main] java.lang.reflect.InvocationTargetException[0m
[[31m19:55:26.148 STDERR (CRITICAL) on main] 	at java.base/jdk.internal.reflect.NativeConstructorAccessorImpl.newInstance0(Native Method)[0m
[[31m19:55:26.148 STDERR (CRITICAL) on main] 	at java.base/jdk.internal.reflect.NativeConstructorAccessorImpl.newInstance(NativeConstructorAccessorImpl.java:78)[0m
[[31m19:55:26.148 STDERR (CRITICAL) on main] 	at java.base/jdk.internal.reflect.DelegatingConstructorAccessorImpl.newInstance(DelegatingConstructorAccessorImpl.java:45)[0m
[[31m19:55:26.148 STDERR (CRITICAL) on main] 	at java.base/java.lang.reflect.Constructor.newInstanceWithCaller(Constructor.java:499)[0m
[[31m19:55:26.148 STDERR (CRITICAL) on main] 	at java.base/java.lang.reflect.Constructor.newInstance(Constructor.java:480)[0m
[[31m19:55:26.148 STDERR (CRITICAL) on main] 	at utils.HLInstance.module(HLInstance.java:272)[0m
[[31m19:55:26.148 STDERR (CRITICAL) on main] 	at utils.HLInstance.module(HLInstance.java:205)[0m
[[31m19:55:26.149 STDERR (CRITICAL) on main] 	at main.RobotEntryPoint.initServices(RobotEntryPoint.java:199)[0m
[[31m19:55:26.149 STDERR (CRITICAL) on main] 	at main.RobotEntryPoint.entryPoint(RobotEntryPoint.java:58)[0m
[[31m19:55:26.149 STDERR (CRITICAL) on main] 	at MainSlave.start(MainSlave.java:48)[0m
[[31m19:55:26.149 STDERR (CRITICAL) on main] 	at MainSlave.main(MainSlave.java:43)[0m
[[31m19:55:26.149 STDERR (CRITICAL) on main] 	at LaunchSimulatorSlave.main(LaunchSimulatorSlave.java:19)[0m
[[31m19:55:26.150 STDERR (CRITICAL) on main] Caused by: java.lang.NoClassDefFoundError: scripts/ScriptNamesSlave[0m
[[31m19:55:26.150 STDERR (CRITICAL) on main] 	at scripts.ScriptManagerSlave.<init>(ScriptManagerSlave.java:38)[0m
[[31m19:55:26.150 STDERR (CRITICAL) on main] 	... 12 more[0m
[[31m19:55:26.150 STDERR (CRITICAL) on main] Caused by: java.lang.ClassNotFoundException: scripts.ScriptNamesSlave[0m
[[31m19:55:26.150 STDERR (CRITICAL) on main] 	at java.base/jdk.internal.loader.BuiltinClassLoader.loadClass(BuiltinClassLoader.java:636)[0m
[[31m19:55:26.150 STDERR (CRITICAL) on main] 	at java.base/jdk.internal.loader.ClassLoaders$AppClassLoader.loadClass(ClassLoaders.java:182)[0m
[[31m19:55:26.150 STDERR (CRITICAL) on main] 	at java.base/java.lang.ClassLoader.loadClass(ClassLoader.java:519)[0m
[[31m19:55:26.151 STDERR (CRITICAL) on main] 	... 13 more[0m
[[31m19:55:26.151 STDERR (CRITICAL) on main] utils.container.ContainerException: java.lang.reflect.InvocationTargetException[0m
[[31m19:55:26.151 STDERR (CRITICAL) on main] 	at utils.HLInstance.module(HLInstance.java:310)[0m
[[31m19:55:26.151 STDERR (CRITICAL) on main] 	at utils.HLInstance.module(HLInstance.java:205)[0m
[[31m19:55:26.151 STDERR (CRITICAL) on main] 	at main.RobotEntryPoint.initServices(RobotEntryPoint.java:199)[0m
[[31m19:55:26.151 STDERR (CRITICAL) on main] 	at main.RobotEntryPoint.entryPoint(RobotEntryPoint.java:58)[0m
[[31m19:55:26.151 STDERR (CRITICAL) on main] 	at MainSlave.start(MainSlave.java:48)[0m
[[31m19:55:26.151 STDERR (CRITICAL) on main] 	at MainSlave.main(MainSlave.java:43)[0m
[[31m19:55:26.152 STDERR (CRITICAL) on main] 	at LaunchSimulatorSlave.main(LaunchSimulatorSlave.java:19)[0m
[[31m19:55:26.152 STDERR (CRITICAL) on main] Caused by: java.lang.reflect.InvocationTargetException[0m
[[34m19:55:26.163 COMMUNICATION (DEBUG) on SocketClient(localhost:19999) utils.communication.SocketClientInterface.lambda$init$0(SocketClientInterface.java:53)] Socket created to localhost on port 19999[0m
[[31m19:55:26.163 STDERR (CRITICAL) on main] 	at java.base/jdk.internal.reflect.NativeConstructorAccessorImpl.newInstance0(Native Method)[0m
[[31m19:55:26.163 STDERR (CRITICAL) on main] 	at java.base/jdk.internal.reflect.NativeConstructorAccessorImpl.newInstance(NativeConstructorAccessorImpl.java:78)[0m
[[31m19:55:26.163 STDERR (CRITICAL) on main] 	at java.base/jdk.internal.reflect.DelegatingConstructorAccessorImpl.newInstance(DelegatingConstructorAccessorImpl.java:45)[0m
[[34m19:55:26.164 COMMUNICATION (DEBUG) on SocketClient(localhost:19999) utils.communication.SocketClientInterface.lambda$init$0(SocketClientInterface.java:70)] SUCCESS to connect to localhost on port 19999[0m
[[31m19:55:26.164 STDERR (CRITICAL) on main] 	at java.base/java.lang.reflect.Constructor.newInstanceWithCaller(Constructor.java:499)[0m
[[31m19:55:26.164 STDERR (CRITICAL) on main] 	at java.base/java.lang.reflect.Constructor.newInstance(Constructor.java:480)[0m
[[31m19:55:26.164 STDERR (CRITICAL) on main] 	at utils.HLInstance.module(HLInstance.java:272)[0m
[[31m19:55:26.164 STDERR (CRITICAL) on main] 	... 6 more[0m
[[31m19:55:26.165 STDERR (CRITICAL) on main] Caused by: java.lang.NoClassDefFoundError: scripts/ScriptNamesSlave[0m
[[31m19:55:26.165 STDERR (CRITICAL) on main] 	at scripts.ScriptManagerSlave.<init>(ScriptManagerSlave.java:38)[0m
[[31m19:55:26.166 STDERR (CRITICAL) on main] 	... 12 more[0m
[[31m19:55:26.166 STDERR (CRITICAL) on main] Caused by: java.lang.ClassNotFoundException: scripts.ScriptNamesSlave[0m
[[31m19:55:26.166 STDERR (CRITICAL) on main] 	at java.base/jdk.internal.loader.BuiltinClassLoader.loadClass(BuiltinClassLoader.java:636)[0m
[[31m19:55:26.166 STDERR (CRITICAL) on main] 	at java.base/jdk.internal.loader.ClassLoaders$AppClassLoader.loadClass(ClassLoaders.java:182)[0m
[[31m19:55:26.166 STDERR (CRITICAL) on main] 	at java.base/java.lang.ClassLoader.loadClass(ClassLoader.java:519)[0m
[[31m19:55:26.167 STDERR (CRITICAL) on main] 	... 13 more[0m
[[34m19:55:26.170 COMMUNICATION (DEBUG) on SocketClient(localhost:10001) utils.communication.SocketClientInterface.lambda$init$0(SocketClientInterface.java:53)] Socket created to localhost on port 10001[0m
[[34m19:55:26.239 COMMUNICATION (DEBUG) on SocketClient(localhost:10001) utils.communication.SocketClientInterface.lambda$init$0(SocketClientInterface.java:70)] SUCCESS to connect to localhost on port 10001[0m
[[34m19:55:26.243 STDOUT (DEBUG) on main simulator.SimulatorManagerLauncher.launch(SimulatorManagerLauncher.java:166)] Lanceur de simulateur démarré[0m
[[34m19:55:26.264 STDOUT (DEBUG) on Thread-5 simulator.SimulatorManagerLauncher.launchSimulatorManager(SimulatorManagerLauncher.java:190)] Listener LL-Master lancé sur le port 10001[0m
[[34m19:55:26.265 STDOUT (DEBUG) on Thread-6 simulator.SimulatedConnectionManager.<init>(SimulatedConnectionManager.java:36)] Ouverture d'une socket sur le port 10001[0m
[[31m19:55:26.266 STDERR (CRITICAL) on Thread-6] java.net.BindException: Address already in use[0m
[[31m19:55:26.267 STDERR (CRITICAL) on Thread-6] 	at java.base/sun.nio.ch.Net.bind0(Native Method)[0m
[[31m19:55:26.267 STDERR (CRITICAL) on Thread-6] 	at java.base/sun.nio.ch.Net.bind(Net.java:552)[0m
[[31m19:55:26.267 STDERR (CRITICAL) on Thread-6] 	at java.base/sun.nio.ch.Net.bind(Net.java:541)[0m
[[31m19:55:26.267 STDERR (CRITICAL) on Thread-6] 	at java.base/sun.nio.ch.NioSocketImpl.bind(NioSocketImpl.java:643)[0m
[[31m19:55:26.267 STDERR (CRITICAL) on Thread-6] 	at java.base/java.net.ServerSocket.bind(ServerSocket.java:395)[0m
[[31m19:55:26.267 STDERR (CRITICAL) on Thread-6] 	at java.base/java.net.ServerSocket.<init>(ServerSocket.java:281)[0m
[[31m19:55:26.268 STDERR (CRITICAL) on Thread-6] 	at java.base/java.net.ServerSocket.<init>(ServerSocket.java:172)[0m
[[31m19:55:26.268 STDERR (CRITICAL) on Thread-6] 	at simulator.SimulatedConnectionManager.<init>(SimulatedConnectionManager.java:37)[0m
[[31m19:55:26.268 STDERR (CRITICAL) on Thread-6] 	at simulator.SimulatorManagerLauncher$1.run(SimulatorManagerLauncher.java:187)[0m
[[31m19:55:26.268 STDERR (CRITICAL) on Thread-6] Exception in thread "Thread-6" java.lang.NullPointerException: Cannot invoke "java.net.ServerSocket.accept()" because "this.receptionSocket" is null[0m
[[31m19:55:26.268 STDERR (CRITICAL) on Thread-6] 	at simulator.SimulatedConnectionManager.<init>(SimulatedConnectionManager.java:42)[0m
[[31m19:55:26.271 STDERR (CRITICAL) on Thread-6] 	at simulator.SimulatorManagerLauncher$1.run(SimulatorManagerLauncher.java:187)[0m
[[34m19:55:26.327 COMMUNICATION (DEBUG) on pool-1-thread-1 data.controlers.Listener.asyncInit(Listener.java:257)] Listener opérationnel[0m
[[34m19:55:26.361 DATA_HANDLER (DEBUG) on DataController data.controlers.DataController.run(DataController.java:172)] Controller opérationnel[0m
