[[34m02:51:09.172 STDOUT (DEBUG) on main utils.HLInstance.<init>(HLInstance.java:104)] Version : fd0d4d0 on master - [initial commit][0m
[[34m02:51:09.186 STDOUT (DEBUG) on main utils.HLInstance.<init>(HLInstance.java:112)] System : Linux 5.8.0-44-generic amd64[0m
[[34m02:51:09.199 STDOUT (DEBUG) on main utils.HLInstance.<init>(HLInstance.java:114)] Java : Oracle Corporation 15.0.1, max memory : 1.89G, available processors : 4[0m
[[34m02:51:09.200 STDOUT (DEBUG) on main utils.HLInstance.<init>(HLInstance.java:117)] [0m
[[34m02:51:09.200 STDOUT (DEBUG) on main utils.HLInstance.<init>(HLInstance.java:119)]    Remember, with great power comes great current squared times resistance !
[0m
[[34m02:51:09.201 STDOUT (DEBUG) on main utils.HLInstance.<init>(HLInstance.java:122)] Chargement de la config...[0m
[[34m02:51:09.224 STDOUT (DEBUG) on main pfg.config.Config.readConfigFile(Config.java:166)] Loading config file : /home/salembien/Bureau/JAVA/INTech/TechTheTiller-HighLevel2021/bin/../config/config.txt[0m
[[31m02:51:09.248 STDERR (CRITICAL) on main] Unknown key : RECALAGE_ACC, also tried recalageAcc[0m
[[31m02:51:09.249 STDERR (CRITICAL) on main] Unknown key : SECOURS, also tried secours[0m
[[31m02:51:09.250 STDERR (CRITICAL) on main] Unknown key : RECALAGE_MECA_ACC, also tried recalageMecaAcc[0m
[[31m02:51:09.251 STDERR (CRITICAL) on main] Unknown key : MILIEU_ECUEIL_PRIVE_XBLEU, also tried milieuEcueilPriveXbleu[0m
[[34m02:51:09.252 STDOUT (DEBUG) on main pfg.config.Config.printChangedValues(Config.java:465)] Configuration diff :[0m
[[34m02:51:09.253 STDOUT (DEBUG) on main pfg.config.Config.printChangedValues(Config.java:469)]   visualisation = false (default : true)[0m
[[34m02:51:09.254 STDOUT (DEBUG) on main pfg.config.Config.printChangedValues(Config.java:469)]   usingBaliseImage = false (default : true)[0m
[[34m02:51:09.255 STDOUT (DEBUG) on main pfg.config.Config.printChangedValues(Config.java:469)]   usingPanel = false (default : true)[0m
[[34m02:51:09.255 STDOUT (DEBUG) on main pfg.config.Config.printChangedValues(Config.java:469)]   connectToBuddy = false (default : true)[0m
[[34m02:51:09.256 STDOUT (DEBUG) on main pfg.config.Config.printChangedValues(Config.java:469)]   buddyRay = 70 (default : 150)[0m
[[34m02:51:09.257 STDOUT (DEBUG) on main pfg.config.Config.printChangedValues(Config.java:469)]   ennemyRay = 150 (default : 220)[0m
[[34m02:51:09.257 STDOUT (DEBUG) on main pfg.config.Config.printChangedValues(Config.java:469)]   nbrNoeudsX = 30 (default : 45)[0m
[[34m02:51:09.258 STDOUT (DEBUG) on main pfg.config.Config.printChangedValues(Config.java:469)]   nbrNoeudsY = 20 (default : 30)[0m
[[34m02:51:09.259 STDOUT (DEBUG) on main pfg.config.Config.printChangedValues(Config.java:469)]   nbrNoeudsCircle = 14 (default : 12)[0m
[[34m02:51:09.270 DATA_HANDLER (DEBUG) on main utils.HLInstance.module(HLInstance.java:271)] Initialisation du moduleClass Table[0m
[[34m02:51:09.271 DATA_HANDLER (DEBUG) on main utils.HLInstance.module(HLInstance.java:285)] Mise à jour de la config du moduleClass Table après son initialisation.[0m
[[34m02:51:09.282 STDOUT (DEBUG) on main pfg.config.Config.loadInto(Config.java:274)] Set private boolean data.Table.symetry to false[0m
[[34m02:51:09.283 STDOUT (DEBUG) on main pfg.config.Config.loadInto(Config.java:274)] Set private int data.Table.length to 3000[0m
[[34m02:51:09.284 STDOUT (DEBUG) on main pfg.config.Config.loadInto(Config.java:274)] Set private int data.Table.height to 2000[0m
[[34m02:51:09.284 STDOUT (DEBUG) on main pfg.config.Config.loadInto(Config.java:274)] Set private int data.Table.robotRay to 190[0m
[[34m02:51:09.285 STDOUT (DEBUG) on main pfg.config.Config.loadInto(Config.java:274)] Set private int data.Table.buddyRay to 70[0m
[[34m02:51:09.285 STDOUT (DEBUG) on main pfg.config.Config.loadInto(Config.java:274)] Set private int data.Table.ennemyRay to 150[0m
[[34m02:51:09.286 STDOUT (DEBUG) on main pfg.config.Config.loadInto(Config.java:274)] Set private int data.Table.compareThreshold to 5[0m
[[34m02:51:09.287 STDOUT (DEBUG) on main pfg.config.Config.loadInto(Config.java:274)] Set private boolean data.Table.openTheGate to false[0m
[[34m02:51:09.288 DATA_HANDLER (DEBUG) on main utils.HLInstance.module(HLInstance.java:297)] Module Table prêt[0m
[[34m02:51:09.289 DATA_HANDLER (DEBUG) on main utils.HLInstance.module(HLInstance.java:271)] Initialisation du moduleClass Graphe[0m
[[34m02:51:09.291 DATA_HANDLER (DEBUG) on main utils.HLInstance.module(HLInstance.java:285)] Mise à jour de la config du moduleClass Graphe après son initialisation.[0m
[[34m02:51:09.292 STDOUT (DEBUG) on main pfg.config.Config.loadInto(Config.java:274)] Set private int data.Graphe.nodeCircleNbr to 14[0m
[[34m02:51:09.293 STDOUT (DEBUG) on main pfg.config.Config.loadInto(Config.java:274)] Set private double data.Graphe.spaceCircleParameter to 1.2[0m
[[34m02:51:09.294 STDOUT (DEBUG) on main pfg.config.Config.loadInto(Config.java:274)] Set private int data.Graphe.nodeXNbr to 30[0m
[[34m02:51:09.294 STDOUT (DEBUG) on main pfg.config.Config.loadInto(Config.java:274)] Set private int data.Graphe.nodeYNbr to 20[0m
[[34m02:51:09.295 STDOUT (DEBUG) on main pfg.config.Config.loadInto(Config.java:274)] Set private int data.Graphe.partitioningX to 25[0m
[[34m02:51:09.296 STDOUT (DEBUG) on main pfg.config.Config.loadInto(Config.java:274)] Set private int data.Graphe.partitioningY to 25[0m
[[34m02:51:09.757 DATA_HANDLER (DEBUG) on main utils.HLInstance.module(HLInstance.java:297)] Module Graphe prêt[0m
[[34m02:51:09.757 DATA_HANDLER (DEBUG) on main utils.HLInstance.module(HLInstance.java:271)] Initialisation du moduleClass Pathfinder[0m
[[34m02:51:09.758 DATA_HANDLER (DEBUG) on main utils.HLInstance.module(HLInstance.java:285)] Mise à jour de la config du moduleClass Pathfinder après son initialisation.[0m
[[34m02:51:09.759 DATA_HANDLER (DEBUG) on main utils.HLInstance.module(HLInstance.java:297)] Module Pathfinder prêt[0m
[[34m02:51:09.760 DATA_HANDLER (DEBUG) on main utils.HLInstance.module(HLInstance.java:271)] Initialisation du moduleClass OrderWrapper[0m
[[34m02:51:09.760 DATA_HANDLER (DEBUG) on main utils.HLInstance.module(HLInstance.java:285)] Mise à jour de la config du moduleClass OrderWrapper après son initialisation.[0m
[[34m02:51:09.762 STDOUT (DEBUG) on main pfg.config.Config.loadInto(Config.java:274)] Set private boolean orders.OrderWrapper.symetry to false[0m
[[34m02:51:09.764 STDOUT (DEBUG) on main pfg.config.Config.loadInto(Config.java:274)] Set private boolean orders.OrderWrapper.simulation to false[0m
[[34m02:51:09.765 STDOUT (DEBUG) on main pfg.config.Config.loadInto(Config.java:274)] Set private boolean orders.OrderWrapper.usingBaliseImage to false[0m
[[34m02:51:09.767 DATA_HANDLER (DEBUG) on main utils.HLInstance.module(HLInstance.java:297)] Module OrderWrapper prêt[0m
[[34m02:51:09.768 DATA_HANDLER (DEBUG) on main utils.HLInstance.module(HLInstance.java:271)] Initialisation du moduleClass PathFollower[0m
[[34m02:51:09.769 DATA_HANDLER (DEBUG) on main utils.HLInstance.module(HLInstance.java:285)] Mise à jour de la config du moduleClass PathFollower après son initialisation.[0m
[[34m02:51:09.770 STDOUT (DEBUG) on main pfg.config.Config.loadInto(Config.java:274)] Set private long locomotion.PathFollower.locomotionLoopDelay to 20[0m
[[34m02:51:09.770 STDOUT (DEBUG) on main pfg.config.Config.loadInto(Config.java:274)] Set private int locomotion.PathFollower.locomotionDistanceCheck to 200[0m
[[34m02:51:09.771 STDOUT (DEBUG) on main pfg.config.Config.loadInto(Config.java:274)] Set private int locomotion.PathFollower.locomotionRadiusCheck to 200[0m
[[34m02:51:09.771 STDOUT (DEBUG) on main pfg.config.Config.loadInto(Config.java:274)] Set private long locomotion.PathFollower.locomotionObstructedTimeout to 2000[0m
[[34m02:51:09.771 STDOUT (DEBUG) on main pfg.config.Config.loadInto(Config.java:274)] Set private boolean locomotion.PathFollower.simulation to false[0m
[[34m02:51:09.776 DATA_HANDLER (DEBUG) on main utils.HLInstance.module(HLInstance.java:297)] Module PathFollower prêt[0m
[[34m02:51:09.777 DATA_HANDLER (DEBUG) on main utils.HLInstance.module(HLInstance.java:271)] Initialisation du moduleClass Locomotion[0m
[[34m02:51:09.778 DATA_HANDLER (DEBUG) on main utils.HLInstance.module(HLInstance.java:285)] Mise à jour de la config du moduleClass Locomotion après son initialisation.[0m
[[34m02:51:09.779 STDOUT (DEBUG) on main pfg.config.Config.loadInto(Config.java:274)] Set private int locomotion.Locomotion.vectorComparisonThreshold to 5[0m
[[34m02:51:09.779 STDOUT (DEBUG) on main pfg.config.Config.loadInto(Config.java:274)] Set private long locomotion.Locomotion.locomotionObstructedTimeout to 2000[0m
[[34m02:51:09.779 DATA_HANDLER (DEBUG) on main utils.HLInstance.module(HLInstance.java:297)] Module Locomotion prêt[0m
[[34m02:51:09.779 DATA_HANDLER (DEBUG) on main utils.HLInstance.module(HLInstance.java:271)] Initialisation du moduleClass HookFactory[0m
[[34m02:51:09.780 DATA_HANDLER (DEBUG) on main utils.HLInstance.module(HLInstance.java:285)] Mise à jour de la config du moduleClass HookFactory après son initialisation.[0m
[[34m02:51:09.780 DATA_HANDLER (DEBUG) on main utils.HLInstance.module(HLInstance.java:297)] Module HookFactory prêt[0m
[[34m02:51:09.781 DATA_HANDLER (DEBUG) on main utils.HLInstance.module(HLInstance.java:271)] Initialisation du moduleClass ConnectionManager[0m
[[34m02:51:09.781 DATA_HANDLER (DEBUG) on main utils.HLInstance.module(HLInstance.java:285)] Mise à jour de la config du moduleClass ConnectionManager après son initialisation.[0m
[[34m02:51:09.781 DATA_HANDLER (DEBUG) on main utils.HLInstance.module(HLInstance.java:297)] Module ConnectionManager prêt[0m
[[34m02:51:09.781 DATA_HANDLER (DEBUG) on main utils.HLInstance.module(HLInstance.java:271)] Initialisation du moduleClass SimulatorDebug[0m
[[34m02:51:09.781 DATA_HANDLER (DEBUG) on main utils.HLInstance.module(HLInstance.java:285)] Mise à jour de la config du moduleClass SimulatorDebug après son initialisation.[0m
[[34m02:51:09.782 STDOUT (DEBUG) on main pfg.config.Config.loadInto(Config.java:274)] Set private boolean utils.communication.SimulatorDebug.active to false[0m
[[34m02:51:09.782 DATA_HANDLER (DEBUG) on main utils.HLInstance.module(HLInstance.java:297)] Module SimulatorDebug prêt[0m
[[34m02:51:09.782 DATA_HANDLER (DEBUG) on main utils.HLInstance.module(HLInstance.java:271)] Initialisation du moduleClass PanneauModule[0m
[[34m02:51:09.782 DATA_HANDLER (DEBUG) on main utils.HLInstance.module(HLInstance.java:285)] Mise à jour de la config du moduleClass PanneauModule après son initialisation.[0m
[[34m02:51:09.784 STDOUT (DEBUG) on main pfg.config.Config.loadInto(Config.java:274)] Set private long data.controlers.PanneauModule.scoreUpdatePeriod to 100[0m
[[34m02:51:09.786 STDOUT (DEBUG) on main pfg.config.Config.loadInto(Config.java:274)] Set private java.lang.String data.controlers.PanneauModule.couleur to jaune[0m
[[34m02:51:09.787 STDOUT (DEBUG) on main pfg.config.Config.loadInto(Config.java:274)] Set private int data.controlers.PanneauModule.ledProgramPort to 19500[0m
[[34m02:51:09.788 STDOUT (DEBUG) on main pfg.config.Config.loadInto(Config.java:274)] Set private int data.controlers.PanneauModule.ledCount to 16[0m
[[34m02:51:09.788 STDOUT (DEBUG) on main pfg.config.Config.loadInto(Config.java:274)] Set private boolean data.controlers.PanneauModule.using7Segments to true[0m
[[34m02:51:09.788 DATA_HANDLER (DEBUG) on main utils.HLInstance.module(HLInstance.java:297)] Module PanneauModule prêt[0m
[[34m02:51:09.788 DATA_HANDLER (DEBUG) on main utils.HLInstance.module(HLInstance.java:271)] Initialisation du moduleClass Master[0m
[[34m02:51:09.793 DATA_HANDLER (DEBUG) on main utils.HLInstance.module(HLInstance.java:271)] Initialisation du moduleClass SynchronizationWithBuddy[0m
[[34m02:51:09.794 DATA_HANDLER (DEBUG) on main utils.HLInstance.module(HLInstance.java:285)] Mise à jour de la config du moduleClass SynchronizationWithBuddy après son initialisation.[0m
[[34m02:51:09.795 STDOUT (DEBUG) on main pfg.config.Config.loadInto(Config.java:274)] Set protected boolean data.synchronization.SynchronizationCommon.symetry to false[0m
[[34m02:51:09.795 STDOUT (DEBUG) on main pfg.config.Config.loadInto(Config.java:274)] Set protected boolean data.synchronization.SynchronizationCommon.simulation to false[0m
[[34m02:51:09.796 STDOUT (DEBUG) on main pfg.config.Config.loadInto(Config.java:274)] Set protected boolean data.synchronization.SynchronizationCommon.master to true[0m
[[34m02:51:09.796 DATA_HANDLER (DEBUG) on main utils.HLInstance.module(HLInstance.java:297)] Module SynchronizationWithBuddy prêt[0m
[[34m02:51:09.796 DATA_HANDLER (DEBUG) on main utils.HLInstance.module(HLInstance.java:271)] Initialisation du moduleClass Listener[0m
[[34m02:51:09.796 DATA_HANDLER (DEBUG) on main utils.HLInstance.module(HLInstance.java:285)] Mise à jour de la config du moduleClass Listener après son initialisation.[0m
[[34m02:51:09.797 STDOUT (DEBUG) on main pfg.config.Config.loadInto(Config.java:274)] Set private boolean data.controlers.Listener.master to true[0m
[[34m02:51:09.797 STDOUT (DEBUG) on main pfg.config.Config.loadInto(Config.java:274)] Set private boolean data.controlers.Listener.simulation to false[0m
[[34m02:51:09.797 STDOUT (DEBUG) on main pfg.config.Config.loadInto(Config.java:274)] Set private boolean data.controlers.Listener.usingLidar to false[0m
[[34m02:51:09.798 STDOUT (DEBUG) on main pfg.config.Config.loadInto(Config.java:274)] Set private boolean data.controlers.Listener.usingCylinderDetection to false[0m
[[34m02:51:09.799 STDOUT (DEBUG) on main pfg.config.Config.loadInto(Config.java:274)] Set private boolean data.controlers.Listener.usingBaliseImage to false[0m
[[34m02:51:09.799 STDOUT (DEBUG) on main pfg.config.Config.loadInto(Config.java:274)] Set private boolean data.controlers.Listener.visualisation to false[0m
[[34m02:51:09.799 STDOUT (DEBUG) on main pfg.config.Config.loadInto(Config.java:274)] Set private boolean data.controlers.Listener.usingBaliseConnection to false[0m
[[34m02:51:09.800 STDOUT (DEBUG) on main pfg.config.Config.loadInto(Config.java:274)] Set private boolean data.controlers.Listener.connectToBuddy to false[0m
[[34m02:51:09.800 STDOUT (DEBUG) on main pfg.config.Config.loadInto(Config.java:274)] Set private long data.controlers.Listener.timeBetweenPosUpdates to 200[0m
[[34m02:51:09.803 DATA_HANDLER (DEBUG) on main utils.HLInstance.module(HLInstance.java:297)] Module Listener prêt[0m
[[34m02:51:09.804 DATA_HANDLER (DEBUG) on main utils.HLInstance.module(HLInstance.java:271)] Initialisation du moduleClass MatchTimer[0m
[[34m02:51:09.804 DATA_HANDLER (DEBUG) on main utils.HLInstance.module(HLInstance.java:285)] Mise à jour de la config du moduleClass MatchTimer après son initialisation.[0m
[[34m02:51:09.804 DATA_HANDLER (DEBUG) on main utils.HLInstance.module(HLInstance.java:297)] Module MatchTimer prêt[0m
[[34m02:51:09.804 DATA_HANDLER (DEBUG) on main utils.HLInstance.module(HLInstance.java:271)] Initialisation du moduleClass DataController[0m
[[34m02:51:09.805 DATA_HANDLER (DEBUG) on main utils.HLInstance.module(HLInstance.java:285)] Mise à jour de la config du moduleClass DataController après son initialisation.[0m
[[34m02:51:09.806 COMMUNICATION (DEBUG) on pool-1-thread-1 data.controlers.Listener.asyncInit(Listener.java:186)] Listener lancé : connection aux devices...[0m
[[34m02:51:09.806 COMMUNICATION (DEBUG) on pool-1-thread-1 data.controlers.Listener.asyncInit(Listener.java:199)] Lidar[0m
[[34m02:51:09.806 COMMUNICATION (DEBUG) on pool-1-thread-1 data.controlers.Listener.asyncInit(Listener.java:200)] Balise[0m
[[34m02:51:09.806 STDOUT (DEBUG) on main pfg.config.Config.loadInto(Config.java:274)] Set private boolean data.controlers.DataController.master to true[0m
[[34m02:51:09.807 STDOUT (DEBUG) on main pfg.config.Config.loadInto(Config.java:274)] Set private boolean data.controlers.DataController.symetry to false[0m
[[34m02:51:09.817 DATA_HANDLER (DEBUG) on main utils.HLInstance.module(HLInstance.java:297)] Module DataController prêt[0m
[[34m02:51:09.818 DATA_HANDLER (DEBUG) on DataController data.controlers.DataController.run(DataController.java:164)] Controller lancé : en attente du listener...[0m
[[34m02:51:09.818 DATA_HANDLER (DEBUG) on main utils.HLInstance.module(HLInstance.java:285)] Mise à jour de la config du moduleClass Master après son initialisation.[0m
[[34m02:51:09.819 STDOUT (DEBUG) on main pfg.config.Config.loadInto(Config.java:274)] Set private long robot.Robot.locomotionLoopDelay to 20[0m
[[34m02:51:09.820 STDOUT (DEBUG) on main pfg.config.Config.loadInto(Config.java:274)] Set private boolean robot.Robot.simulation to false[0m
[[34m02:51:09.820 STDOUT (DEBUG) on main pfg.config.Config.loadInto(Config.java:274)] Set private boolean robot.Robot.master to true[0m
[[34m02:51:09.821 STDOUT (DEBUG) on main pfg.config.Config.loadInto(Config.java:274)] Set private boolean robot.Robot.symetry to false[0m
[[34m02:51:09.821 COMMUNICATION (DEBUG) on pool-1-thread-1 utils.communication.SerialInterface.init(SerialInterface.java:65)] Ouverture de ttyACM0[0m
[[34m02:51:09.821 STDOUT (DEBUG) on main pfg.config.Config.loadInto(Config.java:274)] Set private boolean robot.Robot.usingPanel to false[0m
[[34m02:51:09.822 DATA_HANDLER (DEBUG) on main utils.HLInstance.module(HLInstance.java:297)] Module Master prêt[0m
[[31m02:51:09.822 STRATEGY (CRITICAL) on main main.RobotEntryPoint.initServices(RobotEntryPoint.java:195)] PAS DE PANNEAU[0m
[[34m02:51:09.822 STRATEGY (DEBUG) on main main.RobotEntryPoint.initServices(RobotEntryPoint.java:198)] Couleur: jaune[0m
[[34m02:51:09.823 DATA_HANDLER (DEBUG) on main utils.HLInstance.module(HLInstance.java:271)] Initialisation du moduleClass ScriptManagerMaster[0m
[[34m02:51:09.824 DATA_HANDLER (DEBUG) on main utils.HLInstance.module(HLInstance.java:285)] Mise à jour de la config du moduleClass ScriptManagerMaster après son initialisation.[0m
[[34m02:51:09.824 DATA_HANDLER (DEBUG) on main utils.HLInstance.module(HLInstance.java:297)] Module ScriptManagerMaster prêt[0m
[[34m02:51:09.837 COMMUNICATION (DEBUG) on pool-1-thread-1 data.controlers.Listener.asyncInit(Listener.java:203)] Teensy Master[0m
[[34m02:51:10.252 DATA_HANDLER (DEBUG) on main utils.HLInstance.module(HLInstance.java:271)] Initialisation du moduleClass LidarController[0m
[[34m02:51:10.252 DATA_HANDLER (DEBUG) on main utils.HLInstance.module(HLInstance.java:285)] Mise à jour de la config du moduleClass LidarController après son initialisation.[0m
[[34m02:51:10.253 STDOUT (DEBUG) on main pfg.config.Config.loadInto(Config.java:274)] Set private boolean data.controlers.LidarController.symetry to false[0m
[[34m02:51:10.253 STDOUT (DEBUG) on main pfg.config.Config.loadInto(Config.java:274)] Set private int data.controlers.LidarController.robotRay to 190[0m
[[34m02:51:10.253 STDOUT (DEBUG) on main pfg.config.Config.loadInto(Config.java:274)] Set private int data.controlers.LidarController.ennemyRay to 150[0m
[[34m02:51:10.254 STDOUT (DEBUG) on main pfg.config.Config.loadInto(Config.java:274)] Set private java.lang.String data.controlers.LidarController.lidarProcessPath to ../bin/LiDAR_UST_10LX[0m
[[34m02:51:10.254 STDOUT (DEBUG) on main pfg.config.Config.loadInto(Config.java:274)] Set private boolean data.controlers.LidarController.usingLidar to false[0m
[[34m02:51:10.255 DATA_HANDLER (DEBUG) on main utils.HLInstance.module(HLInstance.java:297)] Module LidarController prêt[0m
[[34m02:51:10.256 DATA_HANDLER (DEBUG) on main utils.HLInstance.module(HLInstance.java:271)] Initialisation du moduleClass CylinderDetectionController[0m
[[34m02:51:10.259 DATA_HANDLER (DEBUG) on main utils.HLInstance.module(HLInstance.java:285)] Mise à jour de la config du moduleClass CylinderDetectionController après son initialisation.[0m
[[34m02:51:10.259 STDOUT (DEBUG) on main pfg.config.Config.loadInto(Config.java:274)] Set private boolean data.controlers.CylinderDetectionController.usingCylinderDetection to false[0m
[[34m02:51:10.259 STDOUT (DEBUG) on main pfg.config.Config.loadInto(Config.java:274)] Set private boolean data.controlers.CylinderDetectionController.symetry to false[0m
[[34m02:51:10.260 DATA_HANDLER (DEBUG) on main utils.HLInstance.module(HLInstance.java:297)] Module CylinderDetectionController prêt[0m
[[34m02:51:10.262 DATA_HANDLER (DEBUG) on main utils.HLInstance.module(HLInstance.java:271)] Initialisation du moduleClass AIModule[0m
[[34m02:51:10.267 DATA_HANDLER (DEBUG) on main utils.HLInstance.module(HLInstance.java:285)] Mise à jour de la config du moduleClass AIModule après son initialisation.[0m
[[34m02:51:10.267 STDOUT (DEBUG) on main pfg.config.Config.loadInto(Config.java:274)] Set private int data.Graphe.nodeCircleNbr to 14[0m
[[34m02:51:10.268 STDOUT (DEBUG) on main pfg.config.Config.loadInto(Config.java:274)] Set private double data.Graphe.spaceCircleParameter to 1.2[0m
[[34m02:51:10.268 STDOUT (DEBUG) on main pfg.config.Config.loadInto(Config.java:274)] Set private int data.Graphe.nodeXNbr to 30[0m
[[34m02:51:10.269 STDOUT (DEBUG) on main pfg.config.Config.loadInto(Config.java:274)] Set private int data.Graphe.nodeYNbr to 20[0m
[[34m02:51:10.269 STDOUT (DEBUG) on main pfg.config.Config.loadInto(Config.java:274)] Set private int data.Graphe.partitioningX to 25[0m
[[34m02:51:10.269 STDOUT (DEBUG) on main pfg.config.Config.loadInto(Config.java:274)] Set private int data.Graphe.partitioningY to 25[0m
[[34m02:51:10.269 DATA_HANDLER (DEBUG) on main utils.HLInstance.module(HLInstance.java:297)] Module AIModule prêt[0m
[[31m02:51:10.838 COMMUNICATION (CRITICAL) on Thread-3 utils.communication.SerialInterface.lambda$init$0(SerialInterface.java:73)] Echec de l'ouverture du port! Réessai dans 0.5s[0m
[[31m02:51:12.340 COMMUNICATION (CRITICAL) on Thread-3 utils.communication.SerialInterface.lambda$init$0(SerialInterface.java:73)] Echec de l'ouverture du port! Réessai dans 0.5s[0m
[[31m02:51:13.841 COMMUNICATION (CRITICAL) on Thread-3 utils.communication.SerialInterface.lambda$init$0(SerialInterface.java:73)] Echec de l'ouverture du port! Réessai dans 0.5s[0m
[[31m02:51:15.343 COMMUNICATION (CRITICAL) on Thread-3 utils.communication.SerialInterface.lambda$init$0(SerialInterface.java:73)] Echec de l'ouverture du port! Réessai dans 0.5s[0m
[[31m02:51:16.844 COMMUNICATION (CRITICAL) on Thread-3 utils.communication.SerialInterface.lambda$init$0(SerialInterface.java:73)] Echec de l'ouverture du port! Réessai dans 0.5s[0m
