[[31m22:40:19.207 STDERR (CRITICAL) on main] Unknown key : OPEN_THE_GATE, also tried openTheGate[0m
[[31m22:40:19.208 STDERR (CRITICAL) on main] Unknown key : LED_COUNT, also tried ledCount[0m
[[31m22:40:19.209 STDERR (CRITICAL) on main] Unknown key : RECALAGE_ACC, also tried recalageAcc[0m
[[31m22:40:19.210 STDERR (CRITICAL) on main] Unknown key : SECOURS, also tried secours[0m
[[31m22:40:19.210 STDERR (CRITICAL) on main] Unknown key : RECALAGE_MECA_ACC, also tried recalageMecaAcc[0m
[[31m22:40:19.212 STDERR (CRITICAL) on main] Unknown key : MILIEU_ECUEIL_PRIVE_XBLEU, also tried milieuEcueilPriveXbleu[0m
[[31m22:40:19.259 STDERR (CRITICAL) on main] java.lang.IllegalArgumentException: Config key 'openTheGate' unknown (when loading config for field data.Table#openTheGate[0m
[[31m22:40:19.260 STDERR (CRITICAL) on main] 	at pfg.config.Config.loadInto(Config.java:267)[0m
[[31m22:40:19.260 STDERR (CRITICAL) on main] 	at pfg.config.Config.loadInto(Config.java:254)[0m
[[31m22:40:19.261 STDERR (CRITICAL) on main] 	at utils.HLInstance.module(HLInstance.java:289)[0m
[[31m22:40:19.261 STDERR (CRITICAL) on main] 	at utils.HLInstance.module(HLInstance.java:266)[0m
[[31m22:40:19.262 STDERR (CRITICAL) on main] 	at utils.HLInstance.module(HLInstance.java:266)[0m
[[31m22:40:19.263 STDERR (CRITICAL) on main] 	at utils.HLInstance.module(HLInstance.java:205)[0m
[[31m22:40:19.264 STDERR (CRITICAL) on main] 	at main.RobotEntryPoint.entryPoint(RobotEntryPoint.java:57)[0m
[[31m22:40:19.265 STDERR (CRITICAL) on main] 	at MainMaster.start(MainMaster.java:56)[0m
[[31m22:40:19.266 STDERR (CRITICAL) on main] 	at MainMaster.main(MainMaster.java:51)[0m
[[31m22:40:19.268 STDERR (CRITICAL) on main] 	at LaunchSimulatorMaster.main(LaunchSimulatorMaster.java:23)[0m
[[31m22:40:19.269 STDERR (CRITICAL) on main] Exception in thread "main" utils.container.ContainerException: java.lang.IllegalArgumentException: Config key 'openTheGate' unknown (when loading config for field data.Table#openTheGate[0m
[[31m22:40:19.270 STDERR (CRITICAL) on main] 	at utils.HLInstance.module(HLInstance.java:310)[0m
[[31m22:40:19.271 STDERR (CRITICAL) on main] 	at utils.HLInstance.module(HLInstance.java:266)[0m
[[31m22:40:19.272 STDERR (CRITICAL) on main] 	at utils.HLInstance.module(HLInstance.java:266)[0m
[[31m22:40:19.273 STDERR (CRITICAL) on main] 	at utils.HLInstance.module(HLInstance.java:205)[0m
[[31m22:40:19.273 STDERR (CRITICAL) on main] 	at main.RobotEntryPoint.entryPoint(RobotEntryPoint.java:57)[0m
[[31m22:40:19.274 STDERR (CRITICAL) on main] 	at MainMaster.start(MainMaster.java:56)[0m
[[31m22:40:19.275 STDERR (CRITICAL) on main] 	at MainMaster.main(MainMaster.java:51)[0m
[[31m22:40:19.276 STDERR (CRITICAL) on main] 	at LaunchSimulatorMaster.main(LaunchSimulatorMaster.java:23)[0m
[[31m22:40:19.277 STDERR (CRITICAL) on main] Caused by: java.lang.IllegalArgumentException: Config key 'openTheGate' unknown (when loading config for field data.Table#openTheGate[0m
[[31m22:40:19.277 STDERR (CRITICAL) on main] 	at pfg.config.Config.loadInto(Config.java:267)[0m
[[31m22:40:19.278 STDERR (CRITICAL) on main] 	at pfg.config.Config.loadInto(Config.java:254)[0m
[[31m22:40:19.279 STDERR (CRITICAL) on main] 	at utils.HLInstance.module(HLInstance.java:289)[0m
[[31m22:40:19.280 STDERR (CRITICAL) on main] 	... 7 more[0m
