[[34m22:32:37.187 STDOUT (DEBUG) on main utils.HLInstance.<init>(HLInstance.java:104)] Version : 6789d19 on dev_T - [mouvement master script][0m
[[34m22:32:37.201 STDOUT (DEBUG) on main utils.HLInstance.<init>(HLInstance.java:112)] System : Linux 5.8.0-50-generic amd64[0m
[[34m22:32:37.210 STDOUT (DEBUG) on main utils.HLInstance.<init>(HLInstance.java:114)] Java : Oracle Corporation 15.0.1, max memory : 1.89G, available processors : 4[0m
[[34m22:32:37.211 STDOUT (DEBUG) on main utils.HLInstance.<init>(HLInstance.java:117)] [0m
[[34m22:32:37.212 STDOUT (DEBUG) on main utils.HLInstance.<init>(HLInstance.java:119)]    Remember, with great power comes great current squared times resistance !
[0m
[[34m22:32:37.212 STDOUT (DEBUG) on main utils.HLInstance.<init>(HLInstance.java:122)] Chargement de la config...[0m
[[34m22:32:37.240 STDOUT (DEBUG) on main pfg.config.Config.readConfigFile(Config.java:166)] Loading config file : /home/salembien/Bureau/JAVA/INTech/TechTheTiller-HighLevel/bin/../config/config.txt[0m
[[31m22:32:37.279 STDERR (CRITICAL) on main] Unknown key : RECALAGE_ACC, also tried recalageAcc[0m
[[31m22:32:37.280 STDERR (CRITICAL) on main] Unknown key : SECOURS, also tried secours[0m
[[31m22:32:37.281 STDERR (CRITICAL) on main] Unknown key : RECALAGE_MECA_ACC, also tried recalageMecaAcc[0m
[[31m22:32:37.285 STDERR (CRITICAL) on main] Unknown key : MILIEU_ECUEIL_PRIVE_XBLEU, also tried milieuEcueilPriveXbleu[0m
[[34m22:32:37.286 STDOUT (DEBUG) on main pfg.config.Config.printChangedValues(Config.java:465)] Configuration diff :[0m
[[34m22:32:37.287 STDOUT (DEBUG) on main pfg.config.Config.printChangedValues(Config.java:469)]   visualisation = false (default : true)[0m
[[34m22:32:37.288 STDOUT (DEBUG) on main pfg.config.Config.printChangedValues(Config.java:469)]   usingBaliseImage = false (default : true)[0m
[[34m22:32:37.289 STDOUT (DEBUG) on main pfg.config.Config.printChangedValues(Config.java:469)]   usingPanel = false (default : true)[0m
[[34m22:32:37.290 STDOUT (DEBUG) on main pfg.config.Config.printChangedValues(Config.java:469)]   connectToBuddy = false (default : true)[0m
[[34m22:32:37.291 STDOUT (DEBUG) on main pfg.config.Config.printChangedValues(Config.java:469)]   buddyRay = 70 (default : 150)[0m
[[34m22:32:37.292 STDOUT (DEBUG) on main pfg.config.Config.printChangedValues(Config.java:469)]   ennemyRay = 150 (default : 220)[0m
[[34m22:32:37.293 STDOUT (DEBUG) on main pfg.config.Config.printChangedValues(Config.java:469)]   nbrNoeudsX = 30 (default : 45)[0m
[[34m22:32:37.294 STDOUT (DEBUG) on main pfg.config.Config.printChangedValues(Config.java:469)]   nbrNoeudsY = 20 (default : 30)[0m
[[34m22:32:37.295 STDOUT (DEBUG) on main pfg.config.Config.printChangedValues(Config.java:469)]   nbrNoeudsCircle = 14 (default : 12)[0m
[[34m22:32:37.318 DATA_HANDLER (DEBUG) on main utils.HLInstance.module(HLInstance.java:271)] Initialisation du moduleClass Table[0m
[[34m22:32:37.321 DATA_HANDLER (DEBUG) on main utils.HLInstance.module(HLInstance.java:285)] Mise à jour de la config du moduleClass Table après son initialisation.[0m
[[34m22:32:37.338 STDOUT (DEBUG) on main pfg.config.Config.loadInto(Config.java:274)] Set private boolean data.Table.symetry to false[0m
[[34m22:32:37.339 STDOUT (DEBUG) on main pfg.config.Config.loadInto(Config.java:274)] Set private int data.Table.length to 3000[0m
[[34m22:32:37.341 STDOUT (DEBUG) on main pfg.config.Config.loadInto(Config.java:274)] Set private int data.Table.height to 2000[0m
[[34m22:32:37.342 STDOUT (DEBUG) on main pfg.config.Config.loadInto(Config.java:274)] Set private int data.Table.robotRay to 190[0m
[[34m22:32:37.343 STDOUT (DEBUG) on main pfg.config.Config.loadInto(Config.java:274)] Set private int data.Table.buddyRay to 70[0m
[[34m22:32:37.345 STDOUT (DEBUG) on main pfg.config.Config.loadInto(Config.java:274)] Set private int data.Table.ennemyRay to 150[0m
[[34m22:32:37.346 STDOUT (DEBUG) on main pfg.config.Config.loadInto(Config.java:274)] Set private int data.Table.compareThreshold to 5[0m
[[34m22:32:37.347 STDOUT (DEBUG) on main pfg.config.Config.loadInto(Config.java:274)] Set private boolean data.Table.openTheGate to false[0m
[[34m22:32:37.348 DATA_HANDLER (DEBUG) on main utils.HLInstance.module(HLInstance.java:297)] Module Table prêt[0m
[[34m22:32:37.350 DATA_HANDLER (DEBUG) on main utils.HLInstance.module(HLInstance.java:271)] Initialisation du moduleClass Graphe[0m
[[34m22:32:37.353 DATA_HANDLER (DEBUG) on main utils.HLInstance.module(HLInstance.java:285)] Mise à jour de la config du moduleClass Graphe après son initialisation.[0m
[[34m22:32:37.354 STDOUT (DEBUG) on main pfg.config.Config.loadInto(Config.java:274)] Set private int data.Graphe.nodeCircleNbr to 14[0m
[[34m22:32:37.355 STDOUT (DEBUG) on main pfg.config.Config.loadInto(Config.java:274)] Set private double data.Graphe.spaceCircleParameter to 1.2[0m
[[34m22:32:37.356 STDOUT (DEBUG) on main pfg.config.Config.loadInto(Config.java:274)] Set private int data.Graphe.nodeXNbr to 30[0m
[[34m22:32:37.357 STDOUT (DEBUG) on main pfg.config.Config.loadInto(Config.java:274)] Set private int data.Graphe.nodeYNbr to 20[0m
[[34m22:32:37.358 STDOUT (DEBUG) on main pfg.config.Config.loadInto(Config.java:274)] Set private int data.Graphe.partitioningX to 25[0m
[[34m22:32:37.359 STDOUT (DEBUG) on main pfg.config.Config.loadInto(Config.java:274)] Set private int data.Graphe.partitioningY to 25[0m
[[34m22:32:38.105 DATA_HANDLER (DEBUG) on main utils.HLInstance.module(HLInstance.java:297)] Module Graphe prêt[0m
[[34m22:32:38.105 DATA_HANDLER (DEBUG) on main utils.HLInstance.module(HLInstance.java:271)] Initialisation du moduleClass Pathfinder[0m
[[34m22:32:38.106 DATA_HANDLER (DEBUG) on main utils.HLInstance.module(HLInstance.java:285)] Mise à jour de la config du moduleClass Pathfinder après son initialisation.[0m
[[34m22:32:38.107 DATA_HANDLER (DEBUG) on main utils.HLInstance.module(HLInstance.java:297)] Module Pathfinder prêt[0m
[[34m22:32:38.109 DATA_HANDLER (DEBUG) on main utils.HLInstance.module(HLInstance.java:271)] Initialisation du moduleClass OrderWrapper[0m
[[34m22:32:38.109 DATA_HANDLER (DEBUG) on main utils.HLInstance.module(HLInstance.java:285)] Mise à jour de la config du moduleClass OrderWrapper après son initialisation.[0m
[[34m22:32:38.111 STDOUT (DEBUG) on main pfg.config.Config.loadInto(Config.java:274)] Set private boolean orders.OrderWrapper.symetry to false[0m
[[34m22:32:38.114 STDOUT (DEBUG) on main pfg.config.Config.loadInto(Config.java:274)] Set private boolean orders.OrderWrapper.simulation to true[0m
[[34m22:32:38.114 STDOUT (DEBUG) on main pfg.config.Config.loadInto(Config.java:274)] Set private boolean orders.OrderWrapper.usingBaliseImage to false[0m
[[34m22:32:38.117 DATA_HANDLER (DEBUG) on main utils.HLInstance.module(HLInstance.java:297)] Module OrderWrapper prêt[0m
[[34m22:32:38.117 DATA_HANDLER (DEBUG) on main utils.HLInstance.module(HLInstance.java:271)] Initialisation du moduleClass PathFollower[0m
[[34m22:32:38.119 DATA_HANDLER (DEBUG) on main utils.HLInstance.module(HLInstance.java:285)] Mise à jour de la config du moduleClass PathFollower après son initialisation.[0m
[[34m22:32:38.120 STDOUT (DEBUG) on main pfg.config.Config.loadInto(Config.java:274)] Set private long locomotion.PathFollower.locomotionLoopDelay to 20[0m
[[34m22:32:38.120 STDOUT (DEBUG) on main pfg.config.Config.loadInto(Config.java:274)] Set private int locomotion.PathFollower.locomotionDistanceCheck to 200[0m
[[34m22:32:38.121 STDOUT (DEBUG) on main pfg.config.Config.loadInto(Config.java:274)] Set private int locomotion.PathFollower.locomotionRadiusCheck to 200[0m
[[34m22:32:38.146 STDOUT (DEBUG) on main pfg.config.Config.loadInto(Config.java:274)] Set private long locomotion.PathFollower.locomotionObstructedTimeout to 2000[0m
[[34m22:32:38.146 STDOUT (DEBUG) on main pfg.config.Config.loadInto(Config.java:274)] Set private boolean locomotion.PathFollower.simulation to true[0m
[[34m22:32:38.153 DATA_HANDLER (DEBUG) on main utils.HLInstance.module(HLInstance.java:297)] Module PathFollower prêt[0m
[[34m22:32:38.153 DATA_HANDLER (DEBUG) on main utils.HLInstance.module(HLInstance.java:271)] Initialisation du moduleClass Locomotion[0m
[[34m22:32:38.157 DATA_HANDLER (DEBUG) on main utils.HLInstance.module(HLInstance.java:285)] Mise à jour de la config du moduleClass Locomotion après son initialisation.[0m
[[34m22:32:38.160 STDOUT (DEBUG) on main pfg.config.Config.loadInto(Config.java:274)] Set private int locomotion.Locomotion.vectorComparisonThreshold to 5[0m
[[34m22:32:38.161 STDOUT (DEBUG) on main pfg.config.Config.loadInto(Config.java:274)] Set private long locomotion.Locomotion.locomotionObstructedTimeout to 2000[0m
[[34m22:32:38.161 DATA_HANDLER (DEBUG) on main utils.HLInstance.module(HLInstance.java:297)] Module Locomotion prêt[0m
[[34m22:32:38.161 DATA_HANDLER (DEBUG) on main utils.HLInstance.module(HLInstance.java:271)] Initialisation du moduleClass HookFactory[0m
[[34m22:32:38.162 DATA_HANDLER (DEBUG) on main utils.HLInstance.module(HLInstance.java:285)] Mise à jour de la config du moduleClass HookFactory après son initialisation.[0m
[[34m22:32:38.162 DATA_HANDLER (DEBUG) on main utils.HLInstance.module(HLInstance.java:297)] Module HookFactory prêt[0m
[[34m22:32:38.163 DATA_HANDLER (DEBUG) on main utils.HLInstance.module(HLInstance.java:271)] Initialisation du moduleClass ConnectionManager[0m
[[34m22:32:38.163 DATA_HANDLER (DEBUG) on main utils.HLInstance.module(HLInstance.java:285)] Mise à jour de la config du moduleClass ConnectionManager après son initialisation.[0m
[[34m22:32:38.164 DATA_HANDLER (DEBUG) on main utils.HLInstance.module(HLInstance.java:297)] Module ConnectionManager prêt[0m
[[34m22:32:38.164 DATA_HANDLER (DEBUG) on main utils.HLInstance.module(HLInstance.java:271)] Initialisation du moduleClass SimulatorDebug[0m
[[34m22:32:38.164 DATA_HANDLER (DEBUG) on main utils.HLInstance.module(HLInstance.java:285)] Mise à jour de la config du moduleClass SimulatorDebug après son initialisation.[0m
[[34m22:32:38.164 STDOUT (DEBUG) on main pfg.config.Config.loadInto(Config.java:274)] Set private boolean utils.communication.SimulatorDebug.active to true[0m
[[34m22:32:38.165 DATA_HANDLER (DEBUG) on main utils.HLInstance.module(HLInstance.java:297)] Module SimulatorDebug prêt[0m
[[34m22:32:38.165 DATA_HANDLER (DEBUG) on main utils.HLInstance.module(HLInstance.java:271)] Initialisation du moduleClass PanneauModule[0m
[[34m22:32:38.166 DATA_HANDLER (DEBUG) on main utils.HLInstance.module(HLInstance.java:285)] Mise à jour de la config du moduleClass PanneauModule après son initialisation.[0m
[[34m22:32:38.168 STDOUT (DEBUG) on main pfg.config.Config.loadInto(Config.java:274)] Set private long data.controlers.PanneauModule.scoreUpdatePeriod to 100[0m
[[34m22:32:38.169 STDOUT (DEBUG) on main pfg.config.Config.loadInto(Config.java:274)] Set private java.lang.String data.controlers.PanneauModule.couleur to jaune[0m
[[34m22:32:38.170 STDOUT (DEBUG) on main pfg.config.Config.loadInto(Config.java:274)] Set private int data.controlers.PanneauModule.ledProgramPort to 19500[0m
[[34m22:32:38.171 STDOUT (DEBUG) on main pfg.config.Config.loadInto(Config.java:274)] Set private int data.controlers.PanneauModule.ledCount to 16[0m
[[34m22:32:38.171 STDOUT (DEBUG) on main pfg.config.Config.loadInto(Config.java:274)] Set private boolean data.controlers.PanneauModule.using7Segments to true[0m
[[34m22:32:38.172 DATA_HANDLER (DEBUG) on main utils.HLInstance.module(HLInstance.java:297)] Module PanneauModule prêt[0m
[[34m22:32:38.172 DATA_HANDLER (DEBUG) on main utils.HLInstance.module(HLInstance.java:271)] Initialisation du moduleClass Master[0m
[[34m22:32:38.177 DATA_HANDLER (DEBUG) on main utils.HLInstance.module(HLInstance.java:271)] Initialisation du moduleClass SynchronizationWithBuddy[0m
[[34m22:32:38.177 DATA_HANDLER (DEBUG) on main utils.HLInstance.module(HLInstance.java:285)] Mise à jour de la config du moduleClass SynchronizationWithBuddy après son initialisation.[0m
[[34m22:32:38.178 STDOUT (DEBUG) on main pfg.config.Config.loadInto(Config.java:274)] Set protected boolean data.synchronization.SynchronizationCommon.symetry to false[0m
[[34m22:32:38.179 STDOUT (DEBUG) on main pfg.config.Config.loadInto(Config.java:274)] Set protected boolean data.synchronization.SynchronizationCommon.simulation to true[0m
[[34m22:32:38.180 STDOUT (DEBUG) on main pfg.config.Config.loadInto(Config.java:274)] Set protected boolean data.synchronization.SynchronizationCommon.master to true[0m
[[34m22:32:38.180 DATA_HANDLER (DEBUG) on main utils.HLInstance.module(HLInstance.java:297)] Module SynchronizationWithBuddy prêt[0m
[[34m22:32:38.180 DATA_HANDLER (DEBUG) on main utils.HLInstance.module(HLInstance.java:271)] Initialisation du moduleClass Listener[0m
[[34m22:32:38.181 DATA_HANDLER (DEBUG) on main utils.HLInstance.module(HLInstance.java:285)] Mise à jour de la config du moduleClass Listener après son initialisation.[0m
[[34m22:32:38.182 STDOUT (DEBUG) on main pfg.config.Config.loadInto(Config.java:274)] Set private boolean data.controlers.Listener.master to true[0m
[[34m22:32:38.183 STDOUT (DEBUG) on main pfg.config.Config.loadInto(Config.java:274)] Set private boolean data.controlers.Listener.simulation to true[0m
[[34m22:32:38.183 STDOUT (DEBUG) on main pfg.config.Config.loadInto(Config.java:274)] Set private boolean data.controlers.Listener.usingLidar to false[0m
[[34m22:32:38.184 STDOUT (DEBUG) on main pfg.config.Config.loadInto(Config.java:274)] Set private boolean data.controlers.Listener.usingCylinderDetection to false[0m
[[34m22:32:38.184 STDOUT (DEBUG) on main pfg.config.Config.loadInto(Config.java:274)] Set private boolean data.controlers.Listener.usingBaliseImage to false[0m
[[34m22:32:38.185 STDOUT (DEBUG) on main pfg.config.Config.loadInto(Config.java:274)] Set private boolean data.controlers.Listener.visualisation to false[0m
[[34m22:32:38.185 STDOUT (DEBUG) on main pfg.config.Config.loadInto(Config.java:274)] Set private boolean data.controlers.Listener.usingBaliseConnection to false[0m
[[34m22:32:38.186 STDOUT (DEBUG) on main pfg.config.Config.loadInto(Config.java:274)] Set private boolean data.controlers.Listener.connectToBuddy to false[0m
[[34m22:32:38.186 STDOUT (DEBUG) on main pfg.config.Config.loadInto(Config.java:274)] Set private long data.controlers.Listener.timeBetweenPosUpdates to 200[0m
[[34m22:32:38.201 COMMUNICATION (DEBUG) on pool-1-thread-1 data.controlers.Listener.asyncInit(Listener.java:186)] Listener lancé : connection aux devices...[0m
[[34m22:32:38.202 COMMUNICATION (DEBUG) on pool-1-thread-1 data.controlers.Listener.asyncInit(Listener.java:189)] Simulation initializing connections...[0m
[[34m22:32:38.201 DATA_HANDLER (DEBUG) on main utils.HLInstance.module(HLInstance.java:297)] Module Listener prêt[0m
[[34m22:32:38.202 DATA_HANDLER (DEBUG) on main utils.HLInstance.module(HLInstance.java:271)] Initialisation du moduleClass MatchTimer[0m
[[34m22:32:38.202 DATA_HANDLER (DEBUG) on main utils.HLInstance.module(HLInstance.java:285)] Mise à jour de la config du moduleClass MatchTimer après son initialisation.[0m
[[34m22:32:38.203 DATA_HANDLER (DEBUG) on main utils.HLInstance.module(HLInstance.java:297)] Module MatchTimer prêt[0m
[[34m22:32:38.203 DATA_HANDLER (DEBUG) on main utils.HLInstance.module(HLInstance.java:271)] Initialisation du moduleClass DataController[0m
[[34m22:32:38.205 DATA_HANDLER (DEBUG) on main utils.HLInstance.module(HLInstance.java:285)] Mise à jour de la config du moduleClass DataController après son initialisation.[0m
[[34m22:32:38.206 STDOUT (DEBUG) on main pfg.config.Config.loadInto(Config.java:274)] Set private boolean data.controlers.DataController.master to true[0m
[[34m22:32:38.207 STDOUT (DEBUG) on main pfg.config.Config.loadInto(Config.java:274)] Set private boolean data.controlers.DataController.symetry to false[0m
[[34m22:32:38.210 COMMUNICATION (DEBUG) on pool-1-thread-1 data.controlers.Listener.asyncInit(Listener.java:191)] Simulated Teensy Master connected[0m
[[34m22:32:38.211 COMMUNICATION (DEBUG) on pool-1-thread-1 data.controlers.Listener.asyncInit(Listener.java:194)] Debug connection init...[0m
[[34m22:32:38.211 COMMUNICATION (DEBUG) on SocketClient(localhost:10001) utils.communication.SocketClientInterface.lambda$init$0(SocketClientInterface.java:51)] Trying to connect to localhost on port 10001[0m
[[34m22:32:38.221 COMMUNICATION (DEBUG) on pool-1-thread-1 data.controlers.Listener.asyncInit(Listener.java:196)] Debug connection ready![0m
[[34m22:32:38.222 COMMUNICATION (DEBUG) on SocketClient(localhost:19999) utils.communication.SocketClientInterface.lambda$init$0(SocketClientInterface.java:51)] Trying to connect to localhost on port 19999[0m
[[33m22:32:38.249 COMMUNICATION (WARNING) on SocketClient(localhost:19999) utils.communication.SocketClientInterface.lambda$init$0(SocketClientInterface.java:57)] Failed trying to connect to localhost on port 19999[0m
[[34m22:32:38.249 DATA_HANDLER (DEBUG) on main utils.HLInstance.module(HLInstance.java:297)] Module DataController prêt[0m
[[34m22:32:38.250 DATA_HANDLER (DEBUG) on DataController data.controlers.DataController.run(DataController.java:164)] Controller lancé : en attente du listener...[0m
[[33m22:32:38.250 COMMUNICATION (WARNING) on SocketClient(localhost:10001) utils.communication.SocketClientInterface.lambda$init$0(SocketClientInterface.java:57)] Failed trying to connect to localhost on port 10001[0m
[[34m22:32:38.250 DATA_HANDLER (DEBUG) on main utils.HLInstance.module(HLInstance.java:285)] Mise à jour de la config du moduleClass Master après son initialisation.[0m
[[34m22:32:38.251 STDOUT (DEBUG) on main pfg.config.Config.loadInto(Config.java:274)] Set private long robot.Robot.locomotionLoopDelay to 20[0m
[[34m22:32:38.252 STDOUT (DEBUG) on main pfg.config.Config.loadInto(Config.java:274)] Set private boolean robot.Robot.simulation to true[0m
[[34m22:32:38.252 STDOUT (DEBUG) on main pfg.config.Config.loadInto(Config.java:274)] Set private boolean robot.Robot.master to true[0m
[[34m22:32:38.253 STDOUT (DEBUG) on main pfg.config.Config.loadInto(Config.java:274)] Set private boolean robot.Robot.symetry to false[0m
[[34m22:32:38.254 STDOUT (DEBUG) on main pfg.config.Config.loadInto(Config.java:274)] Set private boolean robot.Robot.usingPanel to false[0m
[[34m22:32:38.255 DATA_HANDLER (DEBUG) on main utils.HLInstance.module(HLInstance.java:297)] Module Master prêt[0m
[[31m22:32:38.255 STRATEGY (CRITICAL) on main main.RobotEntryPoint.initServices(RobotEntryPoint.java:195)] PAS DE PANNEAU[0m
[[34m22:32:38.256 STRATEGY (DEBUG) on main main.RobotEntryPoint.initServices(RobotEntryPoint.java:198)] Couleur: jaune[0m
[[34m22:32:38.257 DATA_HANDLER (DEBUG) on main utils.HLInstance.module(HLInstance.java:271)] Initialisation du moduleClass ScriptManagerMaster[0m
[[34m22:32:38.259 DATA_HANDLER (DEBUG) on main utils.HLInstance.module(HLInstance.java:285)] Mise à jour de la config du moduleClass ScriptManagerMaster après son initialisation.[0m
[[34m22:32:38.259 DATA_HANDLER (DEBUG) on main utils.HLInstance.module(HLInstance.java:297)] Module ScriptManagerMaster prêt[0m
[[34m22:32:38.350 COMMUNICATION (DEBUG) on SocketClient(localhost:19999) utils.communication.SocketClientInterface.lambda$init$0(SocketClientInterface.java:51)] Trying to connect to localhost on port 19999[0m
[[34m22:32:38.350 COMMUNICATION (DEBUG) on SocketClient(localhost:10001) utils.communication.SocketClientInterface.lambda$init$0(SocketClientInterface.java:51)] Trying to connect to localhost on port 10001[0m
[[33m22:32:38.351 COMMUNICATION (WARNING) on SocketClient(localhost:10001) utils.communication.SocketClientInterface.lambda$init$0(SocketClientInterface.java:57)] Failed trying to connect to localhost on port 10001[0m
[[33m22:32:38.351 COMMUNICATION (WARNING) on SocketClient(localhost:19999) utils.communication.SocketClientInterface.lambda$init$0(SocketClientInterface.java:57)] Failed trying to connect to localhost on port 19999[0m
[[34m22:32:38.451 COMMUNICATION (DEBUG) on SocketClient(localhost:10001) utils.communication.SocketClientInterface.lambda$init$0(SocketClientInterface.java:51)] Trying to connect to localhost on port 10001[0m
[[34m22:32:38.451 COMMUNICATION (DEBUG) on SocketClient(localhost:19999) utils.communication.SocketClientInterface.lambda$init$0(SocketClientInterface.java:51)] Trying to connect to localhost on port 19999[0m
[[33m22:32:38.452 COMMUNICATION (WARNING) on SocketClient(localhost:19999) utils.communication.SocketClientInterface.lambda$init$0(SocketClientInterface.java:57)] Failed trying to connect to localhost on port 19999[0m
[[33m22:32:38.452 COMMUNICATION (WARNING) on SocketClient(localhost:10001) utils.communication.SocketClientInterface.lambda$init$0(SocketClientInterface.java:57)] Failed trying to connect to localhost on port 10001[0m
[[34m22:32:38.552 COMMUNICATION (DEBUG) on SocketClient(localhost:19999) utils.communication.SocketClientInterface.lambda$init$0(SocketClientInterface.java:51)] Trying to connect to localhost on port 19999[0m
[[34m22:32:38.553 COMMUNICATION (DEBUG) on SocketClient(localhost:10001) utils.communication.SocketClientInterface.lambda$init$0(SocketClientInterface.java:51)] Trying to connect to localhost on port 10001[0m
[[33m22:32:38.553 COMMUNICATION (WARNING) on SocketClient(localhost:19999) utils.communication.SocketClientInterface.lambda$init$0(SocketClientInterface.java:57)] Failed trying to connect to localhost on port 19999[0m
[[33m22:32:38.553 COMMUNICATION (WARNING) on SocketClient(localhost:10001) utils.communication.SocketClientInterface.lambda$init$0(SocketClientInterface.java:57)] Failed trying to connect to localhost on port 10001[0m
[[34m22:32:38.654 COMMUNICATION (DEBUG) on SocketClient(localhost:19999) utils.communication.SocketClientInterface.lambda$init$0(SocketClientInterface.java:51)] Trying to connect to localhost on port 19999[0m
[[33m22:32:38.654 COMMUNICATION (WARNING) on SocketClient(localhost:19999) utils.communication.SocketClientInterface.lambda$init$0(SocketClientInterface.java:57)] Failed trying to connect to localhost on port 19999[0m
[[34m22:32:38.655 COMMUNICATION (DEBUG) on SocketClient(localhost:10001) utils.communication.SocketClientInterface.lambda$init$0(SocketClientInterface.java:51)] Trying to connect to localhost on port 10001[0m
[[33m22:32:38.655 COMMUNICATION (WARNING) on SocketClient(localhost:10001) utils.communication.SocketClientInterface.lambda$init$0(SocketClientInterface.java:57)] Failed trying to connect to localhost on port 10001[0m
[[34m22:32:38.741 DATA_HANDLER (DEBUG) on main utils.HLInstance.module(HLInstance.java:271)] Initialisation du moduleClass LidarController[0m
[[34m22:32:38.742 DATA_HANDLER (DEBUG) on main utils.HLInstance.module(HLInstance.java:285)] Mise à jour de la config du moduleClass LidarController après son initialisation.[0m
[[34m22:32:38.742 STDOUT (DEBUG) on main pfg.config.Config.loadInto(Config.java:274)] Set private boolean data.controlers.LidarController.symetry to false[0m
[[34m22:32:38.742 STDOUT (DEBUG) on main pfg.config.Config.loadInto(Config.java:274)] Set private int data.controlers.LidarController.robotRay to 190[0m
[[34m22:32:38.742 STDOUT (DEBUG) on main pfg.config.Config.loadInto(Config.java:274)] Set private int data.controlers.LidarController.ennemyRay to 150[0m
[[34m22:32:38.743 STDOUT (DEBUG) on main pfg.config.Config.loadInto(Config.java:274)] Set private java.lang.String data.controlers.LidarController.lidarProcessPath to ../bin/LiDAR_UST_10LX[0m
[[34m22:32:38.743 STDOUT (DEBUG) on main pfg.config.Config.loadInto(Config.java:274)] Set private boolean data.controlers.LidarController.usingLidar to false[0m
[[34m22:32:38.748 DATA_HANDLER (DEBUG) on main utils.HLInstance.module(HLInstance.java:297)] Module LidarController prêt[0m
[[34m22:32:38.749 DATA_HANDLER (DEBUG) on main utils.HLInstance.module(HLInstance.java:271)] Initialisation du moduleClass CylinderDetectionController[0m
[[34m22:32:38.751 DATA_HANDLER (DEBUG) on main utils.HLInstance.module(HLInstance.java:285)] Mise à jour de la config du moduleClass CylinderDetectionController après son initialisation.[0m
[[34m22:32:38.752 STDOUT (DEBUG) on main pfg.config.Config.loadInto(Config.java:274)] Set private boolean data.controlers.CylinderDetectionController.usingCylinderDetection to false[0m
[[34m22:32:38.753 STDOUT (DEBUG) on main pfg.config.Config.loadInto(Config.java:274)] Set private boolean data.controlers.CylinderDetectionController.symetry to false[0m
[[34m22:32:38.754 DATA_HANDLER (DEBUG) on main utils.HLInstance.module(HLInstance.java:297)] Module CylinderDetectionController prêt[0m
[[34m22:32:38.755 COMMUNICATION (DEBUG) on SocketClient(localhost:19999) utils.communication.SocketClientInterface.lambda$init$0(SocketClientInterface.java:51)] Trying to connect to localhost on port 19999[0m
[[33m22:32:38.755 COMMUNICATION (WARNING) on SocketClient(localhost:19999) utils.communication.SocketClientInterface.lambda$init$0(SocketClientInterface.java:57)] Failed trying to connect to localhost on port 19999[0m
[[34m22:32:38.755 COMMUNICATION (DEBUG) on SocketClient(localhost:10001) utils.communication.SocketClientInterface.lambda$init$0(SocketClientInterface.java:51)] Trying to connect to localhost on port 10001[0m
[[33m22:32:38.756 COMMUNICATION (WARNING) on SocketClient(localhost:10001) utils.communication.SocketClientInterface.lambda$init$0(SocketClientInterface.java:57)] Failed trying to connect to localhost on port 10001[0m
[[34m22:32:38.756 DATA_HANDLER (DEBUG) on main utils.HLInstance.module(HLInstance.java:271)] Initialisation du moduleClass AIModule[0m
[[34m22:32:38.761 DATA_HANDLER (DEBUG) on main utils.HLInstance.module(HLInstance.java:285)] Mise à jour de la config du moduleClass AIModule après son initialisation.[0m
[[34m22:32:38.762 STDOUT (DEBUG) on main pfg.config.Config.loadInto(Config.java:274)] Set private int data.Graphe.nodeCircleNbr to 14[0m
[[34m22:32:38.762 STDOUT (DEBUG) on main pfg.config.Config.loadInto(Config.java:274)] Set private double data.Graphe.spaceCircleParameter to 1.2[0m
[[34m22:32:38.762 STDOUT (DEBUG) on main pfg.config.Config.loadInto(Config.java:274)] Set private int data.Graphe.nodeXNbr to 30[0m
[[34m22:32:38.763 STDOUT (DEBUG) on main pfg.config.Config.loadInto(Config.java:274)] Set private int data.Graphe.nodeYNbr to 20[0m
[[34m22:32:38.763 STDOUT (DEBUG) on main pfg.config.Config.loadInto(Config.java:274)] Set private int data.Graphe.partitioningX to 25[0m
[[34m22:32:38.763 STDOUT (DEBUG) on main pfg.config.Config.loadInto(Config.java:274)] Set private int data.Graphe.partitioningY to 25[0m
[[34m22:32:38.763 DATA_HANDLER (DEBUG) on main utils.HLInstance.module(HLInstance.java:297)] Module AIModule prêt[0m
[[34m22:32:38.785 STDOUT (DEBUG) on main simulator.SimulatorManagerLauncher.launch(SimulatorManagerLauncher.java:166)] Lanceur de simulateur démarré[0m
[[34m22:32:38.787 STDOUT (DEBUG) on Thread-6 simulator.SimulatorManagerLauncher.launchSimulatorManager(SimulatorManagerLauncher.java:190)] Listener LL-Master lancé sur le port 10001[0m
[[34m22:32:38.789 STDOUT (DEBUG) on Thread-7 simulator.SimulatedConnectionManager.<init>(SimulatedConnectionManager.java:36)] Ouverture d'une socket sur le port 10001[0m
[[34m22:32:38.855 COMMUNICATION (DEBUG) on SocketClient(localhost:19999) utils.communication.SocketClientInterface.lambda$init$0(SocketClientInterface.java:51)] Trying to connect to localhost on port 19999[0m
[[34m22:32:38.856 COMMUNICATION (DEBUG) on SocketClient(localhost:10001) utils.communication.SocketClientInterface.lambda$init$0(SocketClientInterface.java:51)] Trying to connect to localhost on port 10001[0m
[[33m22:32:38.856 COMMUNICATION (WARNING) on SocketClient(localhost:19999) utils.communication.SocketClientInterface.lambda$init$0(SocketClientInterface.java:57)] Failed trying to connect to localhost on port 19999[0m
[[34m22:32:38.857 COMMUNICATION (DEBUG) on SocketClient(localhost:10001) utils.communication.SocketClientInterface.lambda$init$0(SocketClientInterface.java:53)] Socket created to localhost on port 10001[0m
[[34m22:32:38.857 STDOUT (DEBUG) on Thread-7 simulator.SimulatedConnectionManager.<init>(SimulatedConnectionManager.java:43)] Socket connectée sur le port 10001[0m
[[34m22:32:38.858 COMMUNICATION (DEBUG) on SocketClient(localhost:10001) utils.communication.SocketClientInterface.lambda$init$0(SocketClientInterface.java:70)] SUCCESS to connect to localhost on port 10001[0m
[[34m22:32:38.861 STDOUT (DEBUG) on Thread-6 simulator.SimulatorManagerLauncher.launchSimulatorManager(SimulatorManagerLauncher.java:303)] (10001) Listener connecté[0m
[[34m22:32:38.864 STDOUT (DEBUG) on Thread-6 simulator.SimulatedRobot.launch(SimulatedRobot.java:139)] (10001) Robot simulé démarré[0m
[[34m22:32:38.864 STDOUT (DEBUG) on Thread-6 simulator.SimulatorManagerLauncher.launchSimulatorManager(SimulatorManagerLauncher.java:313)] (10001) Robot simulé instancié[0m
[[34m22:32:38.865 STDOUT (DEBUG) on Thread-6 simulator.SimulatorManagerLauncher.launchSimulatorManager(SimulatorManagerLauncher.java:317)] Instanciation de l'interface graphique[0m
[[34m22:32:38.865 STDOUT (DEBUG) on Thread-6 simulator.SimulatedConnectionManager.<init>(SimulatedConnectionManager.java:36)] Ouverture d'une socket sur le port 19999[0m
[[34m22:32:38.957 COMMUNICATION (DEBUG) on SocketClient(localhost:19999) utils.communication.SocketClientInterface.lambda$init$0(SocketClientInterface.java:51)] Trying to connect to localhost on port 19999[0m
[[34m22:32:38.958 COMMUNICATION (DEBUG) on SocketClient(localhost:19999) utils.communication.SocketClientInterface.lambda$init$0(SocketClientInterface.java:53)] Socket created to localhost on port 19999[0m
[[34m22:32:38.959 STDOUT (DEBUG) on Thread-6 simulator.SimulatedConnectionManager.<init>(SimulatedConnectionManager.java:43)] Socket connectée sur le port 19999[0m
[[34m22:32:38.959 COMMUNICATION (DEBUG) on SocketClient(localhost:19999) utils.communication.SocketClientInterface.lambda$init$0(SocketClientInterface.java:70)] SUCCESS to connect to localhost on port 19999[0m
[[34m22:32:39.023 COMMUNICATION (DEBUG) on pool-1-thread-1 data.controlers.Listener.asyncInit(Listener.java:257)] Listener opérationnel[0m
[[34m22:32:39.050 DATA_HANDLER (DEBUG) on DataController data.controlers.DataController.run(DataController.java:172)] Controller opérationnel[0m
[[34m22:32:39.720 STDOUT (DEBUG) on Thread-6 simulator.GraphicalInterface.launch(GraphicalInterface.java:200)] Interface graphique démarrée[0m
[[34m22:32:39.721 STDOUT (DEBUG) on Thread-6 simulator.SimulatorManagerLauncher.launchSimulatorManager(SimulatorManagerLauncher.java:337)] Interface graphique instanciée[0m
[[34m22:32:39.733 STDOUT (DEBUG) on Thread-6 simulator.SimulatorManager.launch(SimulatorManager.java:139)] Manager de simulation démarré[0m
[[34m22:32:39.733 STDOUT (DEBUG) on Thread-6 simulator.SimulatorManagerLauncher.launchSimulatorManager(SimulatorManagerLauncher.java:351)] Manager de simulation instancié[0m
[[34m22:32:43.786 COMMUNICATION (DEBUG) on main main.RobotEntryPoint.entryPoint(RobotEntryPoint.java:61)] Connection established, starting match[0m
[[34m22:32:43.792 ORDERS (DEBUG) on main MainMaster.act(MainMaster.java:106)] Sent to LL: maxro 0.50000[0m
[[34m22:32:43.794 DATA_HANDLER (DEBUG) on main utils.HLInstance.module(HLInstance.java:271)] Initialisation du moduleClass Match[0m
[[34m22:32:43.794 DATA_HANDLER (DEBUG) on main utils.HLInstance.module(HLInstance.java:271)] Initialisation du moduleClass ActuatorsModule[0m
[[34m22:32:43.795 STDOUT (DEBUG) on SimulatorManagerThread simulator.SimulatorManager.handleMessageLL(SimulatorManager.java:239)] SIMULATEUR-LL : message reçu : maxro 0.50000[0m
[[34m22:32:43.797 STDOUT (DEBUG) on SimulatorManagerThread simulator.SimulatorManager.handleMessageLL(SimulatorManager.java:335)] SIMULATEUR-LL : l'ordre "maxro" est inconnu[0m
[[34m22:32:43.816 DATA_HANDLER (DEBUG) on main utils.HLInstance.module(HLInstance.java:285)] Mise à jour de la config du moduleClass ActuatorsModule après son initialisation.[0m
[[34m22:32:43.817 DATA_HANDLER (DEBUG) on main utils.HLInstance.module(HLInstance.java:297)] Module ActuatorsModule prêt[0m
[[34m22:32:43.817 DATA_HANDLER (DEBUG) on main utils.HLInstance.module(HLInstance.java:285)] Mise à jour de la config du moduleClass Match après son initialisation.[0m
[[34m22:32:43.818 STDOUT (DEBUG) on main pfg.config.Config.loadInto(Config.java:274)] Set private long scripts.Script.locomotionObstructedTimeout to 2000[0m
[[34m22:32:43.818 STDOUT (DEBUG) on main pfg.config.Config.loadInto(Config.java:274)] Set protected boolean scripts.Script.symetry to false[0m
[[34m22:32:43.818 DATA_HANDLER (DEBUG) on main utils.HLInstance.module(HLInstance.java:297)] Module Match prêt[0m
[[34m22:32:43.822 ORDERS (DEBUG) on main orders.OrderWrapper.setPositionAndOrientation(OrderWrapper.java:180)] SensorState.ACTUATOR_ACTUATING = true[0m
[[34m22:32:43.823 ORDERS (DEBUG) on main orders.OrderWrapper.setPositionAndOrientation(OrderWrapper.java:168)] Sent to LL: !cxyo 1200 650 0.00000[0m
[[34m22:32:43.825 STDOUT (DEBUG) on SimulatorManagerThread simulator.SimulatorManager.handleMessageLL(SimulatorManager.java:239)] SIMULATEUR-LL : message reçu : !cxyo 1200 650 0.00000[0m
[[34m22:32:43.829 COMMUNICATION (DEBUG) on pool-1-thread-1 data.controlers.DataController.handleEvent(DataController.java:251)] Got event: confirmOrder cxyo 1200 650 0.00000[0m
[[34m22:32:43.829 COMMUNICATION (DEBUG) on pool-1-thread-1 data.controlers.DataController.handleEvent(DataController.java:285)] Received confirmation for order (cxyo)[0m
[[34m22:32:43.829 ORDERS (DEBUG) on pool-1-thread-1 data.controlers.DataController.handleEvent(DataController.java:286)] SensorState.ACTUATOR_ACTUATING = false[0m
[[34m22:32:43.830 COMMUNICATION (DEBUG) on main data.controlers.DataController.waitForTwoPositionUpdates(DataController.java:548)] Waiting for two position updates[0m
[[34m22:32:43.842 ORDERS (DEBUG) on main locomotion.PathFollower.turnTowards(PathFollower.java:301)] SensorState.DISABLE_LIDAR = true[0m
[[34m22:32:43.842 ORDERS (DEBUG) on main locomotion.PathFollower.turnTowards(PathFollower.java:303)] SensorState.MOVING = true[0m
[[34m22:32:43.843 ORDERS (DEBUG) on main locomotion.Locomotion.turnTowards(Locomotion.java:139)] Sent to LL: t 3.92699[0m
[[34m22:32:43.848 STDOUT (DEBUG) on SimulatorManagerThread simulator.SimulatorManager.handleMessageLL(SimulatorManager.java:239)] SIMULATEUR-LL : message reçu : t 3.92699[0m
[[34m22:32:44.873 STDOUT (DEBUG) on SimulatorManagerThread simulator.SimulatedRobot.trySendStoppedMovingMessage(SimulatedRobot.java:193)] stoppedMoving[0m
[[34m22:32:44.873 COMMUNICATION (DEBUG) on pool-1-thread-1 data.controlers.DataController.handleEvent(DataController.java:251)] Got event: stoppedMoving[0m
[[34m22:32:44.874 ORDERS (DEBUG) on pool-1-thread-1 data.controlers.DataController.handleEvent(DataController.java:263)] SensorState.MOVING = false[0m
[[34m22:32:44.874 ORDERS (DEBUG) on main locomotion.PathFollower.turnTowards(PathFollower.java:317)] SensorState.DISABLE_LIDAR = false[0m
[[34m22:32:44.875 STDOUT (DEBUG) on pool-1-thread-1 data.controlers.DataController.handleEvent(DataController.java:264)] Position at StoppedMoving: (x,y)=(1200,650), o=-2.3562[0m
[[33m22:32:44.882 LOCOMOTION (WARNING) on main locomotion.PathFollower.handleEnemyForward(PathFollower.java:267)] Enemy in front of me: Obstacle mobile circulaire Circle [center: (1240,611), ray : 340.0, angleStart : -3.14159, angleEnd : 3.14158[0m
[[33m22:32:44.883 LOCOMOTION (WARNING) on main locomotion.PathFollower.handleEnemyForward(PathFollower.java:268)] Attente de 2000 ms tant que ça se libère pas...[0m
[[34m22:32:44.886 ORDERS (DEBUG) on main orders.OrderWrapper.immobilise(OrderWrapper.java:122)] Sent to LL: stop[0m
[[34m22:32:44.888 STDOUT (DEBUG) on SimulatorManagerThread simulator.SimulatorManager.handleMessageLL(SimulatorManager.java:239)] SIMULATEUR-LL : message reçu : stop[0m
[[34m22:32:44.888 STDOUT (DEBUG) on SimulatorManagerThread simulator.SimulatedRobot.trySendStoppedMovingMessage(SimulatedRobot.java:193)] stoppedMoving[0m
[[34m22:32:44.892 COMMUNICATION (DEBUG) on pool-1-thread-1 data.controlers.DataController.handleEvent(DataController.java:251)] Got event: stoppedMoving[0m
[[34m22:32:44.892 STDOUT (DEBUG) on pool-1-thread-1 data.controlers.DataController.handleEvent(DataController.java:264)] Position at StoppedMoving: (x,y)=(1200,650), o=-2.3562[0m
[[31m22:32:46.912 LOCOMOTION (CRITICAL) on main locomotion.PathFollower.moveLengthwise(PathFollower.java:198)] Failed to reach position because of someone in front of me! Enemy intersects [(1200,650):(1059,509)]: Obstacle mobile circulaire Circle [center: (1169,656), ray : 340.0, angleStart : -3.14159, angleEnd : 3.14158 [TRAJECTORY_OBSTRUCTED] Aim is (917,367)[0m
[[33m22:32:46.962 LOCOMOTION (WARNING) on main locomotion.PathFollower.handleEnemyForward(PathFollower.java:267)] Enemy in front of me: Obstacle mobile circulaire Circle [center: (1169,656), ray : 340.0, angleStart : -3.14159, angleEnd : 3.14158[0m
[[33m22:32:46.963 LOCOMOTION (WARNING) on main locomotion.PathFollower.handleEnemyForward(PathFollower.java:268)] Attente de 2000 ms tant que ça se libère pas...[0m
[[34m22:32:46.963 ORDERS (DEBUG) on main orders.OrderWrapper.immobilise(OrderWrapper.java:122)] Sent to LL: stop[0m
[[34m22:32:46.965 STDOUT (DEBUG) on SimulatorManagerThread simulator.SimulatorManager.handleMessageLL(SimulatorManager.java:239)] SIMULATEUR-LL : message reçu : stop[0m
[[34m22:32:46.965 STDOUT (DEBUG) on SimulatorManagerThread simulator.SimulatedRobot.trySendStoppedMovingMessage(SimulatedRobot.java:193)] stoppedMoving[0m
[[34m22:32:46.965 COMMUNICATION (DEBUG) on pool-1-thread-1 data.controlers.DataController.handleEvent(DataController.java:251)] Got event: stoppedMoving[0m
[[34m22:32:46.966 STDOUT (DEBUG) on pool-1-thread-1 data.controlers.DataController.handleEvent(DataController.java:264)] Position at StoppedMoving: (x,y)=(1200,650), o=-2.3562[0m
[[34m22:32:47.180 ORDERS (DEBUG) on main locomotion.PathFollower.moveLengthwise(PathFollower.java:165)] SensorState.MOVING = true[0m
[[34m22:32:47.181 LOCOMOTION (DEBUG) on main locomotion.PathFollower.moveLengthwise(PathFollower.java:166)] Move lengthwise 400[0m
[[34m22:32:47.181 ORDERS (DEBUG) on main locomotion.Locomotion.moveLengthwise(Locomotion.java:131)] Sent to LL: d 400 false[0m
[[34m22:32:47.198 STDOUT (DEBUG) on SimulatorManagerThread simulator.SimulatorManager.handleMessageLL(SimulatorManager.java:239)] SIMULATEUR-LL : message reçu : d 400 false[0m
[[33m22:32:47.202 COMMUNICATION (WARNING) on SimulatorManagerThread simulator.SimulatedRobot.moveLengthwise(SimulatedRobot.java:382)] C:-707, D:-707[0m
[[33m22:32:47.207 COMMUNICATION (WARNING) on SimulatorManagerThread simulator.SimulatedRobot.moveLengthwise(SimulatedRobot.java:384)] A:(1200,650), B:(917,367), C:(-707,-707)[0m
[[33m22:32:47.591 LOCOMOTION (WARNING) on main locomotion.PathFollower.handleEnemyForward(PathFollower.java:267)] Enemy in front of me: Obstacle mobile circulaire Circle [center: (1127,653), ray : 340.0, angleStart : -3.14159, angleEnd : 3.14158[0m
[[33m22:32:47.592 LOCOMOTION (WARNING) on main locomotion.PathFollower.handleEnemyForward(PathFollower.java:268)] Attente de 2000 ms tant que ça se libère pas...[0m
[[34m22:32:47.592 ORDERS (DEBUG) on main orders.OrderWrapper.immobilise(OrderWrapper.java:122)] Sent to LL: stop[0m
[[34m22:32:47.592 ORDERS (DEBUG) on main orders.OrderWrapper.immobilise(OrderWrapper.java:123)] SensorState.MOVING = false[0m
[[34m22:32:47.594 STDOUT (DEBUG) on SimulatorManagerThread simulator.SimulatorManager.handleMessageLL(SimulatorManager.java:239)] SIMULATEUR-LL : message reçu : stop[0m
[[34m22:32:47.594 STDOUT (DEBUG) on SimulatorManagerThread simulator.SimulatedRobot.trySendStoppedMovingMessage(SimulatedRobot.java:193)] stoppedMoving[0m
[[34m22:32:47.594 COMMUNICATION (DEBUG) on pool-1-thread-1 data.controlers.DataController.handleEvent(DataController.java:251)] Got event: stoppedMoving[0m
[[34m22:32:47.595 STDOUT (DEBUG) on pool-1-thread-1 data.controlers.DataController.handleEvent(DataController.java:264)] Position at StoppedMoving: (x,y)=(928,378), o=-2.3562[0m
[[34m22:32:47.705 ORDERS (DEBUG) on main locomotion.PathFollower.moveLengthwise(PathFollower.java:165)] SensorState.MOVING = true[0m
[[34m22:32:47.706 LOCOMOTION (DEBUG) on main locomotion.PathFollower.moveLengthwise(PathFollower.java:166)] Move lengthwise 9[0m
[[34m22:32:47.706 ORDERS (DEBUG) on main locomotion.Locomotion.moveLengthwise(Locomotion.java:131)] Sent to LL: d 9 false[0m
[[34m22:32:47.708 STDOUT (DEBUG) on SimulatorManagerThread simulator.SimulatorManager.handleMessageLL(SimulatorManager.java:239)] SIMULATEUR-LL : message reçu : d 9 false[0m
[[33m22:32:47.708 COMMUNICATION (WARNING) on SimulatorManagerThread simulator.SimulatedRobot.moveLengthwise(SimulatedRobot.java:382)] C:-707, D:-707[0m
[[33m22:32:47.708 COMMUNICATION (WARNING) on SimulatorManagerThread simulator.SimulatedRobot.moveLengthwise(SimulatedRobot.java:384)] A:(923,373), B:(917,367), C:(-707,-707)[0m
[[34m22:32:47.727 STDOUT (DEBUG) on SimulatorManagerThread simulator.SimulatedRobot.trySendStoppedMovingMessage(SimulatedRobot.java:193)] stoppedMoving[0m
[[34m22:32:47.728 COMMUNICATION (DEBUG) on pool-1-thread-1 data.controlers.DataController.handleEvent(DataController.java:251)] Got event: stoppedMoving[0m
[[34m22:32:47.728 ORDERS (DEBUG) on pool-1-thread-1 data.controlers.DataController.handleEvent(DataController.java:263)] SensorState.MOVING = false[0m
[[34m22:32:47.728 STDOUT (DEBUG) on pool-1-thread-1 data.controlers.DataController.handleEvent(DataController.java:264)] Position at StoppedMoving: (x,y)=(917,367), o=-2.3562[0m
[[34m22:32:47.791 ORDERS (DEBUG) on main locomotion.PathFollower.moveLengthwise(PathFollower.java:217)] Sent to LL: maxtr 500.00000[0m
[[34m22:32:47.791 ORDERS (DEBUG) on main locomotion.PathFollower.moveLengthwise(PathFollower.java:217)] Sent to LL: maxro 6.28319[0m
[[34m22:32:47.791 LOCOMOTION (DEBUG) on main locomotion.PathFollower.moveLengthwise(PathFollower.java:224)] End of move lengthwise[0m
[[34m22:32:47.791 ORDERS (DEBUG) on main locomotion.PathFollower.turnTowards(PathFollower.java:301)] SensorState.DISABLE_LIDAR = true[0m
[[34m22:32:47.791 ORDERS (DEBUG) on main locomotion.PathFollower.turnTowards(PathFollower.java:303)] SensorState.MOVING = true[0m
[[34m22:32:47.792 ORDERS (DEBUG) on main locomotion.Locomotion.turnTowards(Locomotion.java:139)] Sent to LL: t 3.14159[0m
[[34m22:32:47.792 STDOUT (DEBUG) on SimulatorManagerThread simulator.SimulatorManager.handleMessageLL(SimulatorManager.java:239)] SIMULATEUR-LL : message reçu : maxtr 500.00000[0m
[[34m22:32:47.792 STDOUT (DEBUG) on SimulatorManagerThread simulator.SimulatorManager.handleMessageLL(SimulatorManager.java:335)] SIMULATEUR-LL : l'ordre "maxtr" est inconnu[0m
[[34m22:32:47.795 STDOUT (DEBUG) on SimulatorManagerThread simulator.SimulatorManager.handleMessageLL(SimulatorManager.java:239)] SIMULATEUR-LL : message reçu : maxro 6.28319[0m
[[34m22:32:47.795 STDOUT (DEBUG) on SimulatorManagerThread simulator.SimulatorManager.handleMessageLL(SimulatorManager.java:335)] SIMULATEUR-LL : l'ordre "maxro" est inconnu[0m
[[34m22:32:47.797 STDOUT (DEBUG) on SimulatorManagerThread simulator.SimulatorManager.handleMessageLL(SimulatorManager.java:239)] SIMULATEUR-LL : message reçu : t 3.14159[0m
[[34m22:32:48.020 STDOUT (DEBUG) on SimulatorManagerThread simulator.SimulatedRobot.trySendStoppedMovingMessage(SimulatedRobot.java:193)] stoppedMoving[0m
[[34m22:32:48.021 COMMUNICATION (DEBUG) on pool-1-thread-1 data.controlers.DataController.handleEvent(DataController.java:251)] Got event: stoppedMoving[0m
[[34m22:32:48.021 ORDERS (DEBUG) on pool-1-thread-1 data.controlers.DataController.handleEvent(DataController.java:263)] SensorState.MOVING = false[0m
[[34m22:32:48.021 STDOUT (DEBUG) on pool-1-thread-1 data.controlers.DataController.handleEvent(DataController.java:264)] Position at StoppedMoving: (x,y)=(917,367), o=3.14159[0m
[[34m22:32:48.023 ORDERS (DEBUG) on main locomotion.PathFollower.turnTowards(PathFollower.java:317)] SensorState.DISABLE_LIDAR = false[0m
[[33m22:32:48.023 LOCOMOTION (WARNING) on main locomotion.PathFollower.handleEnemyForward(PathFollower.java:267)] Enemy in front of me: Obstacle mobile circulaire Circle [center: (983,256), ray : 340.0, angleStart : -3.14159, angleEnd : 3.14158[0m
[[33m22:32:48.023 LOCOMOTION (WARNING) on main locomotion.PathFollower.handleEnemyForward(PathFollower.java:268)] Attente de 2000 ms tant que ça se libère pas...[0m
[[34m22:32:48.023 ORDERS (DEBUG) on main orders.OrderWrapper.immobilise(OrderWrapper.java:122)] Sent to LL: stop[0m
[[34m22:32:48.032 STDOUT (DEBUG) on SimulatorManagerThread simulator.SimulatorManager.handleMessageLL(SimulatorManager.java:239)] SIMULATEUR-LL : message reçu : stop[0m
[[34m22:32:48.032 STDOUT (DEBUG) on SimulatorManagerThread simulator.SimulatedRobot.trySendStoppedMovingMessage(SimulatedRobot.java:193)] stoppedMoving[0m
[[34m22:32:48.032 COMMUNICATION (DEBUG) on pool-1-thread-1 data.controlers.DataController.handleEvent(DataController.java:251)] Got event: stoppedMoving[0m
[[34m22:32:48.032 STDOUT (DEBUG) on pool-1-thread-1 data.controlers.DataController.handleEvent(DataController.java:264)] Position at StoppedMoving: (x,y)=(917,367), o=3.14159[0m
[[31m22:32:50.036 LOCOMOTION (CRITICAL) on main locomotion.PathFollower.moveLengthwise(PathFollower.java:198)] Failed to reach position because of someone in front of me! Enemy intersects [(917,367):(717,367)]: Obstacle mobile circulaire Circle [center: (961,328), ray : 340.0, angleStart : -3.14159, angleEnd : 3.14158 [TRAJECTORY_OBSTRUCTED] Aim is (717,367)[0m
[[33m22:32:50.086 LOCOMOTION (WARNING) on main locomotion.PathFollower.handleEnemyForward(PathFollower.java:267)] Enemy in front of me: Obstacle mobile circulaire Circle [center: (961,328), ray : 340.0, angleStart : -3.14159, angleEnd : 3.14158[0m
[[33m22:32:50.086 LOCOMOTION (WARNING) on main locomotion.PathFollower.handleEnemyForward(PathFollower.java:268)] Attente de 2000 ms tant que ça se libère pas...[0m
[[34m22:32:50.087 ORDERS (DEBUG) on main orders.OrderWrapper.immobilise(OrderWrapper.java:122)] Sent to LL: stop[0m
[[34m22:32:50.090 STDOUT (DEBUG) on SimulatorManagerThread simulator.SimulatorManager.handleMessageLL(SimulatorManager.java:239)] SIMULATEUR-LL : message reçu : stop[0m
[[34m22:32:50.094 STDOUT (DEBUG) on SimulatorManagerThread simulator.SimulatedRobot.trySendStoppedMovingMessage(SimulatedRobot.java:193)] stoppedMoving[0m
[[34m22:32:50.095 COMMUNICATION (DEBUG) on pool-1-thread-1 data.controlers.DataController.handleEvent(DataController.java:251)] Got event: stoppedMoving[0m
[[34m22:32:50.095 STDOUT (DEBUG) on pool-1-thread-1 data.controlers.DataController.handleEvent(DataController.java:264)] Position at StoppedMoving: (x,y)=(917,367), o=3.14159[0m
[[31m22:32:52.095 LOCOMOTION (CRITICAL) on main locomotion.PathFollower.moveLengthwise(PathFollower.java:198)] Failed to reach position because of someone in front of me! Enemy intersects [(917,367):(717,367)]: Obstacle mobile circulaire Circle [center: (961,328), ray : 340.0, angleStart : -3.14159, angleEnd : 3.14158 [TRAJECTORY_OBSTRUCTED] Aim is (717,367)[0m
[[33m22:32:52.145 LOCOMOTION (WARNING) on main locomotion.PathFollower.handleEnemyForward(PathFollower.java:267)] Enemy in front of me: Obstacle mobile circulaire Circle [center: (961,328), ray : 340.0, angleStart : -3.14159, angleEnd : 3.14158[0m
[[33m22:32:52.145 LOCOMOTION (WARNING) on main locomotion.PathFollower.handleEnemyForward(PathFollower.java:268)] Attente de 2000 ms tant que ça se libère pas...[0m
[[34m22:32:52.146 ORDERS (DEBUG) on main orders.OrderWrapper.immobilise(OrderWrapper.java:122)] Sent to LL: stop[0m
[[34m22:32:52.147 STDOUT (DEBUG) on SimulatorManagerThread simulator.SimulatorManager.handleMessageLL(SimulatorManager.java:239)] SIMULATEUR-LL : message reçu : stop[0m
[[34m22:32:52.147 STDOUT (DEBUG) on SimulatorManagerThread simulator.SimulatedRobot.trySendStoppedMovingMessage(SimulatedRobot.java:193)] stoppedMoving[0m
[[34m22:32:52.147 COMMUNICATION (DEBUG) on pool-1-thread-1 data.controlers.DataController.handleEvent(DataController.java:251)] Got event: stoppedMoving[0m
[[34m22:32:52.147 STDOUT (DEBUG) on pool-1-thread-1 data.controlers.DataController.handleEvent(DataController.java:264)] Position at StoppedMoving: (x,y)=(917,367), o=3.14159[0m
[[31m22:32:54.147 LOCOMOTION (CRITICAL) on main locomotion.PathFollower.moveLengthwise(PathFollower.java:198)] Failed to reach position because of someone in front of me! Enemy intersects [(917,367):(717,367)]: Obstacle mobile circulaire Circle [center: (961,328), ray : 340.0, angleStart : -3.14159, angleEnd : 3.14158 [TRAJECTORY_OBSTRUCTED] Aim is (717,367)[0m
[[33m22:32:54.198 LOCOMOTION (WARNING) on main locomotion.PathFollower.handleEnemyForward(PathFollower.java:267)] Enemy in front of me: Obstacle mobile circulaire Circle [center: (961,328), ray : 340.0, angleStart : -3.14159, angleEnd : 3.14158[0m
[[33m22:32:54.198 LOCOMOTION (WARNING) on main locomotion.PathFollower.handleEnemyForward(PathFollower.java:268)] Attente de 2000 ms tant que ça se libère pas...[0m
[[34m22:32:54.198 ORDERS (DEBUG) on main orders.OrderWrapper.immobilise(OrderWrapper.java:122)] Sent to LL: stop[0m
[[34m22:32:54.199 STDOUT (DEBUG) on SimulatorManagerThread simulator.SimulatorManager.handleMessageLL(SimulatorManager.java:239)] SIMULATEUR-LL : message reçu : stop[0m
[[34m22:32:54.204 STDOUT (DEBUG) on SimulatorManagerThread simulator.SimulatedRobot.trySendStoppedMovingMessage(SimulatedRobot.java:193)] stoppedMoving[0m
[[34m22:32:54.204 COMMUNICATION (DEBUG) on pool-1-thread-1 data.controlers.DataController.handleEvent(DataController.java:251)] Got event: stoppedMoving[0m
[[34m22:32:54.204 STDOUT (DEBUG) on pool-1-thread-1 data.controlers.DataController.handleEvent(DataController.java:264)] Position at StoppedMoving: (x,y)=(917,367), o=3.14159[0m
[[31m22:32:56.200 LOCOMOTION (CRITICAL) on main locomotion.PathFollower.moveLengthwise(PathFollower.java:198)] Failed to reach position because of someone in front of me! Enemy intersects [(917,367):(717,367)]: Obstacle mobile circulaire Circle [center: (961,328), ray : 340.0, angleStart : -3.14159, angleEnd : 3.14158 [TRAJECTORY_OBSTRUCTED] Aim is (717,367)[0m
[[33m22:32:56.257 LOCOMOTION (WARNING) on main locomotion.PathFollower.handleEnemyForward(PathFollower.java:267)] Enemy in front of me: Obstacle mobile circulaire Circle [center: (961,328), ray : 340.0, angleStart : -3.14159, angleEnd : 3.14158[0m
[[33m22:32:56.257 LOCOMOTION (WARNING) on main locomotion.PathFollower.handleEnemyForward(PathFollower.java:268)] Attente de 2000 ms tant que ça se libère pas...[0m
[[34m22:32:56.257 ORDERS (DEBUG) on main orders.OrderWrapper.immobilise(OrderWrapper.java:122)] Sent to LL: stop[0m
[[34m22:32:56.262 STDOUT (DEBUG) on SimulatorManagerThread simulator.SimulatorManager.handleMessageLL(SimulatorManager.java:239)] SIMULATEUR-LL : message reçu : stop[0m
[[34m22:32:56.262 STDOUT (DEBUG) on SimulatorManagerThread simulator.SimulatedRobot.trySendStoppedMovingMessage(SimulatedRobot.java:193)] stoppedMoving[0m
[[34m22:32:56.262 COMMUNICATION (DEBUG) on pool-1-thread-1 data.controlers.DataController.handleEvent(DataController.java:251)] Got event: stoppedMoving[0m
[[34m22:32:56.263 STDOUT (DEBUG) on pool-1-thread-1 data.controlers.DataController.handleEvent(DataController.java:264)] Position at StoppedMoving: (x,y)=(917,367), o=3.14159[0m
[[31m22:32:58.269 LOCOMOTION (CRITICAL) on main locomotion.PathFollower.moveLengthwise(PathFollower.java:198)] Failed to reach position because of someone in front of me! Enemy intersects [(917,367):(717,367)]: Obstacle mobile circulaire Circle [center: (961,328), ray : 340.0, angleStart : -3.14159, angleEnd : 3.14158 [TRAJECTORY_OBSTRUCTED] Aim is (717,367)[0m
[[33m22:32:58.319 LOCOMOTION (WARNING) on main locomotion.PathFollower.handleEnemyForward(PathFollower.java:267)] Enemy in front of me: Obstacle mobile circulaire Circle [center: (961,328), ray : 340.0, angleStart : -3.14159, angleEnd : 3.14158[0m
[[33m22:32:58.320 LOCOMOTION (WARNING) on main locomotion.PathFollower.handleEnemyForward(PathFollower.java:268)] Attente de 2000 ms tant que ça se libère pas...[0m
[[34m22:32:58.322 ORDERS (DEBUG) on main orders.OrderWrapper.immobilise(OrderWrapper.java:122)] Sent to LL: stop[0m
[[34m22:32:58.323 STDOUT (DEBUG) on SimulatorManagerThread simulator.SimulatorManager.handleMessageLL(SimulatorManager.java:239)] SIMULATEUR-LL : message reçu : stop[0m
[[34m22:32:58.326 STDOUT (DEBUG) on SimulatorManagerThread simulator.SimulatedRobot.trySendStoppedMovingMessage(SimulatedRobot.java:193)] stoppedMoving[0m
[[34m22:32:58.326 COMMUNICATION (DEBUG) on pool-1-thread-1 data.controlers.DataController.handleEvent(DataController.java:251)] Got event: stoppedMoving[0m
[[34m22:32:58.326 STDOUT (DEBUG) on pool-1-thread-1 data.controlers.DataController.handleEvent(DataController.java:264)] Position at StoppedMoving: (x,y)=(917,367), o=3.14159[0m
[[34m22:32:58.985 ORDERS (DEBUG) on main locomotion.PathFollower.moveLengthwise(PathFollower.java:165)] SensorState.MOVING = true[0m
[[34m22:32:58.985 LOCOMOTION (DEBUG) on main locomotion.PathFollower.moveLengthwise(PathFollower.java:166)] Move lengthwise 200[0m
[[34m22:32:58.985 ORDERS (DEBUG) on main locomotion.Locomotion.moveLengthwise(Locomotion.java:131)] Sent to LL: d 200 false[0m
[[34m22:32:58.987 STDOUT (DEBUG) on SimulatorManagerThread simulator.SimulatorManager.handleMessageLL(SimulatorManager.java:239)] SIMULATEUR-LL : message reçu : d 200 false[0m
[[33m22:32:58.988 COMMUNICATION (WARNING) on SimulatorManagerThread simulator.SimulatedRobot.moveLengthwise(SimulatedRobot.java:382)] C:-1000, D:0[0m
[[33m22:32:58.990 COMMUNICATION (WARNING) on SimulatorManagerThread simulator.SimulatedRobot.moveLengthwise(SimulatedRobot.java:384)] A:(917,367), B:(717,367), C:(-1000,0)[0m
[[34m22:32:59.205 STDOUT (DEBUG) on SimulatorManagerThread simulator.SimulatedRobot.trySendStoppedMovingMessage(SimulatedRobot.java:193)] stoppedMoving[0m
[[34m22:32:59.205 COMMUNICATION (DEBUG) on pool-1-thread-4 data.controlers.DataController.handleEvent(DataController.java:251)] Got event: stoppedMoving[0m
[[34m22:32:59.205 ORDERS (DEBUG) on pool-1-thread-4 data.controlers.DataController.handleEvent(DataController.java:263)] SensorState.MOVING = false[0m
[[34m22:32:59.205 STDOUT (DEBUG) on pool-1-thread-4 data.controlers.DataController.handleEvent(DataController.java:264)] Position at StoppedMoving: (x,y)=(717,367), o=3.14159[0m
[[34m22:32:59.271 ORDERS (DEBUG) on main locomotion.PathFollower.moveLengthwise(PathFollower.java:217)] Sent to LL: maxtr 500.00000[0m
[[34m22:32:59.271 ORDERS (DEBUG) on main locomotion.PathFollower.moveLengthwise(PathFollower.java:217)] Sent to LL: maxro 6.28319[0m
[[34m22:32:59.271 LOCOMOTION (DEBUG) on main locomotion.PathFollower.moveLengthwise(PathFollower.java:224)] End of move lengthwise[0m
[[34m22:32:59.272 ORDERS (DEBUG) on main locomotion.PathFollower.turnTowards(PathFollower.java:301)] SensorState.DISABLE_LIDAR = true[0m
[[34m22:32:59.272 ORDERS (DEBUG) on main locomotion.PathFollower.turnTowards(PathFollower.java:303)] SensorState.MOVING = true[0m
[[34m22:32:59.272 ORDERS (DEBUG) on main locomotion.Locomotion.turnTowards(Locomotion.java:139)] Sent to LL: t -1.57080[0m
[[34m22:32:59.322 STDOUT (DEBUG) on SimulatorManagerThread simulator.SimulatorManager.handleMessageLL(SimulatorManager.java:239)] SIMULATEUR-LL : message reçu : maxtr 500.00000[0m
[[34m22:32:59.322 STDOUT (DEBUG) on SimulatorManagerThread simulator.SimulatorManager.handleMessageLL(SimulatorManager.java:335)] SIMULATEUR-LL : l'ordre "maxtr" est inconnu[0m
[[34m22:32:59.366 STDOUT (DEBUG) on SimulatorManagerThread simulator.SimulatorManager.handleMessageLL(SimulatorManager.java:239)] SIMULATEUR-LL : message reçu : maxro 6.28319[0m
[[34m22:32:59.366 STDOUT (DEBUG) on SimulatorManagerThread simulator.SimulatorManager.handleMessageLL(SimulatorManager.java:335)] SIMULATEUR-LL : l'ordre "maxro" est inconnu[0m
[[34m22:32:59.373 STDOUT (DEBUG) on SimulatorManagerThread simulator.SimulatorManager.handleMessageLL(SimulatorManager.java:239)] SIMULATEUR-LL : message reçu : t -1.57080[0m
[[34m22:32:59.778 STDOUT (DEBUG) on SimulatorManagerThread simulator.SimulatedRobot.trySendStoppedMovingMessage(SimulatedRobot.java:193)] stoppedMoving[0m
[[34m22:32:59.778 COMMUNICATION (DEBUG) on pool-1-thread-4 data.controlers.DataController.handleEvent(DataController.java:251)] Got event: stoppedMoving[0m
[[34m22:32:59.778 ORDERS (DEBUG) on pool-1-thread-4 data.controlers.DataController.handleEvent(DataController.java:263)] SensorState.MOVING = false[0m
[[34m22:32:59.778 STDOUT (DEBUG) on pool-1-thread-4 data.controlers.DataController.handleEvent(DataController.java:264)] Position at StoppedMoving: (x,y)=(717,367), o=-1.5708[0m
[[34m22:32:59.779 ORDERS (DEBUG) on main locomotion.PathFollower.turnTowards(PathFollower.java:317)] SensorState.DISABLE_LIDAR = false[0m
[[34m22:32:59.779 ORDERS (DEBUG) on main locomotion.PathFollower.moveLengthwise(PathFollower.java:165)] SensorState.MOVING = true[0m
[[34m22:32:59.780 LOCOMOTION (DEBUG) on main locomotion.PathFollower.moveLengthwise(PathFollower.java:166)] Move lengthwise 300[0m
[[34m22:32:59.780 ORDERS (DEBUG) on main locomotion.Locomotion.moveLengthwise(Locomotion.java:131)] Sent to LL: d 300 false[0m
[[34m22:32:59.780 STDOUT (DEBUG) on SimulatorManagerThread simulator.SimulatorManager.handleMessageLL(SimulatorManager.java:239)] SIMULATEUR-LL : message reçu : d 300 false[0m
[[33m22:32:59.781 COMMUNICATION (WARNING) on SimulatorManagerThread simulator.SimulatedRobot.moveLengthwise(SimulatedRobot.java:382)] C:0, D:-1000[0m
[[33m22:32:59.781 COMMUNICATION (WARNING) on SimulatorManagerThread simulator.SimulatedRobot.moveLengthwise(SimulatedRobot.java:384)] A:(717,367), B:(717,67), C:(0,-1000)[0m
[[33m22:32:59.948 LOCOMOTION (WARNING) on main locomotion.PathFollower.handleEnemyForward(PathFollower.java:267)] Enemy in front of me: Obstacle mobile circulaire Circle [center: (1010,319), ray : 340.0, angleStart : -3.14159, angleEnd : 3.14158[0m
[[33m22:32:59.948 LOCOMOTION (WARNING) on main locomotion.PathFollower.handleEnemyForward(PathFollower.java:268)] Attente de 2000 ms tant que ça se libère pas...[0m
[[34m22:32:59.949 ORDERS (DEBUG) on main orders.OrderWrapper.immobilise(OrderWrapper.java:122)] Sent to LL: stop[0m
[[34m22:32:59.949 ORDERS (DEBUG) on main orders.OrderWrapper.immobilise(OrderWrapper.java:123)] SensorState.MOVING = false[0m
[[34m22:32:59.951 STDOUT (DEBUG) on SimulatorManagerThread simulator.SimulatorManager.handleMessageLL(SimulatorManager.java:239)] SIMULATEUR-LL : message reçu : stop[0m
[[34m22:32:59.951 STDOUT (DEBUG) on SimulatorManagerThread simulator.SimulatedRobot.trySendStoppedMovingMessage(SimulatedRobot.java:193)] stoppedMoving[0m
[[34m22:32:59.951 COMMUNICATION (DEBUG) on pool-1-thread-4 data.controlers.DataController.handleEvent(DataController.java:251)] Got event: stoppedMoving[0m
[[34m22:32:59.951 STDOUT (DEBUG) on pool-1-thread-4 data.controlers.DataController.handleEvent(DataController.java:264)] Position at StoppedMoving: (x,y)=(717,207), o=-1.5708[0m
[[31m22:33:01.958 LOCOMOTION (CRITICAL) on main locomotion.PathFollower.moveLengthwise(PathFollower.java:198)] Failed to reach position because of someone in front of me! Enemy intersects [(717,207):(717,67)]: Obstacle mobile circulaire Circle [center: (876,331), ray : 340.0, angleStart : -3.14159, angleEnd : 3.14158 [TRAJECTORY_OBSTRUCTED] Aim is (717,67)[0m
[[33m22:33:02.008 LOCOMOTION (WARNING) on main locomotion.PathFollower.handleEnemyForward(PathFollower.java:267)] Enemy in front of me: Obstacle mobile circulaire Circle [center: (876,331), ray : 340.0, angleStart : -3.14159, angleEnd : 3.14158[0m
[[33m22:33:02.008 LOCOMOTION (WARNING) on main locomotion.PathFollower.handleEnemyForward(PathFollower.java:268)] Attente de 2000 ms tant que ça se libère pas...[0m
[[34m22:33:02.008 ORDERS (DEBUG) on main orders.OrderWrapper.immobilise(OrderWrapper.java:122)] Sent to LL: stop[0m
[[34m22:33:02.009 STDOUT (DEBUG) on SimulatorManagerThread simulator.SimulatorManager.handleMessageLL(SimulatorManager.java:239)] SIMULATEUR-LL : message reçu : stop[0m
[[34m22:33:02.009 STDOUT (DEBUG) on SimulatorManagerThread simulator.SimulatedRobot.trySendStoppedMovingMessage(SimulatedRobot.java:193)] stoppedMoving[0m
[[34m22:33:02.010 COMMUNICATION (DEBUG) on pool-1-thread-4 data.controlers.DataController.handleEvent(DataController.java:251)] Got event: stoppedMoving[0m
[[34m22:33:02.010 STDOUT (DEBUG) on pool-1-thread-4 data.controlers.DataController.handleEvent(DataController.java:264)] Position at StoppedMoving: (x,y)=(717,207), o=-1.5708[0m
[[31m22:33:04.015 LOCOMOTION (CRITICAL) on main locomotion.PathFollower.moveLengthwise(PathFollower.java:198)] Failed to reach position because of someone in front of me! Enemy intersects [(717,207):(717,67)]: Obstacle mobile circulaire Circle [center: (876,331), ray : 340.0, angleStart : -3.14159, angleEnd : 3.14158 [TRAJECTORY_OBSTRUCTED] Aim is (717,67)[0m
[[33m22:33:04.065 LOCOMOTION (WARNING) on main locomotion.PathFollower.handleEnemyForward(PathFollower.java:267)] Enemy in front of me: Obstacle mobile circulaire Circle [center: (876,331), ray : 340.0, angleStart : -3.14159, angleEnd : 3.14158[0m
[[33m22:33:04.065 LOCOMOTION (WARNING) on main locomotion.PathFollower.handleEnemyForward(PathFollower.java:268)] Attente de 2000 ms tant que ça se libère pas...[0m
[[34m22:33:04.065 ORDERS (DEBUG) on main orders.OrderWrapper.immobilise(OrderWrapper.java:122)] Sent to LL: stop[0m
[[34m22:33:04.066 STDOUT (DEBUG) on SimulatorManagerThread simulator.SimulatorManager.handleMessageLL(SimulatorManager.java:239)] SIMULATEUR-LL : message reçu : stop[0m
[[34m22:33:04.067 STDOUT (DEBUG) on SimulatorManagerThread simulator.SimulatedRobot.trySendStoppedMovingMessage(SimulatedRobot.java:193)] stoppedMoving[0m
[[34m22:33:04.067 COMMUNICATION (DEBUG) on pool-1-thread-4 data.controlers.DataController.handleEvent(DataController.java:251)] Got event: stoppedMoving[0m
[[34m22:33:04.067 STDOUT (DEBUG) on pool-1-thread-4 data.controlers.DataController.handleEvent(DataController.java:264)] Position at StoppedMoving: (x,y)=(717,207), o=-1.5708[0m
[[31m22:33:06.077 LOCOMOTION (CRITICAL) on main locomotion.PathFollower.moveLengthwise(PathFollower.java:198)] Failed to reach position because of someone in front of me! Enemy intersects [(717,207):(717,67)]: Obstacle mobile circulaire Circle [center: (876,331), ray : 340.0, angleStart : -3.14159, angleEnd : 3.14158 [TRAJECTORY_OBSTRUCTED] Aim is (717,67)[0m
[[33m22:33:06.128 LOCOMOTION (WARNING) on main locomotion.PathFollower.handleEnemyForward(PathFollower.java:267)] Enemy in front of me: Obstacle mobile circulaire Circle [center: (876,331), ray : 340.0, angleStart : -3.14159, angleEnd : 3.14158[0m
[[33m22:33:06.131 LOCOMOTION (WARNING) on main locomotion.PathFollower.handleEnemyForward(PathFollower.java:268)] Attente de 2000 ms tant que ça se libère pas...[0m
[[34m22:33:06.131 ORDERS (DEBUG) on main orders.OrderWrapper.immobilise(OrderWrapper.java:122)] Sent to LL: stop[0m
[[34m22:33:06.134 STDOUT (DEBUG) on SimulatorManagerThread simulator.SimulatorManager.handleMessageLL(SimulatorManager.java:239)] SIMULATEUR-LL : message reçu : stop[0m
[[34m22:33:06.137 STDOUT (DEBUG) on SimulatorManagerThread simulator.SimulatedRobot.trySendStoppedMovingMessage(SimulatedRobot.java:193)] stoppedMoving[0m
[[34m22:33:06.137 COMMUNICATION (DEBUG) on pool-1-thread-4 data.controlers.DataController.handleEvent(DataController.java:251)] Got event: stoppedMoving[0m
[[34m22:33:06.137 STDOUT (DEBUG) on pool-1-thread-4 data.controlers.DataController.handleEvent(DataController.java:264)] Position at StoppedMoving: (x,y)=(717,207), o=-1.5708[0m
[[31m22:33:08.155 LOCOMOTION (CRITICAL) on main locomotion.PathFollower.moveLengthwise(PathFollower.java:198)] Failed to reach position because of someone in front of me! Enemy intersects [(717,207):(717,67)]: Obstacle mobile circulaire Circle [center: (876,331), ray : 340.0, angleStart : -3.14159, angleEnd : 3.14158 [TRAJECTORY_OBSTRUCTED] Aim is (717,67)[0m
[[33m22:33:08.205 LOCOMOTION (WARNING) on main locomotion.PathFollower.handleEnemyForward(PathFollower.java:267)] Enemy in front of me: Obstacle mobile circulaire Circle [center: (876,331), ray : 340.0, angleStart : -3.14159, angleEnd : 3.14158[0m
[[33m22:33:08.205 LOCOMOTION (WARNING) on main locomotion.PathFollower.handleEnemyForward(PathFollower.java:268)] Attente de 2000 ms tant que ça se libère pas...[0m
[[34m22:33:08.206 ORDERS (DEBUG) on main orders.OrderWrapper.immobilise(OrderWrapper.java:122)] Sent to LL: stop[0m
[[34m22:33:08.207 STDOUT (DEBUG) on SimulatorManagerThread simulator.SimulatorManager.handleMessageLL(SimulatorManager.java:239)] SIMULATEUR-LL : message reçu : stop[0m
[[34m22:33:08.209 STDOUT (DEBUG) on SimulatorManagerThread simulator.SimulatedRobot.trySendStoppedMovingMessage(SimulatedRobot.java:193)] stoppedMoving[0m
[[34m22:33:08.209 COMMUNICATION (DEBUG) on pool-1-thread-4 data.controlers.DataController.handleEvent(DataController.java:251)] Got event: stoppedMoving[0m
[[34m22:33:08.210 STDOUT (DEBUG) on pool-1-thread-4 data.controlers.DataController.handleEvent(DataController.java:264)] Position at StoppedMoving: (x,y)=(717,207), o=-1.5708[0m
[[31m22:33:10.209 LOCOMOTION (CRITICAL) on main locomotion.PathFollower.moveLengthwise(PathFollower.java:198)] Failed to reach position because of someone in front of me! Enemy intersects [(717,207):(717,67)]: Obstacle mobile circulaire Circle [center: (876,331), ray : 340.0, angleStart : -3.14159, angleEnd : 3.14158 [TRAJECTORY_OBSTRUCTED] Aim is (717,67)[0m
[[33m22:33:10.259 LOCOMOTION (WARNING) on main locomotion.PathFollower.handleEnemyForward(PathFollower.java:267)] Enemy in front of me: Obstacle mobile circulaire Circle [center: (876,331), ray : 340.0, angleStart : -3.14159, angleEnd : 3.14158[0m
[[33m22:33:10.260 LOCOMOTION (WARNING) on main locomotion.PathFollower.handleEnemyForward(PathFollower.java:268)] Attente de 2000 ms tant que ça se libère pas...[0m
[[34m22:33:10.262 ORDERS (DEBUG) on main orders.OrderWrapper.immobilise(OrderWrapper.java:122)] Sent to LL: stop[0m
[[34m22:33:10.264 STDOUT (DEBUG) on SimulatorManagerThread simulator.SimulatorManager.handleMessageLL(SimulatorManager.java:239)] SIMULATEUR-LL : message reçu : stop[0m
[[34m22:33:10.266 STDOUT (DEBUG) on SimulatorManagerThread simulator.SimulatedRobot.trySendStoppedMovingMessage(SimulatedRobot.java:193)] stoppedMoving[0m
[[34m22:33:10.266 COMMUNICATION (DEBUG) on pool-1-thread-4 data.controlers.DataController.handleEvent(DataController.java:251)] Got event: stoppedMoving[0m
[[34m22:33:10.266 STDOUT (DEBUG) on pool-1-thread-4 data.controlers.DataController.handleEvent(DataController.java:264)] Position at StoppedMoving: (x,y)=(717,207), o=-1.5708[0m
[[31m22:33:12.268 LOCOMOTION (CRITICAL) on main locomotion.PathFollower.moveLengthwise(PathFollower.java:198)] Failed to reach position because of someone in front of me! Enemy intersects [(717,207):(717,67)]: Obstacle mobile circulaire Circle [center: (876,331), ray : 340.0, angleStart : -3.14159, angleEnd : 3.14158 [TRAJECTORY_OBSTRUCTED] Aim is (717,67)[0m
[[33m22:33:12.318 LOCOMOTION (WARNING) on main locomotion.PathFollower.handleEnemyForward(PathFollower.java:267)] Enemy in front of me: Obstacle mobile circulaire Circle [center: (876,331), ray : 340.0, angleStart : -3.14159, angleEnd : 3.14158[0m
[[33m22:33:12.318 LOCOMOTION (WARNING) on main locomotion.PathFollower.handleEnemyForward(PathFollower.java:268)] Attente de 2000 ms tant que ça se libère pas...[0m
[[34m22:33:12.321 ORDERS (DEBUG) on main orders.OrderWrapper.immobilise(OrderWrapper.java:122)] Sent to LL: stop[0m
[[34m22:33:12.322 STDOUT (DEBUG) on SimulatorManagerThread simulator.SimulatorManager.handleMessageLL(SimulatorManager.java:239)] SIMULATEUR-LL : message reçu : stop[0m
[[34m22:33:12.326 STDOUT (DEBUG) on SimulatorManagerThread simulator.SimulatedRobot.trySendStoppedMovingMessage(SimulatedRobot.java:193)] stoppedMoving[0m
[[34m22:33:12.326 COMMUNICATION (DEBUG) on pool-1-thread-4 data.controlers.DataController.handleEvent(DataController.java:251)] Got event: stoppedMoving[0m
[[34m22:33:12.326 STDOUT (DEBUG) on pool-1-thread-4 data.controlers.DataController.handleEvent(DataController.java:264)] Position at StoppedMoving: (x,y)=(717,207), o=-1.5708[0m
[[31m22:33:14.326 LOCOMOTION (CRITICAL) on main locomotion.PathFollower.moveLengthwise(PathFollower.java:198)] Failed to reach position because of someone in front of me! Enemy intersects [(717,207):(717,67)]: Obstacle mobile circulaire Circle [center: (876,331), ray : 340.0, angleStart : -3.14159, angleEnd : 3.14158 [TRAJECTORY_OBSTRUCTED] Aim is (717,67)[0m
[[33m22:33:14.376 LOCOMOTION (WARNING) on main locomotion.PathFollower.handleEnemyForward(PathFollower.java:267)] Enemy in front of me: Obstacle mobile circulaire Circle [center: (876,331), ray : 340.0, angleStart : -3.14159, angleEnd : 3.14158[0m
[[33m22:33:14.376 LOCOMOTION (WARNING) on main locomotion.PathFollower.handleEnemyForward(PathFollower.java:268)] Attente de 2000 ms tant que ça se libère pas...[0m
[[34m22:33:14.377 ORDERS (DEBUG) on main orders.OrderWrapper.immobilise(OrderWrapper.java:122)] Sent to LL: stop[0m
[[34m22:33:14.379 STDOUT (DEBUG) on SimulatorManagerThread simulator.SimulatorManager.handleMessageLL(SimulatorManager.java:239)] SIMULATEUR-LL : message reçu : stop[0m
[[34m22:33:14.381 STDOUT (DEBUG) on SimulatorManagerThread simulator.SimulatedRobot.trySendStoppedMovingMessage(SimulatedRobot.java:193)] stoppedMoving[0m
[[34m22:33:14.381 COMMUNICATION (DEBUG) on pool-1-thread-4 data.controlers.DataController.handleEvent(DataController.java:251)] Got event: stoppedMoving[0m
[[34m22:33:14.381 STDOUT (DEBUG) on pool-1-thread-4 data.controlers.DataController.handleEvent(DataController.java:264)] Position at StoppedMoving: (x,y)=(717,207), o=-1.5708[0m
[[31m22:33:16.386 LOCOMOTION (CRITICAL) on main locomotion.PathFollower.moveLengthwise(PathFollower.java:198)] Failed to reach position because of someone in front of me! Enemy intersects [(717,207):(717,67)]: Obstacle mobile circulaire Circle [center: (876,331), ray : 340.0, angleStart : -3.14159, angleEnd : 3.14158 [TRAJECTORY_OBSTRUCTED] Aim is (717,67)[0m
[[33m22:33:16.437 LOCOMOTION (WARNING) on main locomotion.PathFollower.handleEnemyForward(PathFollower.java:267)] Enemy in front of me: Obstacle mobile circulaire Circle [center: (876,331), ray : 340.0, angleStart : -3.14159, angleEnd : 3.14158[0m
[[33m22:33:16.437 LOCOMOTION (WARNING) on main locomotion.PathFollower.handleEnemyForward(PathFollower.java:268)] Attente de 2000 ms tant que ça se libère pas...[0m
[[34m22:33:16.438 ORDERS (DEBUG) on main orders.OrderWrapper.immobilise(OrderWrapper.java:122)] Sent to LL: stop[0m
[[34m22:33:16.440 STDOUT (DEBUG) on SimulatorManagerThread simulator.SimulatorManager.handleMessageLL(SimulatorManager.java:239)] SIMULATEUR-LL : message reçu : stop[0m
[[34m22:33:16.440 STDOUT (DEBUG) on SimulatorManagerThread simulator.SimulatedRobot.trySendStoppedMovingMessage(SimulatedRobot.java:193)] stoppedMoving[0m
[[34m22:33:16.441 COMMUNICATION (DEBUG) on pool-1-thread-4 data.controlers.DataController.handleEvent(DataController.java:251)] Got event: stoppedMoving[0m
[[34m22:33:16.441 STDOUT (DEBUG) on pool-1-thread-4 data.controlers.DataController.handleEvent(DataController.java:264)] Position at StoppedMoving: (x,y)=(717,207), o=-1.5708[0m
[[31m22:33:18.447 LOCOMOTION (CRITICAL) on main locomotion.PathFollower.moveLengthwise(PathFollower.java:198)] Failed to reach position because of someone in front of me! Enemy intersects [(717,207):(717,67)]: Obstacle mobile circulaire Circle [center: (876,331), ray : 340.0, angleStart : -3.14159, angleEnd : 3.14158 [TRAJECTORY_OBSTRUCTED] Aim is (717,67)[0m
[[33m22:33:18.498 LOCOMOTION (WARNING) on main locomotion.PathFollower.handleEnemyForward(PathFollower.java:267)] Enemy in front of me: Obstacle mobile circulaire Circle [center: (876,331), ray : 340.0, angleStart : -3.14159, angleEnd : 3.14158[0m
[[33m22:33:18.498 LOCOMOTION (WARNING) on main locomotion.PathFollower.handleEnemyForward(PathFollower.java:268)] Attente de 2000 ms tant que ça se libère pas...[0m
[[34m22:33:18.498 ORDERS (DEBUG) on main orders.OrderWrapper.immobilise(OrderWrapper.java:122)] Sent to LL: stop[0m
[[34m22:33:18.501 STDOUT (DEBUG) on SimulatorManagerThread simulator.SimulatorManager.handleMessageLL(SimulatorManager.java:239)] SIMULATEUR-LL : message reçu : stop[0m
[[34m22:33:18.505 STDOUT (DEBUG) on SimulatorManagerThread simulator.SimulatedRobot.trySendStoppedMovingMessage(SimulatedRobot.java:193)] stoppedMoving[0m
[[34m22:33:18.507 COMMUNICATION (DEBUG) on pool-1-thread-4 data.controlers.DataController.handleEvent(DataController.java:251)] Got event: stoppedMoving[0m
[[34m22:33:18.507 STDOUT (DEBUG) on pool-1-thread-4 data.controlers.DataController.handleEvent(DataController.java:264)] Position at StoppedMoving: (x,y)=(717,207), o=-1.5708[0m
[[34m22:33:19.920 ORDERS (DEBUG) on main locomotion.PathFollower.moveLengthwise(PathFollower.java:165)] SensorState.MOVING = true[0m
[[34m22:33:19.920 LOCOMOTION (DEBUG) on main locomotion.PathFollower.moveLengthwise(PathFollower.java:166)] Move lengthwise 140[0m
[[34m22:33:19.921 ORDERS (DEBUG) on main locomotion.Locomotion.moveLengthwise(Locomotion.java:131)] Sent to LL: d 140 false[0m
[[34m22:33:19.921 STDOUT (DEBUG) on SimulatorManagerThread simulator.SimulatorManager.handleMessageLL(SimulatorManager.java:239)] SIMULATEUR-LL : message reçu : d 140 false[0m
[[33m22:33:19.921 COMMUNICATION (WARNING) on SimulatorManagerThread simulator.SimulatedRobot.moveLengthwise(SimulatedRobot.java:382)] C:0, D:-1000[0m
[[33m22:33:19.921 COMMUNICATION (WARNING) on SimulatorManagerThread simulator.SimulatedRobot.moveLengthwise(SimulatedRobot.java:384)] A:(717,207), B:(717,67), C:(0,-1000)[0m
[[34m22:33:20.067 STDOUT (DEBUG) on SimulatorManagerThread simulator.SimulatedRobot.trySendStoppedMovingMessage(SimulatedRobot.java:193)] stoppedMoving[0m
[[34m22:33:20.067 COMMUNICATION (DEBUG) on pool-1-thread-4 data.controlers.DataController.handleEvent(DataController.java:251)] Got event: stoppedMoving[0m
[[34m22:33:20.067 ORDERS (DEBUG) on pool-1-thread-4 data.controlers.DataController.handleEvent(DataController.java:263)] SensorState.MOVING = false[0m
[[34m22:33:20.067 STDOUT (DEBUG) on pool-1-thread-4 data.controlers.DataController.handleEvent(DataController.java:264)] Position at StoppedMoving: (x,y)=(717,67), o=-1.5708[0m
[[34m22:33:20.122 ORDERS (DEBUG) on main locomotion.PathFollower.moveLengthwise(PathFollower.java:217)] Sent to LL: maxtr 500.00000[0m
[[34m22:33:20.123 ORDERS (DEBUG) on main locomotion.PathFollower.moveLengthwise(PathFollower.java:217)] Sent to LL: maxro 6.28319[0m
[[34m22:33:20.123 LOCOMOTION (DEBUG) on main locomotion.PathFollower.moveLengthwise(PathFollower.java:224)] End of move lengthwise[0m
[[34m22:33:20.123 ORDERS (DEBUG) on main locomotion.PathFollower.turnTowards(PathFollower.java:301)] SensorState.DISABLE_LIDAR = true[0m
[[34m22:33:20.123 ORDERS (DEBUG) on main locomotion.PathFollower.turnTowards(PathFollower.java:303)] SensorState.MOVING = true[0m
[[34m22:33:20.123 ORDERS (DEBUG) on main locomotion.Locomotion.turnTowards(Locomotion.java:139)] Sent to LL: t 1.57080[0m
[[34m22:33:20.124 STDOUT (DEBUG) on SimulatorManagerThread simulator.SimulatorManager.handleMessageLL(SimulatorManager.java:239)] SIMULATEUR-LL : message reçu : maxtr 500.00000[0m
[[34m22:33:20.124 STDOUT (DEBUG) on SimulatorManagerThread simulator.SimulatorManager.handleMessageLL(SimulatorManager.java:335)] SIMULATEUR-LL : l'ordre "maxtr" est inconnu[0m
[[34m22:33:20.137 STDOUT (DEBUG) on SimulatorManagerThread simulator.SimulatorManager.handleMessageLL(SimulatorManager.java:239)] SIMULATEUR-LL : message reçu : maxro 6.28319[0m
[[34m22:33:20.137 STDOUT (DEBUG) on SimulatorManagerThread simulator.SimulatorManager.handleMessageLL(SimulatorManager.java:335)] SIMULATEUR-LL : l'ordre "maxro" est inconnu[0m
[[34m22:33:20.139 STDOUT (DEBUG) on SimulatorManagerThread simulator.SimulatorManager.handleMessageLL(SimulatorManager.java:239)] SIMULATEUR-LL : message reçu : t 1.57080[0m
[[34m22:33:20.958 STDOUT (DEBUG) on SimulatorManagerThread simulator.SimulatedRobot.trySendStoppedMovingMessage(SimulatedRobot.java:193)] stoppedMoving[0m
[[34m22:33:20.959 COMMUNICATION (DEBUG) on pool-1-thread-4 data.controlers.DataController.handleEvent(DataController.java:251)] Got event: stoppedMoving[0m
[[34m22:33:20.959 ORDERS (DEBUG) on pool-1-thread-4 data.controlers.DataController.handleEvent(DataController.java:263)] SensorState.MOVING = false[0m
[[34m22:33:20.959 STDOUT (DEBUG) on pool-1-thread-4 data.controlers.DataController.handleEvent(DataController.java:264)] Position at StoppedMoving: (x,y)=(717,67), o=1.5708[0m
[[34m22:33:20.962 ORDERS (DEBUG) on main locomotion.PathFollower.turnTowards(PathFollower.java:317)] SensorState.DISABLE_LIDAR = false[0m
[[34m22:33:20.963 ORDERS (DEBUG) on main locomotion.PathFollower.moveLengthwise(PathFollower.java:165)] SensorState.MOVING = true[0m
[[34m22:33:20.963 LOCOMOTION (DEBUG) on main locomotion.PathFollower.moveLengthwise(PathFollower.java:166)] Move lengthwise -100[0m
[[34m22:33:20.966 ORDERS (DEBUG) on main locomotion.Locomotion.moveLengthwise(Locomotion.java:131)] Sent to LL: d -100 false[0m
[[34m22:33:20.968 STDOUT (DEBUG) on SimulatorManagerThread simulator.SimulatorManager.handleMessageLL(SimulatorManager.java:239)] SIMULATEUR-LL : message reçu : d -100 false[0m
[[33m22:33:20.968 COMMUNICATION (WARNING) on SimulatorManagerThread simulator.SimulatedRobot.moveLengthwise(SimulatedRobot.java:382)] C:0, D:1000[0m
[[33m22:33:20.968 COMMUNICATION (WARNING) on SimulatorManagerThread simulator.SimulatedRobot.moveLengthwise(SimulatedRobot.java:384)] A:(717,67), B:(717,-33), C:(0,1000)[0m
[[34m22:33:21.080 STDOUT (DEBUG) on SimulatorManagerThread simulator.SimulatedRobot.trySendStoppedMovingMessage(SimulatedRobot.java:193)] stoppedMoving[0m
[[34m22:33:21.080 COMMUNICATION (DEBUG) on pool-1-thread-4 data.controlers.DataController.handleEvent(DataController.java:251)] Got event: stoppedMoving[0m
[[34m22:33:21.080 ORDERS (DEBUG) on pool-1-thread-4 data.controlers.DataController.handleEvent(DataController.java:263)] SensorState.MOVING = false[0m
[[34m22:33:21.080 STDOUT (DEBUG) on pool-1-thread-4 data.controlers.DataController.handleEvent(DataController.java:264)] Position at StoppedMoving: (x,y)=(717,-33), o=1.5708[0m
[[34m22:33:21.134 ORDERS (DEBUG) on main locomotion.PathFollower.moveLengthwise(PathFollower.java:217)] Sent to LL: maxtr 500.00000[0m
[[34m22:33:21.134 ORDERS (DEBUG) on main locomotion.PathFollower.moveLengthwise(PathFollower.java:217)] Sent to LL: maxro 6.28319[0m
[[34m22:33:21.134 LOCOMOTION (DEBUG) on main locomotion.PathFollower.moveLengthwise(PathFollower.java:224)] End of move lengthwise[0m
[[34m22:33:21.134 ORDERS (DEBUG) on main locomotion.PathFollower.moveLengthwise(PathFollower.java:165)] SensorState.MOVING = true[0m
[[34m22:33:21.134 LOCOMOTION (DEBUG) on main locomotion.PathFollower.moveLengthwise(PathFollower.java:166)] Move lengthwise 400[0m
[[34m22:33:21.134 ORDERS (DEBUG) on main locomotion.Locomotion.moveLengthwise(Locomotion.java:131)] Sent to LL: d 400 false[0m
[[34m22:33:21.136 STDOUT (DEBUG) on SimulatorManagerThread simulator.SimulatorManager.handleMessageLL(SimulatorManager.java:239)] SIMULATEUR-LL : message reçu : maxtr 500.00000[0m
[[34m22:33:21.136 STDOUT (DEBUG) on SimulatorManagerThread simulator.SimulatorManager.handleMessageLL(SimulatorManager.java:335)] SIMULATEUR-LL : l'ordre "maxtr" est inconnu[0m
[[34m22:33:21.138 STDOUT (DEBUG) on SimulatorManagerThread simulator.SimulatorManager.handleMessageLL(SimulatorManager.java:239)] SIMULATEUR-LL : message reçu : maxro 6.28319[0m
[[34m22:33:21.138 STDOUT (DEBUG) on SimulatorManagerThread simulator.SimulatorManager.handleMessageLL(SimulatorManager.java:335)] SIMULATEUR-LL : l'ordre "maxro" est inconnu[0m
[[34m22:33:21.141 STDOUT (DEBUG) on SimulatorManagerThread simulator.SimulatorManager.handleMessageLL(SimulatorManager.java:239)] SIMULATEUR-LL : message reçu : d 400 false[0m
[[33m22:33:21.141 COMMUNICATION (WARNING) on SimulatorManagerThread simulator.SimulatedRobot.moveLengthwise(SimulatedRobot.java:382)] C:0, D:1000[0m
[[33m22:33:21.141 COMMUNICATION (WARNING) on SimulatorManagerThread simulator.SimulatedRobot.moveLengthwise(SimulatedRobot.java:384)] A:(717,-33), B:(717,367), C:(0,1000)[0m
[[34m22:33:21.555 STDOUT (DEBUG) on SimulatorManagerThread simulator.SimulatedRobot.trySendStoppedMovingMessage(SimulatedRobot.java:193)] stoppedMoving[0m
[[34m22:33:21.555 COMMUNICATION (DEBUG) on pool-1-thread-4 data.controlers.DataController.handleEvent(DataController.java:251)] Got event: stoppedMoving[0m
[[34m22:33:21.555 ORDERS (DEBUG) on pool-1-thread-4 data.controlers.DataController.handleEvent(DataController.java:263)] SensorState.MOVING = false[0m
[[34m22:33:21.555 STDOUT (DEBUG) on pool-1-thread-4 data.controlers.DataController.handleEvent(DataController.java:264)] Position at StoppedMoving: (x,y)=(717,367), o=1.5708[0m
[[34m22:33:21.606 ORDERS (DEBUG) on main locomotion.PathFollower.moveLengthwise(PathFollower.java:217)] Sent to LL: maxtr 500.00000[0m
[[34m22:33:21.606 ORDERS (DEBUG) on main locomotion.PathFollower.moveLengthwise(PathFollower.java:217)] Sent to LL: maxro 6.28319[0m
[[34m22:33:21.606 LOCOMOTION (DEBUG) on main locomotion.PathFollower.moveLengthwise(PathFollower.java:224)] End of move lengthwise[0m
[[34m22:33:21.606 ORDERS (DEBUG) on main locomotion.PathFollower.turnTowards(PathFollower.java:301)] SensorState.DISABLE_LIDAR = true[0m
[[34m22:33:21.606 ORDERS (DEBUG) on main locomotion.PathFollower.turnTowards(PathFollower.java:303)] SensorState.MOVING = true[0m
[[34m22:33:21.607 ORDERS (DEBUG) on main locomotion.Locomotion.turnTowards(Locomotion.java:139)] Sent to LL: t 0.00000[0m
[[34m22:33:21.608 STDOUT (DEBUG) on SimulatorManagerThread simulator.SimulatorManager.handleMessageLL(SimulatorManager.java:239)] SIMULATEUR-LL : message reçu : maxtr 500.00000[0m
[[34m22:33:21.608 STDOUT (DEBUG) on SimulatorManagerThread simulator.SimulatorManager.handleMessageLL(SimulatorManager.java:335)] SIMULATEUR-LL : l'ordre "maxtr" est inconnu[0m
[[34m22:33:21.617 STDOUT (DEBUG) on SimulatorManagerThread simulator.SimulatorManager.handleMessageLL(SimulatorManager.java:239)] SIMULATEUR-LL : message reçu : maxro 6.28319[0m
[[34m22:33:21.617 STDOUT (DEBUG) on SimulatorManagerThread simulator.SimulatorManager.handleMessageLL(SimulatorManager.java:335)] SIMULATEUR-LL : l'ordre "maxro" est inconnu[0m
[[34m22:33:21.619 STDOUT (DEBUG) on SimulatorManagerThread simulator.SimulatorManager.handleMessageLL(SimulatorManager.java:239)] SIMULATEUR-LL : message reçu : t 0.00000[0m
[[34m22:33:22.020 STDOUT (DEBUG) on SimulatorManagerThread simulator.SimulatedRobot.trySendStoppedMovingMessage(SimulatedRobot.java:193)] stoppedMoving[0m
[[34m22:33:22.021 COMMUNICATION (DEBUG) on pool-1-thread-4 data.controlers.DataController.handleEvent(DataController.java:251)] Got event: stoppedMoving[0m
[[34m22:33:22.021 ORDERS (DEBUG) on pool-1-thread-4 data.controlers.DataController.handleEvent(DataController.java:263)] SensorState.MOVING = false[0m
[[34m22:33:22.021 STDOUT (DEBUG) on pool-1-thread-4 data.controlers.DataController.handleEvent(DataController.java:264)] Position at StoppedMoving: (x,y)=(717,367), o=0.0[0m
[[34m22:33:22.025 ORDERS (DEBUG) on main locomotion.PathFollower.turnTowards(PathFollower.java:317)] SensorState.DISABLE_LIDAR = false[0m
[[34m22:33:22.026 ORDERS (DEBUG) on main locomotion.PathFollower.moveLengthwise(PathFollower.java:165)] SensorState.MOVING = true[0m
[[34m22:33:22.026 LOCOMOTION (DEBUG) on main locomotion.PathFollower.moveLengthwise(PathFollower.java:166)] Move lengthwise 600[0m
[[34m22:33:22.026 ORDERS (DEBUG) on main locomotion.Locomotion.moveLengthwise(Locomotion.java:131)] Sent to LL: d 600 false[0m
[[34m22:33:22.027 STDOUT (DEBUG) on SimulatorManagerThread simulator.SimulatorManager.handleMessageLL(SimulatorManager.java:239)] SIMULATEUR-LL : message reçu : d 600 false[0m
[[33m22:33:22.027 COMMUNICATION (WARNING) on SimulatorManagerThread simulator.SimulatedRobot.moveLengthwise(SimulatedRobot.java:382)] C:1000, D:0[0m
[[33m22:33:22.027 COMMUNICATION (WARNING) on SimulatorManagerThread simulator.SimulatedRobot.moveLengthwise(SimulatedRobot.java:384)] A:(717,367), B:(1317,367), C:(1000,0)[0m
[[33m22:33:22.634 LOCOMOTION (WARNING) on main locomotion.PathFollower.handleEnemyForward(PathFollower.java:267)] Enemy in front of me: Obstacle mobile circulaire Circle [center: (1228,675), ray : 340.0, angleStart : -3.14159, angleEnd : 3.14158[0m
[[33m22:33:22.634 LOCOMOTION (WARNING) on main locomotion.PathFollower.handleEnemyForward(PathFollower.java:268)] Attente de 2000 ms tant que ça se libère pas...[0m
[[34m22:33:22.636 ORDERS (DEBUG) on main orders.OrderWrapper.immobilise(OrderWrapper.java:122)] Sent to LL: stop[0m
[[34m22:33:22.636 ORDERS (DEBUG) on main orders.OrderWrapper.immobilise(OrderWrapper.java:123)] SensorState.MOVING = false[0m
[[34m22:33:22.638 STDOUT (DEBUG) on SimulatorManagerThread simulator.SimulatorManager.handleMessageLL(SimulatorManager.java:239)] SIMULATEUR-LL : message reçu : stop[0m
[[34m22:33:22.642 STDOUT (DEBUG) on SimulatorManagerThread simulator.SimulatedRobot.trySendStoppedMovingMessage(SimulatedRobot.java:193)] stoppedMoving[0m
[[34m22:33:22.643 COMMUNICATION (DEBUG) on pool-1-thread-4 data.controlers.DataController.handleEvent(DataController.java:251)] Got event: stoppedMoving[0m
[[34m22:33:22.643 STDOUT (DEBUG) on pool-1-thread-4 data.controlers.DataController.handleEvent(DataController.java:264)] Position at StoppedMoving: (x,y)=(1317,367), o=0.0[0m
[[31m22:33:24.643 LOCOMOTION (CRITICAL) on main locomotion.PathFollower.moveLengthwise(PathFollower.java:198)] Failed to reach position because of someone in front of me! Enemy intersects [(1310,367):(1317,367)]: Obstacle mobile circulaire Circle [center: (1326,233), ray : 340.0, angleStart : -3.14159, angleEnd : 3.14158 [TRAJECTORY_OBSTRUCTED] Aim is (1317,367)[0m
[[34m22:33:24.694 ORDERS (DEBUG) on main locomotion.PathFollower.moveLengthwise(PathFollower.java:217)] Sent to LL: maxtr 500.00000[0m
[[34m22:33:24.694 ORDERS (DEBUG) on main locomotion.PathFollower.moveLengthwise(PathFollower.java:217)] Sent to LL: maxro 6.28319[0m
[[34m22:33:24.694 LOCOMOTION (DEBUG) on main locomotion.PathFollower.moveLengthwise(PathFollower.java:224)] End of move lengthwise[0m
[[34m22:33:24.694 ORDERS (DEBUG) on main locomotion.PathFollower.turnTowards(PathFollower.java:301)] SensorState.DISABLE_LIDAR = true[0m
[[34m22:33:24.694 ORDERS (DEBUG) on main locomotion.PathFollower.turnTowards(PathFollower.java:303)] SensorState.MOVING = true[0m
[[34m22:33:24.694 ORDERS (DEBUG) on main locomotion.Locomotion.turnTowards(Locomotion.java:139)] Sent to LL: t 1.57080[0m
[[34m22:33:24.696 STDOUT (DEBUG) on SimulatorManagerThread simulator.SimulatorManager.handleMessageLL(SimulatorManager.java:239)] SIMULATEUR-LL : message reçu : maxtr 500.00000[0m
[[34m22:33:24.696 STDOUT (DEBUG) on SimulatorManagerThread simulator.SimulatorManager.handleMessageLL(SimulatorManager.java:335)] SIMULATEUR-LL : l'ordre "maxtr" est inconnu[0m
[[34m22:33:24.701 STDOUT (DEBUG) on SimulatorManagerThread simulator.SimulatorManager.handleMessageLL(SimulatorManager.java:239)] SIMULATEUR-LL : message reçu : maxro 6.28319[0m
[[34m22:33:24.701 STDOUT (DEBUG) on SimulatorManagerThread simulator.SimulatorManager.handleMessageLL(SimulatorManager.java:335)] SIMULATEUR-LL : l'ordre "maxro" est inconnu[0m
[[34m22:33:24.703 STDOUT (DEBUG) on SimulatorManagerThread simulator.SimulatorManager.handleMessageLL(SimulatorManager.java:239)] SIMULATEUR-LL : message reçu : t 1.57080[0m
[[34m22:33:25.103 STDOUT (DEBUG) on SimulatorManagerThread simulator.SimulatedRobot.trySendStoppedMovingMessage(SimulatedRobot.java:193)] stoppedMoving[0m
[[34m22:33:25.103 COMMUNICATION (DEBUG) on pool-1-thread-4 data.controlers.DataController.handleEvent(DataController.java:251)] Got event: stoppedMoving[0m
[[34m22:33:25.103 ORDERS (DEBUG) on pool-1-thread-4 data.controlers.DataController.handleEvent(DataController.java:263)] SensorState.MOVING = false[0m
[[34m22:33:25.103 STDOUT (DEBUG) on pool-1-thread-4 data.controlers.DataController.handleEvent(DataController.java:264)] Position at StoppedMoving: (x,y)=(1317,367), o=1.568[0m
[[34m22:33:25.106 ORDERS (DEBUG) on main locomotion.PathFollower.turnTowards(PathFollower.java:317)] SensorState.DISABLE_LIDAR = false[0m
[[33m22:33:25.106 LOCOMOTION (WARNING) on main locomotion.PathFollower.handleEnemyForward(PathFollower.java:267)] Enemy in front of me: Obstacle mobile circulaire Circle [center: (1326,233), ray : 340.0, angleStart : -3.14159, angleEnd : 3.14158[0m
[[33m22:33:25.106 LOCOMOTION (WARNING) on main locomotion.PathFollower.handleEnemyForward(PathFollower.java:268)] Attente de 2000 ms tant que ça se libère pas...[0m
[[34m22:33:25.106 ORDERS (DEBUG) on main orders.OrderWrapper.immobilise(OrderWrapper.java:122)] Sent to LL: stop[0m
[[34m22:33:25.108 STDOUT (DEBUG) on SimulatorManagerThread simulator.SimulatorManager.handleMessageLL(SimulatorManager.java:239)] SIMULATEUR-LL : message reçu : stop[0m
[[34m22:33:25.112 STDOUT (DEBUG) on SimulatorManagerThread simulator.SimulatedRobot.trySendStoppedMovingMessage(SimulatedRobot.java:193)] stoppedMoving[0m
[[34m22:33:25.112 COMMUNICATION (DEBUG) on pool-1-thread-4 data.controlers.DataController.handleEvent(DataController.java:251)] Got event: stoppedMoving[0m
[[34m22:33:25.113 STDOUT (DEBUG) on pool-1-thread-4 data.controlers.DataController.handleEvent(DataController.java:264)] Position at StoppedMoving: (x,y)=(1317,367), o=1.5708[0m
[[31m22:33:27.125 LOCOMOTION (CRITICAL) on main locomotion.PathFollower.moveLengthwise(PathFollower.java:198)] Failed to reach position because of someone in front of me! Enemy intersects [(1317,367):(1317,567)]: Obstacle mobile circulaire Circle [center: (1310,267), ray : 340.0, angleStart : -3.14159, angleEnd : 3.14158 [TRAJECTORY_OBSTRUCTED] Aim is (1317,1032)[0m
[[33m22:33:27.175 LOCOMOTION (WARNING) on main locomotion.PathFollower.handleEnemyForward(PathFollower.java:267)] Enemy in front of me: Obstacle mobile circulaire Circle [center: (1310,267), ray : 340.0, angleStart : -3.14159, angleEnd : 3.14158[0m
[[33m22:33:27.176 LOCOMOTION (WARNING) on main locomotion.PathFollower.handleEnemyForward(PathFollower.java:268)] Attente de 2000 ms tant que ça se libère pas...[0m
[[34m22:33:27.176 ORDERS (DEBUG) on main orders.OrderWrapper.immobilise(OrderWrapper.java:122)] Sent to LL: stop[0m
[[34m22:33:27.176 STDOUT (DEBUG) on SimulatorManagerThread simulator.SimulatorManager.handleMessageLL(SimulatorManager.java:239)] SIMULATEUR-LL : message reçu : stop[0m
[[34m22:33:27.179 STDOUT (DEBUG) on SimulatorManagerThread simulator.SimulatedRobot.trySendStoppedMovingMessage(SimulatedRobot.java:193)] stoppedMoving[0m
[[34m22:33:27.179 COMMUNICATION (DEBUG) on pool-1-thread-4 data.controlers.DataController.handleEvent(DataController.java:251)] Got event: stoppedMoving[0m
[[34m22:33:27.179 STDOUT (DEBUG) on pool-1-thread-4 data.controlers.DataController.handleEvent(DataController.java:264)] Position at StoppedMoving: (x,y)=(1317,367), o=1.5708[0m
[[34m22:33:28.435 ORDERS (DEBUG) on main locomotion.PathFollower.moveLengthwise(PathFollower.java:165)] SensorState.MOVING = true[0m
[[34m22:33:28.441 LOCOMOTION (DEBUG) on main locomotion.PathFollower.moveLengthwise(PathFollower.java:166)] Move lengthwise 665[0m
[[34m22:33:28.444 ORDERS (DEBUG) on main locomotion.Locomotion.moveLengthwise(Locomotion.java:131)] Sent to LL: d 665 false[0m
[[34m22:33:28.448 STDOUT (DEBUG) on SimulatorManagerThread simulator.SimulatorManager.handleMessageLL(SimulatorManager.java:239)] SIMULATEUR-LL : message reçu : d 665 false[0m
[[33m22:33:28.449 COMMUNICATION (WARNING) on SimulatorManagerThread simulator.SimulatedRobot.moveLengthwise(SimulatedRobot.java:382)] C:0, D:1000[0m
[[33m22:33:28.449 COMMUNICATION (WARNING) on SimulatorManagerThread simulator.SimulatedRobot.moveLengthwise(SimulatedRobot.java:384)] A:(1317,367), B:(1317,1032), C:(0,1000)[0m
[[34m22:33:29.136 STDOUT (DEBUG) on SimulatorManagerThread simulator.SimulatedRobot.trySendStoppedMovingMessage(SimulatedRobot.java:193)] stoppedMoving[0m
[[34m22:33:29.137 COMMUNICATION (DEBUG) on pool-1-thread-4 data.controlers.DataController.handleEvent(DataController.java:251)] Got event: stoppedMoving[0m
[[34m22:33:29.137 ORDERS (DEBUG) on pool-1-thread-4 data.controlers.DataController.handleEvent(DataController.java:263)] SensorState.MOVING = false[0m
[[34m22:33:29.137 STDOUT (DEBUG) on pool-1-thread-4 data.controlers.DataController.handleEvent(DataController.java:264)] Position at StoppedMoving: (x,y)=(1317,1032), o=1.5708[0m
[[34m22:33:29.193 ORDERS (DEBUG) on main locomotion.PathFollower.moveLengthwise(PathFollower.java:217)] Sent to LL: maxtr 500.00000[0m
[[34m22:33:29.194 ORDERS (DEBUG) on main locomotion.PathFollower.moveLengthwise(PathFollower.java:217)] Sent to LL: maxro 6.28319[0m
[[34m22:33:29.194 LOCOMOTION (DEBUG) on main locomotion.PathFollower.moveLengthwise(PathFollower.java:224)] End of move lengthwise[0m
[[34m22:33:29.194 ORDERS (DEBUG) on main locomotion.PathFollower.moveLengthwise(PathFollower.java:165)] SensorState.MOVING = true[0m
[[34m22:33:29.195 LOCOMOTION (DEBUG) on main locomotion.PathFollower.moveLengthwise(PathFollower.java:166)] Move lengthwise -150[0m
[[34m22:33:29.195 ORDERS (DEBUG) on main locomotion.Locomotion.moveLengthwise(Locomotion.java:131)] Sent to LL: d -150 false[0m
[[34m22:33:29.196 STDOUT (DEBUG) on SimulatorManagerThread simulator.SimulatorManager.handleMessageLL(SimulatorManager.java:239)] SIMULATEUR-LL : message reçu : maxtr 500.00000[0m
[[34m22:33:29.196 STDOUT (DEBUG) on SimulatorManagerThread simulator.SimulatorManager.handleMessageLL(SimulatorManager.java:335)] SIMULATEUR-LL : l'ordre "maxtr" est inconnu[0m
[[34m22:33:29.198 STDOUT (DEBUG) on SimulatorManagerThread simulator.SimulatorManager.handleMessageLL(SimulatorManager.java:239)] SIMULATEUR-LL : message reçu : maxro 6.28319[0m
[[34m22:33:29.198 STDOUT (DEBUG) on SimulatorManagerThread simulator.SimulatorManager.handleMessageLL(SimulatorManager.java:335)] SIMULATEUR-LL : l'ordre "maxro" est inconnu[0m
[[34m22:33:29.201 STDOUT (DEBUG) on SimulatorManagerThread simulator.SimulatorManager.handleMessageLL(SimulatorManager.java:239)] SIMULATEUR-LL : message reçu : d -150 false[0m
[[33m22:33:29.201 COMMUNICATION (WARNING) on SimulatorManagerThread simulator.SimulatedRobot.moveLengthwise(SimulatedRobot.java:382)] C:0, D:1000[0m
[[33m22:33:29.201 COMMUNICATION (WARNING) on SimulatorManagerThread simulator.SimulatedRobot.moveLengthwise(SimulatedRobot.java:384)] A:(1317,1032), B:(1317,882), C:(0,1000)[0m
[[34m22:33:29.400 STDOUT (DEBUG) on SimulatorManagerThread simulator.SimulatedRobot.trySendStoppedMovingMessage(SimulatedRobot.java:193)] stoppedMoving[0m
[[34m22:33:29.401 COMMUNICATION (DEBUG) on pool-1-thread-4 data.controlers.DataController.handleEvent(DataController.java:251)] Got event: stoppedMoving[0m
[[34m22:33:29.401 ORDERS (DEBUG) on pool-1-thread-4 data.controlers.DataController.handleEvent(DataController.java:263)] SensorState.MOVING = false[0m
[[34m22:33:29.401 STDOUT (DEBUG) on pool-1-thread-4 data.controlers.DataController.handleEvent(DataController.java:264)] Position at StoppedMoving: (x,y)=(1317,882), o=1.5708[0m
[[34m22:33:29.489 ORDERS (DEBUG) on main locomotion.PathFollower.moveLengthwise(PathFollower.java:217)] Sent to LL: maxtr 500.00000[0m
[[34m22:33:29.493 STDOUT (DEBUG) on SimulatorManagerThread simulator.SimulatorManager.handleMessageLL(SimulatorManager.java:239)] SIMULATEUR-LL : message reçu : maxtr 500.00000[0m
[[34m22:33:29.493 STDOUT (DEBUG) on SimulatorManagerThread simulator.SimulatorManager.handleMessageLL(SimulatorManager.java:335)] SIMULATEUR-LL : l'ordre "maxtr" est inconnu[0m
[[34m22:33:29.495 ORDERS (DEBUG) on main locomotion.PathFollower.moveLengthwise(PathFollower.java:217)] Sent to LL: maxro 6.28319[0m
[[34m22:33:29.495 LOCOMOTION (DEBUG) on main locomotion.PathFollower.moveLengthwise(PathFollower.java:224)] End of move lengthwise[0m
[[34m22:33:29.495 ORDERS (DEBUG) on main locomotion.PathFollower.turnTowards(PathFollower.java:301)] SensorState.DISABLE_LIDAR = true[0m
[[34m22:33:29.495 ORDERS (DEBUG) on main locomotion.PathFollower.turnTowards(PathFollower.java:303)] SensorState.MOVING = true[0m
[[34m22:33:29.496 ORDERS (DEBUG) on main locomotion.Locomotion.turnTowards(Locomotion.java:139)] Sent to LL: t -1.57080[0m
[[34m22:33:29.498 STDOUT (DEBUG) on SimulatorManagerThread simulator.SimulatorManager.handleMessageLL(SimulatorManager.java:239)] SIMULATEUR-LL : message reçu : maxro 6.28319[0m
[[34m22:33:29.498 STDOUT (DEBUG) on SimulatorManagerThread simulator.SimulatorManager.handleMessageLL(SimulatorManager.java:335)] SIMULATEUR-LL : l'ordre "maxro" est inconnu[0m
[[34m22:33:29.505 STDOUT (DEBUG) on SimulatorManagerThread simulator.SimulatorManager.handleMessageLL(SimulatorManager.java:239)] SIMULATEUR-LL : message reçu : t -1.57080[0m
