[[34m19:31:39.600 STDOUT (DEBUG) on main utils.HLInstance.<init>(HLInstance.java:104)] Version : d782d98 on dev_T - [avance script master][0m
[[34m19:31:39.615 STDOUT (DEBUG) on main utils.HLInstance.<init>(HLInstance.java:112)] System : Linux 5.8.0-50-generic amd64[0m
[[34m19:31:39.630 STDOUT (DEBUG) on main utils.HLInstance.<init>(HLInstance.java:114)] Java : Oracle Corporation 15.0.1, max memory : 1.89G, available processors : 4[0m
[[34m19:31:39.631 STDOUT (DEBUG) on main utils.HLInstance.<init>(HLInstance.java:117)] [0m
[[34m19:31:39.632 STDOUT (DEBUG) on main utils.HLInstance.<init>(HLInstance.java:119)]    Remember, with great power comes great current squared times resistance !
[0m
[[34m19:31:39.633 STDOUT (DEBUG) on main utils.HLInstance.<init>(HLInstance.java:122)] Chargement de la config...[0m
[[34m19:31:39.681 STDOUT (DEBUG) on main pfg.config.Config.readConfigFile(Config.java:166)] Loading config file : /home/salembien/Bureau/JAVA/INTech/TechTheTiller-HighLevel/bin/../config/config.txt[0m
[[31m19:31:39.728 STDERR (CRITICAL) on main] Unknown key : RECALAGE_ACC, also tried recalageAcc[0m
[[31m19:31:39.729 STDERR (CRITICAL) on main] Unknown key : SECOURS, also tried secours[0m
[[31m19:31:39.730 STDERR (CRITICAL) on main] Unknown key : RECALAGE_MECA_ACC, also tried recalageMecaAcc[0m
[[31m19:31:39.732 STDERR (CRITICAL) on main] Unknown key : MILIEU_ECUEIL_PRIVE_XBLEU, also tried milieuEcueilPriveXbleu[0m
[[34m19:31:39.734 STDOUT (DEBUG) on main pfg.config.Config.printChangedValues(Config.java:465)] Configuration diff :[0m
[[34m19:31:39.735 STDOUT (DEBUG) on main pfg.config.Config.printChangedValues(Config.java:469)]   visualisation = false (default : true)[0m
[[34m19:31:39.737 STDOUT (DEBUG) on main pfg.config.Config.printChangedValues(Config.java:469)]   usingBaliseImage = false (default : true)[0m
[[34m19:31:39.739 STDOUT (DEBUG) on main pfg.config.Config.printChangedValues(Config.java:469)]   usingPanel = false (default : true)[0m
[[34m19:31:39.740 STDOUT (DEBUG) on main pfg.config.Config.printChangedValues(Config.java:469)]   connectToBuddy = false (default : true)[0m
[[34m19:31:39.741 STDOUT (DEBUG) on main pfg.config.Config.printChangedValues(Config.java:469)]   buddyRay = 70 (default : 150)[0m
[[34m19:31:39.742 STDOUT (DEBUG) on main pfg.config.Config.printChangedValues(Config.java:469)]   ennemyRay = 150 (default : 220)[0m
[[34m19:31:39.743 STDOUT (DEBUG) on main pfg.config.Config.printChangedValues(Config.java:469)]   nbrNoeudsX = 30 (default : 45)[0m
[[34m19:31:39.744 STDOUT (DEBUG) on main pfg.config.Config.printChangedValues(Config.java:469)]   nbrNoeudsY = 20 (default : 30)[0m
[[34m19:31:39.746 STDOUT (DEBUG) on main pfg.config.Config.printChangedValues(Config.java:469)]   nbrNoeudsCircle = 14 (default : 12)[0m
[[34m19:31:39.769 DATA_HANDLER (DEBUG) on main utils.HLInstance.module(HLInstance.java:271)] Initialisation du moduleClass Table[0m
[[34m19:31:39.771 DATA_HANDLER (DEBUG) on main utils.HLInstance.module(HLInstance.java:285)] Mise à jour de la config du moduleClass Table après son initialisation.[0m
[[34m19:31:39.787 STDOUT (DEBUG) on main pfg.config.Config.loadInto(Config.java:274)] Set private boolean data.Table.symetry to false[0m
[[34m19:31:39.788 STDOUT (DEBUG) on main pfg.config.Config.loadInto(Config.java:274)] Set private int data.Table.length to 3000[0m
[[34m19:31:39.789 STDOUT (DEBUG) on main pfg.config.Config.loadInto(Config.java:274)] Set private int data.Table.height to 2000[0m
[[34m19:31:39.790 STDOUT (DEBUG) on main pfg.config.Config.loadInto(Config.java:274)] Set private int data.Table.robotRay to 190[0m
[[34m19:31:39.791 STDOUT (DEBUG) on main pfg.config.Config.loadInto(Config.java:274)] Set private int data.Table.buddyRay to 70[0m
[[34m19:31:39.791 STDOUT (DEBUG) on main pfg.config.Config.loadInto(Config.java:274)] Set private int data.Table.ennemyRay to 150[0m
[[34m19:31:39.792 STDOUT (DEBUG) on main pfg.config.Config.loadInto(Config.java:274)] Set private int data.Table.compareThreshold to 5[0m
[[34m19:31:39.793 STDOUT (DEBUG) on main pfg.config.Config.loadInto(Config.java:274)] Set private boolean data.Table.openTheGate to false[0m
[[34m19:31:39.795 DATA_HANDLER (DEBUG) on main utils.HLInstance.module(HLInstance.java:297)] Module Table prêt[0m
[[34m19:31:39.796 DATA_HANDLER (DEBUG) on main utils.HLInstance.module(HLInstance.java:271)] Initialisation du moduleClass Graphe[0m
[[34m19:31:39.798 DATA_HANDLER (DEBUG) on main utils.HLInstance.module(HLInstance.java:285)] Mise à jour de la config du moduleClass Graphe après son initialisation.[0m
[[34m19:31:39.799 STDOUT (DEBUG) on main pfg.config.Config.loadInto(Config.java:274)] Set private int data.Graphe.nodeCircleNbr to 14[0m
[[34m19:31:39.801 STDOUT (DEBUG) on main pfg.config.Config.loadInto(Config.java:274)] Set private double data.Graphe.spaceCircleParameter to 1.2[0m
[[34m19:31:39.802 STDOUT (DEBUG) on main pfg.config.Config.loadInto(Config.java:274)] Set private int data.Graphe.nodeXNbr to 30[0m
[[34m19:31:39.802 STDOUT (DEBUG) on main pfg.config.Config.loadInto(Config.java:274)] Set private int data.Graphe.nodeYNbr to 20[0m
[[34m19:31:39.803 STDOUT (DEBUG) on main pfg.config.Config.loadInto(Config.java:274)] Set private int data.Graphe.partitioningX to 25[0m
[[34m19:31:39.804 STDOUT (DEBUG) on main pfg.config.Config.loadInto(Config.java:274)] Set private int data.Graphe.partitioningY to 25[0m
[[34m19:31:40.421 DATA_HANDLER (DEBUG) on main utils.HLInstance.module(HLInstance.java:297)] Module Graphe prêt[0m
[[34m19:31:40.422 DATA_HANDLER (DEBUG) on main utils.HLInstance.module(HLInstance.java:271)] Initialisation du moduleClass Pathfinder[0m
[[34m19:31:40.423 DATA_HANDLER (DEBUG) on main utils.HLInstance.module(HLInstance.java:285)] Mise à jour de la config du moduleClass Pathfinder après son initialisation.[0m
[[34m19:31:40.423 DATA_HANDLER (DEBUG) on main utils.HLInstance.module(HLInstance.java:297)] Module Pathfinder prêt[0m
[[34m19:31:40.426 DATA_HANDLER (DEBUG) on main utils.HLInstance.module(HLInstance.java:271)] Initialisation du moduleClass OrderWrapper[0m
[[34m19:31:40.426 DATA_HANDLER (DEBUG) on main utils.HLInstance.module(HLInstance.java:285)] Mise à jour de la config du moduleClass OrderWrapper après son initialisation.[0m
[[34m19:31:40.427 STDOUT (DEBUG) on main pfg.config.Config.loadInto(Config.java:274)] Set private boolean orders.OrderWrapper.symetry to false[0m
[[34m19:31:40.430 STDOUT (DEBUG) on main pfg.config.Config.loadInto(Config.java:274)] Set private boolean orders.OrderWrapper.simulation to true[0m
[[34m19:31:40.431 STDOUT (DEBUG) on main pfg.config.Config.loadInto(Config.java:274)] Set private boolean orders.OrderWrapper.usingBaliseImage to false[0m
[[34m19:31:40.434 DATA_HANDLER (DEBUG) on main utils.HLInstance.module(HLInstance.java:297)] Module OrderWrapper prêt[0m
[[34m19:31:40.434 DATA_HANDLER (DEBUG) on main utils.HLInstance.module(HLInstance.java:271)] Initialisation du moduleClass PathFollower[0m
[[34m19:31:40.435 DATA_HANDLER (DEBUG) on main utils.HLInstance.module(HLInstance.java:285)] Mise à jour de la config du moduleClass PathFollower après son initialisation.[0m
[[34m19:31:40.436 STDOUT (DEBUG) on main pfg.config.Config.loadInto(Config.java:274)] Set private long locomotion.PathFollower.locomotionLoopDelay to 20[0m
[[34m19:31:40.436 STDOUT (DEBUG) on main pfg.config.Config.loadInto(Config.java:274)] Set private int locomotion.PathFollower.locomotionDistanceCheck to 200[0m
[[34m19:31:40.436 STDOUT (DEBUG) on main pfg.config.Config.loadInto(Config.java:274)] Set private int locomotion.PathFollower.locomotionRadiusCheck to 200[0m
[[34m19:31:40.436 STDOUT (DEBUG) on main pfg.config.Config.loadInto(Config.java:274)] Set private long locomotion.PathFollower.locomotionObstructedTimeout to 2000[0m
[[34m19:31:40.437 STDOUT (DEBUG) on main pfg.config.Config.loadInto(Config.java:274)] Set private boolean locomotion.PathFollower.simulation to true[0m
[[34m19:31:40.500 DATA_HANDLER (DEBUG) on main utils.HLInstance.module(HLInstance.java:297)] Module PathFollower prêt[0m
[[34m19:31:40.500 DATA_HANDLER (DEBUG) on main utils.HLInstance.module(HLInstance.java:271)] Initialisation du moduleClass Locomotion[0m
[[34m19:31:40.501 DATA_HANDLER (DEBUG) on main utils.HLInstance.module(HLInstance.java:285)] Mise à jour de la config du moduleClass Locomotion après son initialisation.[0m
[[34m19:31:40.503 STDOUT (DEBUG) on main pfg.config.Config.loadInto(Config.java:274)] Set private int locomotion.Locomotion.vectorComparisonThreshold to 5[0m
[[34m19:31:40.503 STDOUT (DEBUG) on main pfg.config.Config.loadInto(Config.java:274)] Set private long locomotion.Locomotion.locomotionObstructedTimeout to 2000[0m
[[34m19:31:40.504 DATA_HANDLER (DEBUG) on main utils.HLInstance.module(HLInstance.java:297)] Module Locomotion prêt[0m
[[34m19:31:40.504 DATA_HANDLER (DEBUG) on main utils.HLInstance.module(HLInstance.java:271)] Initialisation du moduleClass HookFactory[0m
[[34m19:31:40.504 DATA_HANDLER (DEBUG) on main utils.HLInstance.module(HLInstance.java:285)] Mise à jour de la config du moduleClass HookFactory après son initialisation.[0m
[[34m19:31:40.505 DATA_HANDLER (DEBUG) on main utils.HLInstance.module(HLInstance.java:297)] Module HookFactory prêt[0m
[[34m19:31:40.505 DATA_HANDLER (DEBUG) on main utils.HLInstance.module(HLInstance.java:271)] Initialisation du moduleClass ConnectionManager[0m
[[34m19:31:40.506 DATA_HANDLER (DEBUG) on main utils.HLInstance.module(HLInstance.java:285)] Mise à jour de la config du moduleClass ConnectionManager après son initialisation.[0m
[[34m19:31:40.506 DATA_HANDLER (DEBUG) on main utils.HLInstance.module(HLInstance.java:297)] Module ConnectionManager prêt[0m
[[34m19:31:40.506 DATA_HANDLER (DEBUG) on main utils.HLInstance.module(HLInstance.java:271)] Initialisation du moduleClass SimulatorDebug[0m
[[34m19:31:40.506 DATA_HANDLER (DEBUG) on main utils.HLInstance.module(HLInstance.java:285)] Mise à jour de la config du moduleClass SimulatorDebug après son initialisation.[0m
[[34m19:31:40.507 STDOUT (DEBUG) on main pfg.config.Config.loadInto(Config.java:274)] Set private boolean utils.communication.SimulatorDebug.active to true[0m
[[34m19:31:40.507 DATA_HANDLER (DEBUG) on main utils.HLInstance.module(HLInstance.java:297)] Module SimulatorDebug prêt[0m
[[34m19:31:40.507 DATA_HANDLER (DEBUG) on main utils.HLInstance.module(HLInstance.java:271)] Initialisation du moduleClass PanneauModule[0m
[[34m19:31:40.508 DATA_HANDLER (DEBUG) on main utils.HLInstance.module(HLInstance.java:285)] Mise à jour de la config du moduleClass PanneauModule après son initialisation.[0m
[[34m19:31:40.509 STDOUT (DEBUG) on main pfg.config.Config.loadInto(Config.java:274)] Set private long data.controlers.PanneauModule.scoreUpdatePeriod to 100[0m
[[34m19:31:40.510 STDOUT (DEBUG) on main pfg.config.Config.loadInto(Config.java:274)] Set private java.lang.String data.controlers.PanneauModule.couleur to jaune[0m
[[34m19:31:40.511 STDOUT (DEBUG) on main pfg.config.Config.loadInto(Config.java:274)] Set private int data.controlers.PanneauModule.ledProgramPort to 19500[0m
[[34m19:31:40.511 STDOUT (DEBUG) on main pfg.config.Config.loadInto(Config.java:274)] Set private int data.controlers.PanneauModule.ledCount to 16[0m
[[34m19:31:40.511 STDOUT (DEBUG) on main pfg.config.Config.loadInto(Config.java:274)] Set private boolean data.controlers.PanneauModule.using7Segments to true[0m
[[34m19:31:40.512 DATA_HANDLER (DEBUG) on main utils.HLInstance.module(HLInstance.java:297)] Module PanneauModule prêt[0m
[[34m19:31:40.512 DATA_HANDLER (DEBUG) on main utils.HLInstance.module(HLInstance.java:271)] Initialisation du moduleClass Master[0m
[[34m19:31:40.519 DATA_HANDLER (DEBUG) on main utils.HLInstance.module(HLInstance.java:271)] Initialisation du moduleClass SynchronizationWithBuddy[0m
[[34m19:31:40.520 DATA_HANDLER (DEBUG) on main utils.HLInstance.module(HLInstance.java:285)] Mise à jour de la config du moduleClass SynchronizationWithBuddy après son initialisation.[0m
[[34m19:31:40.521 STDOUT (DEBUG) on main pfg.config.Config.loadInto(Config.java:274)] Set protected boolean data.synchronization.SynchronizationCommon.symetry to false[0m
[[34m19:31:40.522 STDOUT (DEBUG) on main pfg.config.Config.loadInto(Config.java:274)] Set protected boolean data.synchronization.SynchronizationCommon.simulation to true[0m
[[34m19:31:40.522 STDOUT (DEBUG) on main pfg.config.Config.loadInto(Config.java:274)] Set protected boolean data.synchronization.SynchronizationCommon.master to true[0m
[[34m19:31:40.523 DATA_HANDLER (DEBUG) on main utils.HLInstance.module(HLInstance.java:297)] Module SynchronizationWithBuddy prêt[0m
[[34m19:31:40.523 DATA_HANDLER (DEBUG) on main utils.HLInstance.module(HLInstance.java:271)] Initialisation du moduleClass Listener[0m
[[34m19:31:40.523 DATA_HANDLER (DEBUG) on main utils.HLInstance.module(HLInstance.java:285)] Mise à jour de la config du moduleClass Listener après son initialisation.[0m
[[34m19:31:40.525 STDOUT (DEBUG) on main pfg.config.Config.loadInto(Config.java:274)] Set private boolean data.controlers.Listener.master to true[0m
[[34m19:31:40.526 STDOUT (DEBUG) on main pfg.config.Config.loadInto(Config.java:274)] Set private boolean data.controlers.Listener.simulation to true[0m
[[34m19:31:40.526 STDOUT (DEBUG) on main pfg.config.Config.loadInto(Config.java:274)] Set private boolean data.controlers.Listener.usingLidar to false[0m
[[34m19:31:40.527 STDOUT (DEBUG) on main pfg.config.Config.loadInto(Config.java:274)] Set private boolean data.controlers.Listener.usingCylinderDetection to false[0m
[[34m19:31:40.527 STDOUT (DEBUG) on main pfg.config.Config.loadInto(Config.java:274)] Set private boolean data.controlers.Listener.usingBaliseImage to false[0m
[[34m19:31:40.528 STDOUT (DEBUG) on main pfg.config.Config.loadInto(Config.java:274)] Set private boolean data.controlers.Listener.visualisation to false[0m
[[34m19:31:40.529 STDOUT (DEBUG) on main pfg.config.Config.loadInto(Config.java:274)] Set private boolean data.controlers.Listener.usingBaliseConnection to false[0m
[[34m19:31:40.529 STDOUT (DEBUG) on main pfg.config.Config.loadInto(Config.java:274)] Set private boolean data.controlers.Listener.connectToBuddy to false[0m
[[34m19:31:40.530 STDOUT (DEBUG) on main pfg.config.Config.loadInto(Config.java:274)] Set private long data.controlers.Listener.timeBetweenPosUpdates to 200[0m
[[34m19:31:40.535 DATA_HANDLER (DEBUG) on main utils.HLInstance.module(HLInstance.java:297)] Module Listener prêt[0m
[[34m19:31:40.536 DATA_HANDLER (DEBUG) on main utils.HLInstance.module(HLInstance.java:271)] Initialisation du moduleClass MatchTimer[0m
[[34m19:31:40.536 DATA_HANDLER (DEBUG) on main utils.HLInstance.module(HLInstance.java:285)] Mise à jour de la config du moduleClass MatchTimer après son initialisation.[0m
[[34m19:31:40.537 DATA_HANDLER (DEBUG) on main utils.HLInstance.module(HLInstance.java:297)] Module MatchTimer prêt[0m
[[34m19:31:40.537 DATA_HANDLER (DEBUG) on main utils.HLInstance.module(HLInstance.java:271)] Initialisation du moduleClass DataController[0m
[[34m19:31:40.538 DATA_HANDLER (DEBUG) on main utils.HLInstance.module(HLInstance.java:285)] Mise à jour de la config du moduleClass DataController après son initialisation.[0m
[[34m19:31:40.539 STDOUT (DEBUG) on main pfg.config.Config.loadInto(Config.java:274)] Set private boolean data.controlers.DataController.master to true[0m
[[34m19:31:40.541 STDOUT (DEBUG) on main pfg.config.Config.loadInto(Config.java:274)] Set private boolean data.controlers.DataController.symetry to false[0m
[[34m19:31:40.550 COMMUNICATION (DEBUG) on pool-1-thread-1 data.controlers.Listener.asyncInit(Listener.java:186)] Listener lancé : connection aux devices...[0m
[[34m19:31:40.550 COMMUNICATION (DEBUG) on pool-1-thread-1 data.controlers.Listener.asyncInit(Listener.java:189)] Simulation initializing connections...[0m
[[34m19:31:40.555 DATA_HANDLER (DEBUG) on main utils.HLInstance.module(HLInstance.java:297)] Module DataController prêt[0m
[[34m19:31:40.556 DATA_HANDLER (DEBUG) on main utils.HLInstance.module(HLInstance.java:285)] Mise à jour de la config du moduleClass Master après son initialisation.[0m
[[34m19:31:40.557 STDOUT (DEBUG) on main pfg.config.Config.loadInto(Config.java:274)] Set private long robot.Robot.locomotionLoopDelay to 20[0m
[[34m19:31:40.558 STDOUT (DEBUG) on main pfg.config.Config.loadInto(Config.java:274)] Set private boolean robot.Robot.simulation to true[0m
[[34m19:31:40.558 STDOUT (DEBUG) on main pfg.config.Config.loadInto(Config.java:274)] Set private boolean robot.Robot.master to true[0m
[[34m19:31:40.559 STDOUT (DEBUG) on main pfg.config.Config.loadInto(Config.java:274)] Set private boolean robot.Robot.symetry to false[0m
[[34m19:31:40.559 STDOUT (DEBUG) on main pfg.config.Config.loadInto(Config.java:274)] Set private boolean robot.Robot.usingPanel to false[0m
[[34m19:31:40.564 COMMUNICATION (DEBUG) on pool-1-thread-1 data.controlers.Listener.asyncInit(Listener.java:191)] Simulated Teensy Master connected[0m
[[34m19:31:40.564 COMMUNICATION (DEBUG) on pool-1-thread-1 data.controlers.Listener.asyncInit(Listener.java:194)] Debug connection init...[0m
[[34m19:31:40.564 DATA_HANDLER (DEBUG) on main utils.HLInstance.module(HLInstance.java:297)] Module Master prêt[0m
[[31m19:31:40.565 STRATEGY (CRITICAL) on main main.RobotEntryPoint.initServices(RobotEntryPoint.java:195)] PAS DE PANNEAU[0m
[[34m19:31:40.566 DATA_HANDLER (DEBUG) on DataController data.controlers.DataController.run(DataController.java:164)] Controller lancé : en attente du listener...[0m
[[34m19:31:40.566 COMMUNICATION (DEBUG) on SocketClient(localhost:10001) utils.communication.SocketClientInterface.lambda$init$0(SocketClientInterface.java:51)] Trying to connect to localhost on port 10001[0m
[[34m19:31:40.568 STRATEGY (DEBUG) on main main.RobotEntryPoint.initServices(RobotEntryPoint.java:198)] Couleur: jaune[0m
[[34m19:31:40.570 DATA_HANDLER (DEBUG) on main utils.HLInstance.module(HLInstance.java:271)] Initialisation du moduleClass ScriptManagerMaster[0m
[[34m19:31:40.579 COMMUNICATION (DEBUG) on pool-1-thread-1 data.controlers.Listener.asyncInit(Listener.java:196)] Debug connection ready![0m
[[34m19:31:40.580 COMMUNICATION (DEBUG) on SocketClient(localhost:19999) utils.communication.SocketClientInterface.lambda$init$0(SocketClientInterface.java:51)] Trying to connect to localhost on port 19999[0m
[[34m19:31:40.581 DATA_HANDLER (DEBUG) on main utils.HLInstance.module(HLInstance.java:285)] Mise à jour de la config du moduleClass ScriptManagerMaster après son initialisation.[0m
[[34m19:31:40.583 DATA_HANDLER (DEBUG) on main utils.HLInstance.module(HLInstance.java:297)] Module ScriptManagerMaster prêt[0m
[[33m19:31:40.608 COMMUNICATION (WARNING) on SocketClient(localhost:19999) utils.communication.SocketClientInterface.lambda$init$0(SocketClientInterface.java:57)] Failed trying to connect to localhost on port 19999[0m
[[33m19:31:40.610 COMMUNICATION (WARNING) on SocketClient(localhost:10001) utils.communication.SocketClientInterface.lambda$init$0(SocketClientInterface.java:57)] Failed trying to connect to localhost on port 10001[0m
[[34m19:31:40.709 COMMUNICATION (DEBUG) on SocketClient(localhost:19999) utils.communication.SocketClientInterface.lambda$init$0(SocketClientInterface.java:51)] Trying to connect to localhost on port 19999[0m
[[33m19:31:40.709 COMMUNICATION (WARNING) on SocketClient(localhost:19999) utils.communication.SocketClientInterface.lambda$init$0(SocketClientInterface.java:57)] Failed trying to connect to localhost on port 19999[0m
[[34m19:31:40.711 COMMUNICATION (DEBUG) on SocketClient(localhost:10001) utils.communication.SocketClientInterface.lambda$init$0(SocketClientInterface.java:51)] Trying to connect to localhost on port 10001[0m
[[33m19:31:40.712 COMMUNICATION (WARNING) on SocketClient(localhost:10001) utils.communication.SocketClientInterface.lambda$init$0(SocketClientInterface.java:57)] Failed trying to connect to localhost on port 10001[0m
[[34m19:31:40.810 COMMUNICATION (DEBUG) on SocketClient(localhost:19999) utils.communication.SocketClientInterface.lambda$init$0(SocketClientInterface.java:51)] Trying to connect to localhost on port 19999[0m
[[33m19:31:40.812 COMMUNICATION (WARNING) on SocketClient(localhost:19999) utils.communication.SocketClientInterface.lambda$init$0(SocketClientInterface.java:57)] Failed trying to connect to localhost on port 19999[0m
[[34m19:31:40.813 COMMUNICATION (DEBUG) on SocketClient(localhost:10001) utils.communication.SocketClientInterface.lambda$init$0(SocketClientInterface.java:51)] Trying to connect to localhost on port 10001[0m
[[33m19:31:40.814 COMMUNICATION (WARNING) on SocketClient(localhost:10001) utils.communication.SocketClientInterface.lambda$init$0(SocketClientInterface.java:57)] Failed trying to connect to localhost on port 10001[0m
[[34m19:31:40.912 COMMUNICATION (DEBUG) on SocketClient(localhost:19999) utils.communication.SocketClientInterface.lambda$init$0(SocketClientInterface.java:51)] Trying to connect to localhost on port 19999[0m
[[33m19:31:40.913 COMMUNICATION (WARNING) on SocketClient(localhost:19999) utils.communication.SocketClientInterface.lambda$init$0(SocketClientInterface.java:57)] Failed trying to connect to localhost on port 19999[0m
[[34m19:31:40.914 COMMUNICATION (DEBUG) on SocketClient(localhost:10001) utils.communication.SocketClientInterface.lambda$init$0(SocketClientInterface.java:51)] Trying to connect to localhost on port 10001[0m
[[33m19:31:40.915 COMMUNICATION (WARNING) on SocketClient(localhost:10001) utils.communication.SocketClientInterface.lambda$init$0(SocketClientInterface.java:57)] Failed trying to connect to localhost on port 10001[0m
[[34m19:31:41.014 COMMUNICATION (DEBUG) on SocketClient(localhost:19999) utils.communication.SocketClientInterface.lambda$init$0(SocketClientInterface.java:51)] Trying to connect to localhost on port 19999[0m
[[33m19:31:41.014 COMMUNICATION (WARNING) on SocketClient(localhost:19999) utils.communication.SocketClientInterface.lambda$init$0(SocketClientInterface.java:57)] Failed trying to connect to localhost on port 19999[0m
[[34m19:31:41.015 COMMUNICATION (DEBUG) on SocketClient(localhost:10001) utils.communication.SocketClientInterface.lambda$init$0(SocketClientInterface.java:51)] Trying to connect to localhost on port 10001[0m
[[33m19:31:41.016 COMMUNICATION (WARNING) on SocketClient(localhost:10001) utils.communication.SocketClientInterface.lambda$init$0(SocketClientInterface.java:57)] Failed trying to connect to localhost on port 10001[0m
[[34m19:31:41.142 COMMUNICATION (DEBUG) on SocketClient(localhost:10001) utils.communication.SocketClientInterface.lambda$init$0(SocketClientInterface.java:51)] Trying to connect to localhost on port 10001[0m
[[34m19:31:41.142 COMMUNICATION (DEBUG) on SocketClient(localhost:19999) utils.communication.SocketClientInterface.lambda$init$0(SocketClientInterface.java:51)] Trying to connect to localhost on port 19999[0m
[[33m19:31:41.143 COMMUNICATION (WARNING) on SocketClient(localhost:10001) utils.communication.SocketClientInterface.lambda$init$0(SocketClientInterface.java:57)] Failed trying to connect to localhost on port 10001[0m
[[33m19:31:41.143 COMMUNICATION (WARNING) on SocketClient(localhost:19999) utils.communication.SocketClientInterface.lambda$init$0(SocketClientInterface.java:57)] Failed trying to connect to localhost on port 19999[0m
[[34m19:31:41.222 DATA_HANDLER (DEBUG) on main utils.HLInstance.module(HLInstance.java:271)] Initialisation du moduleClass LidarController[0m
[[34m19:31:41.222 DATA_HANDLER (DEBUG) on main utils.HLInstance.module(HLInstance.java:285)] Mise à jour de la config du moduleClass LidarController après son initialisation.[0m
[[34m19:31:41.223 STDOUT (DEBUG) on main pfg.config.Config.loadInto(Config.java:274)] Set private boolean data.controlers.LidarController.symetry to false[0m
[[34m19:31:41.223 STDOUT (DEBUG) on main pfg.config.Config.loadInto(Config.java:274)] Set private int data.controlers.LidarController.robotRay to 190[0m
[[34m19:31:41.224 STDOUT (DEBUG) on main pfg.config.Config.loadInto(Config.java:274)] Set private int data.controlers.LidarController.ennemyRay to 150[0m
[[34m19:31:41.224 STDOUT (DEBUG) on main pfg.config.Config.loadInto(Config.java:274)] Set private java.lang.String data.controlers.LidarController.lidarProcessPath to ../bin/LiDAR_UST_10LX[0m
[[34m19:31:41.224 STDOUT (DEBUG) on main pfg.config.Config.loadInto(Config.java:274)] Set private boolean data.controlers.LidarController.usingLidar to false[0m
[[34m19:31:41.226 DATA_HANDLER (DEBUG) on main utils.HLInstance.module(HLInstance.java:297)] Module LidarController prêt[0m
[[34m19:31:41.227 DATA_HANDLER (DEBUG) on main utils.HLInstance.module(HLInstance.java:271)] Initialisation du moduleClass CylinderDetectionController[0m
[[34m19:31:41.229 DATA_HANDLER (DEBUG) on main utils.HLInstance.module(HLInstance.java:285)] Mise à jour de la config du moduleClass CylinderDetectionController après son initialisation.[0m
[[34m19:31:41.229 STDOUT (DEBUG) on main pfg.config.Config.loadInto(Config.java:274)] Set private boolean data.controlers.CylinderDetectionController.usingCylinderDetection to false[0m
[[34m19:31:41.230 STDOUT (DEBUG) on main pfg.config.Config.loadInto(Config.java:274)] Set private boolean data.controlers.CylinderDetectionController.symetry to false[0m
[[34m19:31:41.231 DATA_HANDLER (DEBUG) on main utils.HLInstance.module(HLInstance.java:297)] Module CylinderDetectionController prêt[0m
[[34m19:31:41.233 DATA_HANDLER (DEBUG) on main utils.HLInstance.module(HLInstance.java:271)] Initialisation du moduleClass AIModule[0m
[[34m19:31:41.239 DATA_HANDLER (DEBUG) on main utils.HLInstance.module(HLInstance.java:285)] Mise à jour de la config du moduleClass AIModule après son initialisation.[0m
[[34m19:31:41.239 STDOUT (DEBUG) on main pfg.config.Config.loadInto(Config.java:274)] Set private int data.Graphe.nodeCircleNbr to 14[0m
[[34m19:31:41.239 STDOUT (DEBUG) on main pfg.config.Config.loadInto(Config.java:274)] Set private double data.Graphe.spaceCircleParameter to 1.2[0m
[[34m19:31:41.240 STDOUT (DEBUG) on main pfg.config.Config.loadInto(Config.java:274)] Set private int data.Graphe.nodeXNbr to 30[0m
[[34m19:31:41.240 STDOUT (DEBUG) on main pfg.config.Config.loadInto(Config.java:274)] Set private int data.Graphe.nodeYNbr to 20[0m
[[34m19:31:41.240 STDOUT (DEBUG) on main pfg.config.Config.loadInto(Config.java:274)] Set private int data.Graphe.partitioningX to 25[0m
[[34m19:31:41.240 STDOUT (DEBUG) on main pfg.config.Config.loadInto(Config.java:274)] Set private int data.Graphe.partitioningY to 25[0m
[[34m19:31:41.240 DATA_HANDLER (DEBUG) on main utils.HLInstance.module(HLInstance.java:297)] Module AIModule prêt[0m
[[34m19:31:41.243 STDOUT (DEBUG) on main simulator.SimulatorManagerLauncher.launch(SimulatorManagerLauncher.java:166)] Lanceur de simulateur démarré[0m
[[34m19:31:41.243 COMMUNICATION (DEBUG) on SocketClient(localhost:10001) utils.communication.SocketClientInterface.lambda$init$0(SocketClientInterface.java:51)] Trying to connect to localhost on port 10001[0m
[[34m19:31:41.243 COMMUNICATION (DEBUG) on SocketClient(localhost:19999) utils.communication.SocketClientInterface.lambda$init$0(SocketClientInterface.java:51)] Trying to connect to localhost on port 19999[0m
[[33m19:31:41.244 COMMUNICATION (WARNING) on SocketClient(localhost:10001) utils.communication.SocketClientInterface.lambda$init$0(SocketClientInterface.java:57)] Failed trying to connect to localhost on port 10001[0m
[[33m19:31:41.244 COMMUNICATION (WARNING) on SocketClient(localhost:19999) utils.communication.SocketClientInterface.lambda$init$0(SocketClientInterface.java:57)] Failed trying to connect to localhost on port 19999[0m
[[34m19:31:41.245 STDOUT (DEBUG) on Thread-6 simulator.SimulatorManagerLauncher.launchSimulatorManager(SimulatorManagerLauncher.java:190)] Listener LL-Master lancé sur le port 10001[0m
[[34m19:31:41.247 STDOUT (DEBUG) on Thread-7 simulator.SimulatedConnectionManager.<init>(SimulatedConnectionManager.java:36)] Ouverture d'une socket sur le port 10001[0m
[[34m19:31:41.344 COMMUNICATION (DEBUG) on SocketClient(localhost:10001) utils.communication.SocketClientInterface.lambda$init$0(SocketClientInterface.java:51)] Trying to connect to localhost on port 10001[0m
[[34m19:31:41.345 COMMUNICATION (DEBUG) on SocketClient(localhost:19999) utils.communication.SocketClientInterface.lambda$init$0(SocketClientInterface.java:51)] Trying to connect to localhost on port 19999[0m
[[34m19:31:41.345 COMMUNICATION (DEBUG) on SocketClient(localhost:10001) utils.communication.SocketClientInterface.lambda$init$0(SocketClientInterface.java:53)] Socket created to localhost on port 10001[0m
[[33m19:31:41.346 COMMUNICATION (WARNING) on SocketClient(localhost:19999) utils.communication.SocketClientInterface.lambda$init$0(SocketClientInterface.java:57)] Failed trying to connect to localhost on port 19999[0m
[[34m19:31:41.346 STDOUT (DEBUG) on Thread-7 simulator.SimulatedConnectionManager.<init>(SimulatedConnectionManager.java:43)] Socket connectée sur le port 10001[0m
[[34m19:31:41.346 COMMUNICATION (DEBUG) on SocketClient(localhost:10001) utils.communication.SocketClientInterface.lambda$init$0(SocketClientInterface.java:70)] SUCCESS to connect to localhost on port 10001[0m
[[34m19:31:41.347 STDOUT (DEBUG) on Thread-6 simulator.SimulatorManagerLauncher.launchSimulatorManager(SimulatorManagerLauncher.java:303)] (10001) Listener connecté[0m
[[34m19:31:41.349 STDOUT (DEBUG) on Thread-6 simulator.SimulatedRobot.launch(SimulatedRobot.java:139)] (10001) Robot simulé démarré[0m
[[34m19:31:41.349 STDOUT (DEBUG) on Thread-6 simulator.SimulatorManagerLauncher.launchSimulatorManager(SimulatorManagerLauncher.java:313)] (10001) Robot simulé instancié[0m
[[34m19:31:41.350 STDOUT (DEBUG) on Thread-6 simulator.SimulatorManagerLauncher.launchSimulatorManager(SimulatorManagerLauncher.java:317)] Instanciation de l'interface graphique[0m
[[34m19:31:41.350 STDOUT (DEBUG) on Thread-6 simulator.SimulatedConnectionManager.<init>(SimulatedConnectionManager.java:36)] Ouverture d'une socket sur le port 19999[0m
[[34m19:31:41.446 COMMUNICATION (DEBUG) on SocketClient(localhost:19999) utils.communication.SocketClientInterface.lambda$init$0(SocketClientInterface.java:51)] Trying to connect to localhost on port 19999[0m
[[34m19:31:41.447 COMMUNICATION (DEBUG) on SocketClient(localhost:19999) utils.communication.SocketClientInterface.lambda$init$0(SocketClientInterface.java:53)] Socket created to localhost on port 19999[0m
[[34m19:31:41.448 COMMUNICATION (DEBUG) on SocketClient(localhost:19999) utils.communication.SocketClientInterface.lambda$init$0(SocketClientInterface.java:70)] SUCCESS to connect to localhost on port 19999[0m
[[34m19:31:41.448 STDOUT (DEBUG) on Thread-6 simulator.SimulatedConnectionManager.<init>(SimulatedConnectionManager.java:43)] Socket connectée sur le port 19999[0m
[[34m19:31:41.580 COMMUNICATION (DEBUG) on pool-1-thread-1 data.controlers.Listener.asyncInit(Listener.java:257)] Listener opérationnel[0m
[[34m19:31:41.767 DATA_HANDLER (DEBUG) on DataController data.controlers.DataController.run(DataController.java:172)] Controller opérationnel[0m
[[34m19:31:42.415 STDOUT (DEBUG) on Thread-6 simulator.GraphicalInterface.launch(GraphicalInterface.java:200)] Interface graphique démarrée[0m
[[34m19:31:42.415 STDOUT (DEBUG) on Thread-6 simulator.SimulatorManagerLauncher.launchSimulatorManager(SimulatorManagerLauncher.java:337)] Interface graphique instanciée[0m
[[34m19:31:42.424 STDOUT (DEBUG) on Thread-6 simulator.SimulatorManager.launch(SimulatorManager.java:139)] Manager de simulation démarré[0m
[[34m19:31:42.424 STDOUT (DEBUG) on Thread-6 simulator.SimulatorManagerLauncher.launchSimulatorManager(SimulatorManagerLauncher.java:351)] Manager de simulation instancié[0m
[[34m19:31:46.243 COMMUNICATION (DEBUG) on main main.RobotEntryPoint.entryPoint(RobotEntryPoint.java:61)] Connection established, starting match[0m
[[34m19:31:46.247 ORDERS (DEBUG) on main MainMaster.act(MainMaster.java:106)] Sent to LL: maxro 0.50000[0m
[[34m19:31:46.248 DATA_HANDLER (DEBUG) on main utils.HLInstance.module(HLInstance.java:271)] Initialisation du moduleClass Match[0m
[[34m19:31:46.249 DATA_HANDLER (DEBUG) on main utils.HLInstance.module(HLInstance.java:271)] Initialisation du moduleClass ActuatorsModule[0m
[[34m19:31:46.250 STDOUT (DEBUG) on SimulatorManagerThread simulator.SimulatorManager.handleMessageLL(SimulatorManager.java:239)] SIMULATEUR-LL : message reçu : maxro 0.50000[0m
[[34m19:31:46.253 STDOUT (DEBUG) on SimulatorManagerThread simulator.SimulatorManager.handleMessageLL(SimulatorManager.java:335)] SIMULATEUR-LL : l'ordre "maxro" est inconnu[0m
[[34m19:31:46.279 DATA_HANDLER (DEBUG) on main utils.HLInstance.module(HLInstance.java:285)] Mise à jour de la config du moduleClass ActuatorsModule après son initialisation.[0m
[[34m19:31:46.279 DATA_HANDLER (DEBUG) on main utils.HLInstance.module(HLInstance.java:297)] Module ActuatorsModule prêt[0m
[[34m19:31:46.279 DATA_HANDLER (DEBUG) on main utils.HLInstance.module(HLInstance.java:285)] Mise à jour de la config du moduleClass Match après son initialisation.[0m
[[34m19:31:46.280 STDOUT (DEBUG) on main pfg.config.Config.loadInto(Config.java:274)] Set private long scripts.Script.locomotionObstructedTimeout to 2000[0m
[[34m19:31:46.280 STDOUT (DEBUG) on main pfg.config.Config.loadInto(Config.java:274)] Set protected boolean scripts.Script.symetry to false[0m
[[34m19:31:46.280 DATA_HANDLER (DEBUG) on main utils.HLInstance.module(HLInstance.java:297)] Module Match prêt[0m
[[34m19:31:46.288 ORDERS (DEBUG) on main orders.OrderWrapper.setPositionAndOrientation(OrderWrapper.java:180)] SensorState.ACTUATOR_ACTUATING = true[0m
[[34m19:31:46.295 ORDERS (DEBUG) on main orders.OrderWrapper.setPositionAndOrientation(OrderWrapper.java:168)] Sent to LL: !cxyo 0 0 0.00000[0m
[[34m19:31:46.298 STDOUT (DEBUG) on SimulatorManagerThread simulator.SimulatorManager.handleMessageLL(SimulatorManager.java:239)] SIMULATEUR-LL : message reçu : !cxyo 0 0 0.00000[0m
[[34m19:31:46.300 COMMUNICATION (DEBUG) on pool-1-thread-1 data.controlers.DataController.handleEvent(DataController.java:251)] Got event: confirmOrder cxyo 0 0 0.00000[0m
[[34m19:31:46.300 COMMUNICATION (DEBUG) on pool-1-thread-1 data.controlers.DataController.handleEvent(DataController.java:285)] Received confirmation for order (cxyo)[0m
[[34m19:31:46.300 ORDERS (DEBUG) on pool-1-thread-1 data.controlers.DataController.handleEvent(DataController.java:286)] SensorState.ACTUATOR_ACTUATING = false[0m
[[34m19:31:46.302 COMMUNICATION (DEBUG) on main data.controlers.DataController.waitForTwoPositionUpdates(DataController.java:548)] Waiting for two position updates[0m
[[34m19:31:46.313 ORDERS (DEBUG) on main locomotion.PathFollower.turnTowards(PathFollower.java:301)] SensorState.DISABLE_LIDAR = true[0m
[[34m19:31:46.313 ORDERS (DEBUG) on main locomotion.PathFollower.turnTowards(PathFollower.java:303)] SensorState.MOVING = true[0m
[[34m19:31:46.314 ORDERS (DEBUG) on main locomotion.Locomotion.turnTowards(Locomotion.java:139)] Sent to LL: t -0.78540[0m
[[34m19:31:46.316 STDOUT (DEBUG) on SimulatorManagerThread simulator.SimulatorManager.handleMessageLL(SimulatorManager.java:239)] SIMULATEUR-LL : message reçu : t -0.78540[0m
[[34m19:31:47.789 STDOUT (DEBUG) on SimulatorManagerThread simulator.SimulatedRobot.trySendStoppedMovingMessage(SimulatedRobot.java:193)] stoppedMoving[0m
[[34m19:31:47.790 COMMUNICATION (DEBUG) on pool-1-thread-1 data.controlers.DataController.handleEvent(DataController.java:251)] Got event: stoppedMoving[0m
[[34m19:31:47.790 ORDERS (DEBUG) on pool-1-thread-1 data.controlers.DataController.handleEvent(DataController.java:263)] SensorState.MOVING = false[0m
[[34m19:31:47.792 STDOUT (DEBUG) on pool-1-thread-1 data.controlers.DataController.handleEvent(DataController.java:264)] Position at StoppedMoving: (x,y)=(0,0), o=-0.7854[0m
[[34m19:31:47.795 ORDERS (DEBUG) on main locomotion.PathFollower.turnTowards(PathFollower.java:317)] SensorState.DISABLE_LIDAR = false[0m
[[34m19:31:47.810 ORDERS (DEBUG) on main locomotion.PathFollower.moveLengthwise(PathFollower.java:165)] SensorState.MOVING = true[0m
[[34m19:31:47.812 LOCOMOTION (DEBUG) on main locomotion.PathFollower.moveLengthwise(PathFollower.java:166)] Move lengthwise 400[0m
[[34m19:31:47.813 ORDERS (DEBUG) on main locomotion.Locomotion.moveLengthwise(Locomotion.java:131)] Sent to LL: d 400 false[0m
[[34m19:31:47.815 STDOUT (DEBUG) on SimulatorManagerThread simulator.SimulatorManager.handleMessageLL(SimulatorManager.java:239)] SIMULATEUR-LL : message reçu : d 400 false[0m
[[33m19:31:47.815 COMMUNICATION (WARNING) on SimulatorManagerThread simulator.SimulatedRobot.moveLengthwise(SimulatedRobot.java:382)] C:707, D:-707[0m
[[33m19:31:47.816 COMMUNICATION (WARNING) on SimulatorManagerThread simulator.SimulatedRobot.moveLengthwise(SimulatedRobot.java:384)] A:(0,0), B:(283,-283), C:(707,-707)[0m
[[34m19:31:48.252 STDOUT (DEBUG) on SimulatorManagerThread simulator.SimulatedRobot.trySendStoppedMovingMessage(SimulatedRobot.java:193)] stoppedMoving[0m
[[34m19:31:48.253 COMMUNICATION (DEBUG) on pool-1-thread-1 data.controlers.DataController.handleEvent(DataController.java:251)] Got event: stoppedMoving[0m
[[34m19:31:48.253 ORDERS (DEBUG) on pool-1-thread-1 data.controlers.DataController.handleEvent(DataController.java:263)] SensorState.MOVING = false[0m
[[34m19:31:48.253 STDOUT (DEBUG) on pool-1-thread-1 data.controlers.DataController.handleEvent(DataController.java:264)] Position at StoppedMoving: (x,y)=(283,-283), o=-0.7854[0m
[[34m19:31:48.304 ORDERS (DEBUG) on main locomotion.PathFollower.moveLengthwise(PathFollower.java:217)] Sent to LL: maxtr 500.00000[0m
[[34m19:31:48.304 ORDERS (DEBUG) on main locomotion.PathFollower.moveLengthwise(PathFollower.java:217)] Sent to LL: maxro 6.28319[0m
[[34m19:31:48.304 LOCOMOTION (DEBUG) on main locomotion.PathFollower.moveLengthwise(PathFollower.java:224)] End of move lengthwise[0m
[[34m19:31:48.304 ORDERS (DEBUG) on main locomotion.PathFollower.turnTowards(PathFollower.java:301)] SensorState.DISABLE_LIDAR = true[0m
[[34m19:31:48.304 ORDERS (DEBUG) on main locomotion.PathFollower.turnTowards(PathFollower.java:303)] SensorState.MOVING = true[0m
[[34m19:31:48.305 ORDERS (DEBUG) on main locomotion.Locomotion.turnTowards(Locomotion.java:139)] Sent to LL: t -1.57080[0m
[[34m19:31:48.306 STDOUT (DEBUG) on SimulatorManagerThread simulator.SimulatorManager.handleMessageLL(SimulatorManager.java:239)] SIMULATEUR-LL : message reçu : maxtr 500.00000[0m
[[34m19:31:48.306 STDOUT (DEBUG) on SimulatorManagerThread simulator.SimulatorManager.handleMessageLL(SimulatorManager.java:335)] SIMULATEUR-LL : l'ordre "maxtr" est inconnu[0m
[[34m19:31:48.314 STDOUT (DEBUG) on SimulatorManagerThread simulator.SimulatorManager.handleMessageLL(SimulatorManager.java:239)] SIMULATEUR-LL : message reçu : maxro 6.28319[0m
[[34m19:31:48.314 STDOUT (DEBUG) on SimulatorManagerThread simulator.SimulatorManager.handleMessageLL(SimulatorManager.java:335)] SIMULATEUR-LL : l'ordre "maxro" est inconnu[0m
[[34m19:31:48.317 STDOUT (DEBUG) on SimulatorManagerThread simulator.SimulatorManager.handleMessageLL(SimulatorManager.java:239)] SIMULATEUR-LL : message reçu : t -1.57080[0m
[[34m19:31:48.529 STDOUT (DEBUG) on SimulatorManagerThread simulator.SimulatedRobot.trySendStoppedMovingMessage(SimulatedRobot.java:193)] stoppedMoving[0m
[[34m19:31:48.529 COMMUNICATION (DEBUG) on pool-1-thread-1 data.controlers.DataController.handleEvent(DataController.java:251)] Got event: stoppedMoving[0m
[[34m19:31:48.529 ORDERS (DEBUG) on pool-1-thread-1 data.controlers.DataController.handleEvent(DataController.java:263)] SensorState.MOVING = false[0m
[[34m19:31:48.530 STDOUT (DEBUG) on pool-1-thread-1 data.controlers.DataController.handleEvent(DataController.java:264)] Position at StoppedMoving: (x,y)=(283,-283), o=-1.5694[0m
[[34m19:31:48.533 ORDERS (DEBUG) on main locomotion.PathFollower.turnTowards(PathFollower.java:317)] SensorState.DISABLE_LIDAR = false[0m
[[34m19:31:48.533 ORDERS (DEBUG) on main locomotion.PathFollower.moveLengthwise(PathFollower.java:165)] SensorState.MOVING = true[0m
[[34m19:31:48.533 LOCOMOTION (DEBUG) on main locomotion.PathFollower.moveLengthwise(PathFollower.java:166)] Move lengthwise 200[0m
[[34m19:31:48.533 ORDERS (DEBUG) on main locomotion.Locomotion.moveLengthwise(Locomotion.java:131)] Sent to LL: d 200 false[0m
[[34m19:31:48.534 STDOUT (DEBUG) on SimulatorManagerThread simulator.SimulatorManager.handleMessageLL(SimulatorManager.java:239)] SIMULATEUR-LL : message reçu : d 200 false[0m
[[33m19:31:48.534 COMMUNICATION (WARNING) on SimulatorManagerThread simulator.SimulatedRobot.moveLengthwise(SimulatedRobot.java:382)] C:0, D:-1000[0m
[[33m19:31:48.534 COMMUNICATION (WARNING) on SimulatorManagerThread simulator.SimulatedRobot.moveLengthwise(SimulatedRobot.java:384)] A:(283,-283), B:(283,-483), C:(0,-1000)[0m
[[34m19:31:48.789 STDOUT (DEBUG) on SimulatorManagerThread simulator.SimulatedRobot.trySendStoppedMovingMessage(SimulatedRobot.java:193)] stoppedMoving[0m
[[34m19:31:48.797 COMMUNICATION (DEBUG) on pool-1-thread-1 data.controlers.DataController.handleEvent(DataController.java:251)] Got event: stoppedMoving[0m
[[34m19:31:48.797 ORDERS (DEBUG) on pool-1-thread-1 data.controlers.DataController.handleEvent(DataController.java:263)] SensorState.MOVING = false[0m
[[34m19:31:48.797 STDOUT (DEBUG) on pool-1-thread-1 data.controlers.DataController.handleEvent(DataController.java:264)] Position at StoppedMoving: (x,y)=(283,-483), o=-1.5708[0m
[[34m19:31:48.857 ORDERS (DEBUG) on main locomotion.PathFollower.moveLengthwise(PathFollower.java:217)] Sent to LL: maxtr 500.00000[0m
[[34m19:31:48.858 ORDERS (DEBUG) on main locomotion.PathFollower.moveLengthwise(PathFollower.java:217)] Sent to LL: maxro 6.28319[0m
[[34m19:31:48.858 LOCOMOTION (DEBUG) on main locomotion.PathFollower.moveLengthwise(PathFollower.java:224)] End of move lengthwise[0m
[[34m19:31:48.858 ORDERS (DEBUG) on main locomotion.PathFollower.turnTowards(PathFollower.java:301)] SensorState.DISABLE_LIDAR = true[0m
[[34m19:31:48.858 ORDERS (DEBUG) on main locomotion.PathFollower.turnTowards(PathFollower.java:303)] SensorState.MOVING = true[0m
[[34m19:31:48.858 ORDERS (DEBUG) on main locomotion.Locomotion.turnTowards(Locomotion.java:139)] Sent to LL: t 1.57080[0m
[[34m19:31:48.860 STDOUT (DEBUG) on SimulatorManagerThread simulator.SimulatorManager.handleMessageLL(SimulatorManager.java:239)] SIMULATEUR-LL : message reçu : maxtr 500.00000[0m
[[34m19:31:48.860 STDOUT (DEBUG) on SimulatorManagerThread simulator.SimulatorManager.handleMessageLL(SimulatorManager.java:335)] SIMULATEUR-LL : l'ordre "maxtr" est inconnu[0m
[[34m19:31:48.863 STDOUT (DEBUG) on SimulatorManagerThread simulator.SimulatorManager.handleMessageLL(SimulatorManager.java:239)] SIMULATEUR-LL : message reçu : maxro 6.28319[0m
[[34m19:31:48.863 STDOUT (DEBUG) on SimulatorManagerThread simulator.SimulatorManager.handleMessageLL(SimulatorManager.java:335)] SIMULATEUR-LL : l'ordre "maxro" est inconnu[0m
[[34m19:31:48.866 STDOUT (DEBUG) on SimulatorManagerThread simulator.SimulatorManager.handleMessageLL(SimulatorManager.java:239)] SIMULATEUR-LL : message reçu : t 1.57080[0m
[[34m19:31:49.695 STDOUT (DEBUG) on SimulatorManagerThread simulator.SimulatedRobot.trySendStoppedMovingMessage(SimulatedRobot.java:193)] stoppedMoving[0m
[[34m19:31:49.695 COMMUNICATION (DEBUG) on pool-1-thread-1 data.controlers.DataController.handleEvent(DataController.java:251)] Got event: stoppedMoving[0m
[[34m19:31:49.696 ORDERS (DEBUG) on pool-1-thread-1 data.controlers.DataController.handleEvent(DataController.java:263)] SensorState.MOVING = false[0m
[[34m19:31:49.696 STDOUT (DEBUG) on pool-1-thread-1 data.controlers.DataController.handleEvent(DataController.java:264)] Position at StoppedMoving: (x,y)=(283,-483), o=1.5708[0m
[[34m19:31:49.696 ORDERS (DEBUG) on main locomotion.PathFollower.turnTowards(PathFollower.java:317)] SensorState.DISABLE_LIDAR = false[0m
[[34m19:31:49.696 ORDERS (DEBUG) on main locomotion.PathFollower.moveLengthwise(PathFollower.java:165)] SensorState.MOVING = true[0m
[[34m19:31:49.696 LOCOMOTION (DEBUG) on main locomotion.PathFollower.moveLengthwise(PathFollower.java:166)] Move lengthwise 300[0m
[[34m19:31:49.697 ORDERS (DEBUG) on main locomotion.Locomotion.moveLengthwise(Locomotion.java:131)] Sent to LL: d 300 false[0m
[[34m19:31:49.698 STDOUT (DEBUG) on SimulatorManagerThread simulator.SimulatorManager.handleMessageLL(SimulatorManager.java:239)] SIMULATEUR-LL : message reçu : d 300 false[0m
[[33m19:31:49.698 COMMUNICATION (WARNING) on SimulatorManagerThread simulator.SimulatedRobot.moveLengthwise(SimulatedRobot.java:382)] C:0, D:1000[0m
[[33m19:31:49.698 COMMUNICATION (WARNING) on SimulatorManagerThread simulator.SimulatedRobot.moveLengthwise(SimulatedRobot.java:384)] A:(283,-483), B:(283,-183), C:(0,1000)[0m
