[[34m15:44:57.314 STDOUT (DEBUG) on main utils.HLInstance.<init>(HLInstance.java:104)] Version : d1a5ef2 on master - [gitignore .idea, .gradle][0m
[[34m15:44:57.316 STDOUT (DEBUG) on main utils.HLInstance.<init>(HLInstance.java:112)] System : Linux 5.8.0-50-generic amd64[0m
[[34m15:44:57.322 STDOUT (DEBUG) on main utils.HLInstance.<init>(HLInstance.java:114)] Java : Oracle Corporation 16, max memory : 3.87G, available processors : 12[0m
[[34m15:44:57.323 STDOUT (DEBUG) on main utils.HLInstance.<init>(HLInstance.java:117)] [0m
[[34m15:44:57.323 STDOUT (DEBUG) on main utils.HLInstance.<init>(HLInstance.java:119)]    Remember, with great power comes great current squared times resistance !
[0m
[[34m15:44:57.323 STDOUT (DEBUG) on main utils.HLInstance.<init>(HLInstance.java:122)] Chargement de la config...[0m
[[34m15:44:57.337 STDOUT (DEBUG) on main pfg.config.Config.readConfigFile(Config.java:166)] Loading config file : /home/brunlois/IdeaProjects/TechTheTiller-HighLevel/bin/../config/config.txt[0m
[[31m15:44:57.352 STDERR (CRITICAL) on main] Unknown key : RECALAGE_MECA_BLUE_ACC, also tried recalageMecaBlueAcc[0m
[[31m15:44:57.353 STDERR (CRITICAL) on main] Unknown key : MILIEU_ECUEIL_PRIVE_XBLEU, also tried milieuEcueilPriveXbleu[0m
[[34m15:44:57.354 STDOUT (DEBUG) on main pfg.config.Config.printChangedValues(Config.java:465)] Configuration diff :[0m
[[34m15:44:57.354 STDOUT (DEBUG) on main pfg.config.Config.printChangedValues(Config.java:469)]   master = false (default : true)[0m
[[34m15:44:57.355 STDOUT (DEBUG) on main pfg.config.Config.printChangedValues(Config.java:469)]   visualisation = false (default : true)[0m
[[34m15:44:57.355 STDOUT (DEBUG) on main pfg.config.Config.printChangedValues(Config.java:469)]   usingBaliseImage = false (default : true)[0m
[[34m15:44:57.355 STDOUT (DEBUG) on main pfg.config.Config.printChangedValues(Config.java:469)]   usingPanel = false (default : true)[0m
[[34m15:44:57.356 STDOUT (DEBUG) on main pfg.config.Config.printChangedValues(Config.java:469)]   connectToBuddy = false (default : true)[0m
[[34m15:44:57.356 STDOUT (DEBUG) on main pfg.config.Config.printChangedValues(Config.java:469)]   ledCount = 1 (default : 16)[0m
[[34m15:44:57.356 STDOUT (DEBUG) on main pfg.config.Config.printChangedValues(Config.java:469)]   using7Segments = false (default : true)[0m
[[34m15:44:57.356 STDOUT (DEBUG) on main pfg.config.Config.printChangedValues(Config.java:469)]   robotRay = 142 (default : 190)[0m
[[34m15:44:57.357 STDOUT (DEBUG) on main pfg.config.Config.printChangedValues(Config.java:469)]   buddyRay = 190 (default : 150)[0m
[[34m15:44:57.357 STDOUT (DEBUG) on main pfg.config.Config.printChangedValues(Config.java:469)]   ennemyRay = 150 (default : 220)[0m
[[34m15:44:57.357 STDOUT (DEBUG) on main pfg.config.Config.printChangedValues(Config.java:469)]   vectorComparisonThreshold = 15 (default : 5)[0m
[[34m15:44:57.358 STDOUT (DEBUG) on main pfg.config.Config.printChangedValues(Config.java:469)]   nbrNoeudsX = 30 (default : 45)[0m
[[34m15:44:57.358 STDOUT (DEBUG) on main pfg.config.Config.printChangedValues(Config.java:469)]   nbrNoeudsY = 20 (default : 30)[0m
[[34m15:44:57.358 STDOUT (DEBUG) on main pfg.config.Config.printChangedValues(Config.java:469)]   nbrNoeudsCircle = 14 (default : 12)[0m
[[34m15:44:57.367 DATA_HANDLER (DEBUG) on main utils.HLInstance.module(HLInstance.java:271)] Initialisation du moduleClass Table[0m
[[34m15:44:57.367 DATA_HANDLER (DEBUG) on main utils.HLInstance.module(HLInstance.java:285)] Mise à jour de la config du moduleClass Table après son initialisation.[0m
[[34m15:44:57.375 STDOUT (DEBUG) on main pfg.config.Config.loadInto(Config.java:274)] Set private boolean data.Table.symetry to false[0m
[[34m15:44:57.376 STDOUT (DEBUG) on main pfg.config.Config.loadInto(Config.java:274)] Set private int data.Table.length to 3000[0m
[[34m15:44:57.376 STDOUT (DEBUG) on main pfg.config.Config.loadInto(Config.java:274)] Set private int data.Table.height to 2000[0m
[[34m15:44:57.376 STDOUT (DEBUG) on main pfg.config.Config.loadInto(Config.java:274)] Set private int data.Table.robotRay to 142[0m
[[34m15:44:57.377 STDOUT (DEBUG) on main pfg.config.Config.loadInto(Config.java:274)] Set private int data.Table.buddyRay to 190[0m
[[34m15:44:57.377 STDOUT (DEBUG) on main pfg.config.Config.loadInto(Config.java:274)] Set private int data.Table.ennemyRay to 150[0m
[[34m15:44:57.377 STDOUT (DEBUG) on main pfg.config.Config.loadInto(Config.java:274)] Set private int data.Table.compareThreshold to 15[0m
[[34m15:44:57.377 STDOUT (DEBUG) on main pfg.config.Config.loadInto(Config.java:274)] Set private boolean data.Table.openTheGate to false[0m
[[34m15:44:57.378 DATA_HANDLER (DEBUG) on main utils.HLInstance.module(HLInstance.java:297)] Module Table prêt[0m
[[34m15:44:57.378 DATA_HANDLER (DEBUG) on main utils.HLInstance.module(HLInstance.java:271)] Initialisation du moduleClass Graphe[0m
[[34m15:44:57.379 DATA_HANDLER (DEBUG) on main utils.HLInstance.module(HLInstance.java:285)] Mise à jour de la config du moduleClass Graphe après son initialisation.[0m
[[34m15:44:57.379 STDOUT (DEBUG) on main pfg.config.Config.loadInto(Config.java:274)] Set private int data.Graphe.nodeCircleNbr to 14[0m
[[34m15:44:57.380 STDOUT (DEBUG) on main pfg.config.Config.loadInto(Config.java:274)] Set private double data.Graphe.spaceCircleParameter to 1.2[0m
[[34m15:44:57.380 STDOUT (DEBUG) on main pfg.config.Config.loadInto(Config.java:274)] Set private int data.Graphe.nodeXNbr to 30[0m
[[34m15:44:57.380 STDOUT (DEBUG) on main pfg.config.Config.loadInto(Config.java:274)] Set private int data.Graphe.nodeYNbr to 20[0m
[[34m15:44:57.381 STDOUT (DEBUG) on main pfg.config.Config.loadInto(Config.java:274)] Set private int data.Graphe.partitioningX to 25[0m
[[34m15:44:57.381 STDOUT (DEBUG) on main pfg.config.Config.loadInto(Config.java:274)] Set private int data.Graphe.partitioningY to 25[0m
[[34m15:44:57.686 DATA_HANDLER (DEBUG) on main utils.HLInstance.module(HLInstance.java:297)] Module Graphe prêt[0m
[[34m15:44:57.686 DATA_HANDLER (DEBUG) on main utils.HLInstance.module(HLInstance.java:271)] Initialisation du moduleClass Pathfinder[0m
[[34m15:44:57.687 DATA_HANDLER (DEBUG) on main utils.HLInstance.module(HLInstance.java:285)] Mise à jour de la config du moduleClass Pathfinder après son initialisation.[0m
[[34m15:44:57.687 DATA_HANDLER (DEBUG) on main utils.HLInstance.module(HLInstance.java:297)] Module Pathfinder prêt[0m
[[34m15:44:57.688 DATA_HANDLER (DEBUG) on main utils.HLInstance.module(HLInstance.java:271)] Initialisation du moduleClass OrderWrapper[0m
[[34m15:44:57.688 DATA_HANDLER (DEBUG) on main utils.HLInstance.module(HLInstance.java:285)] Mise à jour de la config du moduleClass OrderWrapper après son initialisation.[0m
[[34m15:44:57.688 STDOUT (DEBUG) on main pfg.config.Config.loadInto(Config.java:274)] Set private boolean orders.OrderWrapper.symetry to false[0m
[[34m15:44:57.690 STDOUT (DEBUG) on main pfg.config.Config.loadInto(Config.java:274)] Set private boolean orders.OrderWrapper.simulation to true[0m
[[34m15:44:57.691 STDOUT (DEBUG) on main pfg.config.Config.loadInto(Config.java:274)] Set private boolean orders.OrderWrapper.usingBaliseImage to false[0m
[[34m15:44:57.692 DATA_HANDLER (DEBUG) on main utils.HLInstance.module(HLInstance.java:297)] Module OrderWrapper prêt[0m
[[34m15:44:57.692 DATA_HANDLER (DEBUG) on main utils.HLInstance.module(HLInstance.java:271)] Initialisation du moduleClass PathFollower[0m
[[34m15:44:57.693 DATA_HANDLER (DEBUG) on main utils.HLInstance.module(HLInstance.java:285)] Mise à jour de la config du moduleClass PathFollower après son initialisation.[0m
[[34m15:44:57.693 STDOUT (DEBUG) on main pfg.config.Config.loadInto(Config.java:274)] Set private long locomotion.PathFollower.locomotionLoopDelay to 20[0m
[[34m15:44:57.693 STDOUT (DEBUG) on main pfg.config.Config.loadInto(Config.java:274)] Set private int locomotion.PathFollower.locomotionDistanceCheck to 200[0m
[[34m15:44:57.694 STDOUT (DEBUG) on main pfg.config.Config.loadInto(Config.java:274)] Set private int locomotion.PathFollower.locomotionRadiusCheck to 200[0m
[[34m15:44:57.694 STDOUT (DEBUG) on main pfg.config.Config.loadInto(Config.java:274)] Set private long locomotion.PathFollower.locomotionObstructedTimeout to 2000[0m
[[34m15:44:57.694 STDOUT (DEBUG) on main pfg.config.Config.loadInto(Config.java:274)] Set private boolean locomotion.PathFollower.simulation to true[0m
[[34m15:44:57.696 DATA_HANDLER (DEBUG) on main utils.HLInstance.module(HLInstance.java:297)] Module PathFollower prêt[0m
[[34m15:44:57.696 DATA_HANDLER (DEBUG) on main utils.HLInstance.module(HLInstance.java:271)] Initialisation du moduleClass Locomotion[0m
[[34m15:44:57.696 DATA_HANDLER (DEBUG) on main utils.HLInstance.module(HLInstance.java:285)] Mise à jour de la config du moduleClass Locomotion après son initialisation.[0m
[[34m15:44:57.697 STDOUT (DEBUG) on main pfg.config.Config.loadInto(Config.java:274)] Set private int locomotion.Locomotion.vectorComparisonThreshold to 15[0m
[[34m15:44:57.697 STDOUT (DEBUG) on main pfg.config.Config.loadInto(Config.java:274)] Set private long locomotion.Locomotion.locomotionObstructedTimeout to 2000[0m
[[34m15:44:57.697 DATA_HANDLER (DEBUG) on main utils.HLInstance.module(HLInstance.java:297)] Module Locomotion prêt[0m
[[34m15:44:57.697 DATA_HANDLER (DEBUG) on main utils.HLInstance.module(HLInstance.java:271)] Initialisation du moduleClass HookFactory[0m
[[34m15:44:57.697 DATA_HANDLER (DEBUG) on main utils.HLInstance.module(HLInstance.java:285)] Mise à jour de la config du moduleClass HookFactory après son initialisation.[0m
[[34m15:44:57.697 DATA_HANDLER (DEBUG) on main utils.HLInstance.module(HLInstance.java:297)] Module HookFactory prêt[0m
[[34m15:44:57.698 DATA_HANDLER (DEBUG) on main utils.HLInstance.module(HLInstance.java:271)] Initialisation du moduleClass ConnectionManager[0m
[[34m15:44:57.698 DATA_HANDLER (DEBUG) on main utils.HLInstance.module(HLInstance.java:285)] Mise à jour de la config du moduleClass ConnectionManager après son initialisation.[0m
[[34m15:44:57.698 DATA_HANDLER (DEBUG) on main utils.HLInstance.module(HLInstance.java:297)] Module ConnectionManager prêt[0m
[[34m15:44:57.698 DATA_HANDLER (DEBUG) on main utils.HLInstance.module(HLInstance.java:271)] Initialisation du moduleClass SimulatorDebug[0m
[[34m15:44:57.698 DATA_HANDLER (DEBUG) on main utils.HLInstance.module(HLInstance.java:285)] Mise à jour de la config du moduleClass SimulatorDebug après son initialisation.[0m
[[34m15:44:57.699 STDOUT (DEBUG) on main pfg.config.Config.loadInto(Config.java:274)] Set private boolean utils.communication.SimulatorDebug.active to true[0m
[[34m15:44:57.699 DATA_HANDLER (DEBUG) on main utils.HLInstance.module(HLInstance.java:297)] Module SimulatorDebug prêt[0m
[[34m15:44:57.699 DATA_HANDLER (DEBUG) on main utils.HLInstance.module(HLInstance.java:271)] Initialisation du moduleClass PanneauModule[0m
[[34m15:44:57.699 DATA_HANDLER (DEBUG) on main utils.HLInstance.module(HLInstance.java:285)] Mise à jour de la config du moduleClass PanneauModule après son initialisation.[0m
[[34m15:44:57.700 STDOUT (DEBUG) on main pfg.config.Config.loadInto(Config.java:274)] Set private long data.controlers.PanneauModule.scoreUpdatePeriod to 100[0m
[[34m15:44:57.700 STDOUT (DEBUG) on main pfg.config.Config.loadInto(Config.java:274)] Set private java.lang.String data.controlers.PanneauModule.couleur to jaune[0m
[[34m15:44:57.700 STDOUT (DEBUG) on main pfg.config.Config.loadInto(Config.java:274)] Set private int data.controlers.PanneauModule.ledProgramPort to 19500[0m
[[34m15:44:57.700 STDOUT (DEBUG) on main pfg.config.Config.loadInto(Config.java:274)] Set private int data.controlers.PanneauModule.ledCount to 1[0m
[[34m15:44:57.701 STDOUT (DEBUG) on main pfg.config.Config.loadInto(Config.java:274)] Set private boolean data.controlers.PanneauModule.using7Segments to false[0m
[[34m15:44:57.701 DATA_HANDLER (DEBUG) on main utils.HLInstance.module(HLInstance.java:297)] Module PanneauModule prêt[0m
[[34m15:44:57.701 DATA_HANDLER (DEBUG) on main utils.HLInstance.module(HLInstance.java:271)] Initialisation du moduleClass Slave[0m
[[34m15:44:57.703 DATA_HANDLER (DEBUG) on main utils.HLInstance.module(HLInstance.java:271)] Initialisation du moduleClass SynchronizationWithBuddy[0m
[[34m15:44:57.703 DATA_HANDLER (DEBUG) on main utils.HLInstance.module(HLInstance.java:285)] Mise à jour de la config du moduleClass SynchronizationWithBuddy après son initialisation.[0m
[[34m15:44:57.704 STDOUT (DEBUG) on main pfg.config.Config.loadInto(Config.java:274)] Set protected boolean data.synchronization.SynchronizationCommon.symetry to false[0m
[[34m15:44:57.704 STDOUT (DEBUG) on main pfg.config.Config.loadInto(Config.java:274)] Set protected boolean data.synchronization.SynchronizationCommon.simulation to true[0m
[[34m15:44:57.704 STDOUT (DEBUG) on main pfg.config.Config.loadInto(Config.java:274)] Set protected boolean data.synchronization.SynchronizationCommon.master to false[0m
[[34m15:44:57.704 DATA_HANDLER (DEBUG) on main utils.HLInstance.module(HLInstance.java:297)] Module SynchronizationWithBuddy prêt[0m
[[34m15:44:57.704 DATA_HANDLER (DEBUG) on main utils.HLInstance.module(HLInstance.java:271)] Initialisation du moduleClass Listener[0m
[[34m15:44:57.704 DATA_HANDLER (DEBUG) on main utils.HLInstance.module(HLInstance.java:285)] Mise à jour de la config du moduleClass Listener après son initialisation.[0m
[[34m15:44:57.705 STDOUT (DEBUG) on main pfg.config.Config.loadInto(Config.java:274)] Set private boolean data.controlers.Listener.master to false[0m
[[34m15:44:57.705 STDOUT (DEBUG) on main pfg.config.Config.loadInto(Config.java:274)] Set private boolean data.controlers.Listener.simulation to true[0m
[[34m15:44:57.705 STDOUT (DEBUG) on main pfg.config.Config.loadInto(Config.java:274)] Set private boolean data.controlers.Listener.usingLidar to false[0m
[[34m15:44:57.705 STDOUT (DEBUG) on main pfg.config.Config.loadInto(Config.java:274)] Set private boolean data.controlers.Listener.usingCylinderDetection to false[0m
[[34m15:44:57.705 STDOUT (DEBUG) on main pfg.config.Config.loadInto(Config.java:274)] Set private boolean data.controlers.Listener.usingBaliseImage to false[0m
[[34m15:44:57.705 STDOUT (DEBUG) on main pfg.config.Config.loadInto(Config.java:274)] Set private boolean data.controlers.Listener.visualisation to false[0m
[[34m15:44:57.706 STDOUT (DEBUG) on main pfg.config.Config.loadInto(Config.java:274)] Set private boolean data.controlers.Listener.usingBaliseConnection to false[0m
[[34m15:44:57.706 STDOUT (DEBUG) on main pfg.config.Config.loadInto(Config.java:274)] Set private boolean data.controlers.Listener.connectToBuddy to false[0m
[[34m15:44:57.706 STDOUT (DEBUG) on main pfg.config.Config.loadInto(Config.java:274)] Set private long data.controlers.Listener.timeBetweenPosUpdates to 200[0m
[[34m15:44:57.708 DATA_HANDLER (DEBUG) on main utils.HLInstance.module(HLInstance.java:297)] Module Listener prêt[0m
[[34m15:44:57.708 COMMUNICATION (DEBUG) on pool-1-thread-1 data.controlers.Listener.asyncInit(Listener.java:186)] Listener lancé : connection aux devices...[0m
[[34m15:44:57.708 COMMUNICATION (DEBUG) on pool-1-thread-1 data.controlers.Listener.asyncInit(Listener.java:189)] Simulation initializing connections...[0m
[[34m15:44:57.708 DATA_HANDLER (DEBUG) on main utils.HLInstance.module(HLInstance.java:271)] Initialisation du moduleClass MatchTimer[0m
[[34m15:44:57.708 DATA_HANDLER (DEBUG) on main utils.HLInstance.module(HLInstance.java:285)] Mise à jour de la config du moduleClass MatchTimer après son initialisation.[0m
[[34m15:44:57.709 DATA_HANDLER (DEBUG) on main utils.HLInstance.module(HLInstance.java:297)] Module MatchTimer prêt[0m
[[34m15:44:57.709 DATA_HANDLER (DEBUG) on main utils.HLInstance.module(HLInstance.java:271)] Initialisation du moduleClass DataController[0m
[[34m15:44:57.709 COMMUNICATION (DEBUG) on pool-1-thread-1 data.controlers.Listener.asyncInit(Listener.java:191)] Simulated Teensy Master connected[0m
[[34m15:44:57.709 COMMUNICATION (DEBUG) on SocketClient(localhost:10001) utils.communication.SocketClientInterface.lambda$init$0(SocketClientInterface.java:51)] Trying to connect to localhost on port 10001[0m
[[34m15:44:57.709 COMMUNICATION (DEBUG) on pool-1-thread-1 data.controlers.Listener.asyncInit(Listener.java:194)] Debug connection init...[0m
[[34m15:44:57.709 DATA_HANDLER (DEBUG) on main utils.HLInstance.module(HLInstance.java:285)] Mise à jour de la config du moduleClass DataController après son initialisation.[0m
[[34m15:44:57.710 COMMUNICATION (DEBUG) on pool-1-thread-1 data.controlers.Listener.asyncInit(Listener.java:196)] Debug connection ready![0m
[[34m15:44:57.710 STDOUT (DEBUG) on main pfg.config.Config.loadInto(Config.java:274)] Set private boolean data.controlers.DataController.master to false[0m
[[34m15:44:57.710 COMMUNICATION (DEBUG) on SocketClient(localhost:19999) utils.communication.SocketClientInterface.lambda$init$0(SocketClientInterface.java:51)] Trying to connect to localhost on port 19999[0m
[[34m15:44:57.710 STDOUT (DEBUG) on main pfg.config.Config.loadInto(Config.java:274)] Set private boolean data.controlers.DataController.symetry to false[0m
[[34m15:44:57.714 DATA_HANDLER (DEBUG) on main utils.HLInstance.module(HLInstance.java:297)] Module DataController prêt[0m
[[34m15:44:57.714 DATA_HANDLER (DEBUG) on DataController data.controlers.DataController.run(DataController.java:164)] Controller lancé : en attente du listener...[0m
[[34m15:44:57.714 DATA_HANDLER (DEBUG) on main utils.HLInstance.module(HLInstance.java:285)] Mise à jour de la config du moduleClass Slave après son initialisation.[0m
[[34m15:44:57.715 STDOUT (DEBUG) on main pfg.config.Config.loadInto(Config.java:274)] Set private long robot.Robot.locomotionLoopDelay to 20[0m
[[34m15:44:57.715 STDOUT (DEBUG) on main pfg.config.Config.loadInto(Config.java:274)] Set private boolean robot.Robot.simulation to true[0m
[[34m15:44:57.715 STDOUT (DEBUG) on main pfg.config.Config.loadInto(Config.java:274)] Set private boolean robot.Robot.master to false[0m
[[34m15:44:57.715 STDOUT (DEBUG) on main pfg.config.Config.loadInto(Config.java:274)] Set private boolean robot.Robot.symetry to false[0m
[[34m15:44:57.715 STDOUT (DEBUG) on main pfg.config.Config.loadInto(Config.java:274)] Set private boolean robot.Robot.usingPanel to false[0m
[[34m15:44:57.716 DATA_HANDLER (DEBUG) on main utils.HLInstance.module(HLInstance.java:297)] Module Slave prêt[0m
[[31m15:44:57.716 STRATEGY (CRITICAL) on main main.RobotEntryPoint.initServices(RobotEntryPoint.java:195)] PAS DE PANNEAU[0m
[[34m15:44:57.716 STRATEGY (DEBUG) on main main.RobotEntryPoint.initServices(RobotEntryPoint.java:198)] Couleur: jaune[0m
[[34m15:44:57.716 DATA_HANDLER (DEBUG) on main utils.HLInstance.module(HLInstance.java:271)] Initialisation du moduleClass ScriptManagerSlave[0m
[[34m15:44:57.718 DATA_HANDLER (DEBUG) on main utils.HLInstance.module(HLInstance.java:271)] Initialisation du moduleClass ScriptLoisSlave[0m
[[34m15:44:57.718 DATA_HANDLER (DEBUG) on main utils.HLInstance.module(HLInstance.java:271)] Initialisation du moduleClass ActuatorsModule[0m
[[33m15:44:57.718 COMMUNICATION (WARNING) on SocketClient(localhost:10001) utils.communication.SocketClientInterface.lambda$init$0(SocketClientInterface.java:57)] Failed trying to connect to localhost on port 10001[0m
[[33m15:44:57.718 COMMUNICATION (WARNING) on SocketClient(localhost:19999) utils.communication.SocketClientInterface.lambda$init$0(SocketClientInterface.java:57)] Failed trying to connect to localhost on port 19999[0m
[[34m15:44:57.723 DATA_HANDLER (DEBUG) on main utils.HLInstance.module(HLInstance.java:285)] Mise à jour de la config du moduleClass ActuatorsModule après son initialisation.[0m
[[34m15:44:57.723 DATA_HANDLER (DEBUG) on main utils.HLInstance.module(HLInstance.java:297)] Module ActuatorsModule prêt[0m
[[34m15:44:57.723 DATA_HANDLER (DEBUG) on main utils.HLInstance.module(HLInstance.java:285)] Mise à jour de la config du moduleClass ScriptLoisSlave après son initialisation.[0m
[[34m15:44:57.724 STDOUT (DEBUG) on main pfg.config.Config.loadInto(Config.java:274)] Set private int scripts.ScriptLoisSlave.robotRay to 142[0m
[[34m15:44:57.724 STDOUT (DEBUG) on main pfg.config.Config.loadInto(Config.java:274)] Set private long scripts.Script.locomotionObstructedTimeout to 2000[0m
[[34m15:44:57.724 STDOUT (DEBUG) on main pfg.config.Config.loadInto(Config.java:274)] Set protected boolean scripts.Script.symetry to false[0m
[[34m15:44:57.724 DATA_HANDLER (DEBUG) on main utils.HLInstance.module(HLInstance.java:297)] Module ScriptLoisSlave prêt[0m
[[34m15:44:57.724 DATA_HANDLER (DEBUG) on main utils.HLInstance.module(HLInstance.java:285)] Mise à jour de la config du moduleClass ScriptManagerSlave après son initialisation.[0m
[[34m15:44:57.725 DATA_HANDLER (DEBUG) on main utils.HLInstance.module(HLInstance.java:297)] Module ScriptManagerSlave prêt[0m
[[34m15:44:57.819 COMMUNICATION (DEBUG) on SocketClient(localhost:10001) utils.communication.SocketClientInterface.lambda$init$0(SocketClientInterface.java:51)] Trying to connect to localhost on port 10001[0m
[[34m15:44:57.819 COMMUNICATION (DEBUG) on SocketClient(localhost:19999) utils.communication.SocketClientInterface.lambda$init$0(SocketClientInterface.java:51)] Trying to connect to localhost on port 19999[0m
[[33m15:44:57.819 COMMUNICATION (WARNING) on SocketClient(localhost:10001) utils.communication.SocketClientInterface.lambda$init$0(SocketClientInterface.java:57)] Failed trying to connect to localhost on port 10001[0m
[[33m15:44:57.819 COMMUNICATION (WARNING) on SocketClient(localhost:19999) utils.communication.SocketClientInterface.lambda$init$0(SocketClientInterface.java:57)] Failed trying to connect to localhost on port 19999[0m
[[34m15:44:57.919 COMMUNICATION (DEBUG) on SocketClient(localhost:10001) utils.communication.SocketClientInterface.lambda$init$0(SocketClientInterface.java:51)] Trying to connect to localhost on port 10001[0m
[[34m15:44:57.920 COMMUNICATION (DEBUG) on SocketClient(localhost:19999) utils.communication.SocketClientInterface.lambda$init$0(SocketClientInterface.java:51)] Trying to connect to localhost on port 19999[0m
[[33m15:44:57.920 COMMUNICATION (WARNING) on SocketClient(localhost:10001) utils.communication.SocketClientInterface.lambda$init$0(SocketClientInterface.java:57)] Failed trying to connect to localhost on port 10001[0m
[[33m15:44:57.920 COMMUNICATION (WARNING) on SocketClient(localhost:19999) utils.communication.SocketClientInterface.lambda$init$0(SocketClientInterface.java:57)] Failed trying to connect to localhost on port 19999[0m
[[34m15:44:57.986 DATA_HANDLER (DEBUG) on main utils.HLInstance.module(HLInstance.java:271)] Initialisation du moduleClass LidarController[0m
[[34m15:44:57.986 DATA_HANDLER (DEBUG) on main utils.HLInstance.module(HLInstance.java:285)] Mise à jour de la config du moduleClass LidarController après son initialisation.[0m
[[34m15:44:57.986 STDOUT (DEBUG) on main pfg.config.Config.loadInto(Config.java:274)] Set private boolean data.controlers.LidarController.symetry to false[0m
[[34m15:44:57.986 STDOUT (DEBUG) on main pfg.config.Config.loadInto(Config.java:274)] Set private int data.controlers.LidarController.robotRay to 142[0m
[[34m15:44:57.987 STDOUT (DEBUG) on main pfg.config.Config.loadInto(Config.java:274)] Set private int data.controlers.LidarController.ennemyRay to 150[0m
[[34m15:44:57.987 STDOUT (DEBUG) on main pfg.config.Config.loadInto(Config.java:274)] Set private java.lang.String data.controlers.LidarController.lidarProcessPath to ../bin/LiDAR_UST_10LX[0m
[[34m15:44:57.987 STDOUT (DEBUG) on main pfg.config.Config.loadInto(Config.java:274)] Set private boolean data.controlers.LidarController.usingLidar to false[0m
[[34m15:44:57.988 DATA_HANDLER (DEBUG) on main utils.HLInstance.module(HLInstance.java:297)] Module LidarController prêt[0m
[[34m15:44:57.988 DATA_HANDLER (DEBUG) on main utils.HLInstance.module(HLInstance.java:271)] Initialisation du moduleClass CylinderDetectionController[0m
[[34m15:44:57.989 DATA_HANDLER (DEBUG) on main utils.HLInstance.module(HLInstance.java:285)] Mise à jour de la config du moduleClass CylinderDetectionController après son initialisation.[0m
[[34m15:44:57.989 STDOUT (DEBUG) on main pfg.config.Config.loadInto(Config.java:274)] Set private boolean data.controlers.CylinderDetectionController.usingCylinderDetection to false[0m
[[34m15:44:57.989 STDOUT (DEBUG) on main pfg.config.Config.loadInto(Config.java:274)] Set private boolean data.controlers.CylinderDetectionController.symetry to false[0m
[[34m15:44:57.990 DATA_HANDLER (DEBUG) on main utils.HLInstance.module(HLInstance.java:297)] Module CylinderDetectionController prêt[0m
[[34m15:44:57.990 DATA_HANDLER (DEBUG) on main utils.HLInstance.module(HLInstance.java:271)] Initialisation du moduleClass AIModule[0m
[[34m15:44:57.993 DATA_HANDLER (DEBUG) on main utils.HLInstance.module(HLInstance.java:285)] Mise à jour de la config du moduleClass AIModule après son initialisation.[0m
[[34m15:44:57.993 STDOUT (DEBUG) on main pfg.config.Config.loadInto(Config.java:274)] Set private int data.Graphe.nodeCircleNbr to 14[0m
[[34m15:44:57.993 STDOUT (DEBUG) on main pfg.config.Config.loadInto(Config.java:274)] Set private double data.Graphe.spaceCircleParameter to 1.2[0m
[[34m15:44:57.993 STDOUT (DEBUG) on main pfg.config.Config.loadInto(Config.java:274)] Set private int data.Graphe.nodeXNbr to 30[0m
[[34m15:44:57.993 STDOUT (DEBUG) on main pfg.config.Config.loadInto(Config.java:274)] Set private int data.Graphe.nodeYNbr to 20[0m
[[34m15:44:57.993 STDOUT (DEBUG) on main pfg.config.Config.loadInto(Config.java:274)] Set private int data.Graphe.partitioningX to 25[0m
[[34m15:44:57.993 STDOUT (DEBUG) on main pfg.config.Config.loadInto(Config.java:274)] Set private int data.Graphe.partitioningY to 25[0m
[[34m15:44:57.993 DATA_HANDLER (DEBUG) on main utils.HLInstance.module(HLInstance.java:297)] Module AIModule prêt[0m
[[34m15:44:57.994 STDOUT (DEBUG) on main simulator.SimulatorManagerLauncher.launch(SimulatorManagerLauncher.java:166)] Lanceur de simulateur démarré[0m
[[34m15:44:57.995 STDOUT (DEBUG) on Thread-6 simulator.SimulatorManagerLauncher.launchSimulatorManager(SimulatorManagerLauncher.java:190)] Listener LL-Master lancé sur le port 10001[0m
[[34m15:44:58.011 STDOUT (DEBUG) on Thread-7 simulator.SimulatedConnectionManager.<init>(SimulatedConnectionManager.java:36)] Ouverture d'une socket sur le port 10001[0m
[[34m15:44:58.020 COMMUNICATION (DEBUG) on SocketClient(localhost:10001) utils.communication.SocketClientInterface.lambda$init$0(SocketClientInterface.java:51)] Trying to connect to localhost on port 10001[0m
[[34m15:44:58.020 COMMUNICATION (DEBUG) on SocketClient(localhost:19999) utils.communication.SocketClientInterface.lambda$init$0(SocketClientInterface.java:51)] Trying to connect to localhost on port 19999[0m
[[34m15:44:58.021 COMMUNICATION (DEBUG) on SocketClient(localhost:10001) utils.communication.SocketClientInterface.lambda$init$0(SocketClientInterface.java:53)] Socket created to localhost on port 10001[0m
[[34m15:44:58.021 STDOUT (DEBUG) on Thread-7 simulator.SimulatedConnectionManager.<init>(SimulatedConnectionManager.java:43)] Socket connectée sur le port 10001[0m
[[33m15:44:58.021 COMMUNICATION (WARNING) on SocketClient(localhost:19999) utils.communication.SocketClientInterface.lambda$init$0(SocketClientInterface.java:57)] Failed trying to connect to localhost on port 19999[0m
[[34m15:44:58.021 COMMUNICATION (DEBUG) on SocketClient(localhost:10001) utils.communication.SocketClientInterface.lambda$init$0(SocketClientInterface.java:70)] SUCCESS to connect to localhost on port 10001[0m
[[34m15:44:58.024 STDOUT (DEBUG) on Thread-6 simulator.SimulatorManagerLauncher.launchSimulatorManager(SimulatorManagerLauncher.java:303)] (10001) Listener connecté[0m
[[34m15:44:58.025 STDOUT (DEBUG) on Thread-6 simulator.SimulatedRobot.launch(SimulatedRobot.java:139)] (10001) Robot simulé démarré[0m
[[34m15:44:58.025 STDOUT (DEBUG) on Thread-6 simulator.SimulatorManagerLauncher.launchSimulatorManager(SimulatorManagerLauncher.java:313)] (10001) Robot simulé instancié[0m
[[34m15:44:58.025 STDOUT (DEBUG) on Thread-6 simulator.SimulatorManagerLauncher.launchSimulatorManager(SimulatorManagerLauncher.java:317)] Instanciation de l'interface graphique[0m
[[34m15:44:58.025 STDOUT (DEBUG) on Thread-6 simulator.SimulatedConnectionManager.<init>(SimulatedConnectionManager.java:36)] Ouverture d'une socket sur le port 19999[0m
[[34m15:44:58.121 COMMUNICATION (DEBUG) on SocketClient(localhost:19999) utils.communication.SocketClientInterface.lambda$init$0(SocketClientInterface.java:51)] Trying to connect to localhost on port 19999[0m
[[34m15:44:58.122 COMMUNICATION (DEBUG) on SocketClient(localhost:19999) utils.communication.SocketClientInterface.lambda$init$0(SocketClientInterface.java:53)] Socket created to localhost on port 19999[0m
[[34m15:44:58.122 STDOUT (DEBUG) on Thread-6 simulator.SimulatedConnectionManager.<init>(SimulatedConnectionManager.java:43)] Socket connectée sur le port 19999[0m
[[34m15:44:58.122 COMMUNICATION (DEBUG) on SocketClient(localhost:19999) utils.communication.SocketClientInterface.lambda$init$0(SocketClientInterface.java:70)] SUCCESS to connect to localhost on port 19999[0m
[[34m15:44:58.310 COMMUNICATION (DEBUG) on pool-1-thread-1 data.controlers.Listener.asyncInit(Listener.java:257)] Listener opérationnel[0m
[[34m15:44:58.315 DATA_HANDLER (DEBUG) on DataController data.controlers.DataController.run(DataController.java:172)] Controller opérationnel[0m
[[34m15:44:59.934 STDOUT (DEBUG) on Thread-6 simulator.GraphicalInterface.launch(GraphicalInterface.java:200)] Interface graphique démarrée[0m
[[34m15:44:59.935 STDOUT (DEBUG) on Thread-6 simulator.SimulatorManagerLauncher.launchSimulatorManager(SimulatorManagerLauncher.java:337)] Interface graphique instanciée[0m
[[34m15:44:59.937 STDOUT (DEBUG) on Thread-6 simulator.SimulatorManager.launch(SimulatorManager.java:139)] Manager de simulation démarré[0m
[[34m15:44:59.938 STDOUT (DEBUG) on Thread-6 simulator.SimulatorManagerLauncher.launchSimulatorManager(SimulatorManagerLauncher.java:351)] Manager de simulation instancié[0m
[[34m15:45:02.995 COMMUNICATION (DEBUG) on main main.RobotEntryPoint.entryPoint(RobotEntryPoint.java:61)] Connection established, starting match[0m
[[34m15:45:02.995 DATA_HANDLER (DEBUG) on main utils.HLInstance.module(HLInstance.java:271)] Initialisation du moduleClass MatchSlave[0m
[[34m15:45:02.996 DATA_HANDLER (DEBUG) on main utils.HLInstance.module(HLInstance.java:285)] Mise à jour de la config du moduleClass MatchSlave après son initialisation.[0m
[[34m15:45:02.996 STDOUT (DEBUG) on main pfg.config.Config.loadInto(Config.java:274)] Set private long scripts.Script.locomotionObstructedTimeout to 2000[0m
[[34m15:45:02.996 STDOUT (DEBUG) on main pfg.config.Config.loadInto(Config.java:274)] Set protected boolean scripts.Script.symetry to false[0m
[[34m15:45:02.996 DATA_HANDLER (DEBUG) on main utils.HLInstance.module(HLInstance.java:297)] Module MatchSlave prêt[0m
[[34m15:45:02.997 ORDERS (DEBUG) on main orders.OrderWrapper.setPositionAndOrientation(OrderWrapper.java:180)] SensorState.ACTUATOR_ACTUATING = true[0m
[[34m15:45:02.998 ORDERS (DEBUG) on main orders.OrderWrapper.setPositionAndOrientation(OrderWrapper.java:168)] Sent to LL: !cxyo 1200 785 1.57080[0m
[[34m15:45:02.999 STDOUT (DEBUG) on SimulatorManagerThread simulator.SimulatorManager.handleMessageLL(SimulatorManager.java:239)] SIMULATEUR-LL : message reçu : !cxyo 1200 785 1.57080[0m
[[34m15:45:03.001 COMMUNICATION (DEBUG) on pool-1-thread-1 data.controlers.DataController.handleEvent(DataController.java:251)] Got event: confirmOrder cxyo 1200 785 1.57080[0m
[[34m15:45:03.001 COMMUNICATION (DEBUG) on pool-1-thread-1 data.controlers.DataController.handleEvent(DataController.java:285)] Received confirmation for order (cxyo)[0m
[[34m15:45:03.001 ORDERS (DEBUG) on pool-1-thread-1 data.controlers.DataController.handleEvent(DataController.java:286)] SensorState.ACTUATOR_ACTUATING = false[0m
[[34m15:45:03.005 COMMUNICATION (DEBUG) on main data.controlers.DataController.waitForTwoPositionUpdates(DataController.java:548)] Waiting for two position updates[0m
[[33m15:45:03.025 STRATEGY (WARNING) on main scripts.Script.timedExecute(Script.java:174)] Starting script ScriptLoisSlave v0 at 1619963103.022[0m
[[34m15:45:03.025 ORDERS (DEBUG) on main locomotion.PathFollower.turnTowards(PathFollower.java:301)] SensorState.DISABLE_LIDAR = true[0m
[[34m15:45:03.025 ORDERS (DEBUG) on main locomotion.PathFollower.turnTowards(PathFollower.java:303)] SensorState.MOVING = true[0m
[[34m15:45:03.026 ORDERS (DEBUG) on main locomotion.Locomotion.turnTowards(Locomotion.java:139)] Sent to LL: t 3.14159[0m
[[34m15:45:03.026 STDOUT (DEBUG) on SimulatorManagerThread simulator.SimulatorManager.handleMessageLL(SimulatorManager.java:239)] SIMULATEUR-LL : message reçu : t 3.14159[0m
[[34m15:45:03.441 STDOUT (DEBUG) on SimulatorManagerThread simulator.SimulatedRobot.trySendStoppedMovingMessage(SimulatedRobot.java:193)] stoppedMoving[0m
[[34m15:45:03.442 COMMUNICATION (DEBUG) on pool-1-thread-1 data.controlers.DataController.handleEvent(DataController.java:251)] Got event: stoppedMoving[0m
[[34m15:45:03.442 ORDERS (DEBUG) on pool-1-thread-1 data.controlers.DataController.handleEvent(DataController.java:263)] SensorState.MOVING = false[0m
[[34m15:45:03.442 ORDERS (DEBUG) on main locomotion.PathFollower.turnTowards(PathFollower.java:317)] SensorState.DISABLE_LIDAR = false[0m
[[34m15:45:03.444 STDOUT (DEBUG) on pool-1-thread-1 data.controlers.DataController.handleEvent(DataController.java:264)] Position at StoppedMoving: (x,y)=(1200,785), o=3.14159[0m
[[34m15:45:03.444 ORDERS (DEBUG) on main locomotion.PathFollower.moveLengthwise(PathFollower.java:165)] SensorState.MOVING = true[0m
[[34m15:45:03.445 LOCOMOTION (DEBUG) on main locomotion.PathFollower.moveLengthwise(PathFollower.java:166)] Move lengthwise 900[0m
[[34m15:45:03.447 ORDERS (DEBUG) on main locomotion.Locomotion.moveLengthwise(Locomotion.java:131)] Sent to LL: d 900 false[0m
[[34m15:45:03.449 STDOUT (DEBUG) on SimulatorManagerThread simulator.SimulatorManager.handleMessageLL(SimulatorManager.java:239)] SIMULATEUR-LL : message reçu : d 900 false[0m
[[33m15:45:03.450 COMMUNICATION (WARNING) on SimulatorManagerThread simulator.SimulatedRobot.moveLengthwise(SimulatedRobot.java:382)] C:-1000, D:0[0m
[[33m15:45:03.450 COMMUNICATION (WARNING) on SimulatorManagerThread simulator.SimulatedRobot.moveLengthwise(SimulatedRobot.java:384)] A:(1200,785), B:(300,785), C:(-1000,0)[0m
[[34m15:45:04.376 STDOUT (DEBUG) on SimulatorManagerThread simulator.SimulatedRobot.trySendStoppedMovingMessage(SimulatedRobot.java:193)] stoppedMoving[0m
[[34m15:45:04.376 COMMUNICATION (DEBUG) on pool-1-thread-1 data.controlers.DataController.handleEvent(DataController.java:251)] Got event: stoppedMoving[0m
[[34m15:45:04.376 ORDERS (DEBUG) on pool-1-thread-1 data.controlers.DataController.handleEvent(DataController.java:263)] SensorState.MOVING = false[0m
[[34m15:45:04.376 STDOUT (DEBUG) on pool-1-thread-1 data.controlers.DataController.handleEvent(DataController.java:264)] Position at StoppedMoving: (x,y)=(300,785), o=3.14159[0m
[[34m15:45:04.433 ORDERS (DEBUG) on main locomotion.PathFollower.moveLengthwise(PathFollower.java:217)] Sent to LL: maxtr 500.00000[0m
[[34m15:45:04.433 ORDERS (DEBUG) on main locomotion.PathFollower.moveLengthwise(PathFollower.java:217)] Sent to LL: maxro 6.28319[0m
[[34m15:45:04.433 LOCOMOTION (DEBUG) on main locomotion.PathFollower.moveLengthwise(PathFollower.java:224)] End of move lengthwise[0m
[[34m15:45:04.433 ORDERS (DEBUG) on main locomotion.PathFollower.turnTowards(PathFollower.java:301)] SensorState.DISABLE_LIDAR = true[0m
[[34m15:45:04.433 ORDERS (DEBUG) on main locomotion.PathFollower.turnTowards(PathFollower.java:303)] SensorState.MOVING = true[0m
[[34m15:45:04.434 ORDERS (DEBUG) on main locomotion.Locomotion.turnTowards(Locomotion.java:139)] Sent to LL: t 3.74159[0m
[[34m15:45:04.434 STDOUT (DEBUG) on SimulatorManagerThread simulator.SimulatorManager.handleMessageLL(SimulatorManager.java:239)] SIMULATEUR-LL : message reçu : maxtr 500.00000[0m
[[34m15:45:04.435 STDOUT (DEBUG) on SimulatorManagerThread simulator.SimulatorManager.handleMessageLL(SimulatorManager.java:335)] SIMULATEUR-LL : l'ordre "maxtr" est inconnu[0m
[[34m15:45:04.437 STDOUT (DEBUG) on SimulatorManagerThread simulator.SimulatorManager.handleMessageLL(SimulatorManager.java:239)] SIMULATEUR-LL : message reçu : maxro 6.28319[0m
[[34m15:45:04.437 STDOUT (DEBUG) on SimulatorManagerThread simulator.SimulatorManager.handleMessageLL(SimulatorManager.java:335)] SIMULATEUR-LL : l'ordre "maxro" est inconnu[0m
[[34m15:45:04.439 STDOUT (DEBUG) on SimulatorManagerThread simulator.SimulatorManager.handleMessageLL(SimulatorManager.java:239)] SIMULATEUR-LL : message reçu : t 3.74159[0m
[[34m15:45:04.599 STDOUT (DEBUG) on SimulatorManagerThread simulator.SimulatedRobot.trySendStoppedMovingMessage(SimulatedRobot.java:193)] stoppedMoving[0m
[[34m15:45:04.599 COMMUNICATION (DEBUG) on pool-1-thread-1 data.controlers.DataController.handleEvent(DataController.java:251)] Got event: stoppedMoving[0m
[[34m15:45:04.600 ORDERS (DEBUG) on pool-1-thread-1 data.controlers.DataController.handleEvent(DataController.java:263)] SensorState.MOVING = false[0m
[[34m15:45:04.600 STDOUT (DEBUG) on pool-1-thread-1 data.controlers.DataController.handleEvent(DataController.java:264)] Position at StoppedMoving: (x,y)=(300,785), o=-2.5416[0m
[[34m15:45:04.601 ORDERS (DEBUG) on main locomotion.PathFollower.turnTowards(PathFollower.java:317)] SensorState.DISABLE_LIDAR = false[0m
[[34m15:45:04.601 ORDERS (DEBUG) on main locomotion.PathFollower.moveLengthwise(PathFollower.java:165)] SensorState.MOVING = true[0m
[[34m15:45:04.601 LOCOMOTION (DEBUG) on main locomotion.PathFollower.moveLengthwise(PathFollower.java:166)] Move lengthwise 1100[0m
[[34m15:45:04.601 ORDERS (DEBUG) on main locomotion.Locomotion.moveLengthwise(Locomotion.java:131)] Sent to LL: d 1100 false[0m
[[34m15:45:04.604 STDOUT (DEBUG) on SimulatorManagerThread simulator.SimulatorManager.handleMessageLL(SimulatorManager.java:239)] SIMULATEUR-LL : message reçu : d 1100 false[0m
[[33m15:45:04.604 COMMUNICATION (WARNING) on SimulatorManagerThread simulator.SimulatedRobot.moveLengthwise(SimulatedRobot.java:382)] C:-825, D:-565[0m
[[33m15:45:04.604 COMMUNICATION (WARNING) on SimulatorManagerThread simulator.SimulatedRobot.moveLengthwise(SimulatedRobot.java:384)] A:(300,785), B:(-607,164), C:(-825,-565)[0m
[[34m15:45:05.710 STDOUT (DEBUG) on SimulatorManagerThread simulator.SimulatedRobot.trySendStoppedMovingMessage(SimulatedRobot.java:193)] stoppedMoving[0m
[[34m15:45:05.711 COMMUNICATION (DEBUG) on pool-1-thread-1 data.controlers.DataController.handleEvent(DataController.java:251)] Got event: stoppedMoving[0m
[[34m15:45:05.711 ORDERS (DEBUG) on pool-1-thread-1 data.controlers.DataController.handleEvent(DataController.java:263)] SensorState.MOVING = false[0m
[[34m15:45:05.711 STDOUT (DEBUG) on pool-1-thread-1 data.controlers.DataController.handleEvent(DataController.java:264)] Position at StoppedMoving: (x,y)=(-607,164), o=-2.5416[0m
[[34m15:45:05.762 ORDERS (DEBUG) on main locomotion.PathFollower.moveLengthwise(PathFollower.java:217)] Sent to LL: maxtr 500.00000[0m
[[34m15:45:05.763 ORDERS (DEBUG) on main locomotion.PathFollower.moveLengthwise(PathFollower.java:217)] Sent to LL: maxro 6.28319[0m
[[34m15:45:05.763 LOCOMOTION (DEBUG) on main locomotion.PathFollower.moveLengthwise(PathFollower.java:224)] End of move lengthwise[0m
[[34m15:45:05.763 ORDERS (DEBUG) on main locomotion.PathFollower.turnTowards(PathFollower.java:301)] SensorState.DISABLE_LIDAR = true[0m
[[34m15:45:05.763 ORDERS (DEBUG) on main locomotion.PathFollower.turnTowards(PathFollower.java:303)] SensorState.MOVING = true[0m
[[34m15:45:05.764 ORDERS (DEBUG) on main locomotion.Locomotion.turnTowards(Locomotion.java:139)] Sent to LL: t 1.57080[0m
[[34m15:45:05.764 STDOUT (DEBUG) on SimulatorManagerThread simulator.SimulatorManager.handleMessageLL(SimulatorManager.java:239)] SIMULATEUR-LL : message reçu : maxtr 500.00000[0m
[[34m15:45:05.764 STDOUT (DEBUG) on SimulatorManagerThread simulator.SimulatorManager.handleMessageLL(SimulatorManager.java:335)] SIMULATEUR-LL : l'ordre "maxtr" est inconnu[0m
[[34m15:45:05.766 STDOUT (DEBUG) on SimulatorManagerThread simulator.SimulatorManager.handleMessageLL(SimulatorManager.java:239)] SIMULATEUR-LL : message reçu : maxro 6.28319[0m
[[34m15:45:05.767 STDOUT (DEBUG) on SimulatorManagerThread simulator.SimulatorManager.handleMessageLL(SimulatorManager.java:335)] SIMULATEUR-LL : l'ordre "maxro" est inconnu[0m
[[34m15:45:05.769 STDOUT (DEBUG) on SimulatorManagerThread simulator.SimulatorManager.handleMessageLL(SimulatorManager.java:239)] SIMULATEUR-LL : message reçu : t 1.57080[0m
[[34m15:45:06.328 STDOUT (DEBUG) on SimulatorManagerThread simulator.SimulatedRobot.trySendStoppedMovingMessage(SimulatedRobot.java:193)] stoppedMoving[0m
[[34m15:45:06.329 COMMUNICATION (DEBUG) on pool-1-thread-1 data.controlers.DataController.handleEvent(DataController.java:251)] Got event: stoppedMoving[0m
[[34m15:45:06.329 ORDERS (DEBUG) on pool-1-thread-1 data.controlers.DataController.handleEvent(DataController.java:263)] SensorState.MOVING = false[0m
[[34m15:45:06.329 STDOUT (DEBUG) on pool-1-thread-1 data.controlers.DataController.handleEvent(DataController.java:264)] Position at StoppedMoving: (x,y)=(-607,164), o=1.5708[0m
[[34m15:45:06.331 ORDERS (DEBUG) on main locomotion.PathFollower.turnTowards(PathFollower.java:317)] SensorState.DISABLE_LIDAR = false[0m
[[34m15:45:06.331 ORDERS (DEBUG) on main locomotion.PathFollower.moveLengthwise(PathFollower.java:165)] SensorState.MOVING = true[0m
[[34m15:45:06.331 LOCOMOTION (DEBUG) on main locomotion.PathFollower.moveLengthwise(PathFollower.java:166)] Move lengthwise -300[0m
[[34m15:45:06.332 ORDERS (DEBUG) on main locomotion.Locomotion.moveLengthwise(Locomotion.java:131)] Sent to LL: d -300 true[0m
[[34m15:45:06.333 STDOUT (DEBUG) on SimulatorManagerThread simulator.SimulatorManager.handleMessageLL(SimulatorManager.java:239)] SIMULATEUR-LL : message reçu : d -300 true[0m
[[33m15:45:06.333 COMMUNICATION (WARNING) on SimulatorManagerThread simulator.SimulatedRobot.moveLengthwise(SimulatedRobot.java:382)] C:0, D:1000[0m
[[33m15:45:06.333 COMMUNICATION (WARNING) on SimulatorManagerThread simulator.SimulatedRobot.moveLengthwise(SimulatedRobot.java:384)] A:(-607,164), B:(-607,-136), C:(0,1000)[0m
[[34m15:45:06.358 ORDERS (DEBUG) on main orders.OrderWrapper.immobilise(OrderWrapper.java:122)] Sent to LL: stop[0m
[[34m15:45:06.358 ORDERS (DEBUG) on main orders.OrderWrapper.immobilise(OrderWrapper.java:123)] SensorState.MOVING = false[0m
[[34m15:45:06.358 ORDERS (DEBUG) on main utils.container.Module.waitWhileTrue(Module.java:80)] Sent to LL: d 5 false[0m
[[34m15:45:06.359 STDOUT (DEBUG) on SimulatorManagerThread simulator.SimulatorManager.handleMessageLL(SimulatorManager.java:239)] SIMULATEUR-LL : message reçu : stop[0m
[[34m15:45:06.361 STDOUT (DEBUG) on SimulatorManagerThread simulator.SimulatedRobot.trySendStoppedMovingMessage(SimulatedRobot.java:193)] stoppedMoving[0m
[[34m15:45:06.362 COMMUNICATION (DEBUG) on pool-1-thread-1 data.controlers.DataController.handleEvent(DataController.java:251)] Got event: stoppedMoving[0m
[[34m15:45:06.362 STDOUT (DEBUG) on pool-1-thread-1 data.controlers.DataController.handleEvent(DataController.java:264)] Position at StoppedMoving: (x,y)=(-607,140), o=1.5708[0m
[[34m15:45:06.364 STDOUT (DEBUG) on SimulatorManagerThread simulator.SimulatorManager.handleMessageLL(SimulatorManager.java:239)] SIMULATEUR-LL : message reçu : d 5 false[0m
[[33m15:45:06.364 COMMUNICATION (WARNING) on SimulatorManagerThread simulator.SimulatedRobot.moveLengthwise(SimulatedRobot.java:382)] C:0, D:1000[0m
[[33m15:45:06.364 COMMUNICATION (WARNING) on SimulatorManagerThread simulator.SimulatedRobot.moveLengthwise(SimulatedRobot.java:384)] A:(-607,140), B:(-607,145), C:(0,1000)[0m
[[34m15:45:06.368 ORDERS (DEBUG) on main utils.container.Module.waitWhileTrue(Module.java:80)] Sent to LL: d 5 false[0m
[[34m15:45:06.371 STDOUT (DEBUG) on SimulatorManagerThread simulator.SimulatorManager.handleMessageLL(SimulatorManager.java:239)] SIMULATEUR-LL : message reçu : d 5 false[0m
[[33m15:45:06.371 COMMUNICATION (WARNING) on SimulatorManagerThread simulator.SimulatedRobot.moveLengthwise(SimulatedRobot.java:382)] C:0, D:1000[0m
[[33m15:45:06.371 COMMUNICATION (WARNING) on SimulatorManagerThread simulator.SimulatedRobot.moveLengthwise(SimulatedRobot.java:384)] A:(-607,145), B:(-607,150), C:(0,1000)[0m
[[34m15:45:06.380 ORDERS (DEBUG) on main utils.container.Module.waitWhileTrue(Module.java:80)] Sent to LL: d 5 false[0m
[[34m15:45:06.382 STDOUT (DEBUG) on SimulatorManagerThread simulator.SimulatorManager.handleMessageLL(SimulatorManager.java:239)] SIMULATEUR-LL : message reçu : d 5 false[0m
[[33m15:45:06.382 COMMUNICATION (WARNING) on SimulatorManagerThread simulator.SimulatedRobot.moveLengthwise(SimulatedRobot.java:382)] C:0, D:1000[0m
[[33m15:45:06.382 COMMUNICATION (WARNING) on SimulatorManagerThread simulator.SimulatedRobot.moveLengthwise(SimulatedRobot.java:384)] A:(-607,150), B:(-607,155), C:(0,1000)[0m
[[34m15:45:06.389 STDOUT (DEBUG) on SimulatorManagerThread simulator.SimulatedRobot.trySendStoppedMovingMessage(SimulatedRobot.java:193)] stoppedMoving[0m
[[34m15:45:06.390 ORDERS (DEBUG) on main orders.OrderWrapper.immobilise(OrderWrapper.java:122)] Sent to LL: stop[0m
[[34m15:45:06.390 COMMUNICATION (DEBUG) on pool-1-thread-1 data.controlers.DataController.handleEvent(DataController.java:251)] Got event: stoppedMoving[0m
[[34m15:45:06.390 ORDERS (DEBUG) on main locomotion.PathFollower.lambda$moveLengthwise$1(PathFollower.java:187)] SensorState.STUCKED = true[0m
[[34m15:45:06.391 STDOUT (DEBUG) on pool-1-thread-1 data.controlers.DataController.handleEvent(DataController.java:264)] Position at StoppedMoving: (x,y)=(-607,155), o=1.5708[0m
[[34m15:45:06.391 STDOUT (DEBUG) on SimulatorManagerThread simulator.SimulatorManager.handleMessageLL(SimulatorManager.java:239)] SIMULATEUR-LL : message reçu : stop[0m
[[34m15:45:06.396 STDOUT (DEBUG) on SimulatorManagerThread simulator.SimulatedRobot.trySendStoppedMovingMessage(SimulatedRobot.java:193)] stoppedMoving[0m
[[34m15:45:06.434 COMMUNICATION (DEBUG) on pool-1-thread-1 data.controlers.DataController.handleEvent(DataController.java:251)] Got event: stoppedMoving[0m
[[34m15:45:06.434 STDOUT (DEBUG) on pool-1-thread-1 data.controlers.DataController.handleEvent(DataController.java:264)] Position at StoppedMoving: (x,y)=(-607,155), o=1.5708[0m
[[34m15:45:06.445 ORDERS (DEBUG) on main locomotion.PathFollower.moveLengthwise(PathFollower.java:217)] Sent to LL: maxtr 500.00000[0m
[[34m15:45:06.445 ORDERS (DEBUG) on main locomotion.PathFollower.moveLengthwise(PathFollower.java:217)] Sent to LL: maxro 6.28319[0m
[[34m15:45:06.445 ORDERS (DEBUG) on main locomotion.PathFollower.moveLengthwise(PathFollower.java:219)] SensorState.STUCKED = false[0m
[[34m15:45:06.446 ORDERS (DEBUG) on main orders.OrderWrapper.immobilise(OrderWrapper.java:122)] Sent to LL: stop[0m
[[31m15:45:06.446 LOCOMOTION (CRITICAL) on main locomotion.PathFollower.moveLengthwise(PathFollower.java:221)] UnableToMove[0m
[[34m15:45:06.446 LOCOMOTION (DEBUG) on main locomotion.PathFollower.moveLengthwise(PathFollower.java:224)] End of move lengthwise[0m
[[34m15:45:06.446 ORDERS (DEBUG) on main locomotion.PathFollower.turnTowards(PathFollower.java:301)] SensorState.DISABLE_LIDAR = true[0m
[[34m15:45:06.446 ORDERS (DEBUG) on main locomotion.PathFollower.turnTowards(PathFollower.java:303)] SensorState.MOVING = true[0m
[[34m15:45:06.446 ORDERS (DEBUG) on main locomotion.Locomotion.turnTowards(Locomotion.java:139)] Sent to LL: t 0.00000[0m
[[34m15:45:06.447 STDOUT (DEBUG) on SimulatorManagerThread simulator.SimulatorManager.handleMessageLL(SimulatorManager.java:239)] SIMULATEUR-LL : message reçu : maxtr 500.00000[0m
[[34m15:45:06.448 STDOUT (DEBUG) on SimulatorManagerThread simulator.SimulatorManager.handleMessageLL(SimulatorManager.java:335)] SIMULATEUR-LL : l'ordre "maxtr" est inconnu[0m
[[34m15:45:06.450 STDOUT (DEBUG) on SimulatorManagerThread simulator.SimulatorManager.handleMessageLL(SimulatorManager.java:239)] SIMULATEUR-LL : message reçu : maxro 6.28319[0m
[[34m15:45:06.450 STDOUT (DEBUG) on SimulatorManagerThread simulator.SimulatorManager.handleMessageLL(SimulatorManager.java:335)] SIMULATEUR-LL : l'ordre "maxro" est inconnu[0m
[[34m15:45:06.452 STDOUT (DEBUG) on SimulatorManagerThread simulator.SimulatorManager.handleMessageLL(SimulatorManager.java:239)] SIMULATEUR-LL : message reçu : stop[0m
[[34m15:45:06.454 STDOUT (DEBUG) on SimulatorManagerThread simulator.SimulatorManager.handleMessageLL(SimulatorManager.java:239)] SIMULATEUR-LL : message reçu : t 0.00000[0m
[[34m15:45:06.455 STDOUT (DEBUG) on SimulatorManagerThread simulator.SimulatedRobot.trySendStoppedMovingMessage(SimulatedRobot.java:193)] stoppedMoving[0m
[[34m15:45:06.455 COMMUNICATION (DEBUG) on pool-1-thread-1 data.controlers.DataController.handleEvent(DataController.java:251)] Got event: stoppedMoving[0m
[[34m15:45:06.455 ORDERS (DEBUG) on pool-1-thread-1 data.controlers.DataController.handleEvent(DataController.java:263)] SensorState.MOVING = false[0m
[[34m15:45:06.455 STDOUT (DEBUG) on pool-1-thread-1 data.controlers.DataController.handleEvent(DataController.java:264)] Position at StoppedMoving: (x,y)=(-607,155), o=1.5428[0m
[[34m15:45:06.457 ORDERS (DEBUG) on main locomotion.PathFollower.turnTowards(PathFollower.java:317)] SensorState.DISABLE_LIDAR = false[0m
[[34m15:45:06.457 ORDERS (DEBUG) on main locomotion.PathFollower.moveLengthwise(PathFollower.java:165)] SensorState.MOVING = true[0m
[[34m15:45:06.457 LOCOMOTION (DEBUG) on main locomotion.PathFollower.moveLengthwise(PathFollower.java:166)] Move lengthwise 1000[0m
[[34m15:45:06.457 ORDERS (DEBUG) on main locomotion.Locomotion.moveLengthwise(Locomotion.java:131)] Sent to LL: d 1000 false[0m
[[34m15:45:06.459 STDOUT (DEBUG) on SimulatorManagerThread simulator.SimulatorManager.handleMessageLL(SimulatorManager.java:239)] SIMULATEUR-LL : message reçu : d 1000 false[0m
[[33m15:45:06.460 COMMUNICATION (WARNING) on SimulatorManagerThread simulator.SimulatedRobot.moveLengthwise(SimulatedRobot.java:382)] C:1000, D:0[0m
[[33m15:45:06.460 COMMUNICATION (WARNING) on SimulatorManagerThread simulator.SimulatedRobot.moveLengthwise(SimulatedRobot.java:384)] A:(-607,155), B:(393,155), C:(1000,0)[0m
[[34m15:45:07.889 STDOUT (DEBUG) on SimulatorManagerThread simulator.SimulatedRobot.trySendStoppedMovingMessage(SimulatedRobot.java:193)] stoppedMoving[0m
[[34m15:45:07.890 COMMUNICATION (DEBUG) on pool-1-thread-1 data.controlers.DataController.handleEvent(DataController.java:251)] Got event: stoppedMoving[0m
[[34m15:45:07.890 ORDERS (DEBUG) on pool-1-thread-1 data.controlers.DataController.handleEvent(DataController.java:263)] SensorState.MOVING = false[0m
[[34m15:45:07.890 STDOUT (DEBUG) on pool-1-thread-1 data.controlers.DataController.handleEvent(DataController.java:264)] Position at StoppedMoving: (x,y)=(393,155), o=0.0[0m
[[34m15:45:07.944 ORDERS (DEBUG) on main locomotion.PathFollower.moveLengthwise(PathFollower.java:217)] Sent to LL: maxtr 500.00000[0m
[[34m15:45:07.944 ORDERS (DEBUG) on main locomotion.PathFollower.moveLengthwise(PathFollower.java:217)] Sent to LL: maxro 6.28319[0m
[[34m15:45:07.944 LOCOMOTION (DEBUG) on main locomotion.PathFollower.moveLengthwise(PathFollower.java:224)] End of move lengthwise[0m
[[34m15:45:07.944 ORDERS (DEBUG) on main locomotion.PathFollower.turnTowards(PathFollower.java:301)] SensorState.DISABLE_LIDAR = true[0m
[[34m15:45:07.945 ORDERS (DEBUG) on main locomotion.PathFollower.turnTowards(PathFollower.java:303)] SensorState.MOVING = true[0m
[[34m15:45:07.945 ORDERS (DEBUG) on main locomotion.Locomotion.turnTowards(Locomotion.java:139)] Sent to LL: t 1.57080[0m
[[34m15:45:07.946 STDOUT (DEBUG) on SimulatorManagerThread simulator.SimulatorManager.handleMessageLL(SimulatorManager.java:239)] SIMULATEUR-LL : message reçu : maxtr 500.00000[0m
[[34m15:45:07.946 STDOUT (DEBUG) on SimulatorManagerThread simulator.SimulatorManager.handleMessageLL(SimulatorManager.java:335)] SIMULATEUR-LL : l'ordre "maxtr" est inconnu[0m
[[34m15:45:07.950 STDOUT (DEBUG) on SimulatorManagerThread simulator.SimulatorManager.handleMessageLL(SimulatorManager.java:239)] SIMULATEUR-LL : message reçu : maxro 6.28319[0m
[[34m15:45:07.950 STDOUT (DEBUG) on SimulatorManagerThread simulator.SimulatorManager.handleMessageLL(SimulatorManager.java:335)] SIMULATEUR-LL : l'ordre "maxro" est inconnu[0m
[[34m15:45:07.953 STDOUT (DEBUG) on SimulatorManagerThread simulator.SimulatorManager.handleMessageLL(SimulatorManager.java:239)] SIMULATEUR-LL : message reçu : t 1.57080[0m
[[34m15:45:08.357 STDOUT (DEBUG) on SimulatorManagerThread simulator.SimulatedRobot.trySendStoppedMovingMessage(SimulatedRobot.java:193)] stoppedMoving[0m
[[34m15:45:08.357 COMMUNICATION (DEBUG) on pool-1-thread-1 data.controlers.DataController.handleEvent(DataController.java:251)] Got event: stoppedMoving[0m
[[34m15:45:08.357 ORDERS (DEBUG) on pool-1-thread-1 data.controlers.DataController.handleEvent(DataController.java:263)] SensorState.MOVING = false[0m
[[34m15:45:08.357 STDOUT (DEBUG) on pool-1-thread-1 data.controlers.DataController.handleEvent(DataController.java:264)] Position at StoppedMoving: (x,y)=(393,155), o=1.5708[0m
[[34m15:45:08.362 ORDERS (DEBUG) on main locomotion.PathFollower.turnTowards(PathFollower.java:317)] SensorState.DISABLE_LIDAR = false[0m
[[34m15:45:08.362 ORDERS (DEBUG) on main locomotion.PathFollower.moveLengthwise(PathFollower.java:165)] SensorState.MOVING = true[0m
[[34m15:45:08.362 LOCOMOTION (DEBUG) on main locomotion.PathFollower.moveLengthwise(PathFollower.java:166)] Move lengthwise 130[0m
[[34m15:45:08.362 ORDERS (DEBUG) on main locomotion.Locomotion.moveLengthwise(Locomotion.java:131)] Sent to LL: d 130 false[0m
[[34m15:45:08.364 STDOUT (DEBUG) on SimulatorManagerThread simulator.SimulatorManager.handleMessageLL(SimulatorManager.java:239)] SIMULATEUR-LL : message reçu : d 130 false[0m
[[33m15:45:08.364 COMMUNICATION (WARNING) on SimulatorManagerThread simulator.SimulatedRobot.moveLengthwise(SimulatedRobot.java:382)] C:0, D:1000[0m
[[33m15:45:08.364 COMMUNICATION (WARNING) on SimulatorManagerThread simulator.SimulatedRobot.moveLengthwise(SimulatedRobot.java:384)] A:(393,155), B:(393,285), C:(0,1000)[0m
[[34m15:45:08.498 STDOUT (DEBUG) on SimulatorManagerThread simulator.SimulatedRobot.trySendStoppedMovingMessage(SimulatedRobot.java:193)] stoppedMoving[0m
[[34m15:45:08.498 COMMUNICATION (DEBUG) on pool-1-thread-1 data.controlers.DataController.handleEvent(DataController.java:251)] Got event: stoppedMoving[0m
[[34m15:45:08.498 ORDERS (DEBUG) on pool-1-thread-1 data.controlers.DataController.handleEvent(DataController.java:263)] SensorState.MOVING = false[0m
[[34m15:45:08.499 STDOUT (DEBUG) on pool-1-thread-1 data.controlers.DataController.handleEvent(DataController.java:264)] Position at StoppedMoving: (x,y)=(393,285), o=1.5708[0m
[[34m15:45:08.550 ORDERS (DEBUG) on main locomotion.PathFollower.moveLengthwise(PathFollower.java:217)] Sent to LL: maxtr 500.00000[0m
[[34m15:45:08.551 ORDERS (DEBUG) on main locomotion.PathFollower.moveLengthwise(PathFollower.java:217)] Sent to LL: maxro 6.28319[0m
[[34m15:45:08.551 LOCOMOTION (DEBUG) on main locomotion.PathFollower.moveLengthwise(PathFollower.java:224)] End of move lengthwise[0m
[[34m15:45:08.551 ORDERS (DEBUG) on main locomotion.PathFollower.turnTowards(PathFollower.java:301)] SensorState.DISABLE_LIDAR = true[0m
[[34m15:45:08.551 ORDERS (DEBUG) on main locomotion.PathFollower.turnTowards(PathFollower.java:303)] SensorState.MOVING = true[0m
[[34m15:45:08.552 ORDERS (DEBUG) on main locomotion.Locomotion.turnTowards(Locomotion.java:139)] Sent to LL: t 3.14159[0m
[[34m15:45:08.552 STDOUT (DEBUG) on SimulatorManagerThread simulator.SimulatorManager.handleMessageLL(SimulatorManager.java:239)] SIMULATEUR-LL : message reçu : maxtr 500.00000[0m
[[34m15:45:08.552 STDOUT (DEBUG) on SimulatorManagerThread simulator.SimulatorManager.handleMessageLL(SimulatorManager.java:335)] SIMULATEUR-LL : l'ordre "maxtr" est inconnu[0m
[[34m15:45:08.559 STDOUT (DEBUG) on SimulatorManagerThread simulator.SimulatorManager.handleMessageLL(SimulatorManager.java:239)] SIMULATEUR-LL : message reçu : maxro 6.28319[0m
[[34m15:45:08.559 STDOUT (DEBUG) on SimulatorManagerThread simulator.SimulatorManager.handleMessageLL(SimulatorManager.java:335)] SIMULATEUR-LL : l'ordre "maxro" est inconnu[0m
[[34m15:45:08.561 STDOUT (DEBUG) on SimulatorManagerThread simulator.SimulatorManager.handleMessageLL(SimulatorManager.java:239)] SIMULATEUR-LL : message reçu : t 3.14159[0m
[[34m15:45:08.966 STDOUT (DEBUG) on SimulatorManagerThread simulator.SimulatedRobot.trySendStoppedMovingMessage(SimulatedRobot.java:193)] stoppedMoving[0m
[[34m15:45:08.967 COMMUNICATION (DEBUG) on pool-1-thread-1 data.controlers.DataController.handleEvent(DataController.java:251)] Got event: stoppedMoving[0m
[[34m15:45:08.967 ORDERS (DEBUG) on pool-1-thread-1 data.controlers.DataController.handleEvent(DataController.java:263)] SensorState.MOVING = false[0m
[[34m15:45:08.967 STDOUT (DEBUG) on pool-1-thread-1 data.controlers.DataController.handleEvent(DataController.java:264)] Position at StoppedMoving: (x,y)=(393,285), o=3.14159[0m
[[34m15:45:08.968 ORDERS (DEBUG) on main locomotion.PathFollower.turnTowards(PathFollower.java:317)] SensorState.DISABLE_LIDAR = false[0m
[[34m15:45:08.968 ORDERS (DEBUG) on main locomotion.PathFollower.moveLengthwise(PathFollower.java:165)] SensorState.MOVING = true[0m
[[34m15:45:08.968 LOCOMOTION (DEBUG) on main locomotion.PathFollower.moveLengthwise(PathFollower.java:166)] Move lengthwise 900[0m
[[34m15:45:08.968 ORDERS (DEBUG) on main locomotion.Locomotion.moveLengthwise(Locomotion.java:131)] Sent to LL: d 900 false[0m
[[34m15:45:08.969 STDOUT (DEBUG) on SimulatorManagerThread simulator.SimulatorManager.handleMessageLL(SimulatorManager.java:239)] SIMULATEUR-LL : message reçu : d 900 false[0m
[[33m15:45:08.969 COMMUNICATION (WARNING) on SimulatorManagerThread simulator.SimulatedRobot.moveLengthwise(SimulatedRobot.java:382)] C:-1000, D:0[0m
[[33m15:45:08.969 COMMUNICATION (WARNING) on SimulatorManagerThread simulator.SimulatedRobot.moveLengthwise(SimulatedRobot.java:384)] A:(393,285), B:(-507,285), C:(-1000,0)[0m
[[34m15:45:09.904 STDOUT (DEBUG) on SimulatorManagerThread simulator.SimulatedRobot.trySendStoppedMovingMessage(SimulatedRobot.java:193)] stoppedMoving[0m
[[34m15:45:09.904 COMMUNICATION (DEBUG) on pool-1-thread-1 data.controlers.DataController.handleEvent(DataController.java:251)] Got event: stoppedMoving[0m
[[34m15:45:09.904 ORDERS (DEBUG) on pool-1-thread-1 data.controlers.DataController.handleEvent(DataController.java:263)] SensorState.MOVING = false[0m
[[34m15:45:09.904 STDOUT (DEBUG) on pool-1-thread-1 data.controlers.DataController.handleEvent(DataController.java:264)] Position at StoppedMoving: (x,y)=(-507,285), o=3.14159[0m
[[34m15:45:09.959 ORDERS (DEBUG) on main locomotion.PathFollower.moveLengthwise(PathFollower.java:217)] Sent to LL: maxtr 500.00000[0m
[[34m15:45:09.960 ORDERS (DEBUG) on main locomotion.PathFollower.moveLengthwise(PathFollower.java:217)] Sent to LL: maxro 6.28319[0m
[[34m15:45:09.960 LOCOMOTION (DEBUG) on main locomotion.PathFollower.moveLengthwise(PathFollower.java:224)] End of move lengthwise[0m
[[34m15:45:09.960 ORDERS (DEBUG) on main locomotion.PathFollower.turnTowards(PathFollower.java:301)] SensorState.DISABLE_LIDAR = true[0m
[[34m15:45:09.960 ORDERS (DEBUG) on main locomotion.PathFollower.turnTowards(PathFollower.java:303)] SensorState.MOVING = true[0m
[[34m15:45:09.960 STDOUT (DEBUG) on SimulatorManagerThread simulator.SimulatorManager.handleMessageLL(SimulatorManager.java:239)] SIMULATEUR-LL : message reçu : maxtr 500.00000[0m
[[34m15:45:09.960 STDOUT (DEBUG) on SimulatorManagerThread simulator.SimulatorManager.handleMessageLL(SimulatorManager.java:335)] SIMULATEUR-LL : l'ordre "maxtr" est inconnu[0m
[[34m15:45:09.960 ORDERS (DEBUG) on main locomotion.Locomotion.turnTowards(Locomotion.java:139)] Sent to LL: t 1.32080[0m
[[34m15:45:09.965 STDOUT (DEBUG) on SimulatorManagerThread simulator.SimulatorManager.handleMessageLL(SimulatorManager.java:239)] SIMULATEUR-LL : message reçu : maxro 6.28319[0m
[[34m15:45:09.965 STDOUT (DEBUG) on SimulatorManagerThread simulator.SimulatorManager.handleMessageLL(SimulatorManager.java:335)] SIMULATEUR-LL : l'ordre "maxro" est inconnu[0m
[[34m15:45:09.967 STDOUT (DEBUG) on SimulatorManagerThread simulator.SimulatorManager.handleMessageLL(SimulatorManager.java:239)] SIMULATEUR-LL : message reçu : t 1.32080[0m
[[34m15:45:10.431 STDOUT (DEBUG) on SimulatorManagerThread simulator.SimulatedRobot.trySendStoppedMovingMessage(SimulatedRobot.java:193)] stoppedMoving[0m
[[34m15:45:10.432 COMMUNICATION (DEBUG) on pool-1-thread-1 data.controlers.DataController.handleEvent(DataController.java:251)] Got event: stoppedMoving[0m
[[34m15:45:10.432 ORDERS (DEBUG) on pool-1-thread-1 data.controlers.DataController.handleEvent(DataController.java:263)] SensorState.MOVING = false[0m
[[34m15:45:10.432 STDOUT (DEBUG) on pool-1-thread-1 data.controlers.DataController.handleEvent(DataController.java:264)] Position at StoppedMoving: (x,y)=(-507,285), o=1.3208[0m
[[34m15:45:10.437 ORDERS (DEBUG) on main locomotion.PathFollower.turnTowards(PathFollower.java:317)] SensorState.DISABLE_LIDAR = false[0m
[[34m15:45:10.437 ORDERS (DEBUG) on main locomotion.PathFollower.moveLengthwise(PathFollower.java:165)] SensorState.MOVING = true[0m
[[34m15:45:10.437 LOCOMOTION (DEBUG) on main locomotion.PathFollower.moveLengthwise(PathFollower.java:166)] Move lengthwise 950[0m
[[34m15:45:10.437 ORDERS (DEBUG) on main locomotion.Locomotion.moveLengthwise(Locomotion.java:131)] Sent to LL: d 950 false[0m
[[34m15:45:10.438 STDOUT (DEBUG) on SimulatorManagerThread simulator.SimulatorManager.handleMessageLL(SimulatorManager.java:239)] SIMULATEUR-LL : message reçu : d 950 false[0m
[[33m15:45:10.439 COMMUNICATION (WARNING) on SimulatorManagerThread simulator.SimulatedRobot.moveLengthwise(SimulatedRobot.java:382)] C:247, D:969[0m
[[33m15:45:10.439 COMMUNICATION (WARNING) on SimulatorManagerThread simulator.SimulatedRobot.moveLengthwise(SimulatedRobot.java:384)] A:(-507,285), B:(-272,1206), C:(247,969)[0m
[[34m15:45:11.384 STDOUT (DEBUG) on SimulatorManagerThread simulator.SimulatedRobot.trySendStoppedMovingMessage(SimulatedRobot.java:193)] stoppedMoving[0m
[[34m15:45:11.385 COMMUNICATION (DEBUG) on pool-1-thread-1 data.controlers.DataController.handleEvent(DataController.java:251)] Got event: stoppedMoving[0m
[[34m15:45:11.385 ORDERS (DEBUG) on pool-1-thread-1 data.controlers.DataController.handleEvent(DataController.java:263)] SensorState.MOVING = false[0m
[[34m15:45:11.385 STDOUT (DEBUG) on pool-1-thread-1 data.controlers.DataController.handleEvent(DataController.java:264)] Position at StoppedMoving: (x,y)=(-272,1206), o=1.3208[0m
[[34m15:45:11.439 ORDERS (DEBUG) on main locomotion.PathFollower.moveLengthwise(PathFollower.java:217)] Sent to LL: maxtr 500.00000[0m
[[34m15:45:11.440 ORDERS (DEBUG) on main locomotion.PathFollower.moveLengthwise(PathFollower.java:217)] Sent to LL: maxro 6.28319[0m
[[34m15:45:11.440 LOCOMOTION (DEBUG) on main locomotion.PathFollower.moveLengthwise(PathFollower.java:224)] End of move lengthwise[0m
[[34m15:45:11.440 ORDERS (DEBUG) on main locomotion.PathFollower.turnTowards(PathFollower.java:301)] SensorState.DISABLE_LIDAR = true[0m
[[34m15:45:11.440 ORDERS (DEBUG) on main locomotion.PathFollower.turnTowards(PathFollower.java:303)] SensorState.MOVING = true[0m
[[34m15:45:11.440 ORDERS (DEBUG) on main locomotion.Locomotion.turnTowards(Locomotion.java:139)] Sent to LL: t 1.57080[0m
[[34m15:45:11.441 STDOUT (DEBUG) on SimulatorManagerThread simulator.SimulatorManager.handleMessageLL(SimulatorManager.java:239)] SIMULATEUR-LL : message reçu : maxtr 500.00000[0m
[[34m15:45:11.441 STDOUT (DEBUG) on SimulatorManagerThread simulator.SimulatorManager.handleMessageLL(SimulatorManager.java:335)] SIMULATEUR-LL : l'ordre "maxtr" est inconnu[0m
[[34m15:45:11.446 STDOUT (DEBUG) on SimulatorManagerThread simulator.SimulatorManager.handleMessageLL(SimulatorManager.java:239)] SIMULATEUR-LL : message reçu : maxro 6.28319[0m
[[34m15:45:11.446 STDOUT (DEBUG) on SimulatorManagerThread simulator.SimulatorManager.handleMessageLL(SimulatorManager.java:335)] SIMULATEUR-LL : l'ordre "maxro" est inconnu[0m
[[34m15:45:11.448 STDOUT (DEBUG) on SimulatorManagerThread simulator.SimulatorManager.handleMessageLL(SimulatorManager.java:239)] SIMULATEUR-LL : message reçu : t 1.57080[0m
[[34m15:45:11.515 STDOUT (DEBUG) on SimulatorManagerThread simulator.SimulatedRobot.trySendStoppedMovingMessage(SimulatedRobot.java:193)] stoppedMoving[0m
[[34m15:45:11.515 COMMUNICATION (DEBUG) on pool-1-thread-1 data.controlers.DataController.handleEvent(DataController.java:251)] Got event: stoppedMoving[0m
[[34m15:45:11.515 ORDERS (DEBUG) on pool-1-thread-1 data.controlers.DataController.handleEvent(DataController.java:263)] SensorState.MOVING = false[0m
[[34m15:45:11.515 STDOUT (DEBUG) on pool-1-thread-1 data.controlers.DataController.handleEvent(DataController.java:264)] Position at StoppedMoving: (x,y)=(-272,1206), o=1.5708[0m
[[34m15:45:11.517 ORDERS (DEBUG) on main locomotion.PathFollower.turnTowards(PathFollower.java:317)] SensorState.DISABLE_LIDAR = false[0m
[[34m15:45:11.517 ORDERS (DEBUG) on main locomotion.PathFollower.moveLengthwise(PathFollower.java:165)] SensorState.MOVING = true[0m
[[34m15:45:11.517 LOCOMOTION (DEBUG) on main locomotion.PathFollower.moveLengthwise(PathFollower.java:166)] Move lengthwise 500[0m
[[34m15:45:11.517 ORDERS (DEBUG) on main locomotion.Locomotion.moveLengthwise(Locomotion.java:131)] Sent to LL: d 500 false[0m
[[34m15:45:11.519 STDOUT (DEBUG) on SimulatorManagerThread simulator.SimulatorManager.handleMessageLL(SimulatorManager.java:239)] SIMULATEUR-LL : message reçu : d 500 false[0m
[[33m15:45:11.519 COMMUNICATION (WARNING) on SimulatorManagerThread simulator.SimulatedRobot.moveLengthwise(SimulatedRobot.java:382)] C:0, D:1000[0m
[[33m15:45:11.519 COMMUNICATION (WARNING) on SimulatorManagerThread simulator.SimulatedRobot.moveLengthwise(SimulatedRobot.java:384)] A:(-272,1206), B:(-272,1706), C:(0,1000)[0m
[[34m15:45:12.033 STDOUT (DEBUG) on SimulatorManagerThread simulator.SimulatedRobot.trySendStoppedMovingMessage(SimulatedRobot.java:193)] stoppedMoving[0m
[[34m15:45:12.033 COMMUNICATION (DEBUG) on pool-1-thread-1 data.controlers.DataController.handleEvent(DataController.java:251)] Got event: stoppedMoving[0m
[[34m15:45:12.033 ORDERS (DEBUG) on pool-1-thread-1 data.controlers.DataController.handleEvent(DataController.java:263)] SensorState.MOVING = false[0m
[[34m15:45:12.033 STDOUT (DEBUG) on pool-1-thread-1 data.controlers.DataController.handleEvent(DataController.java:264)] Position at StoppedMoving: (x,y)=(-272,1706), o=1.5708[0m
[[34m15:45:12.086 ORDERS (DEBUG) on main locomotion.PathFollower.moveLengthwise(PathFollower.java:217)] Sent to LL: maxtr 500.00000[0m
[[34m15:45:12.086 ORDERS (DEBUG) on main locomotion.PathFollower.moveLengthwise(PathFollower.java:217)] Sent to LL: maxro 6.28319[0m
[[34m15:45:12.086 LOCOMOTION (DEBUG) on main locomotion.PathFollower.moveLengthwise(PathFollower.java:224)] End of move lengthwise[0m
[[34m15:45:12.086 ORDERS (DEBUG) on main locomotion.PathFollower.turnTowards(PathFollower.java:301)] SensorState.DISABLE_LIDAR = true[0m
[[34m15:45:12.086 ORDERS (DEBUG) on main locomotion.PathFollower.turnTowards(PathFollower.java:303)] SensorState.MOVING = true[0m
[[34m15:45:12.087 ORDERS (DEBUG) on main locomotion.Locomotion.turnTowards(Locomotion.java:139)] Sent to LL: t 0.00000[0m
[[34m15:45:12.087 STDOUT (DEBUG) on SimulatorManagerThread simulator.SimulatorManager.handleMessageLL(SimulatorManager.java:239)] SIMULATEUR-LL : message reçu : maxtr 500.00000[0m
[[34m15:45:12.087 STDOUT (DEBUG) on SimulatorManagerThread simulator.SimulatorManager.handleMessageLL(SimulatorManager.java:335)] SIMULATEUR-LL : l'ordre "maxtr" est inconnu[0m
[[34m15:45:12.093 STDOUT (DEBUG) on SimulatorManagerThread simulator.SimulatorManager.handleMessageLL(SimulatorManager.java:239)] SIMULATEUR-LL : message reçu : maxro 6.28319[0m
[[34m15:45:12.093 STDOUT (DEBUG) on SimulatorManagerThread simulator.SimulatorManager.handleMessageLL(SimulatorManager.java:335)] SIMULATEUR-LL : l'ordre "maxro" est inconnu[0m
[[34m15:45:12.096 STDOUT (DEBUG) on SimulatorManagerThread simulator.SimulatorManager.handleMessageLL(SimulatorManager.java:239)] SIMULATEUR-LL : message reçu : t 0.00000[0m
[[34m15:45:12.502 STDOUT (DEBUG) on SimulatorManagerThread simulator.SimulatedRobot.trySendStoppedMovingMessage(SimulatedRobot.java:193)] stoppedMoving[0m
[[34m15:45:12.503 COMMUNICATION (DEBUG) on pool-1-thread-1 data.controlers.DataController.handleEvent(DataController.java:251)] Got event: stoppedMoving[0m
[[34m15:45:12.503 ORDERS (DEBUG) on pool-1-thread-1 data.controlers.DataController.handleEvent(DataController.java:263)] SensorState.MOVING = false[0m
[[34m15:45:12.503 ORDERS (DEBUG) on main locomotion.PathFollower.turnTowards(PathFollower.java:317)] SensorState.DISABLE_LIDAR = false[0m
[[34m15:45:12.503 STDOUT (DEBUG) on pool-1-thread-1 data.controlers.DataController.handleEvent(DataController.java:264)] Position at StoppedMoving: (x,y)=(-272,1706), o=0.0[0m
[[34m15:45:12.503 ORDERS (DEBUG) on main locomotion.PathFollower.moveLengthwise(PathFollower.java:165)] SensorState.MOVING = true[0m
[[34m15:45:12.503 LOCOMOTION (DEBUG) on main locomotion.PathFollower.moveLengthwise(PathFollower.java:166)] Move lengthwise 690[0m
[[34m15:45:12.504 ORDERS (DEBUG) on main locomotion.Locomotion.moveLengthwise(Locomotion.java:131)] Sent to LL: d 690 false[0m
[[34m15:45:12.505 STDOUT (DEBUG) on SimulatorManagerThread simulator.SimulatorManager.handleMessageLL(SimulatorManager.java:239)] SIMULATEUR-LL : message reçu : d 690 false[0m
[[33m15:45:12.505 COMMUNICATION (WARNING) on SimulatorManagerThread simulator.SimulatedRobot.moveLengthwise(SimulatedRobot.java:382)] C:1000, D:0[0m
[[33m15:45:12.505 COMMUNICATION (WARNING) on SimulatorManagerThread simulator.SimulatedRobot.moveLengthwise(SimulatedRobot.java:384)] A:(-272,1706), B:(418,1706), C:(1000,0)[0m
[[34m15:45:13.210 STDOUT (DEBUG) on SimulatorManagerThread simulator.SimulatedRobot.trySendStoppedMovingMessage(SimulatedRobot.java:193)] stoppedMoving[0m
[[34m15:45:13.210 COMMUNICATION (DEBUG) on pool-1-thread-1 data.controlers.DataController.handleEvent(DataController.java:251)] Got event: stoppedMoving[0m
[[34m15:45:13.210 ORDERS (DEBUG) on pool-1-thread-1 data.controlers.DataController.handleEvent(DataController.java:263)] SensorState.MOVING = false[0m
[[34m15:45:13.210 STDOUT (DEBUG) on pool-1-thread-1 data.controlers.DataController.handleEvent(DataController.java:264)] Position at StoppedMoving: (x,y)=(418,1706), o=0.0[0m
[[34m15:45:13.266 ORDERS (DEBUG) on main locomotion.PathFollower.moveLengthwise(PathFollower.java:217)] Sent to LL: maxtr 500.00000[0m
[[34m15:45:13.266 ORDERS (DEBUG) on main locomotion.PathFollower.moveLengthwise(PathFollower.java:217)] Sent to LL: maxro 6.28319[0m
[[34m15:45:13.266 LOCOMOTION (DEBUG) on main locomotion.PathFollower.moveLengthwise(PathFollower.java:224)] End of move lengthwise[0m
[[34m15:45:13.266 ORDERS (DEBUG) on main locomotion.PathFollower.turnTowards(PathFollower.java:301)] SensorState.DISABLE_LIDAR = true[0m
[[34m15:45:13.267 ORDERS (DEBUG) on main locomotion.PathFollower.turnTowards(PathFollower.java:303)] SensorState.MOVING = true[0m
[[34m15:45:13.267 ORDERS (DEBUG) on main locomotion.Locomotion.turnTowards(Locomotion.java:139)] Sent to LL: t 1.57080[0m
[[34m15:45:13.269 STDOUT (DEBUG) on SimulatorManagerThread simulator.SimulatorManager.handleMessageLL(SimulatorManager.java:239)] SIMULATEUR-LL : message reçu : maxtr 500.00000[0m
[[34m15:45:13.269 STDOUT (DEBUG) on SimulatorManagerThread simulator.SimulatorManager.handleMessageLL(SimulatorManager.java:335)] SIMULATEUR-LL : l'ordre "maxtr" est inconnu[0m
[[34m15:45:13.271 STDOUT (DEBUG) on SimulatorManagerThread simulator.SimulatorManager.handleMessageLL(SimulatorManager.java:239)] SIMULATEUR-LL : message reçu : maxro 6.28319[0m
[[34m15:45:13.271 STDOUT (DEBUG) on SimulatorManagerThread simulator.SimulatorManager.handleMessageLL(SimulatorManager.java:335)] SIMULATEUR-LL : l'ordre "maxro" est inconnu[0m
[[34m15:45:13.274 STDOUT (DEBUG) on SimulatorManagerThread simulator.SimulatorManager.handleMessageLL(SimulatorManager.java:239)] SIMULATEUR-LL : message reçu : t 1.57080[0m
[[34m15:45:13.679 STDOUT (DEBUG) on SimulatorManagerThread simulator.SimulatedRobot.trySendStoppedMovingMessage(SimulatedRobot.java:193)] stoppedMoving[0m
[[34m15:45:13.679 COMMUNICATION (DEBUG) on pool-1-thread-1 data.controlers.DataController.handleEvent(DataController.java:251)] Got event: stoppedMoving[0m
[[34m15:45:13.679 ORDERS (DEBUG) on pool-1-thread-1 data.controlers.DataController.handleEvent(DataController.java:263)] SensorState.MOVING = false[0m
[[34m15:45:13.679 STDOUT (DEBUG) on pool-1-thread-1 data.controlers.DataController.handleEvent(DataController.java:264)] Position at StoppedMoving: (x,y)=(418,1706), o=1.5708[0m
[[34m15:45:13.681 ORDERS (DEBUG) on main locomotion.PathFollower.turnTowards(PathFollower.java:317)] SensorState.DISABLE_LIDAR = false[0m
[[34m15:45:13.681 ORDERS (DEBUG) on main locomotion.PathFollower.moveLengthwise(PathFollower.java:165)] SensorState.MOVING = true[0m
[[34m15:45:13.681 LOCOMOTION (DEBUG) on main locomotion.PathFollower.moveLengthwise(PathFollower.java:166)] Move lengthwise 800[0m
[[34m15:45:13.682 ORDERS (DEBUG) on main locomotion.Locomotion.moveLengthwise(Locomotion.java:131)] Sent to LL: d 800 false[0m
[[34m15:45:13.683 STDOUT (DEBUG) on SimulatorManagerThread simulator.SimulatorManager.handleMessageLL(SimulatorManager.java:239)] SIMULATEUR-LL : message reçu : d 800 false[0m
[[33m15:45:13.683 COMMUNICATION (WARNING) on SimulatorManagerThread simulator.SimulatedRobot.moveLengthwise(SimulatedRobot.java:382)] C:0, D:1000[0m
[[33m15:45:13.683 COMMUNICATION (WARNING) on SimulatorManagerThread simulator.SimulatedRobot.moveLengthwise(SimulatedRobot.java:384)] A:(418,1706), B:(418,2506), C:(0,1000)[0m
[[34m15:45:14.503 STDOUT (DEBUG) on SimulatorManagerThread simulator.SimulatedRobot.trySendStoppedMovingMessage(SimulatedRobot.java:193)] stoppedMoving[0m
[[34m15:45:14.503 COMMUNICATION (DEBUG) on pool-1-thread-1 data.controlers.DataController.handleEvent(DataController.java:251)] Got event: stoppedMoving[0m
[[34m15:45:14.503 ORDERS (DEBUG) on pool-1-thread-1 data.controlers.DataController.handleEvent(DataController.java:263)] SensorState.MOVING = false[0m
[[34m15:45:14.503 STDOUT (DEBUG) on pool-1-thread-1 data.controlers.DataController.handleEvent(DataController.java:264)] Position at StoppedMoving: (x,y)=(418,2506), o=1.5708[0m
[[34m15:45:14.556 ORDERS (DEBUG) on main locomotion.PathFollower.moveLengthwise(PathFollower.java:217)] Sent to LL: maxtr 500.00000[0m
[[34m15:45:14.556 ORDERS (DEBUG) on main locomotion.PathFollower.moveLengthwise(PathFollower.java:217)] Sent to LL: maxro 6.28319[0m
[[34m15:45:14.556 LOCOMOTION (DEBUG) on main locomotion.PathFollower.moveLengthwise(PathFollower.java:224)] End of move lengthwise[0m
[[33m15:45:14.556 STRATEGY (WARNING) on main scripts.Script.timedExecute(Script.java:177)] Ending script ScriptLoisSlave v0 at 1619963114.557[0m
[[33m15:45:14.557 STRATEGY (WARNING) on main scripts.Script.timedExecute(Script.java:179)] Script ScriptLoisSlave v0 took 011.535[0m
[[34m15:45:14.557 STDOUT (DEBUG) on main main.RobotEntryPoint.entryPoint(RobotEntryPoint.java:70)] Finished![0m
[[34m15:45:14.558 STDOUT (DEBUG) on SimulatorManagerThread simulator.SimulatorManager.handleMessageLL(SimulatorManager.java:239)] SIMULATEUR-LL : message reçu : maxtr 500.00000[0m
[[34m15:45:14.558 STDOUT (DEBUG) on SimulatorManagerThread simulator.SimulatorManager.handleMessageLL(SimulatorManager.java:335)] SIMULATEUR-LL : l'ordre "maxtr" est inconnu[0m
[[34m15:45:14.564 STDOUT (DEBUG) on SimulatorManagerThread simulator.SimulatorManager.handleMessageLL(SimulatorManager.java:239)] SIMULATEUR-LL : message reçu : maxro 6.28319[0m
[[34m15:45:14.564 STDOUT (DEBUG) on SimulatorManagerThread simulator.SimulatorManager.handleMessageLL(SimulatorManager.java:335)] SIMULATEUR-LL : l'ordre "maxro" est inconnu[0m
[[34m15:45:15.557 STDOUT (DEBUG) on main main.RobotEntryPoint.entryPoint(RobotEntryPoint.java:70)] Finished![0m
