[[34m15:55:03.737 STDOUT (DEBUG) on main utils.HLInstance.<init>(HLInstance.java:104)] Version : d1a5ef2 on master - [gitignore .idea, .gradle][0m
[[34m15:55:03.739 STDOUT (DEBUG) on main utils.HLInstance.<init>(HLInstance.java:112)] System : Linux 5.8.0-49-generic amd64[0m
[[34m15:55:03.745 STDOUT (DEBUG) on main utils.HLInstance.<init>(HLInstance.java:114)] Java : Oracle Corporation 16, max memory : 3.87G, available processors : 12[0m
[[34m15:55:03.745 STDOUT (DEBUG) on main utils.HLInstance.<init>(HLInstance.java:117)] [0m
[[34m15:55:03.745 STDOUT (DEBUG) on main utils.HLInstance.<init>(HLInstance.java:119)]    Remember, with great power comes great current squared times resistance !
[0m
[[34m15:55:03.745 STDOUT (DEBUG) on main utils.HLInstance.<init>(HLInstance.java:122)] Chargement de la config...[0m
[[34m15:55:03.760 STDOUT (DEBUG) on main pfg.config.Config.readConfigFile(Config.java:166)] Loading config file : /home/brunlois/IdeaProjects/TechTheTiller-HighLevel/bin/../config/config.txt[0m
[[31m15:55:03.772 STDERR (CRITICAL) on main] Unknown key : RECALAGE_MECA_BLUE_ACC, also tried recalageMecaBlueAcc[0m
[[31m15:55:03.773 STDERR (CRITICAL) on main] Unknown key : MILIEU_ECUEIL_PRIVE_XBLEU, also tried milieuEcueilPriveXbleu[0m
[[34m15:55:03.773 STDOUT (DEBUG) on main pfg.config.Config.printChangedValues(Config.java:465)] Configuration diff :[0m
[[34m15:55:03.773 STDOUT (DEBUG) on main pfg.config.Config.printChangedValues(Config.java:469)]   master = false (default : true)[0m
[[34m15:55:03.774 STDOUT (DEBUG) on main pfg.config.Config.printChangedValues(Config.java:469)]   visualisation = false (default : true)[0m
[[34m15:55:03.774 STDOUT (DEBUG) on main pfg.config.Config.printChangedValues(Config.java:469)]   usingBaliseImage = false (default : true)[0m
[[34m15:55:03.774 STDOUT (DEBUG) on main pfg.config.Config.printChangedValues(Config.java:469)]   usingPanel = false (default : true)[0m
[[34m15:55:03.774 STDOUT (DEBUG) on main pfg.config.Config.printChangedValues(Config.java:469)]   connectToBuddy = false (default : true)[0m
[[34m15:55:03.775 STDOUT (DEBUG) on main pfg.config.Config.printChangedValues(Config.java:469)]   ledCount = 1 (default : 16)[0m
[[34m15:55:03.775 STDOUT (DEBUG) on main pfg.config.Config.printChangedValues(Config.java:469)]   using7Segments = false (default : true)[0m
[[34m15:55:03.775 STDOUT (DEBUG) on main pfg.config.Config.printChangedValues(Config.java:469)]   robotRay = 142 (default : 190)[0m
[[34m15:55:03.775 STDOUT (DEBUG) on main pfg.config.Config.printChangedValues(Config.java:469)]   buddyRay = 190 (default : 150)[0m
[[34m15:55:03.775 STDOUT (DEBUG) on main pfg.config.Config.printChangedValues(Config.java:469)]   ennemyRay = 150 (default : 220)[0m
[[34m15:55:03.775 STDOUT (DEBUG) on main pfg.config.Config.printChangedValues(Config.java:469)]   vectorComparisonThreshold = 15 (default : 5)[0m
[[34m15:55:03.776 STDOUT (DEBUG) on main pfg.config.Config.printChangedValues(Config.java:469)]   nbrNoeudsX = 30 (default : 45)[0m
[[34m15:55:03.776 STDOUT (DEBUG) on main pfg.config.Config.printChangedValues(Config.java:469)]   nbrNoeudsY = 20 (default : 30)[0m
[[34m15:55:03.776 STDOUT (DEBUG) on main pfg.config.Config.printChangedValues(Config.java:469)]   nbrNoeudsCircle = 14 (default : 12)[0m
[[34m15:55:03.783 DATA_HANDLER (DEBUG) on main utils.HLInstance.module(HLInstance.java:271)] Initialisation du moduleClass Table[0m
[[34m15:55:03.784 DATA_HANDLER (DEBUG) on main utils.HLInstance.module(HLInstance.java:285)] Mise à jour de la config du moduleClass Table après son initialisation.[0m
[[34m15:55:03.791 STDOUT (DEBUG) on main pfg.config.Config.loadInto(Config.java:274)] Set private boolean data.Table.symetry to false[0m
[[34m15:55:03.791 STDOUT (DEBUG) on main pfg.config.Config.loadInto(Config.java:274)] Set private int data.Table.length to 3000[0m
[[34m15:55:03.791 STDOUT (DEBUG) on main pfg.config.Config.loadInto(Config.java:274)] Set private int data.Table.height to 2000[0m
[[34m15:55:03.792 STDOUT (DEBUG) on main pfg.config.Config.loadInto(Config.java:274)] Set private int data.Table.robotRay to 142[0m
[[34m15:55:03.792 STDOUT (DEBUG) on main pfg.config.Config.loadInto(Config.java:274)] Set private int data.Table.buddyRay to 190[0m
[[34m15:55:03.792 STDOUT (DEBUG) on main pfg.config.Config.loadInto(Config.java:274)] Set private int data.Table.ennemyRay to 150[0m
[[34m15:55:03.792 STDOUT (DEBUG) on main pfg.config.Config.loadInto(Config.java:274)] Set private int data.Table.compareThreshold to 15[0m
[[34m15:55:03.793 STDOUT (DEBUG) on main pfg.config.Config.loadInto(Config.java:274)] Set private boolean data.Table.openTheGate to false[0m
[[34m15:55:03.793 DATA_HANDLER (DEBUG) on main utils.HLInstance.module(HLInstance.java:297)] Module Table prêt[0m
[[34m15:55:03.793 DATA_HANDLER (DEBUG) on main utils.HLInstance.module(HLInstance.java:271)] Initialisation du moduleClass Graphe[0m
[[34m15:55:03.794 DATA_HANDLER (DEBUG) on main utils.HLInstance.module(HLInstance.java:285)] Mise à jour de la config du moduleClass Graphe après son initialisation.[0m
[[34m15:55:03.794 STDOUT (DEBUG) on main pfg.config.Config.loadInto(Config.java:274)] Set private int data.Graphe.nodeCircleNbr to 14[0m
[[34m15:55:03.795 STDOUT (DEBUG) on main pfg.config.Config.loadInto(Config.java:274)] Set private double data.Graphe.spaceCircleParameter to 1.2[0m
[[34m15:55:03.795 STDOUT (DEBUG) on main pfg.config.Config.loadInto(Config.java:274)] Set private int data.Graphe.nodeXNbr to 30[0m
[[34m15:55:03.796 STDOUT (DEBUG) on main pfg.config.Config.loadInto(Config.java:274)] Set private int data.Graphe.nodeYNbr to 20[0m
[[34m15:55:03.796 STDOUT (DEBUG) on main pfg.config.Config.loadInto(Config.java:274)] Set private int data.Graphe.partitioningX to 25[0m
[[34m15:55:03.796 STDOUT (DEBUG) on main pfg.config.Config.loadInto(Config.java:274)] Set private int data.Graphe.partitioningY to 25[0m
[[34m15:55:04.030 DATA_HANDLER (DEBUG) on main utils.HLInstance.module(HLInstance.java:297)] Module Graphe prêt[0m
[[34m15:55:04.031 DATA_HANDLER (DEBUG) on main utils.HLInstance.module(HLInstance.java:271)] Initialisation du moduleClass Pathfinder[0m
[[34m15:55:04.031 DATA_HANDLER (DEBUG) on main utils.HLInstance.module(HLInstance.java:285)] Mise à jour de la config du moduleClass Pathfinder après son initialisation.[0m
[[34m15:55:04.032 DATA_HANDLER (DEBUG) on main utils.HLInstance.module(HLInstance.java:297)] Module Pathfinder prêt[0m
[[34m15:55:04.033 DATA_HANDLER (DEBUG) on main utils.HLInstance.module(HLInstance.java:271)] Initialisation du moduleClass OrderWrapper[0m
[[34m15:55:04.033 DATA_HANDLER (DEBUG) on main utils.HLInstance.module(HLInstance.java:285)] Mise à jour de la config du moduleClass OrderWrapper après son initialisation.[0m
[[34m15:55:04.033 STDOUT (DEBUG) on main pfg.config.Config.loadInto(Config.java:274)] Set private boolean orders.OrderWrapper.symetry to false[0m
[[34m15:55:04.035 STDOUT (DEBUG) on main pfg.config.Config.loadInto(Config.java:274)] Set private boolean orders.OrderWrapper.simulation to true[0m
[[34m15:55:04.035 STDOUT (DEBUG) on main pfg.config.Config.loadInto(Config.java:274)] Set private boolean orders.OrderWrapper.usingBaliseImage to false[0m
[[34m15:55:04.037 DATA_HANDLER (DEBUG) on main utils.HLInstance.module(HLInstance.java:297)] Module OrderWrapper prêt[0m
[[34m15:55:04.037 DATA_HANDLER (DEBUG) on main utils.HLInstance.module(HLInstance.java:271)] Initialisation du moduleClass PathFollower[0m
[[34m15:55:04.038 DATA_HANDLER (DEBUG) on main utils.HLInstance.module(HLInstance.java:285)] Mise à jour de la config du moduleClass PathFollower après son initialisation.[0m
[[34m15:55:04.039 STDOUT (DEBUG) on main pfg.config.Config.loadInto(Config.java:274)] Set private long locomotion.PathFollower.locomotionLoopDelay to 20[0m
[[34m15:55:04.039 STDOUT (DEBUG) on main pfg.config.Config.loadInto(Config.java:274)] Set private int locomotion.PathFollower.locomotionDistanceCheck to 200[0m
[[34m15:55:04.039 STDOUT (DEBUG) on main pfg.config.Config.loadInto(Config.java:274)] Set private int locomotion.PathFollower.locomotionRadiusCheck to 200[0m
[[34m15:55:04.040 STDOUT (DEBUG) on main pfg.config.Config.loadInto(Config.java:274)] Set private long locomotion.PathFollower.locomotionObstructedTimeout to 2000[0m
[[34m15:55:04.040 STDOUT (DEBUG) on main pfg.config.Config.loadInto(Config.java:274)] Set private boolean locomotion.PathFollower.simulation to true[0m
[[34m15:55:04.042 DATA_HANDLER (DEBUG) on main utils.HLInstance.module(HLInstance.java:297)] Module PathFollower prêt[0m
[[34m15:55:04.042 DATA_HANDLER (DEBUG) on main utils.HLInstance.module(HLInstance.java:271)] Initialisation du moduleClass Locomotion[0m
[[34m15:55:04.042 DATA_HANDLER (DEBUG) on main utils.HLInstance.module(HLInstance.java:285)] Mise à jour de la config du moduleClass Locomotion après son initialisation.[0m
[[34m15:55:04.042 STDOUT (DEBUG) on main pfg.config.Config.loadInto(Config.java:274)] Set private int locomotion.Locomotion.vectorComparisonThreshold to 15[0m
[[34m15:55:04.043 STDOUT (DEBUG) on main pfg.config.Config.loadInto(Config.java:274)] Set private long locomotion.Locomotion.locomotionObstructedTimeout to 2000[0m
[[34m15:55:04.043 DATA_HANDLER (DEBUG) on main utils.HLInstance.module(HLInstance.java:297)] Module Locomotion prêt[0m
[[34m15:55:04.043 DATA_HANDLER (DEBUG) on main utils.HLInstance.module(HLInstance.java:271)] Initialisation du moduleClass HookFactory[0m
[[34m15:55:04.043 DATA_HANDLER (DEBUG) on main utils.HLInstance.module(HLInstance.java:285)] Mise à jour de la config du moduleClass HookFactory après son initialisation.[0m
[[34m15:55:04.043 DATA_HANDLER (DEBUG) on main utils.HLInstance.module(HLInstance.java:297)] Module HookFactory prêt[0m
[[34m15:55:04.043 DATA_HANDLER (DEBUG) on main utils.HLInstance.module(HLInstance.java:271)] Initialisation du moduleClass ConnectionManager[0m
[[34m15:55:04.043 DATA_HANDLER (DEBUG) on main utils.HLInstance.module(HLInstance.java:285)] Mise à jour de la config du moduleClass ConnectionManager après son initialisation.[0m
[[34m15:55:04.044 DATA_HANDLER (DEBUG) on main utils.HLInstance.module(HLInstance.java:297)] Module ConnectionManager prêt[0m
[[34m15:55:04.044 DATA_HANDLER (DEBUG) on main utils.HLInstance.module(HLInstance.java:271)] Initialisation du moduleClass SimulatorDebug[0m
[[34m15:55:04.044 DATA_HANDLER (DEBUG) on main utils.HLInstance.module(HLInstance.java:285)] Mise à jour de la config du moduleClass SimulatorDebug après son initialisation.[0m
[[34m15:55:04.044 STDOUT (DEBUG) on main pfg.config.Config.loadInto(Config.java:274)] Set private boolean utils.communication.SimulatorDebug.active to true[0m
[[34m15:55:04.044 DATA_HANDLER (DEBUG) on main utils.HLInstance.module(HLInstance.java:297)] Module SimulatorDebug prêt[0m
[[34m15:55:04.044 DATA_HANDLER (DEBUG) on main utils.HLInstance.module(HLInstance.java:271)] Initialisation du moduleClass PanneauModule[0m
[[34m15:55:04.044 DATA_HANDLER (DEBUG) on main utils.HLInstance.module(HLInstance.java:285)] Mise à jour de la config du moduleClass PanneauModule après son initialisation.[0m
[[34m15:55:04.045 STDOUT (DEBUG) on main pfg.config.Config.loadInto(Config.java:274)] Set private long data.controlers.PanneauModule.scoreUpdatePeriod to 100[0m
[[34m15:55:04.045 STDOUT (DEBUG) on main pfg.config.Config.loadInto(Config.java:274)] Set private java.lang.String data.controlers.PanneauModule.couleur to jaune[0m
[[34m15:55:04.045 STDOUT (DEBUG) on main pfg.config.Config.loadInto(Config.java:274)] Set private int data.controlers.PanneauModule.ledProgramPort to 19500[0m
[[34m15:55:04.046 STDOUT (DEBUG) on main pfg.config.Config.loadInto(Config.java:274)] Set private int data.controlers.PanneauModule.ledCount to 1[0m
[[34m15:55:04.046 STDOUT (DEBUG) on main pfg.config.Config.loadInto(Config.java:274)] Set private boolean data.controlers.PanneauModule.using7Segments to false[0m
[[34m15:55:04.046 DATA_HANDLER (DEBUG) on main utils.HLInstance.module(HLInstance.java:297)] Module PanneauModule prêt[0m
[[34m15:55:04.046 DATA_HANDLER (DEBUG) on main utils.HLInstance.module(HLInstance.java:271)] Initialisation du moduleClass Slave[0m
[[34m15:55:04.049 DATA_HANDLER (DEBUG) on main utils.HLInstance.module(HLInstance.java:271)] Initialisation du moduleClass SynchronizationWithBuddy[0m
[[34m15:55:04.049 DATA_HANDLER (DEBUG) on main utils.HLInstance.module(HLInstance.java:285)] Mise à jour de la config du moduleClass SynchronizationWithBuddy après son initialisation.[0m
[[34m15:55:04.049 STDOUT (DEBUG) on main pfg.config.Config.loadInto(Config.java:274)] Set protected boolean data.synchronization.SynchronizationCommon.symetry to false[0m
[[34m15:55:04.049 STDOUT (DEBUG) on main pfg.config.Config.loadInto(Config.java:274)] Set protected boolean data.synchronization.SynchronizationCommon.simulation to true[0m
[[34m15:55:04.049 STDOUT (DEBUG) on main pfg.config.Config.loadInto(Config.java:274)] Set protected boolean data.synchronization.SynchronizationCommon.master to false[0m
[[34m15:55:04.049 DATA_HANDLER (DEBUG) on main utils.HLInstance.module(HLInstance.java:297)] Module SynchronizationWithBuddy prêt[0m
[[34m15:55:04.050 DATA_HANDLER (DEBUG) on main utils.HLInstance.module(HLInstance.java:271)] Initialisation du moduleClass Listener[0m
[[34m15:55:04.050 DATA_HANDLER (DEBUG) on main utils.HLInstance.module(HLInstance.java:285)] Mise à jour de la config du moduleClass Listener après son initialisation.[0m
[[34m15:55:04.050 STDOUT (DEBUG) on main pfg.config.Config.loadInto(Config.java:274)] Set private boolean data.controlers.Listener.master to false[0m
[[34m15:55:04.050 STDOUT (DEBUG) on main pfg.config.Config.loadInto(Config.java:274)] Set private boolean data.controlers.Listener.simulation to true[0m
[[34m15:55:04.050 STDOUT (DEBUG) on main pfg.config.Config.loadInto(Config.java:274)] Set private boolean data.controlers.Listener.usingLidar to false[0m
[[34m15:55:04.050 STDOUT (DEBUG) on main pfg.config.Config.loadInto(Config.java:274)] Set private boolean data.controlers.Listener.usingCylinderDetection to false[0m
[[34m15:55:04.050 STDOUT (DEBUG) on main pfg.config.Config.loadInto(Config.java:274)] Set private boolean data.controlers.Listener.usingBaliseImage to false[0m
[[34m15:55:04.050 STDOUT (DEBUG) on main pfg.config.Config.loadInto(Config.java:274)] Set private boolean data.controlers.Listener.visualisation to false[0m
[[34m15:55:04.051 STDOUT (DEBUG) on main pfg.config.Config.loadInto(Config.java:274)] Set private boolean data.controlers.Listener.usingBaliseConnection to false[0m
[[34m15:55:04.051 STDOUT (DEBUG) on main pfg.config.Config.loadInto(Config.java:274)] Set private boolean data.controlers.Listener.connectToBuddy to false[0m
[[34m15:55:04.051 STDOUT (DEBUG) on main pfg.config.Config.loadInto(Config.java:274)] Set private long data.controlers.Listener.timeBetweenPosUpdates to 200[0m
[[34m15:55:04.053 DATA_HANDLER (DEBUG) on main utils.HLInstance.module(HLInstance.java:297)] Module Listener prêt[0m
[[34m15:55:04.053 COMMUNICATION (DEBUG) on pool-1-thread-1 data.controlers.Listener.asyncInit(Listener.java:186)] Listener lancé : connection aux devices...[0m
[[34m15:55:04.054 COMMUNICATION (DEBUG) on pool-1-thread-1 data.controlers.Listener.asyncInit(Listener.java:189)] Simulation initializing connections...[0m
[[34m15:55:04.054 DATA_HANDLER (DEBUG) on main utils.HLInstance.module(HLInstance.java:271)] Initialisation du moduleClass MatchTimer[0m
[[34m15:55:04.054 DATA_HANDLER (DEBUG) on main utils.HLInstance.module(HLInstance.java:285)] Mise à jour de la config du moduleClass MatchTimer après son initialisation.[0m
[[34m15:55:04.054 DATA_HANDLER (DEBUG) on main utils.HLInstance.module(HLInstance.java:297)] Module MatchTimer prêt[0m
[[34m15:55:04.054 DATA_HANDLER (DEBUG) on main utils.HLInstance.module(HLInstance.java:271)] Initialisation du moduleClass DataController[0m
[[34m15:55:04.055 COMMUNICATION (DEBUG) on pool-1-thread-1 data.controlers.Listener.asyncInit(Listener.java:191)] Simulated Teensy Master connected[0m
[[34m15:55:04.055 COMMUNICATION (DEBUG) on pool-1-thread-1 data.controlers.Listener.asyncInit(Listener.java:194)] Debug connection init...[0m
[[34m15:55:04.055 COMMUNICATION (DEBUG) on SocketClient(localhost:10001) utils.communication.SocketClientInterface.lambda$init$0(SocketClientInterface.java:51)] Trying to connect to localhost on port 10001[0m
[[34m15:55:04.055 DATA_HANDLER (DEBUG) on main utils.HLInstance.module(HLInstance.java:285)] Mise à jour de la config du moduleClass DataController après son initialisation.[0m
[[34m15:55:04.055 COMMUNICATION (DEBUG) on pool-1-thread-1 data.controlers.Listener.asyncInit(Listener.java:196)] Debug connection ready![0m
[[34m15:55:04.055 COMMUNICATION (DEBUG) on SocketClient(localhost:19999) utils.communication.SocketClientInterface.lambda$init$0(SocketClientInterface.java:51)] Trying to connect to localhost on port 19999[0m
[[34m15:55:04.055 STDOUT (DEBUG) on main pfg.config.Config.loadInto(Config.java:274)] Set private boolean data.controlers.DataController.master to false[0m
[[34m15:55:04.056 STDOUT (DEBUG) on main pfg.config.Config.loadInto(Config.java:274)] Set private boolean data.controlers.DataController.symetry to false[0m
[[34m15:55:04.060 DATA_HANDLER (DEBUG) on main utils.HLInstance.module(HLInstance.java:297)] Module DataController prêt[0m
[[34m15:55:04.060 DATA_HANDLER (DEBUG) on DataController data.controlers.DataController.run(DataController.java:164)] Controller lancé : en attente du listener...[0m
[[34m15:55:04.060 DATA_HANDLER (DEBUG) on main utils.HLInstance.module(HLInstance.java:285)] Mise à jour de la config du moduleClass Slave après son initialisation.[0m
[[34m15:55:04.061 STDOUT (DEBUG) on main pfg.config.Config.loadInto(Config.java:274)] Set private long robot.Robot.locomotionLoopDelay to 20[0m
[[34m15:55:04.061 STDOUT (DEBUG) on main pfg.config.Config.loadInto(Config.java:274)] Set private boolean robot.Robot.simulation to true[0m
[[34m15:55:04.061 STDOUT (DEBUG) on main pfg.config.Config.loadInto(Config.java:274)] Set private boolean robot.Robot.master to false[0m
[[34m15:55:04.062 STDOUT (DEBUG) on main pfg.config.Config.loadInto(Config.java:274)] Set private boolean robot.Robot.symetry to false[0m
[[34m15:55:04.062 STDOUT (DEBUG) on main pfg.config.Config.loadInto(Config.java:274)] Set private boolean robot.Robot.usingPanel to false[0m
[[34m15:55:04.062 DATA_HANDLER (DEBUG) on main utils.HLInstance.module(HLInstance.java:297)] Module Slave prêt[0m
[[31m15:55:04.062 STRATEGY (CRITICAL) on main main.RobotEntryPoint.initServices(RobotEntryPoint.java:195)] PAS DE PANNEAU[0m
[[34m15:55:04.063 STRATEGY (DEBUG) on main main.RobotEntryPoint.initServices(RobotEntryPoint.java:198)] Couleur: jaune[0m
[[34m15:55:04.063 DATA_HANDLER (DEBUG) on main utils.HLInstance.module(HLInstance.java:271)] Initialisation du moduleClass ScriptManagerSlave[0m
[[34m15:55:04.064 DATA_HANDLER (DEBUG) on main utils.HLInstance.module(HLInstance.java:271)] Initialisation du moduleClass ScriptLoisSlave[0m
[[33m15:55:04.065 COMMUNICATION (WARNING) on SocketClient(localhost:10001) utils.communication.SocketClientInterface.lambda$init$0(SocketClientInterface.java:57)] Failed trying to connect to localhost on port 10001[0m
[[33m15:55:04.065 COMMUNICATION (WARNING) on SocketClient(localhost:19999) utils.communication.SocketClientInterface.lambda$init$0(SocketClientInterface.java:57)] Failed trying to connect to localhost on port 19999[0m
[[34m15:55:04.065 DATA_HANDLER (DEBUG) on main utils.HLInstance.module(HLInstance.java:271)] Initialisation du moduleClass ActuatorsModule[0m
[[34m15:55:04.072 DATA_HANDLER (DEBUG) on main utils.HLInstance.module(HLInstance.java:285)] Mise à jour de la config du moduleClass ActuatorsModule après son initialisation.[0m
[[34m15:55:04.072 DATA_HANDLER (DEBUG) on main utils.HLInstance.module(HLInstance.java:297)] Module ActuatorsModule prêt[0m
[[34m15:55:04.072 DATA_HANDLER (DEBUG) on main utils.HLInstance.module(HLInstance.java:285)] Mise à jour de la config du moduleClass ScriptLoisSlave après son initialisation.[0m
[[34m15:55:04.073 STDOUT (DEBUG) on main pfg.config.Config.loadInto(Config.java:274)] Set private int scripts.ScriptLoisSlave.robotRay to 142[0m
[[34m15:55:04.073 STDOUT (DEBUG) on main pfg.config.Config.loadInto(Config.java:274)] Set private long scripts.Script.locomotionObstructedTimeout to 2000[0m
[[34m15:55:04.073 STDOUT (DEBUG) on main pfg.config.Config.loadInto(Config.java:274)] Set protected boolean scripts.Script.symetry to false[0m
[[34m15:55:04.073 DATA_HANDLER (DEBUG) on main utils.HLInstance.module(HLInstance.java:297)] Module ScriptLoisSlave prêt[0m
[[34m15:55:04.073 DATA_HANDLER (DEBUG) on main utils.HLInstance.module(HLInstance.java:285)] Mise à jour de la config du moduleClass ScriptManagerSlave après son initialisation.[0m
[[34m15:55:04.073 DATA_HANDLER (DEBUG) on main utils.HLInstance.module(HLInstance.java:297)] Module ScriptManagerSlave prêt[0m
[[34m15:55:04.165 COMMUNICATION (DEBUG) on SocketClient(localhost:10001) utils.communication.SocketClientInterface.lambda$init$0(SocketClientInterface.java:51)] Trying to connect to localhost on port 10001[0m
[[34m15:55:04.165 COMMUNICATION (DEBUG) on SocketClient(localhost:19999) utils.communication.SocketClientInterface.lambda$init$0(SocketClientInterface.java:51)] Trying to connect to localhost on port 19999[0m
[[33m15:55:04.165 COMMUNICATION (WARNING) on SocketClient(localhost:10001) utils.communication.SocketClientInterface.lambda$init$0(SocketClientInterface.java:57)] Failed trying to connect to localhost on port 10001[0m
[[33m15:55:04.165 COMMUNICATION (WARNING) on SocketClient(localhost:19999) utils.communication.SocketClientInterface.lambda$init$0(SocketClientInterface.java:57)] Failed trying to connect to localhost on port 19999[0m
[[34m15:55:04.266 COMMUNICATION (DEBUG) on SocketClient(localhost:19999) utils.communication.SocketClientInterface.lambda$init$0(SocketClientInterface.java:51)] Trying to connect to localhost on port 19999[0m
[[34m15:55:04.266 COMMUNICATION (DEBUG) on SocketClient(localhost:10001) utils.communication.SocketClientInterface.lambda$init$0(SocketClientInterface.java:51)] Trying to connect to localhost on port 10001[0m
[[33m15:55:04.266 COMMUNICATION (WARNING) on SocketClient(localhost:19999) utils.communication.SocketClientInterface.lambda$init$0(SocketClientInterface.java:57)] Failed trying to connect to localhost on port 19999[0m
[[33m15:55:04.266 COMMUNICATION (WARNING) on SocketClient(localhost:10001) utils.communication.SocketClientInterface.lambda$init$0(SocketClientInterface.java:57)] Failed trying to connect to localhost on port 10001[0m
[[34m15:55:04.330 DATA_HANDLER (DEBUG) on main utils.HLInstance.module(HLInstance.java:271)] Initialisation du moduleClass LidarController[0m
[[34m15:55:04.330 DATA_HANDLER (DEBUG) on main utils.HLInstance.module(HLInstance.java:285)] Mise à jour de la config du moduleClass LidarController après son initialisation.[0m
[[34m15:55:04.331 STDOUT (DEBUG) on main pfg.config.Config.loadInto(Config.java:274)] Set private boolean data.controlers.LidarController.symetry to false[0m
[[34m15:55:04.331 STDOUT (DEBUG) on main pfg.config.Config.loadInto(Config.java:274)] Set private int data.controlers.LidarController.robotRay to 142[0m
[[34m15:55:04.331 STDOUT (DEBUG) on main pfg.config.Config.loadInto(Config.java:274)] Set private int data.controlers.LidarController.ennemyRay to 150[0m
[[34m15:55:04.331 STDOUT (DEBUG) on main pfg.config.Config.loadInto(Config.java:274)] Set private java.lang.String data.controlers.LidarController.lidarProcessPath to ../bin/LiDAR_UST_10LX[0m
[[34m15:55:04.331 STDOUT (DEBUG) on main pfg.config.Config.loadInto(Config.java:274)] Set private boolean data.controlers.LidarController.usingLidar to false[0m
[[34m15:55:04.332 DATA_HANDLER (DEBUG) on main utils.HLInstance.module(HLInstance.java:297)] Module LidarController prêt[0m
[[34m15:55:04.332 DATA_HANDLER (DEBUG) on main utils.HLInstance.module(HLInstance.java:271)] Initialisation du moduleClass CylinderDetectionController[0m
[[34m15:55:04.333 DATA_HANDLER (DEBUG) on main utils.HLInstance.module(HLInstance.java:285)] Mise à jour de la config du moduleClass CylinderDetectionController après son initialisation.[0m
[[34m15:55:04.333 STDOUT (DEBUG) on main pfg.config.Config.loadInto(Config.java:274)] Set private boolean data.controlers.CylinderDetectionController.usingCylinderDetection to false[0m
[[34m15:55:04.334 STDOUT (DEBUG) on main pfg.config.Config.loadInto(Config.java:274)] Set private boolean data.controlers.CylinderDetectionController.symetry to false[0m
[[34m15:55:04.334 DATA_HANDLER (DEBUG) on main utils.HLInstance.module(HLInstance.java:297)] Module CylinderDetectionController prêt[0m
[[34m15:55:04.334 DATA_HANDLER (DEBUG) on main utils.HLInstance.module(HLInstance.java:271)] Initialisation du moduleClass AIModule[0m
[[34m15:55:04.337 DATA_HANDLER (DEBUG) on main utils.HLInstance.module(HLInstance.java:285)] Mise à jour de la config du moduleClass AIModule après son initialisation.[0m
[[34m15:55:04.337 STDOUT (DEBUG) on main pfg.config.Config.loadInto(Config.java:274)] Set private int data.Graphe.nodeCircleNbr to 14[0m
[[34m15:55:04.337 STDOUT (DEBUG) on main pfg.config.Config.loadInto(Config.java:274)] Set private double data.Graphe.spaceCircleParameter to 1.2[0m
[[34m15:55:04.337 STDOUT (DEBUG) on main pfg.config.Config.loadInto(Config.java:274)] Set private int data.Graphe.nodeXNbr to 30[0m
[[34m15:55:04.337 STDOUT (DEBUG) on main pfg.config.Config.loadInto(Config.java:274)] Set private int data.Graphe.nodeYNbr to 20[0m
[[34m15:55:04.337 STDOUT (DEBUG) on main pfg.config.Config.loadInto(Config.java:274)] Set private int data.Graphe.partitioningX to 25[0m
[[34m15:55:04.337 STDOUT (DEBUG) on main pfg.config.Config.loadInto(Config.java:274)] Set private int data.Graphe.partitioningY to 25[0m
[[34m15:55:04.337 DATA_HANDLER (DEBUG) on main utils.HLInstance.module(HLInstance.java:297)] Module AIModule prêt[0m
[[34m15:55:04.338 STDOUT (DEBUG) on main simulator.SimulatorManagerLauncher.launch(SimulatorManagerLauncher.java:166)] Lanceur de simulateur démarré[0m
[[34m15:55:04.339 STDOUT (DEBUG) on Thread-6 simulator.SimulatorManagerLauncher.launchSimulatorManager(SimulatorManagerLauncher.java:190)] Listener LL-Master lancé sur le port 10001[0m
[[34m15:55:04.339 STDOUT (DEBUG) on Thread-7 simulator.SimulatedConnectionManager.<init>(SimulatedConnectionManager.java:36)] Ouverture d'une socket sur le port 10001[0m
[[34m15:55:04.366 COMMUNICATION (DEBUG) on SocketClient(localhost:19999) utils.communication.SocketClientInterface.lambda$init$0(SocketClientInterface.java:51)] Trying to connect to localhost on port 19999[0m
[[34m15:55:04.366 COMMUNICATION (DEBUG) on SocketClient(localhost:10001) utils.communication.SocketClientInterface.lambda$init$0(SocketClientInterface.java:51)] Trying to connect to localhost on port 10001[0m
[[34m15:55:04.367 COMMUNICATION (DEBUG) on SocketClient(localhost:10001) utils.communication.SocketClientInterface.lambda$init$0(SocketClientInterface.java:53)] Socket created to localhost on port 10001[0m
[[33m15:55:04.367 COMMUNICATION (WARNING) on SocketClient(localhost:19999) utils.communication.SocketClientInterface.lambda$init$0(SocketClientInterface.java:57)] Failed trying to connect to localhost on port 19999[0m
[[34m15:55:04.367 STDOUT (DEBUG) on Thread-7 simulator.SimulatedConnectionManager.<init>(SimulatedConnectionManager.java:43)] Socket connectée sur le port 10001[0m
[[34m15:55:04.367 COMMUNICATION (DEBUG) on SocketClient(localhost:10001) utils.communication.SocketClientInterface.lambda$init$0(SocketClientInterface.java:70)] SUCCESS to connect to localhost on port 10001[0m
[[34m15:55:04.370 STDOUT (DEBUG) on Thread-6 simulator.SimulatorManagerLauncher.launchSimulatorManager(SimulatorManagerLauncher.java:303)] (10001) Listener connecté[0m
[[34m15:55:04.370 STDOUT (DEBUG) on Thread-6 simulator.SimulatedRobot.launch(SimulatedRobot.java:139)] (10001) Robot simulé démarré[0m
[[34m15:55:04.370 STDOUT (DEBUG) on Thread-6 simulator.SimulatorManagerLauncher.launchSimulatorManager(SimulatorManagerLauncher.java:313)] (10001) Robot simulé instancié[0m
[[34m15:55:04.371 STDOUT (DEBUG) on Thread-6 simulator.SimulatorManagerLauncher.launchSimulatorManager(SimulatorManagerLauncher.java:317)] Instanciation de l'interface graphique[0m
[[34m15:55:04.371 STDOUT (DEBUG) on Thread-6 simulator.SimulatedConnectionManager.<init>(SimulatedConnectionManager.java:36)] Ouverture d'une socket sur le port 19999[0m
[[34m15:55:04.467 COMMUNICATION (DEBUG) on SocketClient(localhost:19999) utils.communication.SocketClientInterface.lambda$init$0(SocketClientInterface.java:51)] Trying to connect to localhost on port 19999[0m
[[34m15:55:04.467 COMMUNICATION (DEBUG) on SocketClient(localhost:19999) utils.communication.SocketClientInterface.lambda$init$0(SocketClientInterface.java:53)] Socket created to localhost on port 19999[0m
[[34m15:55:04.467 STDOUT (DEBUG) on Thread-6 simulator.SimulatedConnectionManager.<init>(SimulatedConnectionManager.java:43)] Socket connectée sur le port 19999[0m
[[34m15:55:04.468 COMMUNICATION (DEBUG) on SocketClient(localhost:19999) utils.communication.SocketClientInterface.lambda$init$0(SocketClientInterface.java:70)] SUCCESS to connect to localhost on port 19999[0m
[[34m15:55:04.656 COMMUNICATION (DEBUG) on pool-1-thread-1 data.controlers.Listener.asyncInit(Listener.java:257)] Listener opérationnel[0m
[[34m15:55:04.661 DATA_HANDLER (DEBUG) on DataController data.controlers.DataController.run(DataController.java:172)] Controller opérationnel[0m
[[34m15:55:06.287 STDOUT (DEBUG) on Thread-6 simulator.GraphicalInterface.launch(GraphicalInterface.java:200)] Interface graphique démarrée[0m
[[34m15:55:06.287 STDOUT (DEBUG) on Thread-6 simulator.SimulatorManagerLauncher.launchSimulatorManager(SimulatorManagerLauncher.java:337)] Interface graphique instanciée[0m
[[34m15:55:06.289 STDOUT (DEBUG) on Thread-6 simulator.SimulatorManager.launch(SimulatorManager.java:139)] Manager de simulation démarré[0m
[[34m15:55:06.289 STDOUT (DEBUG) on Thread-6 simulator.SimulatorManagerLauncher.launchSimulatorManager(SimulatorManagerLauncher.java:351)] Manager de simulation instancié[0m
[[34m15:55:09.338 COMMUNICATION (DEBUG) on main main.RobotEntryPoint.entryPoint(RobotEntryPoint.java:61)] Connection established, starting match[0m
[[34m15:55:09.339 DATA_HANDLER (DEBUG) on main utils.HLInstance.module(HLInstance.java:271)] Initialisation du moduleClass MatchSlave[0m
[[34m15:55:09.339 DATA_HANDLER (DEBUG) on main utils.HLInstance.module(HLInstance.java:285)] Mise à jour de la config du moduleClass MatchSlave après son initialisation.[0m
[[34m15:55:09.339 STDOUT (DEBUG) on main pfg.config.Config.loadInto(Config.java:274)] Set private long scripts.Script.locomotionObstructedTimeout to 2000[0m
[[34m15:55:09.339 STDOUT (DEBUG) on main pfg.config.Config.loadInto(Config.java:274)] Set protected boolean scripts.Script.symetry to false[0m
[[34m15:55:09.339 DATA_HANDLER (DEBUG) on main utils.HLInstance.module(HLInstance.java:297)] Module MatchSlave prêt[0m
[[34m15:55:09.340 ORDERS (DEBUG) on main orders.OrderWrapper.setPositionAndOrientation(OrderWrapper.java:180)] SensorState.ACTUATOR_ACTUATING = true[0m
[[34m15:55:09.343 ORDERS (DEBUG) on main orders.OrderWrapper.setPositionAndOrientation(OrderWrapper.java:168)] Sent to LL: !cxyo 1200 650 1.57080[0m
[[34m15:55:09.345 STDOUT (DEBUG) on SimulatorManagerThread simulator.SimulatorManager.handleMessageLL(SimulatorManager.java:239)] SIMULATEUR-LL : message reçu : !cxyo 1200 650 1.57080[0m
[[34m15:55:09.346 COMMUNICATION (DEBUG) on pool-1-thread-1 data.controlers.DataController.handleEvent(DataController.java:251)] Got event: confirmOrder cxyo 1200 650 1.57080[0m
[[34m15:55:09.346 COMMUNICATION (DEBUG) on pool-1-thread-1 data.controlers.DataController.handleEvent(DataController.java:285)] Received confirmation for order (cxyo)[0m
[[34m15:55:09.346 ORDERS (DEBUG) on pool-1-thread-1 data.controlers.DataController.handleEvent(DataController.java:286)] SensorState.ACTUATOR_ACTUATING = false[0m
[[34m15:55:09.349 COMMUNICATION (DEBUG) on main data.controlers.DataController.waitForTwoPositionUpdates(DataController.java:548)] Waiting for two position updates[0m
[[33m15:55:09.362 STRATEGY (WARNING) on main scripts.Script.timedExecute(Script.java:174)] Starting script ScriptLoisSlave v0 at 1618754109.360[0m
[[34m15:55:09.362 ORDERS (DEBUG) on main locomotion.PathFollower.turnTowards(PathFollower.java:301)] SensorState.DISABLE_LIDAR = true[0m
[[34m15:55:09.362 ORDERS (DEBUG) on main locomotion.PathFollower.turnTowards(PathFollower.java:303)] SensorState.MOVING = true[0m
[[34m15:55:09.364 ORDERS (DEBUG) on main locomotion.Locomotion.turnTowards(Locomotion.java:139)] Sent to LL: t -2.74889[0m
[[34m15:55:09.365 STDOUT (DEBUG) on SimulatorManagerThread simulator.SimulatorManager.handleMessageLL(SimulatorManager.java:239)] SIMULATEUR-LL : message reçu : t -2.74889[0m
[[34m15:55:09.872 STDOUT (DEBUG) on SimulatorManagerThread simulator.SimulatedRobot.trySendStoppedMovingMessage(SimulatedRobot.java:193)] stoppedMoving[0m
[[34m15:55:09.873 COMMUNICATION (DEBUG) on pool-1-thread-1 data.controlers.DataController.handleEvent(DataController.java:251)] Got event: stoppedMoving[0m
[[34m15:55:09.873 ORDERS (DEBUG) on pool-1-thread-1 data.controlers.DataController.handleEvent(DataController.java:263)] SensorState.MOVING = false[0m
[[34m15:55:09.873 ORDERS (DEBUG) on main locomotion.PathFollower.turnTowards(PathFollower.java:317)] SensorState.DISABLE_LIDAR = false[0m
[[34m15:55:09.874 STDOUT (DEBUG) on pool-1-thread-1 data.controlers.DataController.handleEvent(DataController.java:264)] Position at StoppedMoving: (x,y)=(1200,650), o=-2.74889[0m
[[34m15:55:09.874 ORDERS (DEBUG) on main locomotion.PathFollower.moveLengthwise(PathFollower.java:165)] SensorState.MOVING = true[0m
[[34m15:55:09.874 LOCOMOTION (DEBUG) on main locomotion.PathFollower.moveLengthwise(PathFollower.java:166)] Move lengthwise 1000[0m
[[34m15:55:09.875 ORDERS (DEBUG) on main locomotion.Locomotion.moveLengthwise(Locomotion.java:131)] Sent to LL: d 1000 false[0m
[[34m15:55:09.877 STDOUT (DEBUG) on SimulatorManagerThread simulator.SimulatorManager.handleMessageLL(SimulatorManager.java:239)] SIMULATEUR-LL : message reçu : d 1000 false[0m
[[33m15:55:09.878 COMMUNICATION (WARNING) on SimulatorManagerThread simulator.SimulatedRobot.moveLengthwise(SimulatedRobot.java:382)] C:-924, D:-383[0m
[[33m15:55:09.878 COMMUNICATION (WARNING) on SimulatorManagerThread simulator.SimulatedRobot.moveLengthwise(SimulatedRobot.java:384)] A:(1200,650), B:(276,267), C:(-924,-383)[0m
[[34m15:55:10.913 STDOUT (DEBUG) on SimulatorManagerThread simulator.SimulatedRobot.trySendStoppedMovingMessage(SimulatedRobot.java:193)] stoppedMoving[0m
[[34m15:55:10.913 COMMUNICATION (DEBUG) on pool-1-thread-1 data.controlers.DataController.handleEvent(DataController.java:251)] Got event: stoppedMoving[0m
[[34m15:55:10.914 ORDERS (DEBUG) on pool-1-thread-1 data.controlers.DataController.handleEvent(DataController.java:263)] SensorState.MOVING = false[0m
[[34m15:55:10.914 STDOUT (DEBUG) on pool-1-thread-1 data.controlers.DataController.handleEvent(DataController.java:264)] Position at StoppedMoving: (x,y)=(276,267), o=-2.74889[0m
[[34m15:55:10.967 ORDERS (DEBUG) on main locomotion.PathFollower.moveLengthwise(PathFollower.java:217)] Sent to LL: maxtr 500.00000[0m
[[34m15:55:10.967 ORDERS (DEBUG) on main locomotion.PathFollower.moveLengthwise(PathFollower.java:217)] Sent to LL: maxro 6.28319[0m
[[34m15:55:10.967 LOCOMOTION (DEBUG) on main locomotion.PathFollower.moveLengthwise(PathFollower.java:224)] End of move lengthwise[0m
[[34m15:55:10.967 ORDERS (DEBUG) on main locomotion.PathFollower.turnTowards(PathFollower.java:301)] SensorState.DISABLE_LIDAR = true[0m
[[34m15:55:10.967 ORDERS (DEBUG) on main locomotion.PathFollower.turnTowards(PathFollower.java:303)] SensorState.MOVING = true[0m
[[34m15:55:10.968 ORDERS (DEBUG) on main locomotion.Locomotion.turnTowards(Locomotion.java:139)] Sent to LL: t -3.14159[0m
[[34m15:55:10.968 STDOUT (DEBUG) on SimulatorManagerThread simulator.SimulatorManager.handleMessageLL(SimulatorManager.java:239)] SIMULATEUR-LL : message reçu : maxtr 500.00000[0m
[[34m15:55:10.969 STDOUT (DEBUG) on SimulatorManagerThread simulator.SimulatorManager.handleMessageLL(SimulatorManager.java:335)] SIMULATEUR-LL : l'ordre "maxtr" est inconnu[0m
[[34m15:55:10.971 STDOUT (DEBUG) on SimulatorManagerThread simulator.SimulatorManager.handleMessageLL(SimulatorManager.java:239)] SIMULATEUR-LL : message reçu : maxro 6.28319[0m
[[34m15:55:10.971 STDOUT (DEBUG) on SimulatorManagerThread simulator.SimulatorManager.handleMessageLL(SimulatorManager.java:335)] SIMULATEUR-LL : l'ordre "maxro" est inconnu[0m
[[34m15:55:10.973 STDOUT (DEBUG) on SimulatorManagerThread simulator.SimulatorManager.handleMessageLL(SimulatorManager.java:239)] SIMULATEUR-LL : message reçu : t -3.14159[0m
[[34m15:55:11.071 STDOUT (DEBUG) on SimulatorManagerThread simulator.SimulatedRobot.trySendStoppedMovingMessage(SimulatedRobot.java:193)] stoppedMoving[0m
[[34m15:55:11.072 COMMUNICATION (DEBUG) on pool-1-thread-1 data.controlers.DataController.handleEvent(DataController.java:251)] Got event: stoppedMoving[0m
[[34m15:55:11.072 ORDERS (DEBUG) on pool-1-thread-1 data.controlers.DataController.handleEvent(DataController.java:263)] SensorState.MOVING = false[0m
[[34m15:55:11.072 STDOUT (DEBUG) on pool-1-thread-1 data.controlers.DataController.handleEvent(DataController.java:264)] Position at StoppedMoving: (x,y)=(276,267), o=-3.14159[0m
[[34m15:55:11.074 ORDERS (DEBUG) on main locomotion.PathFollower.turnTowards(PathFollower.java:317)] SensorState.DISABLE_LIDAR = false[0m
[[34m15:55:11.074 ORDERS (DEBUG) on main locomotion.PathFollower.moveLengthwise(PathFollower.java:165)] SensorState.MOVING = true[0m
[[34m15:55:11.074 LOCOMOTION (DEBUG) on main locomotion.PathFollower.moveLengthwise(PathFollower.java:166)] Move lengthwise 700[0m
[[34m15:55:11.078 ORDERS (DEBUG) on main locomotion.Locomotion.moveLengthwise(Locomotion.java:131)] Sent to LL: d 700 false[0m
[[34m15:55:11.080 STDOUT (DEBUG) on SimulatorManagerThread simulator.SimulatorManager.handleMessageLL(SimulatorManager.java:239)] SIMULATEUR-LL : message reçu : d 700 false[0m
[[33m15:55:11.080 COMMUNICATION (WARNING) on SimulatorManagerThread simulator.SimulatedRobot.moveLengthwise(SimulatedRobot.java:382)] C:-1000, D:0[0m
[[33m15:55:11.080 COMMUNICATION (WARNING) on SimulatorManagerThread simulator.SimulatedRobot.moveLengthwise(SimulatedRobot.java:384)] A:(276,267), B:(-424,267), C:(-1000,0)[0m
[[34m15:55:11.804 STDOUT (DEBUG) on SimulatorManagerThread simulator.SimulatedRobot.trySendStoppedMovingMessage(SimulatedRobot.java:193)] stoppedMoving[0m
[[34m15:55:11.804 COMMUNICATION (DEBUG) on pool-1-thread-1 data.controlers.DataController.handleEvent(DataController.java:251)] Got event: stoppedMoving[0m
[[34m15:55:11.804 ORDERS (DEBUG) on pool-1-thread-1 data.controlers.DataController.handleEvent(DataController.java:263)] SensorState.MOVING = false[0m
[[34m15:55:11.805 STDOUT (DEBUG) on pool-1-thread-1 data.controlers.DataController.handleEvent(DataController.java:264)] Position at StoppedMoving: (x,y)=(-424,267), o=-3.14159[0m
[[34m15:55:11.859 ORDERS (DEBUG) on main locomotion.PathFollower.moveLengthwise(PathFollower.java:217)] Sent to LL: maxtr 500.00000[0m
[[34m15:55:11.859 ORDERS (DEBUG) on main locomotion.PathFollower.moveLengthwise(PathFollower.java:217)] Sent to LL: maxro 6.28319[0m
[[34m15:55:11.859 LOCOMOTION (DEBUG) on main locomotion.PathFollower.moveLengthwise(PathFollower.java:224)] End of move lengthwise[0m
[[34m15:55:11.859 ORDERS (DEBUG) on main locomotion.PathFollower.turnTowards(PathFollower.java:301)] SensorState.DISABLE_LIDAR = true[0m
[[34m15:55:11.859 ORDERS (DEBUG) on main locomotion.PathFollower.turnTowards(PathFollower.java:303)] SensorState.MOVING = true[0m
[[34m15:55:11.859 ORDERS (DEBUG) on main locomotion.Locomotion.turnTowards(Locomotion.java:139)] Sent to LL: t -1.57080[0m
[[34m15:55:11.861 STDOUT (DEBUG) on SimulatorManagerThread simulator.SimulatorManager.handleMessageLL(SimulatorManager.java:239)] SIMULATEUR-LL : message reçu : maxtr 500.00000[0m
[[34m15:55:11.861 STDOUT (DEBUG) on SimulatorManagerThread simulator.SimulatorManager.handleMessageLL(SimulatorManager.java:335)] SIMULATEUR-LL : l'ordre "maxtr" est inconnu[0m
[[34m15:55:11.863 STDOUT (DEBUG) on SimulatorManagerThread simulator.SimulatorManager.handleMessageLL(SimulatorManager.java:239)] SIMULATEUR-LL : message reçu : maxro 6.28319[0m
[[34m15:55:11.863 STDOUT (DEBUG) on SimulatorManagerThread simulator.SimulatorManager.handleMessageLL(SimulatorManager.java:335)] SIMULATEUR-LL : l'ordre "maxro" est inconnu[0m
[[34m15:55:11.866 STDOUT (DEBUG) on SimulatorManagerThread simulator.SimulatorManager.handleMessageLL(SimulatorManager.java:239)] SIMULATEUR-LL : message reçu : t -1.57080[0m
[[34m15:55:12.271 STDOUT (DEBUG) on SimulatorManagerThread simulator.SimulatedRobot.trySendStoppedMovingMessage(SimulatedRobot.java:193)] stoppedMoving[0m
[[34m15:55:12.271 COMMUNICATION (DEBUG) on pool-1-thread-1 data.controlers.DataController.handleEvent(DataController.java:251)] Got event: stoppedMoving[0m
[[34m15:55:12.271 ORDERS (DEBUG) on pool-1-thread-1 data.controlers.DataController.handleEvent(DataController.java:263)] SensorState.MOVING = false[0m
[[34m15:55:12.271 STDOUT (DEBUG) on pool-1-thread-1 data.controlers.DataController.handleEvent(DataController.java:264)] Position at StoppedMoving: (x,y)=(-424,267), o=-1.5708[0m
[[34m15:55:12.276 ORDERS (DEBUG) on main locomotion.PathFollower.turnTowards(PathFollower.java:317)] SensorState.DISABLE_LIDAR = false[0m
[[34m15:55:12.276 ORDERS (DEBUG) on main locomotion.PathFollower.moveLengthwise(PathFollower.java:165)] SensorState.MOVING = true[0m
[[34m15:55:12.276 LOCOMOTION (DEBUG) on main locomotion.PathFollower.moveLengthwise(PathFollower.java:166)] Move lengthwise 130[0m
[[34m15:55:12.279 ORDERS (DEBUG) on main locomotion.Locomotion.moveLengthwise(Locomotion.java:131)] Sent to LL: d 130 false[0m
[[34m15:55:12.280 STDOUT (DEBUG) on SimulatorManagerThread simulator.SimulatorManager.handleMessageLL(SimulatorManager.java:239)] SIMULATEUR-LL : message reçu : d 130 false[0m
[[33m15:55:12.280 COMMUNICATION (WARNING) on SimulatorManagerThread simulator.SimulatedRobot.moveLengthwise(SimulatedRobot.java:382)] C:0, D:-1000[0m
[[33m15:55:12.280 COMMUNICATION (WARNING) on SimulatorManagerThread simulator.SimulatedRobot.moveLengthwise(SimulatedRobot.java:384)] A:(-424,267), B:(-424,137), C:(0,-1000)[0m
[[34m15:55:12.422 STDOUT (DEBUG) on SimulatorManagerThread simulator.SimulatedRobot.trySendStoppedMovingMessage(SimulatedRobot.java:193)] stoppedMoving[0m
[[34m15:55:12.423 COMMUNICATION (DEBUG) on pool-1-thread-1 data.controlers.DataController.handleEvent(DataController.java:251)] Got event: stoppedMoving[0m
[[34m15:55:12.423 ORDERS (DEBUG) on pool-1-thread-1 data.controlers.DataController.handleEvent(DataController.java:263)] SensorState.MOVING = false[0m
[[34m15:55:12.423 STDOUT (DEBUG) on pool-1-thread-1 data.controlers.DataController.handleEvent(DataController.java:264)] Position at StoppedMoving: (x,y)=(-424,137), o=-1.5708[0m
[[34m15:55:12.481 ORDERS (DEBUG) on main locomotion.PathFollower.moveLengthwise(PathFollower.java:217)] Sent to LL: maxtr 500.00000[0m
[[34m15:55:12.483 STDOUT (DEBUG) on SimulatorManagerThread simulator.SimulatorManager.handleMessageLL(SimulatorManager.java:239)] SIMULATEUR-LL : message reçu : maxtr 500.00000[0m
[[34m15:55:12.483 STDOUT (DEBUG) on SimulatorManagerThread simulator.SimulatorManager.handleMessageLL(SimulatorManager.java:335)] SIMULATEUR-LL : l'ordre "maxtr" est inconnu[0m
[[34m15:55:12.485 ORDERS (DEBUG) on main locomotion.PathFollower.moveLengthwise(PathFollower.java:217)] Sent to LL: maxro 6.28319[0m
[[34m15:55:12.485 LOCOMOTION (DEBUG) on main locomotion.PathFollower.moveLengthwise(PathFollower.java:224)] End of move lengthwise[0m
[[34m15:55:12.485 ORDERS (DEBUG) on main locomotion.PathFollower.turnTowards(PathFollower.java:301)] SensorState.DISABLE_LIDAR = true[0m
[[34m15:55:12.485 ORDERS (DEBUG) on main locomotion.PathFollower.turnTowards(PathFollower.java:303)] SensorState.MOVING = true[0m
[[34m15:55:12.486 ORDERS (DEBUG) on main locomotion.Locomotion.turnTowards(Locomotion.java:139)] Sent to LL: t 0.00000[0m
[[34m15:55:12.488 STDOUT (DEBUG) on SimulatorManagerThread simulator.SimulatorManager.handleMessageLL(SimulatorManager.java:239)] SIMULATEUR-LL : message reçu : maxro 6.28319[0m
[[34m15:55:12.488 STDOUT (DEBUG) on SimulatorManagerThread simulator.SimulatorManager.handleMessageLL(SimulatorManager.java:335)] SIMULATEUR-LL : l'ordre "maxro" est inconnu[0m
[[34m15:55:12.490 STDOUT (DEBUG) on SimulatorManagerThread simulator.SimulatorManager.handleMessageLL(SimulatorManager.java:239)] SIMULATEUR-LL : message reçu : t 0.00000[0m
[[34m15:55:13.703 STDOUT (DEBUG) on SimulatorManagerThread simulator.SimulatedRobot.trySendStoppedMovingMessage(SimulatedRobot.java:193)] stoppedMoving[0m
[[34m15:55:13.704 COMMUNICATION (DEBUG) on pool-1-thread-1 data.controlers.DataController.handleEvent(DataController.java:251)] Got event: stoppedMoving[0m
[[34m15:55:13.704 ORDERS (DEBUG) on pool-1-thread-1 data.controlers.DataController.handleEvent(DataController.java:263)] SensorState.MOVING = false[0m
[[34m15:55:13.704 STDOUT (DEBUG) on pool-1-thread-1 data.controlers.DataController.handleEvent(DataController.java:264)] Position at StoppedMoving: (x,y)=(-424,137), o=0.0[0m
[[34m15:55:13.705 ORDERS (DEBUG) on main locomotion.PathFollower.turnTowards(PathFollower.java:317)] SensorState.DISABLE_LIDAR = false[0m
[[34m15:55:13.705 ORDERS (DEBUG) on main locomotion.PathFollower.moveLengthwise(PathFollower.java:165)] SensorState.MOVING = true[0m
[[34m15:55:13.705 LOCOMOTION (DEBUG) on main locomotion.PathFollower.moveLengthwise(PathFollower.java:166)] Move lengthwise 800[0m
[[34m15:55:13.708 ORDERS (DEBUG) on main locomotion.Locomotion.moveLengthwise(Locomotion.java:131)] Sent to LL: d 800 false[0m
[[34m15:55:13.710 STDOUT (DEBUG) on SimulatorManagerThread simulator.SimulatorManager.handleMessageLL(SimulatorManager.java:239)] SIMULATEUR-LL : message reçu : d 800 false[0m
[[33m15:55:13.710 COMMUNICATION (WARNING) on SimulatorManagerThread simulator.SimulatedRobot.moveLengthwise(SimulatedRobot.java:382)] C:1000, D:0[0m
[[33m15:55:13.710 COMMUNICATION (WARNING) on SimulatorManagerThread simulator.SimulatedRobot.moveLengthwise(SimulatedRobot.java:384)] A:(-424,137), B:(376,137), C:(1000,0)[0m
[[34m15:55:14.527 STDOUT (DEBUG) on SimulatorManagerThread simulator.SimulatedRobot.trySendStoppedMovingMessage(SimulatedRobot.java:193)] stoppedMoving[0m
[[34m15:55:14.527 COMMUNICATION (DEBUG) on pool-1-thread-1 data.controlers.DataController.handleEvent(DataController.java:251)] Got event: stoppedMoving[0m
[[34m15:55:14.527 ORDERS (DEBUG) on pool-1-thread-1 data.controlers.DataController.handleEvent(DataController.java:263)] SensorState.MOVING = false[0m
[[34m15:55:14.527 STDOUT (DEBUG) on pool-1-thread-1 data.controlers.DataController.handleEvent(DataController.java:264)] Position at StoppedMoving: (x,y)=(376,137), o=0.0[0m
[[34m15:55:14.582 ORDERS (DEBUG) on main locomotion.PathFollower.moveLengthwise(PathFollower.java:217)] Sent to LL: maxtr 500.00000[0m
[[34m15:55:14.582 ORDERS (DEBUG) on main locomotion.PathFollower.moveLengthwise(PathFollower.java:217)] Sent to LL: maxro 6.28319[0m
[[34m15:55:14.583 LOCOMOTION (DEBUG) on main locomotion.PathFollower.moveLengthwise(PathFollower.java:224)] End of move lengthwise[0m
[[34m15:55:14.583 ORDERS (DEBUG) on main locomotion.PathFollower.turnTowards(PathFollower.java:301)] SensorState.DISABLE_LIDAR = true[0m
[[34m15:55:14.583 ORDERS (DEBUG) on main locomotion.PathFollower.turnTowards(PathFollower.java:303)] SensorState.MOVING = true[0m
[[34m15:55:14.583 ORDERS (DEBUG) on main locomotion.Locomotion.turnTowards(Locomotion.java:139)] Sent to LL: t 2.51327[0m
[[34m15:55:14.584 STDOUT (DEBUG) on SimulatorManagerThread simulator.SimulatorManager.handleMessageLL(SimulatorManager.java:239)] SIMULATEUR-LL : message reçu : maxtr 500.00000[0m
[[34m15:55:14.584 STDOUT (DEBUG) on SimulatorManagerThread simulator.SimulatorManager.handleMessageLL(SimulatorManager.java:335)] SIMULATEUR-LL : l'ordre "maxtr" est inconnu[0m
[[34m15:55:14.588 STDOUT (DEBUG) on SimulatorManagerThread simulator.SimulatorManager.handleMessageLL(SimulatorManager.java:239)] SIMULATEUR-LL : message reçu : maxro 6.28319[0m
[[34m15:55:14.588 STDOUT (DEBUG) on SimulatorManagerThread simulator.SimulatorManager.handleMessageLL(SimulatorManager.java:335)] SIMULATEUR-LL : l'ordre "maxro" est inconnu[0m
[[34m15:55:14.590 STDOUT (DEBUG) on SimulatorManagerThread simulator.SimulatorManager.handleMessageLL(SimulatorManager.java:239)] SIMULATEUR-LL : message reçu : t 2.51327[0m
[[34m15:55:15.234 STDOUT (DEBUG) on SimulatorManagerThread simulator.SimulatedRobot.trySendStoppedMovingMessage(SimulatedRobot.java:193)] stoppedMoving[0m
[[34m15:55:15.234 COMMUNICATION (DEBUG) on pool-1-thread-1 data.controlers.DataController.handleEvent(DataController.java:251)] Got event: stoppedMoving[0m
[[34m15:55:15.234 ORDERS (DEBUG) on pool-1-thread-1 data.controlers.DataController.handleEvent(DataController.java:263)] SensorState.MOVING = false[0m
[[34m15:55:15.234 STDOUT (DEBUG) on pool-1-thread-1 data.controlers.DataController.handleEvent(DataController.java:264)] Position at StoppedMoving: (x,y)=(376,137), o=2.51327[0m
[[34m15:55:15.238 ORDERS (DEBUG) on main locomotion.PathFollower.turnTowards(PathFollower.java:317)] SensorState.DISABLE_LIDAR = false[0m
[[34m15:55:15.238 ORDERS (DEBUG) on main locomotion.PathFollower.moveLengthwise(PathFollower.java:165)] SensorState.MOVING = true[0m
[[34m15:55:15.238 LOCOMOTION (DEBUG) on main locomotion.PathFollower.moveLengthwise(PathFollower.java:166)] Move lengthwise 950[0m
[[34m15:55:15.239 ORDERS (DEBUG) on main locomotion.Locomotion.moveLengthwise(Locomotion.java:131)] Sent to LL: d 950 false[0m
[[34m15:55:15.239 STDOUT (DEBUG) on SimulatorManagerThread simulator.SimulatorManager.handleMessageLL(SimulatorManager.java:239)] SIMULATEUR-LL : message reçu : d 950 false[0m
[[33m15:55:15.239 COMMUNICATION (WARNING) on SimulatorManagerThread simulator.SimulatedRobot.moveLengthwise(SimulatedRobot.java:382)] C:-809, D:588[0m
[[33m15:55:15.239 COMMUNICATION (WARNING) on SimulatorManagerThread simulator.SimulatedRobot.moveLengthwise(SimulatedRobot.java:384)] A:(376,137), B:(-393,696), C:(-809,588)[0m
[[34m15:55:16.172 STDOUT (DEBUG) on SimulatorManagerThread simulator.SimulatedRobot.trySendStoppedMovingMessage(SimulatedRobot.java:193)] stoppedMoving[0m
[[34m15:55:16.172 COMMUNICATION (DEBUG) on pool-1-thread-1 data.controlers.DataController.handleEvent(DataController.java:251)] Got event: stoppedMoving[0m
[[34m15:55:16.172 ORDERS (DEBUG) on pool-1-thread-1 data.controlers.DataController.handleEvent(DataController.java:263)] SensorState.MOVING = false[0m
[[34m15:55:16.172 STDOUT (DEBUG) on pool-1-thread-1 data.controlers.DataController.handleEvent(DataController.java:264)] Position at StoppedMoving: (x,y)=(-393,696), o=2.51327[0m
[[34m15:55:16.226 ORDERS (DEBUG) on main locomotion.PathFollower.moveLengthwise(PathFollower.java:217)] Sent to LL: maxtr 500.00000[0m
[[34m15:55:16.226 ORDERS (DEBUG) on main locomotion.PathFollower.moveLengthwise(PathFollower.java:217)] Sent to LL: maxro 6.28319[0m
[[34m15:55:16.226 LOCOMOTION (DEBUG) on main locomotion.PathFollower.moveLengthwise(PathFollower.java:224)] End of move lengthwise[0m
[[34m15:55:16.226 ORDERS (DEBUG) on main locomotion.PathFollower.turnTowards(PathFollower.java:301)] SensorState.DISABLE_LIDAR = true[0m
[[34m15:55:16.226 ORDERS (DEBUG) on main locomotion.PathFollower.turnTowards(PathFollower.java:303)] SensorState.MOVING = true[0m
[[34m15:55:16.226 ORDERS (DEBUG) on main locomotion.Locomotion.turnTowards(Locomotion.java:139)] Sent to LL: t 1.57080[0m
[[34m15:55:16.228 STDOUT (DEBUG) on SimulatorManagerThread simulator.SimulatorManager.handleMessageLL(SimulatorManager.java:239)] SIMULATEUR-LL : message reçu : maxtr 500.00000[0m
[[34m15:55:16.229 STDOUT (DEBUG) on SimulatorManagerThread simulator.SimulatorManager.handleMessageLL(SimulatorManager.java:335)] SIMULATEUR-LL : l'ordre "maxtr" est inconnu[0m
[[34m15:55:16.233 STDOUT (DEBUG) on SimulatorManagerThread simulator.SimulatorManager.handleMessageLL(SimulatorManager.java:239)] SIMULATEUR-LL : message reçu : maxro 6.28319[0m
[[34m15:55:16.233 STDOUT (DEBUG) on SimulatorManagerThread simulator.SimulatorManager.handleMessageLL(SimulatorManager.java:335)] SIMULATEUR-LL : l'ordre "maxro" est inconnu[0m
[[34m15:55:16.235 STDOUT (DEBUG) on SimulatorManagerThread simulator.SimulatorManager.handleMessageLL(SimulatorManager.java:239)] SIMULATEUR-LL : message reçu : t 1.57080[0m
[[34m15:55:16.480 STDOUT (DEBUG) on SimulatorManagerThread simulator.SimulatedRobot.trySendStoppedMovingMessage(SimulatedRobot.java:193)] stoppedMoving[0m
[[34m15:55:16.481 COMMUNICATION (DEBUG) on pool-1-thread-1 data.controlers.DataController.handleEvent(DataController.java:251)] Got event: stoppedMoving[0m
[[34m15:55:16.481 ORDERS (DEBUG) on pool-1-thread-1 data.controlers.DataController.handleEvent(DataController.java:263)] SensorState.MOVING = false[0m
[[34m15:55:16.481 STDOUT (DEBUG) on pool-1-thread-1 data.controlers.DataController.handleEvent(DataController.java:264)] Position at StoppedMoving: (x,y)=(-393,696), o=1.5708[0m
[[34m15:55:16.484 ORDERS (DEBUG) on main locomotion.PathFollower.turnTowards(PathFollower.java:317)] SensorState.DISABLE_LIDAR = false[0m
[[34m15:55:16.485 ORDERS (DEBUG) on main locomotion.PathFollower.moveLengthwise(PathFollower.java:165)] SensorState.MOVING = true[0m
[[34m15:55:16.485 LOCOMOTION (DEBUG) on main locomotion.PathFollower.moveLengthwise(PathFollower.java:166)] Move lengthwise 500[0m
[[34m15:55:16.486 ORDERS (DEBUG) on main locomotion.Locomotion.moveLengthwise(Locomotion.java:131)] Sent to LL: d 500 false[0m
[[34m15:55:16.487 STDOUT (DEBUG) on SimulatorManagerThread simulator.SimulatorManager.handleMessageLL(SimulatorManager.java:239)] SIMULATEUR-LL : message reçu : d 500 false[0m
[[33m15:55:16.487 COMMUNICATION (WARNING) on SimulatorManagerThread simulator.SimulatedRobot.moveLengthwise(SimulatedRobot.java:382)] C:0, D:1000[0m
[[33m15:55:16.487 COMMUNICATION (WARNING) on SimulatorManagerThread simulator.SimulatedRobot.moveLengthwise(SimulatedRobot.java:384)] A:(-393,696), B:(-393,1196), C:(0,1000)[0m
[[34m15:55:16.996 STDOUT (DEBUG) on SimulatorManagerThread simulator.SimulatedRobot.trySendStoppedMovingMessage(SimulatedRobot.java:193)] stoppedMoving[0m
[[34m15:55:16.996 COMMUNICATION (DEBUG) on pool-1-thread-1 data.controlers.DataController.handleEvent(DataController.java:251)] Got event: stoppedMoving[0m
[[34m15:55:16.996 ORDERS (DEBUG) on pool-1-thread-1 data.controlers.DataController.handleEvent(DataController.java:263)] SensorState.MOVING = false[0m
[[34m15:55:16.996 STDOUT (DEBUG) on pool-1-thread-1 data.controlers.DataController.handleEvent(DataController.java:264)] Position at StoppedMoving: (x,y)=(-393,1196), o=1.5708[0m
[[34m15:55:17.049 ORDERS (DEBUG) on main locomotion.PathFollower.moveLengthwise(PathFollower.java:217)] Sent to LL: maxtr 500.00000[0m
[[34m15:55:17.049 ORDERS (DEBUG) on main locomotion.PathFollower.moveLengthwise(PathFollower.java:217)] Sent to LL: maxro 6.28319[0m
[[34m15:55:17.049 LOCOMOTION (DEBUG) on main locomotion.PathFollower.moveLengthwise(PathFollower.java:224)] End of move lengthwise[0m
[[33m15:55:17.050 STRATEGY (WARNING) on main scripts.Script.timedExecute(Script.java:177)] Ending script ScriptLoisSlave v0 at 1618754117.051[0m
[[34m15:55:17.050 STDOUT (DEBUG) on SimulatorManagerThread simulator.SimulatorManager.handleMessageLL(SimulatorManager.java:239)] SIMULATEUR-LL : message reçu : maxtr 500.00000[0m
[[33m15:55:17.050 STRATEGY (WARNING) on main scripts.Script.timedExecute(Script.java:179)] Script ScriptLoisSlave v0 took 007.691[0m
[[34m15:55:17.050 STDOUT (DEBUG) on SimulatorManagerThread simulator.SimulatorManager.handleMessageLL(SimulatorManager.java:335)] SIMULATEUR-LL : l'ordre "maxtr" est inconnu[0m
[[34m15:55:17.050 STDOUT (DEBUG) on main main.RobotEntryPoint.entryPoint(RobotEntryPoint.java:70)] SIMULATEUR-LL : l'ordre "maxtr" est inconnu
Finished![0m
[[34m15:55:17.057 STDOUT (DEBUG) on SimulatorManagerThread simulator.SimulatorManager.handleMessageLL(SimulatorManager.java:239)] SIMULATEUR-LL : message reçu : maxro 6.28319[0m
[[34m15:55:17.057 STDOUT (DEBUG) on SimulatorManagerThread simulator.SimulatorManager.handleMessageLL(SimulatorManager.java:335)] SIMULATEUR-LL : l'ordre "maxro" est inconnu[0m
[[34m15:55:18.050 STDOUT (DEBUG) on main main.RobotEntryPoint.entryPoint(RobotEntryPoint.java:70)] Finished![0m
[[34m15:55:19.051 STDOUT (DEBUG) on main main.RobotEntryPoint.entryPoint(RobotEntryPoint.java:70)] Finished![0m
[[34m15:55:20.051 STDOUT (DEBUG) on main main.RobotEntryPoint.entryPoint(RobotEntryPoint.java:70)] Finished![0m
