[[31m16:29:38.080 STDERR (CRITICAL) on main] Unknown key : RECALAGE_ACC, also tried recalageAcc[0m
[[31m16:29:38.081 STDERR (CRITICAL) on main] Unknown key : SECOURS, also tried secours[0m
[[31m16:29:38.081 STDERR (CRITICAL) on main] Unknown key : RECALAGE_MECA_ACC, also tried recalageMecaAcc[0m
[[31m16:29:38.083 STDERR (CRITICAL) on main] Unknown key : MILIEU_ECUEIL_PRIVE_XBLEU, also tried milieuEcueilPriveXbleu[0m
[[31m16:29:38.734 STDERR (CRITICAL) on main] java.lang.IllegalArgumentException: Config key 'lighthouse' unknown (when loading config for field robot.Robot#lighthouse[0m
[[31m16:29:38.734 STDERR (CRITICAL) on main] 	at pfg.config.Config.loadInto(Config.java:267)[0m
[[31m16:29:38.734 STDERR (CRITICAL) on main] 	at pfg.config.Config.loadInto(Config.java:279)[0m
[[31m16:29:38.734 STDERR (CRITICAL) on main] 	at pfg.config.Config.loadInto(Config.java:254)[0m
[[31m16:29:38.735 STDERR (CRITICAL) on main] 	at utils.HLInstance.module(HLInstance.java:289)[0m
[[31m16:29:38.735 STDERR (CRITICAL) on main] 	at utils.HLInstance.module(HLInstance.java:205)[0m
[[31m16:29:38.735 STDERR (CRITICAL) on main] 	at main.RobotEntryPoint.entryPoint(RobotEntryPoint.java:57)[0m
[[31m16:29:38.735 STDERR (CRITICAL) on main] 	at MainMaster.start(MainMaster.java:56)[0m
[[31m16:29:38.735 STDERR (CRITICAL) on main] 	at MainMaster.main(MainMaster.java:51)[0m
[[31m16:29:38.735 STDERR (CRITICAL) on main] 	at LaunchSimulatorMaster.main(LaunchSimulatorMaster.java:22)[0m
[[31m16:29:38.736 STDERR (CRITICAL) on main] Exception in thread "main" utils.container.ContainerException: java.lang.IllegalArgumentException: Config key 'lighthouse' unknown (when loading config for field robot.Robot#lighthouse[0m
[[31m16:29:38.736 STDERR (CRITICAL) on main] 	at utils.HLInstance.module(HLInstance.java:310)[0m
[[31m16:29:38.736 STDERR (CRITICAL) on main] 	at utils.HLInstance.module(HLInstance.java:205)[0m
[[31m16:29:38.736 STDERR (CRITICAL) on main] 	at main.RobotEntryPoint.entryPoint(RobotEntryPoint.java:57)[0m
[[31m16:29:38.736 STDERR (CRITICAL) on main] 	at MainMaster.start(MainMaster.java:56)[0m
[[31m16:29:38.736 STDERR (CRITICAL) on main] 	at MainMaster.main(MainMaster.java:51)[0m
[[31m16:29:38.737 STDERR (CRITICAL) on main] 	at LaunchSimulatorMaster.main(LaunchSimulatorMaster.java:22)[0m
[[31m16:29:38.737 STDERR (CRITICAL) on main] Caused by: java.lang.IllegalArgumentException: Config key 'lighthouse' unknown (when loading config for field robot.Robot#lighthouse[0m
[[31m16:29:38.737 STDERR (CRITICAL) on main] 	at pfg.config.Config.loadInto(Config.java:267)[0m
[[31m16:29:38.737 STDERR (CRITICAL) on main] 	at pfg.config.Config.loadInto(Config.java:279)[0m
[[31m16:29:38.737 STDERR (CRITICAL) on main] 	at pfg.config.Config.loadInto(Config.java:254)[0m
[[31m16:29:38.737 STDERR (CRITICAL) on main] 	at utils.HLInstance.module(HLInstance.java:289)[0m
[[31m16:29:38.737 STDERR (CRITICAL) on main] 	... 5 more[0m
