[[31m16:27:31.991 STDERR (CRITICAL) on main] Unknown key : RECALAGE_ACC, also tried recalageAcc[0m
[[31m16:27:31.992 STDERR (CRITICAL) on main] Unknown key : SECOURS, also tried secours[0m
[[31m16:27:31.993 STDERR (CRITICAL) on main] Unknown key : RECALAGE_MECA_ACC, also tried recalageMecaAcc[0m
[[31m16:27:31.995 STDERR (CRITICAL) on main] Unknown key : MILIEU_ECUEIL_PRIVE_XBLEU, also tried milieuEcueilPriveXbleu[0m
[[31m16:27:32.620 STDERR (CRITICAL) on main] java.lang.IllegalArgumentException: Config key 'lighthouse' unknown (when loading config for field robot.Robot#lighthouse[0m
[[31m16:27:32.620 STDERR (CRITICAL) on main] 	at pfg.config.Config.loadInto(Config.java:267)[0m
[[31m16:27:32.620 STDERR (CRITICAL) on main] 	at pfg.config.Config.loadInto(Config.java:279)[0m
[[31m16:27:32.620 STDERR (CRITICAL) on main] 	at pfg.config.Config.loadInto(Config.java:254)[0m
[[31m16:27:32.621 STDERR (CRITICAL) on main] 	at utils.HLInstance.module(HLInstance.java:289)[0m
[[31m16:27:32.621 STDERR (CRITICAL) on main] 	at utils.HLInstance.module(HLInstance.java:205)[0m
[[31m16:27:32.621 STDERR (CRITICAL) on main] 	at main.RobotEntryPoint.entryPoint(RobotEntryPoint.java:57)[0m
[[31m16:27:32.621 STDERR (CRITICAL) on main] 	at MainMaster.start(MainMaster.java:56)[0m
[[31m16:27:32.622 STDERR (CRITICAL) on main] 	at MainMaster.main(MainMaster.java:51)[0m
[[31m16:27:32.622 STDERR (CRITICAL) on main] 	at LaunchSimulatorMaster.main(LaunchSimulatorMaster.java:22)[0m
[[31m16:27:32.622 STDERR (CRITICAL) on main] Exception in thread "main" utils.container.ContainerException: java.lang.IllegalArgumentException: Config key 'lighthouse' unknown (when loading config for field robot.Robot#lighthouse[0m
[[31m16:27:32.623 STDERR (CRITICAL) on main] 	at utils.HLInstance.module(HLInstance.java:310)[0m
[[31m16:27:32.623 STDERR (CRITICAL) on main] 	at utils.HLInstance.module(HLInstance.java:205)[0m
[[31m16:27:32.624 STDERR (CRITICAL) on main] 	at main.RobotEntryPoint.entryPoint(RobotEntryPoint.java:57)[0m
[[31m16:27:32.624 STDERR (CRITICAL) on main] 	at MainMaster.start(MainMaster.java:56)[0m
[[31m16:27:32.626 STDERR (CRITICAL) on main] 	at MainMaster.main(MainMaster.java:51)[0m
[[31m16:27:32.626 STDERR (CRITICAL) on main] 	at LaunchSimulatorMaster.main(LaunchSimulatorMaster.java:22)[0m
[[31m16:27:32.627 STDERR (CRITICAL) on main] Caused by: java.lang.IllegalArgumentException: Config key 'lighthouse' unknown (when loading config for field robot.Robot#lighthouse[0m
[[31m16:27:32.627 STDERR (CRITICAL) on main] 	at pfg.config.Config.loadInto(Config.java:267)[0m
[[31m16:27:32.628 STDERR (CRITICAL) on main] 	at pfg.config.Config.loadInto(Config.java:279)[0m
[[31m16:27:32.630 STDERR (CRITICAL) on main] 	at pfg.config.Config.loadInto(Config.java:254)[0m
[[31m16:27:32.631 STDERR (CRITICAL) on main] 	at utils.HLInstance.module(HLInstance.java:289)[0m
[[31m16:27:32.631 STDERR (CRITICAL) on main] 	... 5 more[0m
