[[34m19:04:57.757 STDOUT (DEBUG) on main utils.HLInstance.<init>(HLInstance.java:104)] Version : 138dd36 on dev_LoloElDeglingo - [oups][0m
[[34m19:04:57.760 STDOUT (DEBUG) on main utils.HLInstance.<init>(HLInstance.java:112)] System : Linux 5.8.0-44-generic amd64[0m
[[34m19:04:57.770 STDOUT (DEBUG) on main utils.HLInstance.<init>(HLInstance.java:114)] Java : Oracle Corporation 14.0.2, max memory : 3.88G, available processors : 8[0m
[[34m19:04:57.770 STDOUT (DEBUG) on main utils.HLInstance.<init>(HLInstance.java:117)] [0m
[[34m19:04:57.770 STDOUT (DEBUG) on main utils.HLInstance.<init>(HLInstance.java:119)]    Remember, with great power comes great current squared times resistance !
[0m
[[34m19:04:57.771 STDOUT (DEBUG) on main utils.HLInstance.<init>(HLInstance.java:122)] Chargement de la config...[0m
[[34m19:04:57.793 STDOUT (DEBUG) on main pfg.config.Config.readConfigFile(Config.java:166)] Loading config file : /home/tsimafei/TechTheTiller-HighLevel/bin/../config/config.txt[0m
[[31m19:04:57.810 STDERR (CRITICAL) on main] Unknown key : RECALAGE_ACC, also tried recalageAcc[0m
[[31m19:04:57.810 STDERR (CRITICAL) on main] Unknown key : SECOURS, also tried secours[0m
[[31m19:04:57.810 STDERR (CRITICAL) on main] Unknown key : RECALAGE_MECA_ACC, also tried recalageMecaAcc[0m
[[31m19:04:57.811 STDERR (CRITICAL) on main] Unknown key : MILIEU_ECUEIL_PRIVE_XBLEU, also tried milieuEcueilPriveXbleu[0m
[[34m19:04:57.812 STDOUT (DEBUG) on main pfg.config.Config.printChangedValues(Config.java:465)] Configuration diff :[0m
[[34m19:04:57.812 STDOUT (DEBUG) on main pfg.config.Config.printChangedValues(Config.java:469)]   visualisation = false (default : true)[0m
[[34m19:04:57.813 STDOUT (DEBUG) on main pfg.config.Config.printChangedValues(Config.java:469)]   usingBaliseImage = false (default : true)[0m
[[34m19:04:57.813 STDOUT (DEBUG) on main pfg.config.Config.printChangedValues(Config.java:469)]   usingPanel = false (default : true)[0m
[[34m19:04:57.813 STDOUT (DEBUG) on main pfg.config.Config.printChangedValues(Config.java:469)]   connectToBuddy = false (default : true)[0m
[[34m19:04:57.813 STDOUT (DEBUG) on main pfg.config.Config.printChangedValues(Config.java:469)]   modeMonthlery = true (default : false)[0m
[[34m19:04:57.814 STDOUT (DEBUG) on main pfg.config.Config.printChangedValues(Config.java:469)]   buddyRay = 70 (default : 150)[0m
[[34m19:04:57.814 STDOUT (DEBUG) on main pfg.config.Config.printChangedValues(Config.java:469)]   ennemyRay = 150 (default : 220)[0m
[[34m19:04:57.814 STDOUT (DEBUG) on main pfg.config.Config.printChangedValues(Config.java:469)]   nbrNoeudsX = 30 (default : 45)[0m
[[34m19:04:57.814 STDOUT (DEBUG) on main pfg.config.Config.printChangedValues(Config.java:469)]   nbrNoeudsY = 20 (default : 30)[0m
[[34m19:04:57.815 STDOUT (DEBUG) on main pfg.config.Config.printChangedValues(Config.java:469)]   nbrNoeudsCircle = 14 (default : 12)[0m
[[34m19:04:57.824 DATA_HANDLER (DEBUG) on main utils.HLInstance.module(HLInstance.java:271)] Initialisation du moduleClass Table[0m
[[34m19:04:57.825 DATA_HANDLER (DEBUG) on main utils.HLInstance.module(HLInstance.java:285)] Mise à jour de la config du moduleClass Table après son initialisation.[0m
[[34m19:04:57.832 STDOUT (DEBUG) on main pfg.config.Config.loadInto(Config.java:274)] Set private boolean data.Table.symetry to false[0m
[[34m19:04:57.833 STDOUT (DEBUG) on main pfg.config.Config.loadInto(Config.java:274)] Set private int data.Table.length to 3000[0m
[[34m19:04:57.833 STDOUT (DEBUG) on main pfg.config.Config.loadInto(Config.java:274)] Set private int data.Table.height to 2000[0m
[[34m19:04:57.834 STDOUT (DEBUG) on main pfg.config.Config.loadInto(Config.java:274)] Set private int data.Table.robotRay to 190[0m
[[34m19:04:57.834 STDOUT (DEBUG) on main pfg.config.Config.loadInto(Config.java:274)] Set private int data.Table.buddyRay to 70[0m
[[34m19:04:57.834 STDOUT (DEBUG) on main pfg.config.Config.loadInto(Config.java:274)] Set private int data.Table.ennemyRay to 150[0m
[[34m19:04:57.835 STDOUT (DEBUG) on main pfg.config.Config.loadInto(Config.java:274)] Set private int data.Table.compareThreshold to 5[0m
[[34m19:04:57.835 STDOUT (DEBUG) on main pfg.config.Config.loadInto(Config.java:274)] Set private boolean data.Table.openTheGate to false[0m
[[34m19:04:57.835 DATA_HANDLER (DEBUG) on main utils.HLInstance.module(HLInstance.java:297)] Module Table prêt[0m
[[34m19:04:57.836 DATA_HANDLER (DEBUG) on main utils.HLInstance.module(HLInstance.java:271)] Initialisation du moduleClass Graphe[0m
[[34m19:04:57.837 DATA_HANDLER (DEBUG) on main utils.HLInstance.module(HLInstance.java:285)] Mise à jour de la config du moduleClass Graphe après son initialisation.[0m
[[34m19:04:57.837 STDOUT (DEBUG) on main pfg.config.Config.loadInto(Config.java:274)] Set private int data.Graphe.nodeCircleNbr to 14[0m
[[34m19:04:57.838 STDOUT (DEBUG) on main pfg.config.Config.loadInto(Config.java:274)] Set private double data.Graphe.spaceCircleParameter to 1.2[0m
[[34m19:04:57.838 STDOUT (DEBUG) on main pfg.config.Config.loadInto(Config.java:274)] Set private int data.Graphe.nodeXNbr to 30[0m
[[34m19:04:57.839 STDOUT (DEBUG) on main pfg.config.Config.loadInto(Config.java:274)] Set private int data.Graphe.nodeYNbr to 20[0m
[[34m19:04:57.839 STDOUT (DEBUG) on main pfg.config.Config.loadInto(Config.java:274)] Set private int data.Graphe.partitioningX to 25[0m
[[34m19:04:57.839 STDOUT (DEBUG) on main pfg.config.Config.loadInto(Config.java:274)] Set private int data.Graphe.partitioningY to 25[0m
[[34m19:04:58.121 DATA_HANDLER (DEBUG) on main utils.HLInstance.module(HLInstance.java:297)] Module Graphe prêt[0m
[[34m19:04:58.122 DATA_HANDLER (DEBUG) on main utils.HLInstance.module(HLInstance.java:271)] Initialisation du moduleClass Pathfinder[0m
[[34m19:04:58.122 DATA_HANDLER (DEBUG) on main utils.HLInstance.module(HLInstance.java:285)] Mise à jour de la config du moduleClass Pathfinder après son initialisation.[0m
[[34m19:04:58.123 DATA_HANDLER (DEBUG) on main utils.HLInstance.module(HLInstance.java:297)] Module Pathfinder prêt[0m
[[34m19:04:58.124 DATA_HANDLER (DEBUG) on main utils.HLInstance.module(HLInstance.java:271)] Initialisation du moduleClass OrderWrapper[0m
[[34m19:04:58.124 DATA_HANDLER (DEBUG) on main utils.HLInstance.module(HLInstance.java:285)] Mise à jour de la config du moduleClass OrderWrapper après son initialisation.[0m
[[34m19:04:58.125 STDOUT (DEBUG) on main pfg.config.Config.loadInto(Config.java:274)] Set private boolean orders.OrderWrapper.symetry to false[0m
[[34m19:04:58.128 STDOUT (DEBUG) on main pfg.config.Config.loadInto(Config.java:274)] Set private boolean orders.OrderWrapper.simulation to false[0m
[[34m19:04:58.128 STDOUT (DEBUG) on main pfg.config.Config.loadInto(Config.java:274)] Set private boolean orders.OrderWrapper.usingBaliseImage to false[0m
[[34m19:04:58.131 DATA_HANDLER (DEBUG) on main utils.HLInstance.module(HLInstance.java:297)] Module OrderWrapper prêt[0m
[[34m19:04:58.131 DATA_HANDLER (DEBUG) on main utils.HLInstance.module(HLInstance.java:271)] Initialisation du moduleClass PathFollower[0m
[[34m19:04:58.132 DATA_HANDLER (DEBUG) on main utils.HLInstance.module(HLInstance.java:285)] Mise à jour de la config du moduleClass PathFollower après son initialisation.[0m
[[34m19:04:58.132 STDOUT (DEBUG) on main pfg.config.Config.loadInto(Config.java:274)] Set private long locomotion.PathFollower.locomotionLoopDelay to 20[0m
[[34m19:04:58.133 STDOUT (DEBUG) on main pfg.config.Config.loadInto(Config.java:274)] Set private int locomotion.PathFollower.locomotionDistanceCheck to 200[0m
[[34m19:04:58.133 STDOUT (DEBUG) on main pfg.config.Config.loadInto(Config.java:274)] Set private int locomotion.PathFollower.locomotionRadiusCheck to 200[0m
[[34m19:04:58.133 STDOUT (DEBUG) on main pfg.config.Config.loadInto(Config.java:274)] Set private long locomotion.PathFollower.locomotionObstructedTimeout to 2000[0m
[[34m19:04:58.134 STDOUT (DEBUG) on main pfg.config.Config.loadInto(Config.java:274)] Set private boolean locomotion.PathFollower.simulation to false[0m
[[34m19:04:58.138 DATA_HANDLER (DEBUG) on main utils.HLInstance.module(HLInstance.java:297)] Module PathFollower prêt[0m
[[34m19:04:58.139 DATA_HANDLER (DEBUG) on main utils.HLInstance.module(HLInstance.java:271)] Initialisation du moduleClass Locomotion[0m
[[34m19:04:58.139 DATA_HANDLER (DEBUG) on main utils.HLInstance.module(HLInstance.java:285)] Mise à jour de la config du moduleClass Locomotion après son initialisation.[0m
[[34m19:04:58.140 STDOUT (DEBUG) on main pfg.config.Config.loadInto(Config.java:274)] Set private int locomotion.Locomotion.vectorComparisonThreshold to 5[0m
[[34m19:04:58.140 STDOUT (DEBUG) on main pfg.config.Config.loadInto(Config.java:274)] Set private long locomotion.Locomotion.locomotionObstructedTimeout to 2000[0m
[[34m19:04:58.140 DATA_HANDLER (DEBUG) on main utils.HLInstance.module(HLInstance.java:297)] Module Locomotion prêt[0m
[[34m19:04:58.140 DATA_HANDLER (DEBUG) on main utils.HLInstance.module(HLInstance.java:271)] Initialisation du moduleClass HookFactory[0m
[[34m19:04:58.140 DATA_HANDLER (DEBUG) on main utils.HLInstance.module(HLInstance.java:285)] Mise à jour de la config du moduleClass HookFactory après son initialisation.[0m
[[34m19:04:58.140 DATA_HANDLER (DEBUG) on main utils.HLInstance.module(HLInstance.java:297)] Module HookFactory prêt[0m
[[34m19:04:58.141 DATA_HANDLER (DEBUG) on main utils.HLInstance.module(HLInstance.java:271)] Initialisation du moduleClass ConnectionManager[0m
[[34m19:04:58.141 DATA_HANDLER (DEBUG) on main utils.HLInstance.module(HLInstance.java:285)] Mise à jour de la config du moduleClass ConnectionManager après son initialisation.[0m
[[34m19:04:58.141 DATA_HANDLER (DEBUG) on main utils.HLInstance.module(HLInstance.java:297)] Module ConnectionManager prêt[0m
[[34m19:04:58.141 DATA_HANDLER (DEBUG) on main utils.HLInstance.module(HLInstance.java:271)] Initialisation du moduleClass SimulatorDebug[0m
[[34m19:04:58.141 DATA_HANDLER (DEBUG) on main utils.HLInstance.module(HLInstance.java:285)] Mise à jour de la config du moduleClass SimulatorDebug après son initialisation.[0m
[[34m19:04:58.142 STDOUT (DEBUG) on main pfg.config.Config.loadInto(Config.java:274)] Set private boolean utils.communication.SimulatorDebug.active to false[0m
[[34m19:04:58.142 DATA_HANDLER (DEBUG) on main utils.HLInstance.module(HLInstance.java:297)] Module SimulatorDebug prêt[0m
[[34m19:04:58.142 DATA_HANDLER (DEBUG) on main utils.HLInstance.module(HLInstance.java:271)] Initialisation du moduleClass PanneauModule[0m
[[34m19:04:58.142 DATA_HANDLER (DEBUG) on main utils.HLInstance.module(HLInstance.java:285)] Mise à jour de la config du moduleClass PanneauModule après son initialisation.[0m
[[34m19:04:58.143 STDOUT (DEBUG) on main pfg.config.Config.loadInto(Config.java:274)] Set private long data.controlers.PanneauModule.scoreUpdatePeriod to 100[0m
[[34m19:04:58.144 STDOUT (DEBUG) on main pfg.config.Config.loadInto(Config.java:274)] Set private java.lang.String data.controlers.PanneauModule.couleur to jaune[0m
[[34m19:04:58.144 STDOUT (DEBUG) on main pfg.config.Config.loadInto(Config.java:274)] Set private int data.controlers.PanneauModule.ledProgramPort to 19500[0m
[[34m19:04:58.144 STDOUT (DEBUG) on main pfg.config.Config.loadInto(Config.java:274)] Set private int data.controlers.PanneauModule.ledCount to 16[0m
[[34m19:04:58.145 STDOUT (DEBUG) on main pfg.config.Config.loadInto(Config.java:274)] Set private boolean data.controlers.PanneauModule.using7Segments to true[0m
[[34m19:04:58.145 DATA_HANDLER (DEBUG) on main utils.HLInstance.module(HLInstance.java:297)] Module PanneauModule prêt[0m
[[34m19:04:58.145 DATA_HANDLER (DEBUG) on main utils.HLInstance.module(HLInstance.java:271)] Initialisation du moduleClass Master[0m
[[34m19:04:58.148 DATA_HANDLER (DEBUG) on main utils.HLInstance.module(HLInstance.java:271)] Initialisation du moduleClass SynchronizationWithBuddy[0m
[[34m19:04:58.148 DATA_HANDLER (DEBUG) on main utils.HLInstance.module(HLInstance.java:285)] Mise à jour de la config du moduleClass SynchronizationWithBuddy après son initialisation.[0m
[[34m19:04:58.149 STDOUT (DEBUG) on main pfg.config.Config.loadInto(Config.java:274)] Set protected boolean data.synchronization.SynchronizationCommon.symetry to false[0m
[[34m19:04:58.149 STDOUT (DEBUG) on main pfg.config.Config.loadInto(Config.java:274)] Set protected boolean data.synchronization.SynchronizationCommon.simulation to false[0m
[[34m19:04:58.149 STDOUT (DEBUG) on main pfg.config.Config.loadInto(Config.java:274)] Set protected boolean data.synchronization.SynchronizationCommon.master to true[0m
[[34m19:04:58.149 DATA_HANDLER (DEBUG) on main utils.HLInstance.module(HLInstance.java:297)] Module SynchronizationWithBuddy prêt[0m
[[34m19:04:58.149 DATA_HANDLER (DEBUG) on main utils.HLInstance.module(HLInstance.java:271)] Initialisation du moduleClass Listener[0m
[[34m19:04:58.150 DATA_HANDLER (DEBUG) on main utils.HLInstance.module(HLInstance.java:285)] Mise à jour de la config du moduleClass Listener après son initialisation.[0m
[[34m19:04:58.150 STDOUT (DEBUG) on main pfg.config.Config.loadInto(Config.java:274)] Set private boolean data.controlers.Listener.master to true[0m
[[34m19:04:58.150 STDOUT (DEBUG) on main pfg.config.Config.loadInto(Config.java:274)] Set private boolean data.controlers.Listener.simulation to false[0m
[[34m19:04:58.150 STDOUT (DEBUG) on main pfg.config.Config.loadInto(Config.java:274)] Set private boolean data.controlers.Listener.usingLidar to false[0m
[[34m19:04:58.150 STDOUT (DEBUG) on main pfg.config.Config.loadInto(Config.java:274)] Set private boolean data.controlers.Listener.usingCylinderDetection to false[0m
[[34m19:04:58.151 STDOUT (DEBUG) on main pfg.config.Config.loadInto(Config.java:274)] Set private boolean data.controlers.Listener.usingBaliseImage to false[0m
[[34m19:04:58.151 STDOUT (DEBUG) on main pfg.config.Config.loadInto(Config.java:274)] Set private boolean data.controlers.Listener.visualisation to false[0m
[[34m19:04:58.151 STDOUT (DEBUG) on main pfg.config.Config.loadInto(Config.java:274)] Set private boolean data.controlers.Listener.usingBaliseConnection to false[0m
[[34m19:04:58.151 STDOUT (DEBUG) on main pfg.config.Config.loadInto(Config.java:274)] Set private boolean data.controlers.Listener.connectToBuddy to false[0m
[[34m19:04:58.151 STDOUT (DEBUG) on main pfg.config.Config.loadInto(Config.java:274)] Set private long data.controlers.Listener.timeBetweenPosUpdates to 200[0m
[[34m19:04:58.153 DATA_HANDLER (DEBUG) on main utils.HLInstance.module(HLInstance.java:297)] Module Listener prêt[0m
[[34m19:04:58.153 COMMUNICATION (DEBUG) on pool-1-thread-1 data.controlers.Listener.asyncInit(Listener.java:186)] Listener lancé : connection aux devices...[0m
[[34m19:04:58.155 COMMUNICATION (DEBUG) on pool-1-thread-1 data.controlers.Listener.asyncInit(Listener.java:199)] Lidar[0m
[[34m19:04:58.155 DATA_HANDLER (DEBUG) on main utils.HLInstance.module(HLInstance.java:271)] Initialisation du moduleClass MatchTimer[0m
[[34m19:04:58.155 COMMUNICATION (DEBUG) on pool-1-thread-1 data.controlers.Listener.asyncInit(Listener.java:200)] Balise[0m
[[34m19:04:58.155 DATA_HANDLER (DEBUG) on main utils.HLInstance.module(HLInstance.java:285)] Mise à jour de la config du moduleClass MatchTimer après son initialisation.[0m
[[34m19:04:58.155 DATA_HANDLER (DEBUG) on main utils.HLInstance.module(HLInstance.java:297)] Module MatchTimer prêt[0m
[[34m19:04:58.156 DATA_HANDLER (DEBUG) on main utils.HLInstance.module(HLInstance.java:271)] Initialisation du moduleClass DataController[0m
[[34m19:04:58.157 DATA_HANDLER (DEBUG) on main utils.HLInstance.module(HLInstance.java:285)] Mise à jour de la config du moduleClass DataController après son initialisation.[0m
[[34m19:04:58.158 STDOUT (DEBUG) on main pfg.config.Config.loadInto(Config.java:274)] Set private boolean data.controlers.DataController.master to true[0m
[[34m19:04:58.159 STDOUT (DEBUG) on main pfg.config.Config.loadInto(Config.java:274)] Set private boolean data.controlers.DataController.symetry to false[0m
[[34m19:04:58.164 DATA_HANDLER (DEBUG) on main utils.HLInstance.module(HLInstance.java:297)] Module DataController prêt[0m
[[34m19:04:58.164 DATA_HANDLER (DEBUG) on DataController data.controlers.DataController.run(DataController.java:164)] Controller lancé : en attente du listener...[0m
[[34m19:04:58.164 DATA_HANDLER (DEBUG) on main utils.HLInstance.module(HLInstance.java:285)] Mise à jour de la config du moduleClass Master après son initialisation.[0m
[[34m19:04:58.165 STDOUT (DEBUG) on main pfg.config.Config.loadInto(Config.java:274)] Set private long robot.Robot.locomotionLoopDelay to 20[0m
[[34m19:04:58.165 STDOUT (DEBUG) on main pfg.config.Config.loadInto(Config.java:274)] Set private boolean robot.Robot.simulation to false[0m
[[34m19:04:58.166 STDOUT (DEBUG) on main pfg.config.Config.loadInto(Config.java:274)] Set private boolean robot.Robot.master to true[0m
[[34m19:04:58.166 STDOUT (DEBUG) on main pfg.config.Config.loadInto(Config.java:274)] Set private boolean robot.Robot.symetry to false[0m
[[34m19:04:58.166 STDOUT (DEBUG) on main pfg.config.Config.loadInto(Config.java:274)] Set private boolean robot.Robot.usingPanel to false[0m
[[34m19:04:58.166 DATA_HANDLER (DEBUG) on main utils.HLInstance.module(HLInstance.java:297)] Module Master prêt[0m
[[31m19:04:58.167 STRATEGY (CRITICAL) on main main.RobotEntryPoint.initServices(RobotEntryPoint.java:195)] PAS DE PANNEAU[0m
[[34m19:04:58.167 STRATEGY (DEBUG) on main main.RobotEntryPoint.initServices(RobotEntryPoint.java:198)] Couleur: jaune[0m
[[34m19:04:58.167 COMMUNICATION (DEBUG) on pool-1-thread-1 utils.communication.SerialInterface.init(SerialInterface.java:65)] Ouverture de ttyACM0[0m
[[34m19:04:58.167 DATA_HANDLER (DEBUG) on main utils.HLInstance.module(HLInstance.java:271)] Initialisation du moduleClass ScriptManagerMaster[0m
[[34m19:04:58.168 DATA_HANDLER (DEBUG) on main utils.HLInstance.module(HLInstance.java:285)] Mise à jour de la config du moduleClass ScriptManagerMaster après son initialisation.[0m
[[34m19:04:58.168 DATA_HANDLER (DEBUG) on main utils.HLInstance.module(HLInstance.java:297)] Module ScriptManagerMaster prêt[0m
[[34m19:04:58.168 COMMUNICATION (DEBUG) on pool-1-thread-1 data.controlers.Listener.asyncInit(Listener.java:203)] Teensy Master[0m
[[34m19:04:58.458 DATA_HANDLER (DEBUG) on main utils.HLInstance.module(HLInstance.java:271)] Initialisation du moduleClass LidarController[0m
[[34m19:04:58.458 DATA_HANDLER (DEBUG) on main utils.HLInstance.module(HLInstance.java:285)] Mise à jour de la config du moduleClass LidarController après son initialisation.[0m
[[34m19:04:58.458 STDOUT (DEBUG) on main pfg.config.Config.loadInto(Config.java:274)] Set private boolean data.controlers.LidarController.symetry to false[0m
[[34m19:04:58.459 STDOUT (DEBUG) on main pfg.config.Config.loadInto(Config.java:274)] Set private int data.controlers.LidarController.robotRay to 190[0m
[[34m19:04:58.459 STDOUT (DEBUG) on main pfg.config.Config.loadInto(Config.java:274)] Set private int data.controlers.LidarController.ennemyRay to 150[0m
[[34m19:04:58.459 STDOUT (DEBUG) on main pfg.config.Config.loadInto(Config.java:274)] Set private java.lang.String data.controlers.LidarController.lidarProcessPath to ../bin/LiDAR_UST_10LX[0m
[[34m19:04:58.459 STDOUT (DEBUG) on main pfg.config.Config.loadInto(Config.java:274)] Set private boolean data.controlers.LidarController.usingLidar to false[0m
[[34m19:04:58.460 DATA_HANDLER (DEBUG) on main utils.HLInstance.module(HLInstance.java:297)] Module LidarController prêt[0m
[[34m19:04:58.461 DATA_HANDLER (DEBUG) on main utils.HLInstance.module(HLInstance.java:271)] Initialisation du moduleClass CylinderDetectionController[0m
[[34m19:04:58.462 DATA_HANDLER (DEBUG) on main utils.HLInstance.module(HLInstance.java:285)] Mise à jour de la config du moduleClass CylinderDetectionController après son initialisation.[0m
[[34m19:04:58.462 STDOUT (DEBUG) on main pfg.config.Config.loadInto(Config.java:274)] Set private boolean data.controlers.CylinderDetectionController.usingCylinderDetection to false[0m
[[34m19:04:58.462 STDOUT (DEBUG) on main pfg.config.Config.loadInto(Config.java:274)] Set private boolean data.controlers.CylinderDetectionController.symetry to false[0m
[[34m19:04:58.462 DATA_HANDLER (DEBUG) on main utils.HLInstance.module(HLInstance.java:297)] Module CylinderDetectionController prêt[0m
[[34m19:04:58.463 DATA_HANDLER (DEBUG) on main utils.HLInstance.module(HLInstance.java:271)] Initialisation du moduleClass AIModule[0m
[[34m19:04:58.466 DATA_HANDLER (DEBUG) on main utils.HLInstance.module(HLInstance.java:285)] Mise à jour de la config du moduleClass AIModule après son initialisation.[0m
[[34m19:04:58.466 STDOUT (DEBUG) on main pfg.config.Config.loadInto(Config.java:274)] Set private int data.Graphe.nodeCircleNbr to 14[0m
[[34m19:04:58.466 STDOUT (DEBUG) on main pfg.config.Config.loadInto(Config.java:274)] Set private double data.Graphe.spaceCircleParameter to 1.2[0m
[[34m19:04:58.467 STDOUT (DEBUG) on main pfg.config.Config.loadInto(Config.java:274)] Set private int data.Graphe.nodeXNbr to 30[0m
[[34m19:04:58.467 STDOUT (DEBUG) on main pfg.config.Config.loadInto(Config.java:274)] Set private int data.Graphe.nodeYNbr to 20[0m
[[34m19:04:58.467 STDOUT (DEBUG) on main pfg.config.Config.loadInto(Config.java:274)] Set private int data.Graphe.partitioningX to 25[0m
[[34m19:04:58.467 STDOUT (DEBUG) on main pfg.config.Config.loadInto(Config.java:274)] Set private int data.Graphe.partitioningY to 25[0m
[[34m19:04:58.467 DATA_HANDLER (DEBUG) on main utils.HLInstance.module(HLInstance.java:297)] Module AIModule prêt[0m
[[34m19:04:58.468 DATA_HANDLER (DEBUG) on main utils.HLInstance.module(HLInstance.java:271)] Initialisation du moduleClass MontlheryController[0m
[[34m19:04:58.468 DATA_HANDLER (DEBUG) on main utils.HLInstance.module(HLInstance.java:285)] Mise à jour de la config du moduleClass MontlheryController après son initialisation.[0m
[[34m19:04:58.469 DATA_HANDLER (DEBUG) on main utils.HLInstance.module(HLInstance.java:297)] Module MontlheryController prêt[0m
[[31m19:04:58.471 COMMUNICATION (CRITICAL) on Thread-5 connection.Connection.send(Connection.java:145)] TEENSY_MASTER WAITING FOR OPENNESS[0m
[[31m19:04:58.971 COMMUNICATION (CRITICAL) on Thread-5 connection.Connection.send(Connection.java:145)] TEENSY_MASTER WAITING FOR OPENNESS[0m
[[34m19:04:59.238 COMMUNICATION (DEBUG) on main main.RobotEntryPoint.entryPoint(RobotEntryPoint.java:61)] Connection established, starting match[0m
[[34m19:04:59.388 COMMUNICATION (DEBUG) on pool-1-thread-1 data.controlers.Listener.asyncInit(Listener.java:257)] Listener opérationnel[0m
[[34m19:04:59.473 ORDERS (DEBUG) on Thread-5 MontlheryController.run(MontlheryController.java:39)] Sent to LL: montlhery[0m
[[34m19:04:59.473 ORDERS (DEBUG) on Thread-5 MontlheryController.run(MontlheryController.java:39)] Sent to LL: maxro 0.7853981633974483[0m
[[34m19:04:59.473 ORDERS (DEBUG) on Thread-5 MontlheryController.run(MontlheryController.java:39)] Sent to LL: maxtr 180[0m
[[34m19:04:59.566 DATA_HANDLER (DEBUG) on DataController data.controlers.DataController.run(DataController.java:172)] Controller opérationnel[0m
[[34m19:04:59.590 ORDERS (DEBUG) on Thread-5 MontlheryController.run(MontlheryController.java:132)] Sent to LL: sstop[0m
[[34m19:05:04.857 ORDERS (DEBUG) on Thread-5 MontlheryController.run(MontlheryController.java:107)] Sent to LL: av[0m
[[34m19:05:04.986 ORDERS (DEBUG) on Thread-5 MontlheryController.run(MontlheryController.java:114)] Sent to LL: trstop[0m
[[34m19:05:04.986 ORDERS (DEBUG) on Thread-5 MontlheryController.run(MontlheryController.java:132)] Sent to LL: sstop[0m
[[34m19:05:08.240 ORDERS (DEBUG) on Thread-5 MontlheryController.run(MontlheryController.java:107)] Sent to LL: av[0m
[[34m19:05:08.562 ORDERS (DEBUG) on Thread-5 MontlheryController.run(MontlheryController.java:114)] Sent to LL: trstop[0m
[[34m19:05:08.562 ORDERS (DEBUG) on Thread-5 MontlheryController.run(MontlheryController.java:132)] Sent to LL: sstop[0m
[[34m19:05:09.303 ORDERS (DEBUG) on Thread-5 MontlheryController.run(MontlheryController.java:109)] Sent to LL: rc[0m
[[34m19:05:09.545 ORDERS (DEBUG) on Thread-5 MontlheryController.run(MontlheryController.java:114)] Sent to LL: trstop[0m
[[34m19:05:09.545 ORDERS (DEBUG) on Thread-5 MontlheryController.run(MontlheryController.java:132)] Sent to LL: sstop[0m
[[34m19:05:09.948 ORDERS (DEBUG) on Thread-5 MontlheryController.run(MontlheryController.java:109)] Sent to LL: rc[0m
[[34m19:05:10.141 ORDERS (DEBUG) on Thread-5 MontlheryController.run(MontlheryController.java:114)] Sent to LL: trstop[0m
[[34m19:05:10.142 ORDERS (DEBUG) on Thread-5 MontlheryController.run(MontlheryController.java:132)] Sent to LL: sstop[0m
[[34m19:05:10.641 ORDERS (DEBUG) on Thread-5 MontlheryController.run(MontlheryController.java:109)] Sent to LL: rc[0m
[[34m19:05:10.802 ORDERS (DEBUG) on Thread-5 MontlheryController.run(MontlheryController.java:114)] Sent to LL: trstop[0m
[[34m19:05:10.803 ORDERS (DEBUG) on Thread-5 MontlheryController.run(MontlheryController.java:132)] Sent to LL: sstop[0m
[[34m19:05:11.930 ORDERS (DEBUG) on Thread-5 MontlheryController.run(MontlheryController.java:107)] Sent to LL: av[0m
[[34m19:05:12.091 ORDERS (DEBUG) on Thread-5 MontlheryController.run(MontlheryController.java:114)] Sent to LL: trstop[0m
[[34m19:05:12.091 ORDERS (DEBUG) on Thread-5 MontlheryController.run(MontlheryController.java:132)] Sent to LL: sstop[0m
[[34m19:05:12.575 ORDERS (DEBUG) on Thread-5 MontlheryController.run(MontlheryController.java:107)] Sent to LL: av[0m
[[34m19:05:12.720 ORDERS (DEBUG) on Thread-5 MontlheryController.run(MontlheryController.java:114)] Sent to LL: trstop[0m
[[34m19:05:12.720 ORDERS (DEBUG) on Thread-5 MontlheryController.run(MontlheryController.java:132)] Sent to LL: sstop[0m
[[34m19:05:13.397 ORDERS (DEBUG) on Thread-5 MontlheryController.run(MontlheryController.java:107)] Sent to LL: av[0m
[[34m19:05:13.558 ORDERS (DEBUG) on Thread-5 MontlheryController.run(MontlheryController.java:114)] Sent to LL: trstop[0m
[[34m19:05:13.558 ORDERS (DEBUG) on Thread-5 MontlheryController.run(MontlheryController.java:132)] Sent to LL: sstop[0m
[[34m19:05:14.170 ORDERS (DEBUG) on Thread-5 MontlheryController.run(MontlheryController.java:109)] Sent to LL: rc[0m
[[34m19:05:14.316 ORDERS (DEBUG) on Thread-5 MontlheryController.run(MontlheryController.java:114)] Sent to LL: trstop[0m
[[34m19:05:14.316 ORDERS (DEBUG) on Thread-5 MontlheryController.run(MontlheryController.java:132)] Sent to LL: sstop[0m
[[34m19:05:14.702 ORDERS (DEBUG) on Thread-5 MontlheryController.run(MontlheryController.java:109)] Sent to LL: rc[0m
[[34m19:05:14.847 ORDERS (DEBUG) on Thread-5 MontlheryController.run(MontlheryController.java:114)] Sent to LL: trstop[0m
[[34m19:05:14.848 ORDERS (DEBUG) on Thread-5 MontlheryController.run(MontlheryController.java:132)] Sent to LL: sstop[0m
[[34m19:05:15.298 ORDERS (DEBUG) on Thread-5 MontlheryController.run(MontlheryController.java:109)] Sent to LL: rc[0m
[[34m19:05:15.411 ORDERS (DEBUG) on Thread-5 MontlheryController.run(MontlheryController.java:114)] Sent to LL: trstop[0m
[[34m19:05:15.411 ORDERS (DEBUG) on Thread-5 MontlheryController.run(MontlheryController.java:132)] Sent to LL: sstop[0m
[[34m19:05:15.878 ORDERS (DEBUG) on Thread-5 MontlheryController.run(MontlheryController.java:109)] Sent to LL: rc[0m
[[34m19:05:15.990 ORDERS (DEBUG) on Thread-5 MontlheryController.run(MontlheryController.java:114)] Sent to LL: trstop[0m
[[34m19:05:15.991 ORDERS (DEBUG) on Thread-5 MontlheryController.run(MontlheryController.java:132)] Sent to LL: sstop[0m
[[34m19:05:17.084 ORDERS (DEBUG) on Thread-5 MontlheryController.run(MontlheryController.java:107)] Sent to LL: av[0m
[[34m19:05:17.310 ORDERS (DEBUG) on Thread-5 MontlheryController.run(MontlheryController.java:114)] Sent to LL: trstop[0m
[[34m19:05:17.310 ORDERS (DEBUG) on Thread-5 MontlheryController.run(MontlheryController.java:132)] Sent to LL: sstop[0m
[[34m19:05:17.970 ORDERS (DEBUG) on Thread-5 MontlheryController.run(MontlheryController.java:122)] Sent to LL: tg[0m
[[34m19:05:18.147 ORDERS (DEBUG) on Thread-5 MontlheryController.run(MontlheryController.java:127)] Sent to LL: rostop[0m
[[34m19:05:18.147 ORDERS (DEBUG) on Thread-5 MontlheryController.run(MontlheryController.java:132)] Sent to LL: sstop[0m
[[34m19:05:18.582 ORDERS (DEBUG) on Thread-5 MontlheryController.run(MontlheryController.java:120)] Sent to LL: td[0m
[[34m19:05:18.679 ORDERS (DEBUG) on Thread-5 MontlheryController.run(MontlheryController.java:127)] Sent to LL: rostop[0m
[[34m19:05:18.679 ORDERS (DEBUG) on Thread-5 MontlheryController.run(MontlheryController.java:132)] Sent to LL: sstop[0m
[[34m19:05:19.310 ORDERS (DEBUG) on Thread-5 MontlheryController.run(MontlheryController.java:107)] Sent to LL: av[0m
[[34m19:05:19.487 ORDERS (DEBUG) on Thread-5 MontlheryController.run(MontlheryController.java:114)] Sent to LL: trstop[0m
[[34m19:05:19.488 ORDERS (DEBUG) on Thread-5 MontlheryController.run(MontlheryController.java:132)] Sent to LL: sstop[0m
[[34m19:05:19.777 ORDERS (DEBUG) on Thread-5 MontlheryController.run(MontlheryController.java:107)] Sent to LL: av[0m
[[34m19:05:19.954 ORDERS (DEBUG) on Thread-5 MontlheryController.run(MontlheryController.java:114)] Sent to LL: trstop[0m
[[34m19:05:19.955 ORDERS (DEBUG) on Thread-5 MontlheryController.run(MontlheryController.java:132)] Sent to LL: sstop[0m
[[34m19:05:20.277 ORDERS (DEBUG) on Thread-5 MontlheryController.run(MontlheryController.java:120)] Sent to LL: td[0m
[[34m19:05:20.358 ORDERS (DEBUG) on Thread-5 MontlheryController.run(MontlheryController.java:127)] Sent to LL: rostop[0m
[[34m19:05:20.358 ORDERS (DEBUG) on Thread-5 MontlheryController.run(MontlheryController.java:132)] Sent to LL: sstop[0m
[[34m19:05:20.728 ORDERS (DEBUG) on Thread-5 MontlheryController.run(MontlheryController.java:122)] Sent to LL: tg[0m
[[34m19:05:20.857 ORDERS (DEBUG) on Thread-5 MontlheryController.run(MontlheryController.java:127)] Sent to LL: rostop[0m
[[34m19:05:20.857 ORDERS (DEBUG) on Thread-5 MontlheryController.run(MontlheryController.java:132)] Sent to LL: sstop[0m
[[34m19:05:21.324 ORDERS (DEBUG) on Thread-5 MontlheryController.run(MontlheryController.java:107)] Sent to LL: av[0m
[[34m19:05:21.679 ORDERS (DEBUG) on Thread-5 MontlheryController.run(MontlheryController.java:114)] Sent to LL: trstop[0m
[[34m19:05:21.679 ORDERS (DEBUG) on Thread-5 MontlheryController.run(MontlheryController.java:132)] Sent to LL: sstop[0m
[[34m19:05:22.082 ORDERS (DEBUG) on Thread-5 MontlheryController.run(MontlheryController.java:120)] Sent to LL: td[0m
[[34m19:05:22.211 ORDERS (DEBUG) on Thread-5 MontlheryController.run(MontlheryController.java:127)] Sent to LL: rostop[0m
[[34m19:05:22.211 ORDERS (DEBUG) on Thread-5 MontlheryController.run(MontlheryController.java:132)] Sent to LL: sstop[0m
[[34m19:05:22.791 ORDERS (DEBUG) on Thread-5 MontlheryController.run(MontlheryController.java:122)] Sent to LL: tg[0m
[[34m19:05:22.968 ORDERS (DEBUG) on Thread-5 MontlheryController.run(MontlheryController.java:127)] Sent to LL: rostop[0m
[[34m19:05:22.968 ORDERS (DEBUG) on Thread-5 MontlheryController.run(MontlheryController.java:132)] Sent to LL: sstop[0m
[[34m19:05:23.210 ORDERS (DEBUG) on Thread-5 MontlheryController.run(MontlheryController.java:122)] Sent to LL: tg[0m
[[34m19:05:23.339 ORDERS (DEBUG) on Thread-5 MontlheryController.run(MontlheryController.java:127)] Sent to LL: rostop[0m
[[34m19:05:23.339 ORDERS (DEBUG) on Thread-5 MontlheryController.run(MontlheryController.java:132)] Sent to LL: sstop[0m
[[34m19:05:24.000 ORDERS (DEBUG) on Thread-5 MontlheryController.run(MontlheryController.java:107)] Sent to LL: av[0m
[[34m19:05:24.177 ORDERS (DEBUG) on Thread-5 MontlheryController.run(MontlheryController.java:114)] Sent to LL: trstop[0m
[[34m19:05:24.177 ORDERS (DEBUG) on Thread-5 MontlheryController.run(MontlheryController.java:132)] Sent to LL: sstop[0m
[[34m19:05:24.693 ORDERS (DEBUG) on Thread-5 MontlheryController.run(MontlheryController.java:120)] Sent to LL: td[0m
[[34m19:05:24.790 ORDERS (DEBUG) on Thread-5 MontlheryController.run(MontlheryController.java:127)] Sent to LL: rostop[0m
[[34m19:05:24.790 ORDERS (DEBUG) on Thread-5 MontlheryController.run(MontlheryController.java:132)] Sent to LL: sstop[0m
[[34m19:05:25.192 ORDERS (DEBUG) on Thread-5 MontlheryController.run(MontlheryController.java:122)] Sent to LL: tg[0m
[[34m19:05:25.305 ORDERS (DEBUG) on Thread-5 MontlheryController.run(MontlheryController.java:127)] Sent to LL: rostop[0m
[[34m19:05:25.305 ORDERS (DEBUG) on Thread-5 MontlheryController.run(MontlheryController.java:132)] Sent to LL: sstop[0m
[[34m19:05:25.805 ORDERS (DEBUG) on Thread-5 MontlheryController.run(MontlheryController.java:109)] Sent to LL: rc[0m
[[34m19:05:26.014 ORDERS (DEBUG) on Thread-5 MontlheryController.run(MontlheryController.java:107)] Sent to LL: av[0m
[[34m19:05:26.031 ORDERS (DEBUG) on Thread-5 MontlheryController.run(MontlheryController.java:114)] Sent to LL: trstop[0m
[[34m19:05:26.031 ORDERS (DEBUG) on Thread-5 MontlheryController.run(MontlheryController.java:132)] Sent to LL: sstop[0m
[[34m19:05:27.029 ORDERS (DEBUG) on Thread-5 MontlheryController.run(MontlheryController.java:122)] Sent to LL: tg[0m
[[34m19:05:27.126 ORDERS (DEBUG) on Thread-5 MontlheryController.run(MontlheryController.java:127)] Sent to LL: rostop[0m
[[34m19:05:27.126 ORDERS (DEBUG) on Thread-5 MontlheryController.run(MontlheryController.java:132)] Sent to LL: sstop[0m
[[34m19:05:27.432 ORDERS (DEBUG) on Thread-5 MontlheryController.run(MontlheryController.java:120)] Sent to LL: td[0m
[[34m19:05:27.513 ORDERS (DEBUG) on Thread-5 MontlheryController.run(MontlheryController.java:127)] Sent to LL: rostop[0m
[[34m19:05:27.513 ORDERS (DEBUG) on Thread-5 MontlheryController.run(MontlheryController.java:132)] Sent to LL: sstop[0m
[[34m19:05:27.820 ORDERS (DEBUG) on Thread-5 MontlheryController.run(MontlheryController.java:120)] Sent to LL: td[0m
[[34m19:05:27.916 ORDERS (DEBUG) on Thread-5 MontlheryController.run(MontlheryController.java:127)] Sent to LL: rostop[0m
[[34m19:05:27.916 ORDERS (DEBUG) on Thread-5 MontlheryController.run(MontlheryController.java:132)] Sent to LL: sstop[0m
[[34m19:05:28.351 ORDERS (DEBUG) on Thread-5 MontlheryController.run(MontlheryController.java:109)] Sent to LL: rc[0m
[[34m19:05:28.448 ORDERS (DEBUG) on Thread-5 MontlheryController.run(MontlheryController.java:114)] Sent to LL: trstop[0m
[[34m19:05:28.448 ORDERS (DEBUG) on Thread-5 MontlheryController.run(MontlheryController.java:132)] Sent to LL: sstop[0m
[[34m19:05:28.771 ORDERS (DEBUG) on Thread-5 MontlheryController.run(MontlheryController.java:109)] Sent to LL: rc[0m
[[34m19:05:28.835 ORDERS (DEBUG) on Thread-5 MontlheryController.run(MontlheryController.java:114)] Sent to LL: trstop[0m
[[34m19:05:28.835 ORDERS (DEBUG) on Thread-5 MontlheryController.run(MontlheryController.java:132)] Sent to LL: sstop[0m
[[34m19:05:29.125 ORDERS (DEBUG) on Thread-5 MontlheryController.run(MontlheryController.java:109)] Sent to LL: rc[0m
[[34m19:05:29.206 ORDERS (DEBUG) on Thread-5 MontlheryController.run(MontlheryController.java:114)] Sent to LL: trstop[0m
[[34m19:05:29.206 ORDERS (DEBUG) on Thread-5 MontlheryController.run(MontlheryController.java:132)] Sent to LL: sstop[0m
[[34m19:05:29.496 ORDERS (DEBUG) on Thread-5 MontlheryController.run(MontlheryController.java:109)] Sent to LL: rc[0m
[[34m19:05:29.592 ORDERS (DEBUG) on Thread-5 MontlheryController.run(MontlheryController.java:114)] Sent to LL: trstop[0m
[[34m19:05:29.593 ORDERS (DEBUG) on Thread-5 MontlheryController.run(MontlheryController.java:132)] Sent to LL: sstop[0m
[[34m19:05:29.914 ORDERS (DEBUG) on Thread-5 MontlheryController.run(MontlheryController.java:109)] Sent to LL: rc[0m
[[34m19:05:30.011 ORDERS (DEBUG) on Thread-5 MontlheryController.run(MontlheryController.java:114)] Sent to LL: trstop[0m
[[34m19:05:30.011 ORDERS (DEBUG) on Thread-5 MontlheryController.run(MontlheryController.java:132)] Sent to LL: sstop[0m
[[34m19:05:30.430 ORDERS (DEBUG) on Thread-5 MontlheryController.run(MontlheryController.java:109)] Sent to LL: rc[0m
[[34m19:05:30.495 ORDERS (DEBUG) on Thread-5 MontlheryController.run(MontlheryController.java:114)] Sent to LL: trstop[0m
[[34m19:05:30.495 ORDERS (DEBUG) on Thread-5 MontlheryController.run(MontlheryController.java:132)] Sent to LL: sstop[0m
[[34m19:05:31.188 ORDERS (DEBUG) on Thread-5 MontlheryController.run(MontlheryController.java:109)] Sent to LL: rc[0m
[[34m19:05:31.268 ORDERS (DEBUG) on Thread-5 MontlheryController.run(MontlheryController.java:114)] Sent to LL: trstop[0m
[[34m19:05:31.268 ORDERS (DEBUG) on Thread-5 MontlheryController.run(MontlheryController.java:132)] Sent to LL: sstop[0m
