[[34m20:00:48.600 STDOUT (DEBUG) on main utils.HLInstance.<init>(HLInstance.java:104)] Version : 138dd36 on dev_LoloElDeglingo - [oups][0m
[[34m20:00:48.604 STDOUT (DEBUG) on main utils.HLInstance.<init>(HLInstance.java:112)] System : Linux 5.8.0-44-generic amd64[0m
[[34m20:00:48.611 STDOUT (DEBUG) on main utils.HLInstance.<init>(HLInstance.java:114)] Java : Oracle Corporation 14.0.2, max memory : 3.88G, available processors : 8[0m
[[34m20:00:48.612 STDOUT (DEBUG) on main utils.HLInstance.<init>(HLInstance.java:117)] [0m
[[34m20:00:48.612 STDOUT (DEBUG) on main utils.HLInstance.<init>(HLInstance.java:119)]    Remember, with great power comes great current squared times resistance !
[0m
[[34m20:00:48.612 STDOUT (DEBUG) on main utils.HLInstance.<init>(HLInstance.java:122)] Chargement de la config...[0m
[[34m20:00:48.633 STDOUT (DEBUG) on main pfg.config.Config.readConfigFile(Config.java:166)] Loading config file : /home/tsimafei/TechTheTiller-HighLevel/bin/../config/config.txt[0m
[[31m20:00:48.651 STDERR (CRITICAL) on main] Unknown key : RECALAGE_ACC, also tried recalageAcc[0m
[[31m20:00:48.652 STDERR (CRITICAL) on main] Unknown key : SECOURS, also tried secours[0m
[[31m20:00:48.652 STDERR (CRITICAL) on main] Unknown key : RECALAGE_MECA_ACC, also tried recalageMecaAcc[0m
[[31m20:00:48.653 STDERR (CRITICAL) on main] Unknown key : MILIEU_ECUEIL_PRIVE_XBLEU, also tried milieuEcueilPriveXbleu[0m
[[34m20:00:48.654 STDOUT (DEBUG) on main pfg.config.Config.printChangedValues(Config.java:465)] Configuration diff :[0m
[[34m20:00:48.654 STDOUT (DEBUG) on main pfg.config.Config.printChangedValues(Config.java:469)]   visualisation = false (default : true)[0m
[[34m20:00:48.655 STDOUT (DEBUG) on main pfg.config.Config.printChangedValues(Config.java:469)]   usingBaliseImage = false (default : true)[0m
[[34m20:00:48.655 STDOUT (DEBUG) on main pfg.config.Config.printChangedValues(Config.java:469)]   usingPanel = false (default : true)[0m
[[34m20:00:48.655 STDOUT (DEBUG) on main pfg.config.Config.printChangedValues(Config.java:469)]   connectToBuddy = false (default : true)[0m
[[34m20:00:48.656 STDOUT (DEBUG) on main pfg.config.Config.printChangedValues(Config.java:469)]   modeMonthlery = true (default : false)[0m
[[34m20:00:48.656 STDOUT (DEBUG) on main pfg.config.Config.printChangedValues(Config.java:469)]   buddyRay = 70 (default : 150)[0m
[[34m20:00:48.656 STDOUT (DEBUG) on main pfg.config.Config.printChangedValues(Config.java:469)]   ennemyRay = 150 (default : 220)[0m
[[34m20:00:48.657 STDOUT (DEBUG) on main pfg.config.Config.printChangedValues(Config.java:469)]   nbrNoeudsX = 30 (default : 45)[0m
[[34m20:00:48.657 STDOUT (DEBUG) on main pfg.config.Config.printChangedValues(Config.java:469)]   nbrNoeudsY = 20 (default : 30)[0m
[[34m20:00:48.657 STDOUT (DEBUG) on main pfg.config.Config.printChangedValues(Config.java:469)]   nbrNoeudsCircle = 14 (default : 12)[0m
[[34m20:00:48.667 DATA_HANDLER (DEBUG) on main utils.HLInstance.module(HLInstance.java:271)] Initialisation du moduleClass Table[0m
[[34m20:00:48.668 DATA_HANDLER (DEBUG) on main utils.HLInstance.module(HLInstance.java:285)] Mise à jour de la config du moduleClass Table après son initialisation.[0m
[[34m20:00:48.676 STDOUT (DEBUG) on main pfg.config.Config.loadInto(Config.java:274)] Set private boolean data.Table.symetry to false[0m
[[34m20:00:48.677 STDOUT (DEBUG) on main pfg.config.Config.loadInto(Config.java:274)] Set private int data.Table.length to 3000[0m
[[34m20:00:48.678 STDOUT (DEBUG) on main pfg.config.Config.loadInto(Config.java:274)] Set private int data.Table.height to 2000[0m
[[34m20:00:48.679 STDOUT (DEBUG) on main pfg.config.Config.loadInto(Config.java:274)] Set private int data.Table.robotRay to 190[0m
[[34m20:00:48.679 STDOUT (DEBUG) on main pfg.config.Config.loadInto(Config.java:274)] Set private int data.Table.buddyRay to 70[0m
[[34m20:00:48.680 STDOUT (DEBUG) on main pfg.config.Config.loadInto(Config.java:274)] Set private int data.Table.ennemyRay to 150[0m
[[34m20:00:48.680 STDOUT (DEBUG) on main pfg.config.Config.loadInto(Config.java:274)] Set private int data.Table.compareThreshold to 5[0m
[[34m20:00:48.681 STDOUT (DEBUG) on main pfg.config.Config.loadInto(Config.java:274)] Set private boolean data.Table.openTheGate to false[0m
[[34m20:00:48.681 DATA_HANDLER (DEBUG) on main utils.HLInstance.module(HLInstance.java:297)] Module Table prêt[0m
[[34m20:00:48.682 DATA_HANDLER (DEBUG) on main utils.HLInstance.module(HLInstance.java:271)] Initialisation du moduleClass Graphe[0m
[[34m20:00:48.683 DATA_HANDLER (DEBUG) on main utils.HLInstance.module(HLInstance.java:285)] Mise à jour de la config du moduleClass Graphe après son initialisation.[0m
[[34m20:00:48.684 STDOUT (DEBUG) on main pfg.config.Config.loadInto(Config.java:274)] Set private int data.Graphe.nodeCircleNbr to 14[0m
[[34m20:00:48.684 STDOUT (DEBUG) on main pfg.config.Config.loadInto(Config.java:274)] Set private double data.Graphe.spaceCircleParameter to 1.2[0m
[[34m20:00:48.685 STDOUT (DEBUG) on main pfg.config.Config.loadInto(Config.java:274)] Set private int data.Graphe.nodeXNbr to 30[0m
[[34m20:00:48.685 STDOUT (DEBUG) on main pfg.config.Config.loadInto(Config.java:274)] Set private int data.Graphe.nodeYNbr to 20[0m
[[34m20:00:48.685 STDOUT (DEBUG) on main pfg.config.Config.loadInto(Config.java:274)] Set private int data.Graphe.partitioningX to 25[0m
[[34m20:00:48.686 STDOUT (DEBUG) on main pfg.config.Config.loadInto(Config.java:274)] Set private int data.Graphe.partitioningY to 25[0m
[[34m20:00:49.007 DATA_HANDLER (DEBUG) on main utils.HLInstance.module(HLInstance.java:297)] Module Graphe prêt[0m
[[34m20:00:49.007 DATA_HANDLER (DEBUG) on main utils.HLInstance.module(HLInstance.java:271)] Initialisation du moduleClass Pathfinder[0m
[[34m20:00:49.008 DATA_HANDLER (DEBUG) on main utils.HLInstance.module(HLInstance.java:285)] Mise à jour de la config du moduleClass Pathfinder après son initialisation.[0m
[[34m20:00:49.009 DATA_HANDLER (DEBUG) on main utils.HLInstance.module(HLInstance.java:297)] Module Pathfinder prêt[0m
[[34m20:00:49.010 DATA_HANDLER (DEBUG) on main utils.HLInstance.module(HLInstance.java:271)] Initialisation du moduleClass OrderWrapper[0m
[[34m20:00:49.010 DATA_HANDLER (DEBUG) on main utils.HLInstance.module(HLInstance.java:285)] Mise à jour de la config du moduleClass OrderWrapper après son initialisation.[0m
[[34m20:00:49.011 STDOUT (DEBUG) on main pfg.config.Config.loadInto(Config.java:274)] Set private boolean orders.OrderWrapper.symetry to false[0m
[[34m20:00:49.014 STDOUT (DEBUG) on main pfg.config.Config.loadInto(Config.java:274)] Set private boolean orders.OrderWrapper.simulation to false[0m
[[34m20:00:49.014 STDOUT (DEBUG) on main pfg.config.Config.loadInto(Config.java:274)] Set private boolean orders.OrderWrapper.usingBaliseImage to false[0m
[[34m20:00:49.016 DATA_HANDLER (DEBUG) on main utils.HLInstance.module(HLInstance.java:297)] Module OrderWrapper prêt[0m
[[34m20:00:49.016 DATA_HANDLER (DEBUG) on main utils.HLInstance.module(HLInstance.java:271)] Initialisation du moduleClass PathFollower[0m
[[34m20:00:49.016 DATA_HANDLER (DEBUG) on main utils.HLInstance.module(HLInstance.java:285)] Mise à jour de la config du moduleClass PathFollower après son initialisation.[0m
[[34m20:00:49.017 STDOUT (DEBUG) on main pfg.config.Config.loadInto(Config.java:274)] Set private long locomotion.PathFollower.locomotionLoopDelay to 20[0m
[[34m20:00:49.017 STDOUT (DEBUG) on main pfg.config.Config.loadInto(Config.java:274)] Set private int locomotion.PathFollower.locomotionDistanceCheck to 200[0m
[[34m20:00:49.017 STDOUT (DEBUG) on main pfg.config.Config.loadInto(Config.java:274)] Set private int locomotion.PathFollower.locomotionRadiusCheck to 200[0m
[[34m20:00:49.017 STDOUT (DEBUG) on main pfg.config.Config.loadInto(Config.java:274)] Set private long locomotion.PathFollower.locomotionObstructedTimeout to 2000[0m
[[34m20:00:49.018 STDOUT (DEBUG) on main pfg.config.Config.loadInto(Config.java:274)] Set private boolean locomotion.PathFollower.simulation to false[0m
[[34m20:00:49.021 DATA_HANDLER (DEBUG) on main utils.HLInstance.module(HLInstance.java:297)] Module PathFollower prêt[0m
[[34m20:00:49.021 DATA_HANDLER (DEBUG) on main utils.HLInstance.module(HLInstance.java:271)] Initialisation du moduleClass Locomotion[0m
[[34m20:00:49.021 DATA_HANDLER (DEBUG) on main utils.HLInstance.module(HLInstance.java:285)] Mise à jour de la config du moduleClass Locomotion après son initialisation.[0m
[[34m20:00:49.022 STDOUT (DEBUG) on main pfg.config.Config.loadInto(Config.java:274)] Set private int locomotion.Locomotion.vectorComparisonThreshold to 5[0m
[[34m20:00:49.022 STDOUT (DEBUG) on main pfg.config.Config.loadInto(Config.java:274)] Set private long locomotion.Locomotion.locomotionObstructedTimeout to 2000[0m
[[34m20:00:49.022 DATA_HANDLER (DEBUG) on main utils.HLInstance.module(HLInstance.java:297)] Module Locomotion prêt[0m
[[34m20:00:49.023 DATA_HANDLER (DEBUG) on main utils.HLInstance.module(HLInstance.java:271)] Initialisation du moduleClass HookFactory[0m
[[34m20:00:49.023 DATA_HANDLER (DEBUG) on main utils.HLInstance.module(HLInstance.java:285)] Mise à jour de la config du moduleClass HookFactory après son initialisation.[0m
[[34m20:00:49.023 DATA_HANDLER (DEBUG) on main utils.HLInstance.module(HLInstance.java:297)] Module HookFactory prêt[0m
[[34m20:00:49.023 DATA_HANDLER (DEBUG) on main utils.HLInstance.module(HLInstance.java:271)] Initialisation du moduleClass ConnectionManager[0m
[[34m20:00:49.023 DATA_HANDLER (DEBUG) on main utils.HLInstance.module(HLInstance.java:285)] Mise à jour de la config du moduleClass ConnectionManager après son initialisation.[0m
[[34m20:00:49.024 DATA_HANDLER (DEBUG) on main utils.HLInstance.module(HLInstance.java:297)] Module ConnectionManager prêt[0m
[[34m20:00:49.024 DATA_HANDLER (DEBUG) on main utils.HLInstance.module(HLInstance.java:271)] Initialisation du moduleClass SimulatorDebug[0m
[[34m20:00:49.024 DATA_HANDLER (DEBUG) on main utils.HLInstance.module(HLInstance.java:285)] Mise à jour de la config du moduleClass SimulatorDebug après son initialisation.[0m
[[34m20:00:49.024 STDOUT (DEBUG) on main pfg.config.Config.loadInto(Config.java:274)] Set private boolean utils.communication.SimulatorDebug.active to false[0m
[[34m20:00:49.024 DATA_HANDLER (DEBUG) on main utils.HLInstance.module(HLInstance.java:297)] Module SimulatorDebug prêt[0m
[[34m20:00:49.024 DATA_HANDLER (DEBUG) on main utils.HLInstance.module(HLInstance.java:271)] Initialisation du moduleClass PanneauModule[0m
[[34m20:00:49.024 DATA_HANDLER (DEBUG) on main utils.HLInstance.module(HLInstance.java:285)] Mise à jour de la config du moduleClass PanneauModule après son initialisation.[0m
[[34m20:00:49.026 STDOUT (DEBUG) on main pfg.config.Config.loadInto(Config.java:274)] Set private long data.controlers.PanneauModule.scoreUpdatePeriod to 100[0m
[[34m20:00:49.026 STDOUT (DEBUG) on main pfg.config.Config.loadInto(Config.java:274)] Set private java.lang.String data.controlers.PanneauModule.couleur to jaune[0m
[[34m20:00:49.026 STDOUT (DEBUG) on main pfg.config.Config.loadInto(Config.java:274)] Set private int data.controlers.PanneauModule.ledProgramPort to 19500[0m
[[34m20:00:49.026 STDOUT (DEBUG) on main pfg.config.Config.loadInto(Config.java:274)] Set private int data.controlers.PanneauModule.ledCount to 16[0m
[[34m20:00:49.026 STDOUT (DEBUG) on main pfg.config.Config.loadInto(Config.java:274)] Set private boolean data.controlers.PanneauModule.using7Segments to true[0m
[[34m20:00:49.027 DATA_HANDLER (DEBUG) on main utils.HLInstance.module(HLInstance.java:297)] Module PanneauModule prêt[0m
[[34m20:00:49.027 DATA_HANDLER (DEBUG) on main utils.HLInstance.module(HLInstance.java:271)] Initialisation du moduleClass Master[0m
[[34m20:00:49.029 DATA_HANDLER (DEBUG) on main utils.HLInstance.module(HLInstance.java:271)] Initialisation du moduleClass SynchronizationWithBuddy[0m
[[34m20:00:49.030 DATA_HANDLER (DEBUG) on main utils.HLInstance.module(HLInstance.java:285)] Mise à jour de la config du moduleClass SynchronizationWithBuddy après son initialisation.[0m
[[34m20:00:49.030 STDOUT (DEBUG) on main pfg.config.Config.loadInto(Config.java:274)] Set protected boolean data.synchronization.SynchronizationCommon.symetry to false[0m
[[34m20:00:49.030 STDOUT (DEBUG) on main pfg.config.Config.loadInto(Config.java:274)] Set protected boolean data.synchronization.SynchronizationCommon.simulation to false[0m
[[34m20:00:49.030 STDOUT (DEBUG) on main pfg.config.Config.loadInto(Config.java:274)] Set protected boolean data.synchronization.SynchronizationCommon.master to true[0m
[[34m20:00:49.030 DATA_HANDLER (DEBUG) on main utils.HLInstance.module(HLInstance.java:297)] Module SynchronizationWithBuddy prêt[0m
[[34m20:00:49.030 DATA_HANDLER (DEBUG) on main utils.HLInstance.module(HLInstance.java:271)] Initialisation du moduleClass Listener[0m
[[34m20:00:49.031 DATA_HANDLER (DEBUG) on main utils.HLInstance.module(HLInstance.java:285)] Mise à jour de la config du moduleClass Listener après son initialisation.[0m
[[34m20:00:49.031 STDOUT (DEBUG) on main pfg.config.Config.loadInto(Config.java:274)] Set private boolean data.controlers.Listener.master to true[0m
[[34m20:00:49.031 STDOUT (DEBUG) on main pfg.config.Config.loadInto(Config.java:274)] Set private boolean data.controlers.Listener.simulation to false[0m
[[34m20:00:49.031 STDOUT (DEBUG) on main pfg.config.Config.loadInto(Config.java:274)] Set private boolean data.controlers.Listener.usingLidar to false[0m
[[34m20:00:49.031 STDOUT (DEBUG) on main pfg.config.Config.loadInto(Config.java:274)] Set private boolean data.controlers.Listener.usingCylinderDetection to false[0m
[[34m20:00:49.032 STDOUT (DEBUG) on main pfg.config.Config.loadInto(Config.java:274)] Set private boolean data.controlers.Listener.usingBaliseImage to false[0m
[[34m20:00:49.032 STDOUT (DEBUG) on main pfg.config.Config.loadInto(Config.java:274)] Set private boolean data.controlers.Listener.visualisation to false[0m
[[34m20:00:49.032 STDOUT (DEBUG) on main pfg.config.Config.loadInto(Config.java:274)] Set private boolean data.controlers.Listener.usingBaliseConnection to false[0m
[[34m20:00:49.032 STDOUT (DEBUG) on main pfg.config.Config.loadInto(Config.java:274)] Set private boolean data.controlers.Listener.connectToBuddy to false[0m
[[34m20:00:49.033 STDOUT (DEBUG) on main pfg.config.Config.loadInto(Config.java:274)] Set private long data.controlers.Listener.timeBetweenPosUpdates to 200[0m
[[34m20:00:49.034 DATA_HANDLER (DEBUG) on main utils.HLInstance.module(HLInstance.java:297)] Module Listener prêt[0m
[[34m20:00:49.034 COMMUNICATION (DEBUG) on pool-1-thread-1 data.controlers.Listener.asyncInit(Listener.java:186)] Listener lancé : connection aux devices...[0m
[[34m20:00:49.034 DATA_HANDLER (DEBUG) on main utils.HLInstance.module(HLInstance.java:271)] Initialisation du moduleClass MatchTimer[0m
[[34m20:00:49.035 COMMUNICATION (DEBUG) on pool-1-thread-1 data.controlers.Listener.asyncInit(Listener.java:199)] Lidar[0m
[[34m20:00:49.035 COMMUNICATION (DEBUG) on pool-1-thread-1 data.controlers.Listener.asyncInit(Listener.java:200)] Balise[0m
[[34m20:00:49.035 DATA_HANDLER (DEBUG) on main utils.HLInstance.module(HLInstance.java:285)] Mise à jour de la config du moduleClass MatchTimer après son initialisation.[0m
[[34m20:00:49.035 DATA_HANDLER (DEBUG) on main utils.HLInstance.module(HLInstance.java:297)] Module MatchTimer prêt[0m
[[34m20:00:49.035 DATA_HANDLER (DEBUG) on main utils.HLInstance.module(HLInstance.java:271)] Initialisation du moduleClass DataController[0m
[[34m20:00:49.037 DATA_HANDLER (DEBUG) on main utils.HLInstance.module(HLInstance.java:285)] Mise à jour de la config du moduleClass DataController après son initialisation.[0m
[[34m20:00:49.037 STDOUT (DEBUG) on main pfg.config.Config.loadInto(Config.java:274)] Set private boolean data.controlers.DataController.master to true[0m
[[34m20:00:49.038 STDOUT (DEBUG) on main pfg.config.Config.loadInto(Config.java:274)] Set private boolean data.controlers.DataController.symetry to false[0m
[[34m20:00:49.045 DATA_HANDLER (DEBUG) on main utils.HLInstance.module(HLInstance.java:297)] Module DataController prêt[0m
[[34m20:00:49.045 DATA_HANDLER (DEBUG) on DataController data.controlers.DataController.run(DataController.java:164)] Controller lancé : en attente du listener...[0m
[[34m20:00:49.045 DATA_HANDLER (DEBUG) on main utils.HLInstance.module(HLInstance.java:285)] Mise à jour de la config du moduleClass Master après son initialisation.[0m
[[34m20:00:49.046 STDOUT (DEBUG) on main pfg.config.Config.loadInto(Config.java:274)] Set private long robot.Robot.locomotionLoopDelay to 20[0m
[[34m20:00:49.046 STDOUT (DEBUG) on main pfg.config.Config.loadInto(Config.java:274)] Set private boolean robot.Robot.simulation to false[0m
[[34m20:00:49.046 STDOUT (DEBUG) on main pfg.config.Config.loadInto(Config.java:274)] Set private boolean robot.Robot.master to true[0m
[[34m20:00:49.046 COMMUNICATION (DEBUG) on pool-1-thread-1 utils.communication.SerialInterface.init(SerialInterface.java:65)] Ouverture de ttyACM0[0m
[[34m20:00:49.046 STDOUT (DEBUG) on main pfg.config.Config.loadInto(Config.java:274)] Set private boolean robot.Robot.symetry to false[0m
[[34m20:00:49.047 STDOUT (DEBUG) on main pfg.config.Config.loadInto(Config.java:274)] Set private boolean robot.Robot.usingPanel to false[0m
[[34m20:00:49.047 DATA_HANDLER (DEBUG) on main utils.HLInstance.module(HLInstance.java:297)] Module Master prêt[0m
[[31m20:00:49.047 STRATEGY (CRITICAL) on main main.RobotEntryPoint.initServices(RobotEntryPoint.java:195)] PAS DE PANNEAU[0m
[[34m20:00:49.047 STRATEGY (DEBUG) on main main.RobotEntryPoint.initServices(RobotEntryPoint.java:198)] Couleur: jaune[0m
[[34m20:00:49.048 DATA_HANDLER (DEBUG) on main utils.HLInstance.module(HLInstance.java:271)] Initialisation du moduleClass ScriptManagerMaster[0m
[[34m20:00:49.048 COMMUNICATION (DEBUG) on pool-1-thread-1 data.controlers.Listener.asyncInit(Listener.java:203)] Teensy Master[0m
[[34m20:00:49.048 DATA_HANDLER (DEBUG) on main utils.HLInstance.module(HLInstance.java:285)] Mise à jour de la config du moduleClass ScriptManagerMaster après son initialisation.[0m
[[34m20:00:49.049 DATA_HANDLER (DEBUG) on main utils.HLInstance.module(HLInstance.java:297)] Module ScriptManagerMaster prêt[0m
[[34m20:00:49.332 DATA_HANDLER (DEBUG) on main utils.HLInstance.module(HLInstance.java:271)] Initialisation du moduleClass LidarController[0m
[[34m20:00:49.332 DATA_HANDLER (DEBUG) on main utils.HLInstance.module(HLInstance.java:285)] Mise à jour de la config du moduleClass LidarController après son initialisation.[0m
[[34m20:00:49.333 STDOUT (DEBUG) on main pfg.config.Config.loadInto(Config.java:274)] Set private boolean data.controlers.LidarController.symetry to false[0m
[[34m20:00:49.333 STDOUT (DEBUG) on main pfg.config.Config.loadInto(Config.java:274)] Set private int data.controlers.LidarController.robotRay to 190[0m
[[34m20:00:49.333 STDOUT (DEBUG) on main pfg.config.Config.loadInto(Config.java:274)] Set private int data.controlers.LidarController.ennemyRay to 150[0m
[[34m20:00:49.333 STDOUT (DEBUG) on main pfg.config.Config.loadInto(Config.java:274)] Set private java.lang.String data.controlers.LidarController.lidarProcessPath to ../bin/LiDAR_UST_10LX[0m
[[34m20:00:49.333 STDOUT (DEBUG) on main pfg.config.Config.loadInto(Config.java:274)] Set private boolean data.controlers.LidarController.usingLidar to false[0m
[[34m20:00:49.334 DATA_HANDLER (DEBUG) on main utils.HLInstance.module(HLInstance.java:297)] Module LidarController prêt[0m
[[34m20:00:49.335 DATA_HANDLER (DEBUG) on main utils.HLInstance.module(HLInstance.java:271)] Initialisation du moduleClass CylinderDetectionController[0m
[[34m20:00:49.336 DATA_HANDLER (DEBUG) on main utils.HLInstance.module(HLInstance.java:285)] Mise à jour de la config du moduleClass CylinderDetectionController après son initialisation.[0m
[[34m20:00:49.336 STDOUT (DEBUG) on main pfg.config.Config.loadInto(Config.java:274)] Set private boolean data.controlers.CylinderDetectionController.usingCylinderDetection to false[0m
[[34m20:00:49.336 STDOUT (DEBUG) on main pfg.config.Config.loadInto(Config.java:274)] Set private boolean data.controlers.CylinderDetectionController.symetry to false[0m
[[34m20:00:49.337 DATA_HANDLER (DEBUG) on main utils.HLInstance.module(HLInstance.java:297)] Module CylinderDetectionController prêt[0m
[[34m20:00:49.338 DATA_HANDLER (DEBUG) on main utils.HLInstance.module(HLInstance.java:271)] Initialisation du moduleClass AIModule[0m
[[34m20:00:49.341 DATA_HANDLER (DEBUG) on main utils.HLInstance.module(HLInstance.java:285)] Mise à jour de la config du moduleClass AIModule après son initialisation.[0m
[[34m20:00:49.341 STDOUT (DEBUG) on main pfg.config.Config.loadInto(Config.java:274)] Set private int data.Graphe.nodeCircleNbr to 14[0m
[[34m20:00:49.342 STDOUT (DEBUG) on main pfg.config.Config.loadInto(Config.java:274)] Set private double data.Graphe.spaceCircleParameter to 1.2[0m
[[34m20:00:49.342 STDOUT (DEBUG) on main pfg.config.Config.loadInto(Config.java:274)] Set private int data.Graphe.nodeXNbr to 30[0m
[[34m20:00:49.342 STDOUT (DEBUG) on main pfg.config.Config.loadInto(Config.java:274)] Set private int data.Graphe.nodeYNbr to 20[0m
[[34m20:00:49.342 STDOUT (DEBUG) on main pfg.config.Config.loadInto(Config.java:274)] Set private int data.Graphe.partitioningX to 25[0m
[[34m20:00:49.342 STDOUT (DEBUG) on main pfg.config.Config.loadInto(Config.java:274)] Set private int data.Graphe.partitioningY to 25[0m
[[34m20:00:49.342 DATA_HANDLER (DEBUG) on main utils.HLInstance.module(HLInstance.java:297)] Module AIModule prêt[0m
[[34m20:00:49.343 DATA_HANDLER (DEBUG) on main utils.HLInstance.module(HLInstance.java:271)] Initialisation du moduleClass MontlheryController[0m
[[34m20:00:49.343 DATA_HANDLER (DEBUG) on main utils.HLInstance.module(HLInstance.java:285)] Mise à jour de la config du moduleClass MontlheryController après son initialisation.[0m
[[34m20:00:49.344 DATA_HANDLER (DEBUG) on main utils.HLInstance.module(HLInstance.java:297)] Module MontlheryController prêt[0m
[[31m20:00:49.346 COMMUNICATION (CRITICAL) on Thread-5 connection.Connection.send(Connection.java:145)] TEENSY_MASTER WAITING FOR OPENNESS[0m
[[31m20:00:49.847 COMMUNICATION (CRITICAL) on Thread-5 connection.Connection.send(Connection.java:145)] TEENSY_MASTER WAITING FOR OPENNESS[0m
[[34m20:00:50.098 COMMUNICATION (DEBUG) on main main.RobotEntryPoint.entryPoint(RobotEntryPoint.java:61)] Connection established, starting match[0m
[[34m20:00:50.249 COMMUNICATION (DEBUG) on pool-1-thread-1 data.controlers.Listener.asyncInit(Listener.java:257)] Listener opérationnel[0m
[[34m20:00:50.348 ORDERS (DEBUG) on Thread-5 MontlheryController.run(MontlheryController.java:39)] Sent to LL: montlhery[0m
[[34m20:00:50.348 ORDERS (DEBUG) on Thread-5 MontlheryController.run(MontlheryController.java:39)] Sent to LL: maxro 0.39269908169872414[0m
[[34m20:00:50.348 ORDERS (DEBUG) on Thread-5 MontlheryController.run(MontlheryController.java:39)] Sent to LL: maxtr 60[0m
[[34m20:00:50.447 DATA_HANDLER (DEBUG) on DataController data.controlers.DataController.run(DataController.java:172)] Controller opérationnel[0m
[[34m20:00:50.453 ORDERS (DEBUG) on Thread-5 MontlheryController.run(MontlheryController.java:138)] Sent to LL: sstop[0m
[[34m20:00:51.597 ORDERS (DEBUG) on Thread-5 MontlheryController.run(MontlheryController.java:113)] Sent to LL: av[0m
[[34m20:00:51.887 ORDERS (DEBUG) on Thread-5 MontlheryController.run(MontlheryController.java:99)] Sent to LL: maxro 0.5235987755982988[0m
[[34m20:00:51.928 ORDERS (DEBUG) on Thread-5 MontlheryController.run(MontlheryController.java:103)] Sent to LL: trstop[0m
[[34m20:00:51.928 ORDERS (DEBUG) on Thread-5 MontlheryController.run(MontlheryController.java:104)] Sent to LL: td[0m
[[34m20:00:51.944 ORDERS (DEBUG) on Thread-5 MontlheryController.run(MontlheryController.java:106)] Sent to LL: rostop[0m
[[34m20:00:51.944 ORDERS (DEBUG) on Thread-5 MontlheryController.run(MontlheryController.java:107)] Sent to LL: maxro 0.39269908169872414[0m
[[34m20:00:51.944 ORDERS (DEBUG) on Thread-5 MontlheryController.run(MontlheryController.java:99)] Sent to LL: maxro 0.5235987755982988[0m
[[34m20:00:51.944 ORDERS (DEBUG) on Thread-5 MontlheryController.run(MontlheryController.java:101)] Sent to LL: av[0m
[[34m20:00:51.984 ORDERS (DEBUG) on Thread-5 MontlheryController.run(MontlheryController.java:103)] Sent to LL: trstop[0m
[[34m20:00:51.984 ORDERS (DEBUG) on Thread-5 MontlheryController.run(MontlheryController.java:104)] Sent to LL: td[0m
[[34m20:00:52.001 ORDERS (DEBUG) on Thread-5 MontlheryController.run(MontlheryController.java:106)] Sent to LL: rostop[0m
[[34m20:00:52.001 ORDERS (DEBUG) on Thread-5 MontlheryController.run(MontlheryController.java:107)] Sent to LL: maxro 0.39269908169872414[0m
[[34m20:00:52.001 ORDERS (DEBUG) on Thread-5 MontlheryController.run(MontlheryController.java:99)] Sent to LL: maxro 0.5235987755982988[0m
[[34m20:00:52.001 ORDERS (DEBUG) on Thread-5 MontlheryController.run(MontlheryController.java:101)] Sent to LL: av[0m
[[34m20:00:52.041 ORDERS (DEBUG) on Thread-5 MontlheryController.run(MontlheryController.java:103)] Sent to LL: trstop[0m
[[34m20:00:52.041 ORDERS (DEBUG) on Thread-5 MontlheryController.run(MontlheryController.java:104)] Sent to LL: td[0m
[[34m20:00:52.057 ORDERS (DEBUG) on Thread-5 MontlheryController.run(MontlheryController.java:106)] Sent to LL: rostop[0m
[[34m20:00:52.058 ORDERS (DEBUG) on Thread-5 MontlheryController.run(MontlheryController.java:107)] Sent to LL: maxro 0.39269908169872414[0m
[[34m20:00:52.058 ORDERS (DEBUG) on Thread-5 MontlheryController.run(MontlheryController.java:99)] Sent to LL: maxro 0.5235987755982988[0m
[[34m20:00:52.058 ORDERS (DEBUG) on Thread-5 MontlheryController.run(MontlheryController.java:101)] Sent to LL: av[0m
[[34m20:00:52.098 ORDERS (DEBUG) on Thread-5 MontlheryController.run(MontlheryController.java:103)] Sent to LL: trstop[0m
[[34m20:00:52.098 ORDERS (DEBUG) on Thread-5 MontlheryController.run(MontlheryController.java:104)] Sent to LL: td[0m
[[34m20:00:52.114 ORDERS (DEBUG) on Thread-5 MontlheryController.run(MontlheryController.java:106)] Sent to LL: rostop[0m
[[34m20:00:52.114 ORDERS (DEBUG) on Thread-5 MontlheryController.run(MontlheryController.java:107)] Sent to LL: maxro 0.39269908169872414[0m
[[34m20:00:52.114 ORDERS (DEBUG) on Thread-5 MontlheryController.run(MontlheryController.java:99)] Sent to LL: maxro 0.5235987755982988[0m
[[34m20:00:52.114 ORDERS (DEBUG) on Thread-5 MontlheryController.run(MontlheryController.java:101)] Sent to LL: av[0m
[[34m20:00:52.155 ORDERS (DEBUG) on Thread-5 MontlheryController.run(MontlheryController.java:103)] Sent to LL: trstop[0m
[[34m20:00:52.155 ORDERS (DEBUG) on Thread-5 MontlheryController.run(MontlheryController.java:104)] Sent to LL: td[0m
[[34m20:00:52.171 ORDERS (DEBUG) on Thread-5 MontlheryController.run(MontlheryController.java:106)] Sent to LL: rostop[0m
[[34m20:00:52.171 ORDERS (DEBUG) on Thread-5 MontlheryController.run(MontlheryController.java:107)] Sent to LL: maxro 0.39269908169872414[0m
[[34m20:00:52.171 ORDERS (DEBUG) on Thread-5 MontlheryController.run(MontlheryController.java:99)] Sent to LL: maxro 0.5235987755982988[0m
[[34m20:00:52.171 ORDERS (DEBUG) on Thread-5 MontlheryController.run(MontlheryController.java:101)] Sent to LL: av[0m
[[34m20:00:52.212 ORDERS (DEBUG) on Thread-5 MontlheryController.run(MontlheryController.java:103)] Sent to LL: trstop[0m
[[34m20:00:52.212 ORDERS (DEBUG) on Thread-5 MontlheryController.run(MontlheryController.java:104)] Sent to LL: td[0m
[[34m20:00:52.228 ORDERS (DEBUG) on Thread-5 MontlheryController.run(MontlheryController.java:106)] Sent to LL: rostop[0m
[[34m20:00:52.228 ORDERS (DEBUG) on Thread-5 MontlheryController.run(MontlheryController.java:107)] Sent to LL: maxro 0.39269908169872414[0m
[[34m20:00:52.228 ORDERS (DEBUG) on Thread-5 MontlheryController.run(MontlheryController.java:99)] Sent to LL: maxro 0.5235987755982988[0m
[[34m20:00:52.228 ORDERS (DEBUG) on Thread-5 MontlheryController.run(MontlheryController.java:101)] Sent to LL: av[0m
[[34m20:00:52.268 ORDERS (DEBUG) on Thread-5 MontlheryController.run(MontlheryController.java:103)] Sent to LL: trstop[0m
[[34m20:00:52.268 ORDERS (DEBUG) on Thread-5 MontlheryController.run(MontlheryController.java:104)] Sent to LL: td[0m
[[34m20:00:52.285 ORDERS (DEBUG) on Thread-5 MontlheryController.run(MontlheryController.java:106)] Sent to LL: rostop[0m
[[34m20:00:52.285 ORDERS (DEBUG) on Thread-5 MontlheryController.run(MontlheryController.java:107)] Sent to LL: maxro 0.39269908169872414[0m
[[34m20:00:52.285 ORDERS (DEBUG) on Thread-5 MontlheryController.run(MontlheryController.java:99)] Sent to LL: maxro 0.5235987755982988[0m
[[34m20:00:52.285 ORDERS (DEBUG) on Thread-5 MontlheryController.run(MontlheryController.java:101)] Sent to LL: av[0m
[[34m20:00:52.325 ORDERS (DEBUG) on Thread-5 MontlheryController.run(MontlheryController.java:103)] Sent to LL: trstop[0m
[[34m20:00:52.325 ORDERS (DEBUG) on Thread-5 MontlheryController.run(MontlheryController.java:104)] Sent to LL: td[0m
[[34m20:00:52.342 ORDERS (DEBUG) on Thread-5 MontlheryController.run(MontlheryController.java:106)] Sent to LL: rostop[0m
[[34m20:00:52.342 ORDERS (DEBUG) on Thread-5 MontlheryController.run(MontlheryController.java:107)] Sent to LL: maxro 0.39269908169872414[0m
[[34m20:00:52.342 ORDERS (DEBUG) on Thread-5 MontlheryController.run(MontlheryController.java:99)] Sent to LL: maxro 0.5235987755982988[0m
[[34m20:00:52.342 ORDERS (DEBUG) on Thread-5 MontlheryController.run(MontlheryController.java:101)] Sent to LL: av[0m
[[34m20:00:52.382 ORDERS (DEBUG) on Thread-5 MontlheryController.run(MontlheryController.java:103)] Sent to LL: trstop[0m
[[34m20:00:52.382 ORDERS (DEBUG) on Thread-5 MontlheryController.run(MontlheryController.java:104)] Sent to LL: td[0m
[[34m20:00:52.399 ORDERS (DEBUG) on Thread-5 MontlheryController.run(MontlheryController.java:106)] Sent to LL: rostop[0m
[[34m20:00:52.399 ORDERS (DEBUG) on Thread-5 MontlheryController.run(MontlheryController.java:107)] Sent to LL: maxro 0.39269908169872414[0m
[[34m20:00:52.399 ORDERS (DEBUG) on Thread-5 MontlheryController.run(MontlheryController.java:99)] Sent to LL: maxro 0.5235987755982988[0m
[[34m20:00:52.399 ORDERS (DEBUG) on Thread-5 MontlheryController.run(MontlheryController.java:101)] Sent to LL: av[0m
[[34m20:00:52.439 ORDERS (DEBUG) on Thread-5 MontlheryController.run(MontlheryController.java:103)] Sent to LL: trstop[0m
[[34m20:00:52.439 ORDERS (DEBUG) on Thread-5 MontlheryController.run(MontlheryController.java:104)] Sent to LL: td[0m
[[34m20:00:52.456 ORDERS (DEBUG) on Thread-5 MontlheryController.run(MontlheryController.java:106)] Sent to LL: rostop[0m
[[34m20:00:52.456 ORDERS (DEBUG) on Thread-5 MontlheryController.run(MontlheryController.java:107)] Sent to LL: maxro 0.39269908169872414[0m
[[34m20:00:52.456 ORDERS (DEBUG) on Thread-5 MontlheryController.run(MontlheryController.java:113)] Sent to LL: av[0m
[[34m20:00:52.472 ORDERS (DEBUG) on Thread-5 MontlheryController.run(MontlheryController.java:120)] Sent to LL: trstop[0m
[[34m20:00:52.472 ORDERS (DEBUG) on Thread-5 MontlheryController.run(MontlheryController.java:138)] Sent to LL: sstop[0m
[[34m20:00:52.601 ORDERS (DEBUG) on Thread-5 MontlheryController.run(MontlheryController.java:128)] Sent to LL: tg[0m
[[34m20:00:53.116 ORDERS (DEBUG) on Thread-5 MontlheryController.run(MontlheryController.java:133)] Sent to LL: rostop[0m
[[34m20:00:53.117 ORDERS (DEBUG) on Thread-5 MontlheryController.run(MontlheryController.java:138)] Sent to LL: sstop[0m
[[34m20:00:53.198 ORDERS (DEBUG) on Thread-5 MontlheryController.run(MontlheryController.java:113)] Sent to LL: av[0m
[[34m20:00:53.391 ORDERS (DEBUG) on Thread-5 MontlheryController.run(MontlheryController.java:99)] Sent to LL: maxro 0.5235987755982988[0m
[[34m20:00:53.432 ORDERS (DEBUG) on Thread-5 MontlheryController.run(MontlheryController.java:103)] Sent to LL: trstop[0m
[[34m20:00:53.432 ORDERS (DEBUG) on Thread-5 MontlheryController.run(MontlheryController.java:104)] Sent to LL: tg[0m
[[34m20:00:53.448 ORDERS (DEBUG) on Thread-5 MontlheryController.run(MontlheryController.java:106)] Sent to LL: rostop[0m
[[34m20:00:53.448 ORDERS (DEBUG) on Thread-5 MontlheryController.run(MontlheryController.java:107)] Sent to LL: maxro 0.39269908169872414[0m
[[34m20:00:53.448 ORDERS (DEBUG) on Thread-5 MontlheryController.run(MontlheryController.java:99)] Sent to LL: maxro 0.5235987755982988[0m
[[34m20:00:53.448 ORDERS (DEBUG) on Thread-5 MontlheryController.run(MontlheryController.java:101)] Sent to LL: av[0m
[[34m20:00:53.489 ORDERS (DEBUG) on Thread-5 MontlheryController.run(MontlheryController.java:103)] Sent to LL: trstop[0m
[[34m20:00:53.489 ORDERS (DEBUG) on Thread-5 MontlheryController.run(MontlheryController.java:104)] Sent to LL: tg[0m
[[34m20:00:53.505 ORDERS (DEBUG) on Thread-5 MontlheryController.run(MontlheryController.java:106)] Sent to LL: rostop[0m
[[34m20:00:53.505 ORDERS (DEBUG) on Thread-5 MontlheryController.run(MontlheryController.java:107)] Sent to LL: maxro 0.39269908169872414[0m
[[34m20:00:53.505 ORDERS (DEBUG) on Thread-5 MontlheryController.run(MontlheryController.java:99)] Sent to LL: maxro 0.5235987755982988[0m
[[34m20:00:53.505 ORDERS (DEBUG) on Thread-5 MontlheryController.run(MontlheryController.java:101)] Sent to LL: av[0m
[[34m20:00:53.545 ORDERS (DEBUG) on Thread-5 MontlheryController.run(MontlheryController.java:103)] Sent to LL: trstop[0m
[[34m20:00:53.545 ORDERS (DEBUG) on Thread-5 MontlheryController.run(MontlheryController.java:104)] Sent to LL: tg[0m
[[34m20:00:53.562 ORDERS (DEBUG) on Thread-5 MontlheryController.run(MontlheryController.java:106)] Sent to LL: rostop[0m
[[34m20:00:53.562 ORDERS (DEBUG) on Thread-5 MontlheryController.run(MontlheryController.java:107)] Sent to LL: maxro 0.39269908169872414[0m
[[34m20:00:53.562 ORDERS (DEBUG) on Thread-5 MontlheryController.run(MontlheryController.java:99)] Sent to LL: maxro 0.5235987755982988[0m
[[34m20:00:53.562 ORDERS (DEBUG) on Thread-5 MontlheryController.run(MontlheryController.java:101)] Sent to LL: av[0m
[[34m20:00:53.602 ORDERS (DEBUG) on Thread-5 MontlheryController.run(MontlheryController.java:103)] Sent to LL: trstop[0m
[[34m20:00:53.602 ORDERS (DEBUG) on Thread-5 MontlheryController.run(MontlheryController.java:104)] Sent to LL: tg[0m
[[34m20:00:53.618 ORDERS (DEBUG) on Thread-5 MontlheryController.run(MontlheryController.java:106)] Sent to LL: rostop[0m
[[34m20:00:53.618 ORDERS (DEBUG) on Thread-5 MontlheryController.run(MontlheryController.java:107)] Sent to LL: maxro 0.39269908169872414[0m
[[34m20:00:53.618 ORDERS (DEBUG) on Thread-5 MontlheryController.run(MontlheryController.java:99)] Sent to LL: maxro 0.5235987755982988[0m
[[34m20:00:53.618 ORDERS (DEBUG) on Thread-5 MontlheryController.run(MontlheryController.java:101)] Sent to LL: av[0m
[[34m20:00:53.659 ORDERS (DEBUG) on Thread-5 MontlheryController.run(MontlheryController.java:103)] Sent to LL: trstop[0m
[[34m20:00:53.659 ORDERS (DEBUG) on Thread-5 MontlheryController.run(MontlheryController.java:104)] Sent to LL: tg[0m
[[34m20:00:53.675 ORDERS (DEBUG) on Thread-5 MontlheryController.run(MontlheryController.java:106)] Sent to LL: rostop[0m
[[34m20:00:53.675 ORDERS (DEBUG) on Thread-5 MontlheryController.run(MontlheryController.java:107)] Sent to LL: maxro 0.39269908169872414[0m
[[34m20:00:53.675 ORDERS (DEBUG) on Thread-5 MontlheryController.run(MontlheryController.java:99)] Sent to LL: maxro 0.5235987755982988[0m
[[34m20:00:53.675 ORDERS (DEBUG) on Thread-5 MontlheryController.run(MontlheryController.java:101)] Sent to LL: av[0m
[[34m20:00:53.715 ORDERS (DEBUG) on Thread-5 MontlheryController.run(MontlheryController.java:103)] Sent to LL: trstop[0m
[[34m20:00:53.715 ORDERS (DEBUG) on Thread-5 MontlheryController.run(MontlheryController.java:104)] Sent to LL: tg[0m
[[34m20:00:53.731 ORDERS (DEBUG) on Thread-5 MontlheryController.run(MontlheryController.java:106)] Sent to LL: rostop[0m
[[34m20:00:53.732 ORDERS (DEBUG) on Thread-5 MontlheryController.run(MontlheryController.java:107)] Sent to LL: maxro 0.39269908169872414[0m
[[34m20:00:53.732 ORDERS (DEBUG) on Thread-5 MontlheryController.run(MontlheryController.java:99)] Sent to LL: maxro 0.5235987755982988[0m
[[34m20:00:53.732 ORDERS (DEBUG) on Thread-5 MontlheryController.run(MontlheryController.java:101)] Sent to LL: av[0m
[[34m20:00:53.772 ORDERS (DEBUG) on Thread-5 MontlheryController.run(MontlheryController.java:103)] Sent to LL: trstop[0m
[[34m20:00:53.772 ORDERS (DEBUG) on Thread-5 MontlheryController.run(MontlheryController.java:104)] Sent to LL: tg[0m
[[34m20:00:53.788 ORDERS (DEBUG) on Thread-5 MontlheryController.run(MontlheryController.java:106)] Sent to LL: rostop[0m
[[34m20:00:53.789 ORDERS (DEBUG) on Thread-5 MontlheryController.run(MontlheryController.java:107)] Sent to LL: maxro 0.39269908169872414[0m
[[34m20:00:53.789 ORDERS (DEBUG) on Thread-5 MontlheryController.run(MontlheryController.java:99)] Sent to LL: maxro 0.5235987755982988[0m
[[34m20:00:53.789 ORDERS (DEBUG) on Thread-5 MontlheryController.run(MontlheryController.java:101)] Sent to LL: av[0m
[[34m20:00:53.829 ORDERS (DEBUG) on Thread-5 MontlheryController.run(MontlheryController.java:103)] Sent to LL: trstop[0m
[[34m20:00:53.829 ORDERS (DEBUG) on Thread-5 MontlheryController.run(MontlheryController.java:104)] Sent to LL: tg[0m
[[34m20:00:53.845 ORDERS (DEBUG) on Thread-5 MontlheryController.run(MontlheryController.java:106)] Sent to LL: rostop[0m
[[34m20:00:53.845 ORDERS (DEBUG) on Thread-5 MontlheryController.run(MontlheryController.java:107)] Sent to LL: maxro 0.39269908169872414[0m
[[34m20:00:53.845 ORDERS (DEBUG) on Thread-5 MontlheryController.run(MontlheryController.java:99)] Sent to LL: maxro 0.5235987755982988[0m
[[34m20:00:53.845 ORDERS (DEBUG) on Thread-5 MontlheryController.run(MontlheryController.java:101)] Sent to LL: av[0m
[[34m20:00:53.886 ORDERS (DEBUG) on Thread-5 MontlheryController.run(MontlheryController.java:103)] Sent to LL: trstop[0m
[[34m20:00:53.886 ORDERS (DEBUG) on Thread-5 MontlheryController.run(MontlheryController.java:104)] Sent to LL: tg[0m
[[34m20:00:53.902 ORDERS (DEBUG) on Thread-5 MontlheryController.run(MontlheryController.java:106)] Sent to LL: rostop[0m
[[34m20:00:53.902 ORDERS (DEBUG) on Thread-5 MontlheryController.run(MontlheryController.java:107)] Sent to LL: maxro 0.39269908169872414[0m
[[34m20:00:53.902 ORDERS (DEBUG) on Thread-5 MontlheryController.run(MontlheryController.java:113)] Sent to LL: av[0m
[[34m20:00:54.031 ORDERS (DEBUG) on Thread-5 MontlheryController.run(MontlheryController.java:120)] Sent to LL: trstop[0m
[[34m20:00:54.031 ORDERS (DEBUG) on Thread-5 MontlheryController.run(MontlheryController.java:138)] Sent to LL: sstop[0m
[[34m20:00:54.064 ORDERS (DEBUG) on Thread-5 MontlheryController.run(MontlheryController.java:126)] Sent to LL: td[0m
[[34m20:00:54.467 ORDERS (DEBUG) on Thread-5 MontlheryController.run(MontlheryController.java:133)] Sent to LL: rostop[0m
[[34m20:00:54.467 ORDERS (DEBUG) on Thread-5 MontlheryController.run(MontlheryController.java:138)] Sent to LL: sstop[0m
[[34m20:00:54.515 ORDERS (DEBUG) on Thread-5 MontlheryController.run(MontlheryController.java:113)] Sent to LL: av[0m
[[34m20:00:54.692 ORDERS (DEBUG) on Thread-5 MontlheryController.run(MontlheryController.java:99)] Sent to LL: maxro 0.5235987755982988[0m
[[34m20:00:54.733 ORDERS (DEBUG) on Thread-5 MontlheryController.run(MontlheryController.java:103)] Sent to LL: trstop[0m
[[34m20:00:54.733 ORDERS (DEBUG) on Thread-5 MontlheryController.run(MontlheryController.java:104)] Sent to LL: td[0m
[[34m20:00:54.749 ORDERS (DEBUG) on Thread-5 MontlheryController.run(MontlheryController.java:106)] Sent to LL: rostop[0m
[[34m20:00:54.749 ORDERS (DEBUG) on Thread-5 MontlheryController.run(MontlheryController.java:107)] Sent to LL: maxro 0.39269908169872414[0m
[[34m20:00:54.749 ORDERS (DEBUG) on Thread-5 MontlheryController.run(MontlheryController.java:99)] Sent to LL: maxro 0.5235987755982988[0m
[[34m20:00:54.749 ORDERS (DEBUG) on Thread-5 MontlheryController.run(MontlheryController.java:101)] Sent to LL: av[0m
[[34m20:00:54.789 ORDERS (DEBUG) on Thread-5 MontlheryController.run(MontlheryController.java:103)] Sent to LL: trstop[0m
[[34m20:00:54.790 ORDERS (DEBUG) on Thread-5 MontlheryController.run(MontlheryController.java:104)] Sent to LL: td[0m
[[34m20:00:54.806 ORDERS (DEBUG) on Thread-5 MontlheryController.run(MontlheryController.java:106)] Sent to LL: rostop[0m
[[34m20:00:54.806 ORDERS (DEBUG) on Thread-5 MontlheryController.run(MontlheryController.java:107)] Sent to LL: maxro 0.39269908169872414[0m
[[34m20:00:54.806 ORDERS (DEBUG) on Thread-5 MontlheryController.run(MontlheryController.java:99)] Sent to LL: maxro 0.5235987755982988[0m
[[34m20:00:54.806 ORDERS (DEBUG) on Thread-5 MontlheryController.run(MontlheryController.java:101)] Sent to LL: av[0m
[[34m20:00:54.846 ORDERS (DEBUG) on Thread-5 MontlheryController.run(MontlheryController.java:103)] Sent to LL: trstop[0m
[[34m20:00:54.846 ORDERS (DEBUG) on Thread-5 MontlheryController.run(MontlheryController.java:104)] Sent to LL: td[0m
[[34m20:00:54.862 ORDERS (DEBUG) on Thread-5 MontlheryController.run(MontlheryController.java:106)] Sent to LL: rostop[0m
[[34m20:00:54.862 ORDERS (DEBUG) on Thread-5 MontlheryController.run(MontlheryController.java:107)] Sent to LL: maxro 0.39269908169872414[0m
[[34m20:00:54.863 ORDERS (DEBUG) on Thread-5 MontlheryController.run(MontlheryController.java:99)] Sent to LL: maxro 0.5235987755982988[0m
[[34m20:00:54.863 ORDERS (DEBUG) on Thread-5 MontlheryController.run(MontlheryController.java:101)] Sent to LL: av[0m
[[34m20:00:54.903 ORDERS (DEBUG) on Thread-5 MontlheryController.run(MontlheryController.java:103)] Sent to LL: trstop[0m
[[34m20:00:54.903 ORDERS (DEBUG) on Thread-5 MontlheryController.run(MontlheryController.java:104)] Sent to LL: td[0m
[[34m20:00:54.919 ORDERS (DEBUG) on Thread-5 MontlheryController.run(MontlheryController.java:106)] Sent to LL: rostop[0m
[[34m20:00:54.919 ORDERS (DEBUG) on Thread-5 MontlheryController.run(MontlheryController.java:107)] Sent to LL: maxro 0.39269908169872414[0m
[[34m20:00:54.919 ORDERS (DEBUG) on Thread-5 MontlheryController.run(MontlheryController.java:99)] Sent to LL: maxro 0.5235987755982988[0m
[[34m20:00:54.919 ORDERS (DEBUG) on Thread-5 MontlheryController.run(MontlheryController.java:101)] Sent to LL: av[0m
[[34m20:00:54.959 ORDERS (DEBUG) on Thread-5 MontlheryController.run(MontlheryController.java:103)] Sent to LL: trstop[0m
[[34m20:00:54.959 ORDERS (DEBUG) on Thread-5 MontlheryController.run(MontlheryController.java:104)] Sent to LL: td[0m
[[34m20:00:54.976 ORDERS (DEBUG) on Thread-5 MontlheryController.run(MontlheryController.java:106)] Sent to LL: rostop[0m
[[34m20:00:54.976 ORDERS (DEBUG) on Thread-5 MontlheryController.run(MontlheryController.java:107)] Sent to LL: maxro 0.39269908169872414[0m
[[34m20:00:54.976 ORDERS (DEBUG) on Thread-5 MontlheryController.run(MontlheryController.java:99)] Sent to LL: maxro 0.5235987755982988[0m
[[34m20:00:54.976 ORDERS (DEBUG) on Thread-5 MontlheryController.run(MontlheryController.java:101)] Sent to LL: av[0m
[[34m20:00:55.016 ORDERS (DEBUG) on Thread-5 MontlheryController.run(MontlheryController.java:103)] Sent to LL: trstop[0m
[[34m20:00:55.016 ORDERS (DEBUG) on Thread-5 MontlheryController.run(MontlheryController.java:104)] Sent to LL: td[0m
[[34m20:00:55.032 ORDERS (DEBUG) on Thread-5 MontlheryController.run(MontlheryController.java:106)] Sent to LL: rostop[0m
[[34m20:00:55.032 ORDERS (DEBUG) on Thread-5 MontlheryController.run(MontlheryController.java:107)] Sent to LL: maxro 0.39269908169872414[0m
[[34m20:00:55.032 ORDERS (DEBUG) on Thread-5 MontlheryController.run(MontlheryController.java:99)] Sent to LL: maxro 0.5235987755982988[0m
[[34m20:00:55.032 ORDERS (DEBUG) on Thread-5 MontlheryController.run(MontlheryController.java:101)] Sent to LL: av[0m
[[34m20:00:55.073 ORDERS (DEBUG) on Thread-5 MontlheryController.run(MontlheryController.java:103)] Sent to LL: trstop[0m
[[34m20:00:55.073 ORDERS (DEBUG) on Thread-5 MontlheryController.run(MontlheryController.java:104)] Sent to LL: td[0m
[[34m20:00:55.089 ORDERS (DEBUG) on Thread-5 MontlheryController.run(MontlheryController.java:106)] Sent to LL: rostop[0m
[[34m20:00:55.089 ORDERS (DEBUG) on Thread-5 MontlheryController.run(MontlheryController.java:107)] Sent to LL: maxro 0.39269908169872414[0m
[[34m20:00:55.089 ORDERS (DEBUG) on Thread-5 MontlheryController.run(MontlheryController.java:99)] Sent to LL: maxro 0.5235987755982988[0m
[[34m20:00:55.089 ORDERS (DEBUG) on Thread-5 MontlheryController.run(MontlheryController.java:101)] Sent to LL: av[0m
[[34m20:00:55.130 ORDERS (DEBUG) on Thread-5 MontlheryController.run(MontlheryController.java:103)] Sent to LL: trstop[0m
[[34m20:00:55.130 ORDERS (DEBUG) on Thread-5 MontlheryController.run(MontlheryController.java:104)] Sent to LL: td[0m
[[34m20:00:55.146 ORDERS (DEBUG) on Thread-5 MontlheryController.run(MontlheryController.java:106)] Sent to LL: rostop[0m
[[34m20:00:55.146 ORDERS (DEBUG) on Thread-5 MontlheryController.run(MontlheryController.java:107)] Sent to LL: maxro 0.39269908169872414[0m
[[34m20:00:55.146 ORDERS (DEBUG) on Thread-5 MontlheryController.run(MontlheryController.java:99)] Sent to LL: maxro 0.5235987755982988[0m
[[34m20:00:55.146 ORDERS (DEBUG) on Thread-5 MontlheryController.run(MontlheryController.java:101)] Sent to LL: av[0m
[[34m20:00:55.186 ORDERS (DEBUG) on Thread-5 MontlheryController.run(MontlheryController.java:103)] Sent to LL: trstop[0m
[[34m20:00:55.186 ORDERS (DEBUG) on Thread-5 MontlheryController.run(MontlheryController.java:104)] Sent to LL: td[0m
[[34m20:00:55.203 ORDERS (DEBUG) on Thread-5 MontlheryController.run(MontlheryController.java:106)] Sent to LL: rostop[0m
[[34m20:00:55.203 ORDERS (DEBUG) on Thread-5 MontlheryController.run(MontlheryController.java:107)] Sent to LL: maxro 0.39269908169872414[0m
[[34m20:00:55.203 ORDERS (DEBUG) on Thread-5 MontlheryController.run(MontlheryController.java:99)] Sent to LL: maxro 0.5235987755982988[0m
[[34m20:00:55.203 ORDERS (DEBUG) on Thread-5 MontlheryController.run(MontlheryController.java:101)] Sent to LL: av[0m
[[34m20:00:55.243 ORDERS (DEBUG) on Thread-5 MontlheryController.run(MontlheryController.java:103)] Sent to LL: trstop[0m
[[34m20:00:55.243 ORDERS (DEBUG) on Thread-5 MontlheryController.run(MontlheryController.java:104)] Sent to LL: td[0m
[[34m20:00:55.259 ORDERS (DEBUG) on Thread-5 MontlheryController.run(MontlheryController.java:106)] Sent to LL: rostop[0m
[[34m20:00:55.260 ORDERS (DEBUG) on Thread-5 MontlheryController.run(MontlheryController.java:107)] Sent to LL: maxro 0.39269908169872414[0m
[[34m20:00:55.260 ORDERS (DEBUG) on Thread-5 MontlheryController.run(MontlheryController.java:99)] Sent to LL: maxro 0.5235987755982988[0m
[[34m20:00:55.260 ORDERS (DEBUG) on Thread-5 MontlheryController.run(MontlheryController.java:101)] Sent to LL: av[0m
[[34m20:00:55.300 ORDERS (DEBUG) on Thread-5 MontlheryController.run(MontlheryController.java:103)] Sent to LL: trstop[0m
[[34m20:00:55.300 ORDERS (DEBUG) on Thread-5 MontlheryController.run(MontlheryController.java:104)] Sent to LL: td[0m
[[34m20:00:55.316 ORDERS (DEBUG) on Thread-5 MontlheryController.run(MontlheryController.java:106)] Sent to LL: rostop[0m
[[34m20:00:55.317 ORDERS (DEBUG) on Thread-5 MontlheryController.run(MontlheryController.java:107)] Sent to LL: maxro 0.39269908169872414[0m
[[34m20:00:55.317 ORDERS (DEBUG) on Thread-5 MontlheryController.run(MontlheryController.java:99)] Sent to LL: maxro 0.5235987755982988[0m
[[34m20:00:55.317 ORDERS (DEBUG) on Thread-5 MontlheryController.run(MontlheryController.java:101)] Sent to LL: av[0m
[[34m20:00:55.357 ORDERS (DEBUG) on Thread-5 MontlheryController.run(MontlheryController.java:103)] Sent to LL: trstop[0m
[[34m20:00:55.357 ORDERS (DEBUG) on Thread-5 MontlheryController.run(MontlheryController.java:104)] Sent to LL: td[0m
[[34m20:00:55.373 ORDERS (DEBUG) on Thread-5 MontlheryController.run(MontlheryController.java:106)] Sent to LL: rostop[0m
[[34m20:00:55.373 ORDERS (DEBUG) on Thread-5 MontlheryController.run(MontlheryController.java:107)] Sent to LL: maxro 0.39269908169872414[0m
[[34m20:00:55.373 ORDERS (DEBUG) on Thread-5 MontlheryController.run(MontlheryController.java:99)] Sent to LL: maxro 0.5235987755982988[0m
[[34m20:00:55.373 ORDERS (DEBUG) on Thread-5 MontlheryController.run(MontlheryController.java:101)] Sent to LL: av[0m
[[34m20:00:55.414 ORDERS (DEBUG) on Thread-5 MontlheryController.run(MontlheryController.java:103)] Sent to LL: trstop[0m
[[34m20:00:55.414 ORDERS (DEBUG) on Thread-5 MontlheryController.run(MontlheryController.java:104)] Sent to LL: td[0m
[[34m20:00:55.430 ORDERS (DEBUG) on Thread-5 MontlheryController.run(MontlheryController.java:106)] Sent to LL: rostop[0m
[[34m20:00:55.430 ORDERS (DEBUG) on Thread-5 MontlheryController.run(MontlheryController.java:107)] Sent to LL: maxro 0.39269908169872414[0m
[[34m20:00:55.430 ORDERS (DEBUG) on Thread-5 MontlheryController.run(MontlheryController.java:120)] Sent to LL: trstop[0m
[[34m20:00:55.430 ORDERS (DEBUG) on Thread-5 MontlheryController.run(MontlheryController.java:126)] Sent to LL: td[0m
[[34m20:00:55.446 ORDERS (DEBUG) on Thread-5 MontlheryController.run(MontlheryController.java:133)] Sent to LL: rostop[0m
[[34m20:00:55.446 ORDERS (DEBUG) on Thread-5 MontlheryController.run(MontlheryController.java:138)] Sent to LL: sstop[0m
[[34m20:00:55.688 ORDERS (DEBUG) on Thread-5 MontlheryController.run(MontlheryController.java:128)] Sent to LL: tg[0m
[[34m20:00:55.978 ORDERS (DEBUG) on Thread-5 MontlheryController.run(MontlheryController.java:133)] Sent to LL: rostop[0m
[[34m20:00:55.978 ORDERS (DEBUG) on Thread-5 MontlheryController.run(MontlheryController.java:138)] Sent to LL: sstop[0m
[[34m20:00:56.091 ORDERS (DEBUG) on Thread-5 MontlheryController.run(MontlheryController.java:115)] Sent to LL: rc[0m
[[34m20:00:57.396 ORDERS (DEBUG) on Thread-5 MontlheryController.run(MontlheryController.java:120)] Sent to LL: trstop[0m
[[34m20:00:57.396 ORDERS (DEBUG) on Thread-5 MontlheryController.run(MontlheryController.java:138)] Sent to LL: sstop[0m
[[34m20:00:57.444 ORDERS (DEBUG) on Thread-5 MontlheryController.run(MontlheryController.java:128)] Sent to LL: tg[0m
[[34m20:00:57.605 ORDERS (DEBUG) on Thread-5 MontlheryController.run(MontlheryController.java:133)] Sent to LL: rostop[0m
[[34m20:00:57.606 ORDERS (DEBUG) on Thread-5 MontlheryController.run(MontlheryController.java:138)] Sent to LL: sstop[0m
[[34m20:00:57.850 ORDERS (DEBUG) on Thread-5 MontlheryController.run(MontlheryController.java:115)] Sent to LL: rc[0m
[[34m20:00:58.688 ORDERS (DEBUG) on Thread-5 MontlheryController.run(MontlheryController.java:120)] Sent to LL: trstop[0m
[[34m20:00:58.688 ORDERS (DEBUG) on Thread-5 MontlheryController.run(MontlheryController.java:138)] Sent to LL: sstop[0m
