[[34m15:35:36.019 STDOUT (DEBUG) on main utils.HLInstance.<init>(HLInstance.java:104)] Version : d1a5ef2 on master - [gitignore .idea, .gradle][0m
[[34m15:35:36.024 STDOUT (DEBUG) on main utils.HLInstance.<init>(HLInstance.java:112)] System : Linux 5.8.0-50-generic amd64[0m
[[34m15:35:36.037 STDOUT (DEBUG) on main utils.HLInstance.<init>(HLInstance.java:114)] Java : Oracle Corporation 16, max memory : 3.87G, available processors : 12[0m
[[34m15:35:36.038 STDOUT (DEBUG) on main utils.HLInstance.<init>(HLInstance.java:117)] [0m
[[34m15:35:36.038 STDOUT (DEBUG) on main utils.HLInstance.<init>(HLInstance.java:119)]    Remember, with great power comes great current squared times resistance !
[0m
[[34m15:35:36.039 STDOUT (DEBUG) on main utils.HLInstance.<init>(HLInstance.java:122)] Chargement de la config...[0m
[[34m15:35:36.076 STDOUT (DEBUG) on main pfg.config.Config.readConfigFile(Config.java:166)] Loading config file : /home/brunlois/IdeaProjects/TechTheTiller-HighLevel/bin/../config/config.txt[0m
[[31m15:35:36.105 STDERR (CRITICAL) on main] Unknown key : RECALAGE_MECA_BLUE_ACC, also tried recalageMecaBlueAcc[0m
[[31m15:35:36.107 STDERR (CRITICAL) on main] Unknown key : MILIEU_ECUEIL_PRIVE_XBLEU, also tried milieuEcueilPriveXbleu[0m
[[34m15:35:36.108 STDOUT (DEBUG) on main pfg.config.Config.printChangedValues(Config.java:465)] Configuration diff :[0m
[[34m15:35:36.109 STDOUT (DEBUG) on main pfg.config.Config.printChangedValues(Config.java:469)]   master = false (default : true)[0m
[[34m15:35:36.109 STDOUT (DEBUG) on main pfg.config.Config.printChangedValues(Config.java:469)]   visualisation = false (default : true)[0m
[[34m15:35:36.110 STDOUT (DEBUG) on main pfg.config.Config.printChangedValues(Config.java:469)]   usingBaliseImage = false (default : true)[0m
[[34m15:35:36.110 STDOUT (DEBUG) on main pfg.config.Config.printChangedValues(Config.java:469)]   usingPanel = false (default : true)[0m
[[34m15:35:36.111 STDOUT (DEBUG) on main pfg.config.Config.printChangedValues(Config.java:469)]   connectToBuddy = false (default : true)[0m
[[34m15:35:36.111 STDOUT (DEBUG) on main pfg.config.Config.printChangedValues(Config.java:469)]   ledCount = 1 (default : 16)[0m
[[34m15:35:36.112 STDOUT (DEBUG) on main pfg.config.Config.printChangedValues(Config.java:469)]   using7Segments = false (default : true)[0m
[[34m15:35:36.112 STDOUT (DEBUG) on main pfg.config.Config.printChangedValues(Config.java:469)]   robotRay = 142 (default : 190)[0m
[[34m15:35:36.113 STDOUT (DEBUG) on main pfg.config.Config.printChangedValues(Config.java:469)]   buddyRay = 190 (default : 150)[0m
[[34m15:35:36.113 STDOUT (DEBUG) on main pfg.config.Config.printChangedValues(Config.java:469)]   ennemyRay = 150 (default : 220)[0m
[[34m15:35:36.114 STDOUT (DEBUG) on main pfg.config.Config.printChangedValues(Config.java:469)]   vectorComparisonThreshold = 15 (default : 5)[0m
[[34m15:35:36.115 STDOUT (DEBUG) on main pfg.config.Config.printChangedValues(Config.java:469)]   nbrNoeudsX = 30 (default : 45)[0m
[[34m15:35:36.115 STDOUT (DEBUG) on main pfg.config.Config.printChangedValues(Config.java:469)]   nbrNoeudsY = 20 (default : 30)[0m
[[34m15:35:36.116 STDOUT (DEBUG) on main pfg.config.Config.printChangedValues(Config.java:469)]   nbrNoeudsCircle = 14 (default : 12)[0m
[[34m15:35:36.133 DATA_HANDLER (DEBUG) on main utils.HLInstance.module(HLInstance.java:271)] Initialisation du moduleClass Table[0m
[[34m15:35:36.134 DATA_HANDLER (DEBUG) on main utils.HLInstance.module(HLInstance.java:285)] Mise à jour de la config du moduleClass Table après son initialisation.[0m
[[34m15:35:36.151 STDOUT (DEBUG) on main pfg.config.Config.loadInto(Config.java:274)] Set private boolean data.Table.symetry to false[0m
[[34m15:35:36.151 STDOUT (DEBUG) on main pfg.config.Config.loadInto(Config.java:274)] Set private int data.Table.length to 3000[0m
[[34m15:35:36.152 STDOUT (DEBUG) on main pfg.config.Config.loadInto(Config.java:274)] Set private int data.Table.height to 2000[0m
[[34m15:35:36.153 STDOUT (DEBUG) on main pfg.config.Config.loadInto(Config.java:274)] Set private int data.Table.robotRay to 142[0m
[[34m15:35:36.153 STDOUT (DEBUG) on main pfg.config.Config.loadInto(Config.java:274)] Set private int data.Table.buddyRay to 190[0m
[[34m15:35:36.154 STDOUT (DEBUG) on main pfg.config.Config.loadInto(Config.java:274)] Set private int data.Table.ennemyRay to 150[0m
[[34m15:35:36.155 STDOUT (DEBUG) on main pfg.config.Config.loadInto(Config.java:274)] Set private int data.Table.compareThreshold to 15[0m
[[34m15:35:36.155 STDOUT (DEBUG) on main pfg.config.Config.loadInto(Config.java:274)] Set private boolean data.Table.openTheGate to false[0m
[[34m15:35:36.156 DATA_HANDLER (DEBUG) on main utils.HLInstance.module(HLInstance.java:297)] Module Table prêt[0m
[[34m15:35:36.157 DATA_HANDLER (DEBUG) on main utils.HLInstance.module(HLInstance.java:271)] Initialisation du moduleClass Graphe[0m
[[34m15:35:36.159 DATA_HANDLER (DEBUG) on main utils.HLInstance.module(HLInstance.java:285)] Mise à jour de la config du moduleClass Graphe après son initialisation.[0m
[[34m15:35:36.160 STDOUT (DEBUG) on main pfg.config.Config.loadInto(Config.java:274)] Set private int data.Graphe.nodeCircleNbr to 14[0m
[[34m15:35:36.161 STDOUT (DEBUG) on main pfg.config.Config.loadInto(Config.java:274)] Set private double data.Graphe.spaceCircleParameter to 1.2[0m
[[34m15:35:36.161 STDOUT (DEBUG) on main pfg.config.Config.loadInto(Config.java:274)] Set private int data.Graphe.nodeXNbr to 30[0m
[[34m15:35:36.162 STDOUT (DEBUG) on main pfg.config.Config.loadInto(Config.java:274)] Set private int data.Graphe.nodeYNbr to 20[0m
[[34m15:35:36.162 STDOUT (DEBUG) on main pfg.config.Config.loadInto(Config.java:274)] Set private int data.Graphe.partitioningX to 25[0m
[[34m15:35:36.163 STDOUT (DEBUG) on main pfg.config.Config.loadInto(Config.java:274)] Set private int data.Graphe.partitioningY to 25[0m
[[34m15:35:36.736 DATA_HANDLER (DEBUG) on main utils.HLInstance.module(HLInstance.java:297)] Module Graphe prêt[0m
[[34m15:35:36.737 DATA_HANDLER (DEBUG) on main utils.HLInstance.module(HLInstance.java:271)] Initialisation du moduleClass Pathfinder[0m
[[34m15:35:36.738 DATA_HANDLER (DEBUG) on main utils.HLInstance.module(HLInstance.java:285)] Mise à jour de la config du moduleClass Pathfinder après son initialisation.[0m
[[34m15:35:36.739 DATA_HANDLER (DEBUG) on main utils.HLInstance.module(HLInstance.java:297)] Module Pathfinder prêt[0m
[[34m15:35:36.741 DATA_HANDLER (DEBUG) on main utils.HLInstance.module(HLInstance.java:271)] Initialisation du moduleClass OrderWrapper[0m
[[34m15:35:36.741 DATA_HANDLER (DEBUG) on main utils.HLInstance.module(HLInstance.java:285)] Mise à jour de la config du moduleClass OrderWrapper après son initialisation.[0m
[[34m15:35:36.742 STDOUT (DEBUG) on main pfg.config.Config.loadInto(Config.java:274)] Set private boolean orders.OrderWrapper.symetry to false[0m
[[34m15:35:36.746 STDOUT (DEBUG) on main pfg.config.Config.loadInto(Config.java:274)] Set private boolean orders.OrderWrapper.simulation to true[0m
[[34m15:35:36.746 STDOUT (DEBUG) on main pfg.config.Config.loadInto(Config.java:274)] Set private boolean orders.OrderWrapper.usingBaliseImage to false[0m
[[34m15:35:36.749 DATA_HANDLER (DEBUG) on main utils.HLInstance.module(HLInstance.java:297)] Module OrderWrapper prêt[0m
[[34m15:35:36.749 DATA_HANDLER (DEBUG) on main utils.HLInstance.module(HLInstance.java:271)] Initialisation du moduleClass PathFollower[0m
[[34m15:35:36.750 DATA_HANDLER (DEBUG) on main utils.HLInstance.module(HLInstance.java:285)] Mise à jour de la config du moduleClass PathFollower après son initialisation.[0m
[[34m15:35:36.751 STDOUT (DEBUG) on main pfg.config.Config.loadInto(Config.java:274)] Set private long locomotion.PathFollower.locomotionLoopDelay to 20[0m
[[34m15:35:36.751 STDOUT (DEBUG) on main pfg.config.Config.loadInto(Config.java:274)] Set private int locomotion.PathFollower.locomotionDistanceCheck to 200[0m
[[34m15:35:36.752 STDOUT (DEBUG) on main pfg.config.Config.loadInto(Config.java:274)] Set private int locomotion.PathFollower.locomotionRadiusCheck to 200[0m
[[34m15:35:36.752 STDOUT (DEBUG) on main pfg.config.Config.loadInto(Config.java:274)] Set private long locomotion.PathFollower.locomotionObstructedTimeout to 2000[0m
[[34m15:35:36.752 STDOUT (DEBUG) on main pfg.config.Config.loadInto(Config.java:274)] Set private boolean locomotion.PathFollower.simulation to true[0m
[[34m15:35:36.755 DATA_HANDLER (DEBUG) on main utils.HLInstance.module(HLInstance.java:297)] Module PathFollower prêt[0m
[[34m15:35:36.755 DATA_HANDLER (DEBUG) on main utils.HLInstance.module(HLInstance.java:271)] Initialisation du moduleClass Locomotion[0m
[[34m15:35:36.756 DATA_HANDLER (DEBUG) on main utils.HLInstance.module(HLInstance.java:285)] Mise à jour de la config du moduleClass Locomotion après son initialisation.[0m
[[34m15:35:36.757 STDOUT (DEBUG) on main pfg.config.Config.loadInto(Config.java:274)] Set private int locomotion.Locomotion.vectorComparisonThreshold to 15[0m
[[34m15:35:36.757 STDOUT (DEBUG) on main pfg.config.Config.loadInto(Config.java:274)] Set private long locomotion.Locomotion.locomotionObstructedTimeout to 2000[0m
[[34m15:35:36.757 DATA_HANDLER (DEBUG) on main utils.HLInstance.module(HLInstance.java:297)] Module Locomotion prêt[0m
[[34m15:35:36.758 DATA_HANDLER (DEBUG) on main utils.HLInstance.module(HLInstance.java:271)] Initialisation du moduleClass HookFactory[0m
[[34m15:35:36.758 DATA_HANDLER (DEBUG) on main utils.HLInstance.module(HLInstance.java:285)] Mise à jour de la config du moduleClass HookFactory après son initialisation.[0m
[[34m15:35:36.758 DATA_HANDLER (DEBUG) on main utils.HLInstance.module(HLInstance.java:297)] Module HookFactory prêt[0m
[[34m15:35:36.759 DATA_HANDLER (DEBUG) on main utils.HLInstance.module(HLInstance.java:271)] Initialisation du moduleClass ConnectionManager[0m
[[34m15:35:36.759 DATA_HANDLER (DEBUG) on main utils.HLInstance.module(HLInstance.java:285)] Mise à jour de la config du moduleClass ConnectionManager après son initialisation.[0m
[[34m15:35:36.759 DATA_HANDLER (DEBUG) on main utils.HLInstance.module(HLInstance.java:297)] Module ConnectionManager prêt[0m
[[34m15:35:36.759 DATA_HANDLER (DEBUG) on main utils.HLInstance.module(HLInstance.java:271)] Initialisation du moduleClass SimulatorDebug[0m
[[34m15:35:36.760 DATA_HANDLER (DEBUG) on main utils.HLInstance.module(HLInstance.java:285)] Mise à jour de la config du moduleClass SimulatorDebug après son initialisation.[0m
[[34m15:35:36.760 STDOUT (DEBUG) on main pfg.config.Config.loadInto(Config.java:274)] Set private boolean utils.communication.SimulatorDebug.active to true[0m
[[34m15:35:36.760 DATA_HANDLER (DEBUG) on main utils.HLInstance.module(HLInstance.java:297)] Module SimulatorDebug prêt[0m
[[34m15:35:36.760 DATA_HANDLER (DEBUG) on main utils.HLInstance.module(HLInstance.java:271)] Initialisation du moduleClass PanneauModule[0m
[[34m15:35:36.761 DATA_HANDLER (DEBUG) on main utils.HLInstance.module(HLInstance.java:285)] Mise à jour de la config du moduleClass PanneauModule après son initialisation.[0m
[[34m15:35:36.762 STDOUT (DEBUG) on main pfg.config.Config.loadInto(Config.java:274)] Set private long data.controlers.PanneauModule.scoreUpdatePeriod to 100[0m
[[34m15:35:36.763 STDOUT (DEBUG) on main pfg.config.Config.loadInto(Config.java:274)] Set private java.lang.String data.controlers.PanneauModule.couleur to jaune[0m
[[34m15:35:36.763 STDOUT (DEBUG) on main pfg.config.Config.loadInto(Config.java:274)] Set private int data.controlers.PanneauModule.ledProgramPort to 19500[0m
[[34m15:35:36.763 STDOUT (DEBUG) on main pfg.config.Config.loadInto(Config.java:274)] Set private int data.controlers.PanneauModule.ledCount to 1[0m
[[34m15:35:36.764 STDOUT (DEBUG) on main pfg.config.Config.loadInto(Config.java:274)] Set private boolean data.controlers.PanneauModule.using7Segments to false[0m
[[34m15:35:36.764 DATA_HANDLER (DEBUG) on main utils.HLInstance.module(HLInstance.java:297)] Module PanneauModule prêt[0m
[[34m15:35:36.764 DATA_HANDLER (DEBUG) on main utils.HLInstance.module(HLInstance.java:271)] Initialisation du moduleClass Slave[0m
[[34m15:35:36.768 DATA_HANDLER (DEBUG) on main utils.HLInstance.module(HLInstance.java:271)] Initialisation du moduleClass SynchronizationWithBuddy[0m
[[34m15:35:36.769 DATA_HANDLER (DEBUG) on main utils.HLInstance.module(HLInstance.java:285)] Mise à jour de la config du moduleClass SynchronizationWithBuddy après son initialisation.[0m
[[34m15:35:36.769 STDOUT (DEBUG) on main pfg.config.Config.loadInto(Config.java:274)] Set protected boolean data.synchronization.SynchronizationCommon.symetry to false[0m
[[34m15:35:36.769 STDOUT (DEBUG) on main pfg.config.Config.loadInto(Config.java:274)] Set protected boolean data.synchronization.SynchronizationCommon.simulation to true[0m
[[34m15:35:36.770 STDOUT (DEBUG) on main pfg.config.Config.loadInto(Config.java:274)] Set protected boolean data.synchronization.SynchronizationCommon.master to false[0m
[[34m15:35:36.770 DATA_HANDLER (DEBUG) on main utils.HLInstance.module(HLInstance.java:297)] Module SynchronizationWithBuddy prêt[0m
[[34m15:35:36.770 DATA_HANDLER (DEBUG) on main utils.HLInstance.module(HLInstance.java:271)] Initialisation du moduleClass Listener[0m
[[34m15:35:36.771 DATA_HANDLER (DEBUG) on main utils.HLInstance.module(HLInstance.java:285)] Mise à jour de la config du moduleClass Listener après son initialisation.[0m
[[34m15:35:36.771 STDOUT (DEBUG) on main pfg.config.Config.loadInto(Config.java:274)] Set private boolean data.controlers.Listener.master to false[0m
[[34m15:35:36.772 STDOUT (DEBUG) on main pfg.config.Config.loadInto(Config.java:274)] Set private boolean data.controlers.Listener.simulation to true[0m
[[34m15:35:36.772 STDOUT (DEBUG) on main pfg.config.Config.loadInto(Config.java:274)] Set private boolean data.controlers.Listener.usingLidar to false[0m
[[34m15:35:36.772 STDOUT (DEBUG) on main pfg.config.Config.loadInto(Config.java:274)] Set private boolean data.controlers.Listener.usingCylinderDetection to false[0m
[[34m15:35:36.773 STDOUT (DEBUG) on main pfg.config.Config.loadInto(Config.java:274)] Set private boolean data.controlers.Listener.usingBaliseImage to false[0m
[[34m15:35:36.773 STDOUT (DEBUG) on main pfg.config.Config.loadInto(Config.java:274)] Set private boolean data.controlers.Listener.visualisation to false[0m
[[34m15:35:36.773 STDOUT (DEBUG) on main pfg.config.Config.loadInto(Config.java:274)] Set private boolean data.controlers.Listener.usingBaliseConnection to false[0m
[[34m15:35:36.774 STDOUT (DEBUG) on main pfg.config.Config.loadInto(Config.java:274)] Set private boolean data.controlers.Listener.connectToBuddy to false[0m
[[34m15:35:36.774 STDOUT (DEBUG) on main pfg.config.Config.loadInto(Config.java:274)] Set private long data.controlers.Listener.timeBetweenPosUpdates to 200[0m
[[34m15:35:36.777 DATA_HANDLER (DEBUG) on main utils.HLInstance.module(HLInstance.java:297)] Module Listener prêt[0m
[[34m15:35:36.777 COMMUNICATION (DEBUG) on pool-1-thread-1 data.controlers.Listener.asyncInit(Listener.java:186)] Listener lancé : connection aux devices...[0m
[[34m15:35:36.777 DATA_HANDLER (DEBUG) on main utils.HLInstance.module(HLInstance.java:271)] Initialisation du moduleClass MatchTimer[0m
[[34m15:35:36.777 COMMUNICATION (DEBUG) on pool-1-thread-1 data.controlers.Listener.asyncInit(Listener.java:189)] Simulation initializing connections...[0m
[[34m15:35:36.778 DATA_HANDLER (DEBUG) on main utils.HLInstance.module(HLInstance.java:285)] Mise à jour de la config du moduleClass MatchTimer après son initialisation.[0m
[[34m15:35:36.778 DATA_HANDLER (DEBUG) on main utils.HLInstance.module(HLInstance.java:297)] Module MatchTimer prêt[0m
[[34m15:35:36.778 DATA_HANDLER (DEBUG) on main utils.HLInstance.module(HLInstance.java:271)] Initialisation du moduleClass DataController[0m
[[34m15:35:36.779 DATA_HANDLER (DEBUG) on main utils.HLInstance.module(HLInstance.java:285)] Mise à jour de la config du moduleClass DataController après son initialisation.[0m
[[34m15:35:36.779 COMMUNICATION (DEBUG) on pool-1-thread-1 data.controlers.Listener.asyncInit(Listener.java:191)] Simulated Teensy Master connected[0m
[[34m15:35:36.780 COMMUNICATION (DEBUG) on pool-1-thread-1 data.controlers.Listener.asyncInit(Listener.java:194)] Debug connection init...[0m
[[34m15:35:36.780 STDOUT (DEBUG) on main pfg.config.Config.loadInto(Config.java:274)] Set private boolean data.controlers.DataController.master to false[0m
[[34m15:35:36.780 COMMUNICATION (DEBUG) on SocketClient(localhost:10001) utils.communication.SocketClientInterface.lambda$init$0(SocketClientInterface.java:51)] Trying to connect to localhost on port 10001[0m
[[34m15:35:36.780 COMMUNICATION (DEBUG) on pool-1-thread-1 data.controlers.Listener.asyncInit(Listener.java:196)] Debug connection ready![0m
[[34m15:35:36.780 STDOUT (DEBUG) on main pfg.config.Config.loadInto(Config.java:274)] Set private boolean data.controlers.DataController.symetry to false[0m
[[34m15:35:36.780 COMMUNICATION (DEBUG) on SocketClient(localhost:19999) utils.communication.SocketClientInterface.lambda$init$0(SocketClientInterface.java:51)] Trying to connect to localhost on port 19999[0m
[[34m15:35:36.788 DATA_HANDLER (DEBUG) on main utils.HLInstance.module(HLInstance.java:297)] Module DataController prêt[0m
[[34m15:35:36.789 DATA_HANDLER (DEBUG) on DataController data.controlers.DataController.run(DataController.java:164)] Controller lancé : en attente du listener...[0m
[[34m15:35:36.789 DATA_HANDLER (DEBUG) on main utils.HLInstance.module(HLInstance.java:285)] Mise à jour de la config du moduleClass Slave après son initialisation.[0m
[[34m15:35:36.790 STDOUT (DEBUG) on main pfg.config.Config.loadInto(Config.java:274)] Set private long robot.Robot.locomotionLoopDelay to 20[0m
[[34m15:35:36.790 STDOUT (DEBUG) on main pfg.config.Config.loadInto(Config.java:274)] Set private boolean robot.Robot.simulation to true[0m
[[34m15:35:36.790 STDOUT (DEBUG) on main pfg.config.Config.loadInto(Config.java:274)] Set private boolean robot.Robot.master to false[0m
[[34m15:35:36.791 STDOUT (DEBUG) on main pfg.config.Config.loadInto(Config.java:274)] Set private boolean robot.Robot.symetry to false[0m
[[34m15:35:36.791 STDOUT (DEBUG) on main pfg.config.Config.loadInto(Config.java:274)] Set private boolean robot.Robot.usingPanel to false[0m
[[34m15:35:36.791 DATA_HANDLER (DEBUG) on main utils.HLInstance.module(HLInstance.java:297)] Module Slave prêt[0m
[[31m15:35:36.791 STRATEGY (CRITICAL) on main main.RobotEntryPoint.initServices(RobotEntryPoint.java:195)] PAS DE PANNEAU[0m
[[34m15:35:36.792 STRATEGY (DEBUG) on main main.RobotEntryPoint.initServices(RobotEntryPoint.java:198)] Couleur: jaune[0m
[[34m15:35:36.792 DATA_HANDLER (DEBUG) on main utils.HLInstance.module(HLInstance.java:271)] Initialisation du moduleClass ScriptManagerSlave[0m
[[34m15:35:36.794 DATA_HANDLER (DEBUG) on main utils.HLInstance.module(HLInstance.java:271)] Initialisation du moduleClass ScriptLoisSlave[0m
[[34m15:35:36.795 DATA_HANDLER (DEBUG) on main utils.HLInstance.module(HLInstance.java:271)] Initialisation du moduleClass ActuatorsModule[0m
[[33m15:35:36.798 COMMUNICATION (WARNING) on SocketClient(localhost:19999) utils.communication.SocketClientInterface.lambda$init$0(SocketClientInterface.java:57)] Failed trying to connect to localhost on port 19999[0m
[[33m15:35:36.798 COMMUNICATION (WARNING) on SocketClient(localhost:10001) utils.communication.SocketClientInterface.lambda$init$0(SocketClientInterface.java:57)] Failed trying to connect to localhost on port 10001[0m
[[34m15:35:36.807 DATA_HANDLER (DEBUG) on main utils.HLInstance.module(HLInstance.java:285)] Mise à jour de la config du moduleClass ActuatorsModule après son initialisation.[0m
[[34m15:35:36.807 DATA_HANDLER (DEBUG) on main utils.HLInstance.module(HLInstance.java:297)] Module ActuatorsModule prêt[0m
[[34m15:35:36.808 DATA_HANDLER (DEBUG) on main utils.HLInstance.module(HLInstance.java:285)] Mise à jour de la config du moduleClass ScriptLoisSlave après son initialisation.[0m
[[34m15:35:36.808 STDOUT (DEBUG) on main pfg.config.Config.loadInto(Config.java:274)] Set private int scripts.ScriptLoisSlave.robotRay to 142[0m
[[34m15:35:36.808 STDOUT (DEBUG) on main pfg.config.Config.loadInto(Config.java:274)] Set private long scripts.Script.locomotionObstructedTimeout to 2000[0m
[[34m15:35:36.809 STDOUT (DEBUG) on main pfg.config.Config.loadInto(Config.java:274)] Set protected boolean scripts.Script.symetry to false[0m
[[34m15:35:36.809 DATA_HANDLER (DEBUG) on main utils.HLInstance.module(HLInstance.java:297)] Module ScriptLoisSlave prêt[0m
[[34m15:35:36.809 DATA_HANDLER (DEBUG) on main utils.HLInstance.module(HLInstance.java:285)] Mise à jour de la config du moduleClass ScriptManagerSlave après son initialisation.[0m
[[34m15:35:36.809 DATA_HANDLER (DEBUG) on main utils.HLInstance.module(HLInstance.java:297)] Module ScriptManagerSlave prêt[0m
[[34m15:35:36.898 COMMUNICATION (DEBUG) on SocketClient(localhost:19999) utils.communication.SocketClientInterface.lambda$init$0(SocketClientInterface.java:51)] Trying to connect to localhost on port 19999[0m
[[34m15:35:36.899 COMMUNICATION (DEBUG) on SocketClient(localhost:10001) utils.communication.SocketClientInterface.lambda$init$0(SocketClientInterface.java:51)] Trying to connect to localhost on port 10001[0m
[[33m15:35:36.899 COMMUNICATION (WARNING) on SocketClient(localhost:19999) utils.communication.SocketClientInterface.lambda$init$0(SocketClientInterface.java:57)] Failed trying to connect to localhost on port 19999[0m
[[33m15:35:36.900 COMMUNICATION (WARNING) on SocketClient(localhost:10001) utils.communication.SocketClientInterface.lambda$init$0(SocketClientInterface.java:57)] Failed trying to connect to localhost on port 10001[0m
[[34m15:35:37.000 COMMUNICATION (DEBUG) on SocketClient(localhost:19999) utils.communication.SocketClientInterface.lambda$init$0(SocketClientInterface.java:51)] Trying to connect to localhost on port 19999[0m
[[34m15:35:37.000 COMMUNICATION (DEBUG) on SocketClient(localhost:10001) utils.communication.SocketClientInterface.lambda$init$0(SocketClientInterface.java:51)] Trying to connect to localhost on port 10001[0m
[[33m15:35:37.001 COMMUNICATION (WARNING) on SocketClient(localhost:19999) utils.communication.SocketClientInterface.lambda$init$0(SocketClientInterface.java:57)] Failed trying to connect to localhost on port 19999[0m
[[33m15:35:37.001 COMMUNICATION (WARNING) on SocketClient(localhost:10001) utils.communication.SocketClientInterface.lambda$init$0(SocketClientInterface.java:57)] Failed trying to connect to localhost on port 10001[0m
[[34m15:35:37.101 COMMUNICATION (DEBUG) on SocketClient(localhost:19999) utils.communication.SocketClientInterface.lambda$init$0(SocketClientInterface.java:51)] Trying to connect to localhost on port 19999[0m
[[34m15:35:37.102 COMMUNICATION (DEBUG) on SocketClient(localhost:10001) utils.communication.SocketClientInterface.lambda$init$0(SocketClientInterface.java:51)] Trying to connect to localhost on port 10001[0m
[[33m15:35:37.102 COMMUNICATION (WARNING) on SocketClient(localhost:19999) utils.communication.SocketClientInterface.lambda$init$0(SocketClientInterface.java:57)] Failed trying to connect to localhost on port 19999[0m
[[33m15:35:37.103 COMMUNICATION (WARNING) on SocketClient(localhost:10001) utils.communication.SocketClientInterface.lambda$init$0(SocketClientInterface.java:57)] Failed trying to connect to localhost on port 10001[0m
[[34m15:35:37.203 COMMUNICATION (DEBUG) on SocketClient(localhost:19999) utils.communication.SocketClientInterface.lambda$init$0(SocketClientInterface.java:51)] Trying to connect to localhost on port 19999[0m
[[34m15:35:37.203 COMMUNICATION (DEBUG) on SocketClient(localhost:10001) utils.communication.SocketClientInterface.lambda$init$0(SocketClientInterface.java:51)] Trying to connect to localhost on port 10001[0m
[[33m15:35:37.203 COMMUNICATION (WARNING) on SocketClient(localhost:19999) utils.communication.SocketClientInterface.lambda$init$0(SocketClientInterface.java:57)] Failed trying to connect to localhost on port 19999[0m
[[33m15:35:37.204 COMMUNICATION (WARNING) on SocketClient(localhost:10001) utils.communication.SocketClientInterface.lambda$init$0(SocketClientInterface.java:57)] Failed trying to connect to localhost on port 10001[0m
[[34m15:35:37.304 COMMUNICATION (DEBUG) on SocketClient(localhost:10001) utils.communication.SocketClientInterface.lambda$init$0(SocketClientInterface.java:51)] Trying to connect to localhost on port 10001[0m
[[34m15:35:37.305 COMMUNICATION (DEBUG) on SocketClient(localhost:19999) utils.communication.SocketClientInterface.lambda$init$0(SocketClientInterface.java:51)] Trying to connect to localhost on port 19999[0m
[[33m15:35:37.305 COMMUNICATION (WARNING) on SocketClient(localhost:10001) utils.communication.SocketClientInterface.lambda$init$0(SocketClientInterface.java:57)] Failed trying to connect to localhost on port 10001[0m
[[33m15:35:37.305 COMMUNICATION (WARNING) on SocketClient(localhost:19999) utils.communication.SocketClientInterface.lambda$init$0(SocketClientInterface.java:57)] Failed trying to connect to localhost on port 19999[0m
[[34m15:35:37.406 COMMUNICATION (DEBUG) on SocketClient(localhost:10001) utils.communication.SocketClientInterface.lambda$init$0(SocketClientInterface.java:51)] Trying to connect to localhost on port 10001[0m
[[34m15:35:37.406 COMMUNICATION (DEBUG) on SocketClient(localhost:19999) utils.communication.SocketClientInterface.lambda$init$0(SocketClientInterface.java:51)] Trying to connect to localhost on port 19999[0m
[[33m15:35:37.407 COMMUNICATION (WARNING) on SocketClient(localhost:10001) utils.communication.SocketClientInterface.lambda$init$0(SocketClientInterface.java:57)] Failed trying to connect to localhost on port 10001[0m
[[33m15:35:37.407 COMMUNICATION (WARNING) on SocketClient(localhost:19999) utils.communication.SocketClientInterface.lambda$init$0(SocketClientInterface.java:57)] Failed trying to connect to localhost on port 19999[0m
[[34m15:35:37.462 DATA_HANDLER (DEBUG) on main utils.HLInstance.module(HLInstance.java:271)] Initialisation du moduleClass LidarController[0m
[[34m15:35:37.463 DATA_HANDLER (DEBUG) on main utils.HLInstance.module(HLInstance.java:285)] Mise à jour de la config du moduleClass LidarController après son initialisation.[0m
[[34m15:35:37.463 STDOUT (DEBUG) on main pfg.config.Config.loadInto(Config.java:274)] Set private boolean data.controlers.LidarController.symetry to false[0m
[[34m15:35:37.464 STDOUT (DEBUG) on main pfg.config.Config.loadInto(Config.java:274)] Set private int data.controlers.LidarController.robotRay to 142[0m
[[34m15:35:37.464 STDOUT (DEBUG) on main pfg.config.Config.loadInto(Config.java:274)] Set private int data.controlers.LidarController.ennemyRay to 150[0m
[[34m15:35:37.465 STDOUT (DEBUG) on main pfg.config.Config.loadInto(Config.java:274)] Set private java.lang.String data.controlers.LidarController.lidarProcessPath to ../bin/LiDAR_UST_10LX[0m
[[34m15:35:37.465 STDOUT (DEBUG) on main pfg.config.Config.loadInto(Config.java:274)] Set private boolean data.controlers.LidarController.usingLidar to false[0m
[[34m15:35:37.466 DATA_HANDLER (DEBUG) on main utils.HLInstance.module(HLInstance.java:297)] Module LidarController prêt[0m
[[34m15:35:37.467 DATA_HANDLER (DEBUG) on main utils.HLInstance.module(HLInstance.java:271)] Initialisation du moduleClass CylinderDetectionController[0m
[[34m15:35:37.469 DATA_HANDLER (DEBUG) on main utils.HLInstance.module(HLInstance.java:285)] Mise à jour de la config du moduleClass CylinderDetectionController après son initialisation.[0m
[[34m15:35:37.470 STDOUT (DEBUG) on main pfg.config.Config.loadInto(Config.java:274)] Set private boolean data.controlers.CylinderDetectionController.usingCylinderDetection to false[0m
[[34m15:35:37.470 STDOUT (DEBUG) on main pfg.config.Config.loadInto(Config.java:274)] Set private boolean data.controlers.CylinderDetectionController.symetry to false[0m
[[34m15:35:37.471 DATA_HANDLER (DEBUG) on main utils.HLInstance.module(HLInstance.java:297)] Module CylinderDetectionController prêt[0m
[[34m15:35:37.473 DATA_HANDLER (DEBUG) on main utils.HLInstance.module(HLInstance.java:271)] Initialisation du moduleClass AIModule[0m
[[34m15:35:37.478 DATA_HANDLER (DEBUG) on main utils.HLInstance.module(HLInstance.java:285)] Mise à jour de la config du moduleClass AIModule après son initialisation.[0m
[[34m15:35:37.478 STDOUT (DEBUG) on main pfg.config.Config.loadInto(Config.java:274)] Set private int data.Graphe.nodeCircleNbr to 14[0m
[[34m15:35:37.478 STDOUT (DEBUG) on main pfg.config.Config.loadInto(Config.java:274)] Set private double data.Graphe.spaceCircleParameter to 1.2[0m
[[34m15:35:37.479 STDOUT (DEBUG) on main pfg.config.Config.loadInto(Config.java:274)] Set private int data.Graphe.nodeXNbr to 30[0m
[[34m15:35:37.479 STDOUT (DEBUG) on main pfg.config.Config.loadInto(Config.java:274)] Set private int data.Graphe.nodeYNbr to 20[0m
[[34m15:35:37.479 STDOUT (DEBUG) on main pfg.config.Config.loadInto(Config.java:274)] Set private int data.Graphe.partitioningX to 25[0m
[[34m15:35:37.479 STDOUT (DEBUG) on main pfg.config.Config.loadInto(Config.java:274)] Set private int data.Graphe.partitioningY to 25[0m
[[34m15:35:37.479 DATA_HANDLER (DEBUG) on main utils.HLInstance.module(HLInstance.java:297)] Module AIModule prêt[0m
[[34m15:35:37.481 STDOUT (DEBUG) on main simulator.SimulatorManagerLauncher.launch(SimulatorManagerLauncher.java:166)] Lanceur de simulateur démarré[0m
[[34m15:35:37.482 STDOUT (DEBUG) on Thread-6 simulator.SimulatorManagerLauncher.launchSimulatorManager(SimulatorManagerLauncher.java:190)] Listener LL-Master lancé sur le port 10001[0m
[[34m15:35:37.483 STDOUT (DEBUG) on Thread-7 simulator.SimulatedConnectionManager.<init>(SimulatedConnectionManager.java:36)] Ouverture d'une socket sur le port 10001[0m
[[34m15:35:37.507 COMMUNICATION (DEBUG) on SocketClient(localhost:10001) utils.communication.SocketClientInterface.lambda$init$0(SocketClientInterface.java:51)] Trying to connect to localhost on port 10001[0m
[[34m15:35:37.507 COMMUNICATION (DEBUG) on SocketClient(localhost:19999) utils.communication.SocketClientInterface.lambda$init$0(SocketClientInterface.java:51)] Trying to connect to localhost on port 19999[0m
[[34m15:35:37.508 COMMUNICATION (DEBUG) on SocketClient(localhost:10001) utils.communication.SocketClientInterface.lambda$init$0(SocketClientInterface.java:53)] Socket created to localhost on port 10001[0m
[[33m15:35:37.508 COMMUNICATION (WARNING) on SocketClient(localhost:19999) utils.communication.SocketClientInterface.lambda$init$0(SocketClientInterface.java:57)] Failed trying to connect to localhost on port 19999[0m
[[34m15:35:37.508 STDOUT (DEBUG) on Thread-7 simulator.SimulatedConnectionManager.<init>(SimulatedConnectionManager.java:43)] Socket connectée sur le port 10001[0m
[[34m15:35:37.509 COMMUNICATION (DEBUG) on SocketClient(localhost:10001) utils.communication.SocketClientInterface.lambda$init$0(SocketClientInterface.java:70)] SUCCESS to connect to localhost on port 10001[0m
[[34m15:35:37.513 STDOUT (DEBUG) on Thread-6 simulator.SimulatorManagerLauncher.launchSimulatorManager(SimulatorManagerLauncher.java:303)] (10001) Listener connecté[0m
[[34m15:35:37.515 STDOUT (DEBUG) on Thread-6 simulator.SimulatedRobot.launch(SimulatedRobot.java:139)] (10001) Robot simulé démarré[0m
[[34m15:35:37.515 STDOUT (DEBUG) on Thread-6 simulator.SimulatorManagerLauncher.launchSimulatorManager(SimulatorManagerLauncher.java:313)] (10001) Robot simulé instancié[0m
[[34m15:35:37.515 STDOUT (DEBUG) on Thread-6 simulator.SimulatorManagerLauncher.launchSimulatorManager(SimulatorManagerLauncher.java:317)] Instanciation de l'interface graphique[0m
[[34m15:35:37.515 STDOUT (DEBUG) on Thread-6 simulator.SimulatedConnectionManager.<init>(SimulatedConnectionManager.java:36)] Ouverture d'une socket sur le port 19999[0m
[[34m15:35:37.608 COMMUNICATION (DEBUG) on SocketClient(localhost:19999) utils.communication.SocketClientInterface.lambda$init$0(SocketClientInterface.java:51)] Trying to connect to localhost on port 19999[0m
[[34m15:35:37.609 COMMUNICATION (DEBUG) on SocketClient(localhost:19999) utils.communication.SocketClientInterface.lambda$init$0(SocketClientInterface.java:53)] Socket created to localhost on port 19999[0m
[[34m15:35:37.609 STDOUT (DEBUG) on Thread-6 simulator.SimulatedConnectionManager.<init>(SimulatedConnectionManager.java:43)] Socket connectée sur le port 19999[0m
[[34m15:35:37.609 COMMUNICATION (DEBUG) on SocketClient(localhost:19999) utils.communication.SocketClientInterface.lambda$init$0(SocketClientInterface.java:70)] SUCCESS to connect to localhost on port 19999[0m
[[34m15:35:37.781 COMMUNICATION (DEBUG) on pool-1-thread-1 data.controlers.Listener.asyncInit(Listener.java:257)] Listener opérationnel[0m
[[34m15:35:37.789 DATA_HANDLER (DEBUG) on DataController data.controlers.DataController.run(DataController.java:172)] Controller opérationnel[0m
[[34m15:35:39.763 STDOUT (DEBUG) on Thread-6 simulator.GraphicalInterface.launch(GraphicalInterface.java:200)] Interface graphique démarrée[0m
[[34m15:35:39.763 STDOUT (DEBUG) on Thread-6 simulator.SimulatorManagerLauncher.launchSimulatorManager(SimulatorManagerLauncher.java:337)] Interface graphique instanciée[0m
[[34m15:35:39.767 STDOUT (DEBUG) on Thread-6 simulator.SimulatorManager.launch(SimulatorManager.java:139)] Manager de simulation démarré[0m
[[34m15:35:39.768 STDOUT (DEBUG) on Thread-6 simulator.SimulatorManagerLauncher.launchSimulatorManager(SimulatorManagerLauncher.java:351)] Manager de simulation instancié[0m
[[34m15:35:42.481 COMMUNICATION (DEBUG) on main main.RobotEntryPoint.entryPoint(RobotEntryPoint.java:61)] Connection established, starting match[0m
[[34m15:35:42.482 DATA_HANDLER (DEBUG) on main utils.HLInstance.module(HLInstance.java:271)] Initialisation du moduleClass MatchSlave[0m
[[34m15:35:42.483 DATA_HANDLER (DEBUG) on main utils.HLInstance.module(HLInstance.java:285)] Mise à jour de la config du moduleClass MatchSlave après son initialisation.[0m
[[34m15:35:42.483 STDOUT (DEBUG) on main pfg.config.Config.loadInto(Config.java:274)] Set private long scripts.Script.locomotionObstructedTimeout to 2000[0m
[[34m15:35:42.483 STDOUT (DEBUG) on main pfg.config.Config.loadInto(Config.java:274)] Set protected boolean scripts.Script.symetry to false[0m
[[34m15:35:42.483 DATA_HANDLER (DEBUG) on main utils.HLInstance.module(HLInstance.java:297)] Module MatchSlave prêt[0m
[[34m15:35:42.485 ORDERS (DEBUG) on main orders.OrderWrapper.setPositionAndOrientation(OrderWrapper.java:180)] SensorState.ACTUATOR_ACTUATING = true[0m
[[34m15:35:42.487 ORDERS (DEBUG) on main orders.OrderWrapper.setPositionAndOrientation(OrderWrapper.java:168)] Sent to LL: !cxyo 1200 785 1.57080[0m
[[34m15:35:42.489 STDOUT (DEBUG) on SimulatorManagerThread simulator.SimulatorManager.handleMessageLL(SimulatorManager.java:239)] SIMULATEUR-LL : message reçu : !cxyo 1200 785 1.57080[0m
[[34m15:35:42.492 COMMUNICATION (DEBUG) on pool-1-thread-1 data.controlers.DataController.handleEvent(DataController.java:251)] Got event: confirmOrder cxyo 1200 785 1.57080[0m
[[34m15:35:42.492 COMMUNICATION (DEBUG) on pool-1-thread-1 data.controlers.DataController.handleEvent(DataController.java:285)] Received confirmation for order (cxyo)[0m
[[34m15:35:42.492 ORDERS (DEBUG) on pool-1-thread-1 data.controlers.DataController.handleEvent(DataController.java:286)] SensorState.ACTUATOR_ACTUATING = false[0m
[[34m15:35:42.494 COMMUNICATION (DEBUG) on main data.controlers.DataController.waitForTwoPositionUpdates(DataController.java:548)] Waiting for two position updates[0m
[[33m15:35:42.513 STRATEGY (WARNING) on main scripts.Script.timedExecute(Script.java:174)] Starting script ScriptLoisSlave v0 at 1619962542.507[0m
[[34m15:35:42.513 ORDERS (DEBUG) on main locomotion.PathFollower.turnTowards(PathFollower.java:301)] SensorState.DISABLE_LIDAR = true[0m
[[34m15:35:42.514 ORDERS (DEBUG) on main locomotion.PathFollower.turnTowards(PathFollower.java:303)] SensorState.MOVING = true[0m
[[34m15:35:42.514 ORDERS (DEBUG) on main locomotion.Locomotion.turnTowards(Locomotion.java:139)] Sent to LL: t 3.14159[0m
[[34m15:35:42.515 STDOUT (DEBUG) on SimulatorManagerThread simulator.SimulatorManager.handleMessageLL(SimulatorManager.java:239)] SIMULATEUR-LL : message reçu : t 3.14159[0m
[[34m15:35:42.926 STDOUT (DEBUG) on SimulatorManagerThread simulator.SimulatedRobot.trySendStoppedMovingMessage(SimulatedRobot.java:193)] stoppedMoving[0m
[[34m15:35:42.927 COMMUNICATION (DEBUG) on pool-1-thread-1 data.controlers.DataController.handleEvent(DataController.java:251)] Got event: stoppedMoving[0m
[[34m15:35:42.927 ORDERS (DEBUG) on pool-1-thread-1 data.controlers.DataController.handleEvent(DataController.java:263)] SensorState.MOVING = false[0m
[[34m15:35:42.928 ORDERS (DEBUG) on main locomotion.PathFollower.turnTowards(PathFollower.java:317)] SensorState.DISABLE_LIDAR = false[0m
[[34m15:35:42.930 STDOUT (DEBUG) on pool-1-thread-1 data.controlers.DataController.handleEvent(DataController.java:264)] Position at StoppedMoving: (x,y)=(1200,785), o=3.14159[0m
[[34m15:35:42.932 ORDERS (DEBUG) on main locomotion.PathFollower.moveLengthwise(PathFollower.java:165)] SensorState.MOVING = true[0m
[[34m15:35:42.932 LOCOMOTION (DEBUG) on main locomotion.PathFollower.moveLengthwise(PathFollower.java:166)] Move lengthwise 900[0m
[[34m15:35:42.933 ORDERS (DEBUG) on main locomotion.Locomotion.moveLengthwise(Locomotion.java:131)] Sent to LL: d 900 false[0m
[[34m15:35:42.933 STDOUT (DEBUG) on SimulatorManagerThread simulator.SimulatorManager.handleMessageLL(SimulatorManager.java:239)] SIMULATEUR-LL : message reçu : d 900 false[0m
[[33m15:35:42.934 COMMUNICATION (WARNING) on SimulatorManagerThread simulator.SimulatedRobot.moveLengthwise(SimulatedRobot.java:382)] C:-1000, D:0[0m
[[33m15:35:42.935 COMMUNICATION (WARNING) on SimulatorManagerThread simulator.SimulatedRobot.moveLengthwise(SimulatedRobot.java:384)] A:(1200,785), B:(300,785), C:(-1000,0)[0m
[[34m15:35:43.892 STDOUT (DEBUG) on SimulatorManagerThread simulator.SimulatedRobot.trySendStoppedMovingMessage(SimulatedRobot.java:193)] stoppedMoving[0m
[[34m15:35:43.892 COMMUNICATION (DEBUG) on pool-1-thread-1 data.controlers.DataController.handleEvent(DataController.java:251)] Got event: stoppedMoving[0m
[[34m15:35:43.893 ORDERS (DEBUG) on pool-1-thread-1 data.controlers.DataController.handleEvent(DataController.java:263)] SensorState.MOVING = false[0m
[[34m15:35:43.893 STDOUT (DEBUG) on pool-1-thread-1 data.controlers.DataController.handleEvent(DataController.java:264)] Position at StoppedMoving: (x,y)=(300,785), o=3.14159[0m
[[34m15:35:43.946 ORDERS (DEBUG) on main locomotion.PathFollower.moveLengthwise(PathFollower.java:217)] Sent to LL: maxtr 500.00000[0m
[[34m15:35:43.947 ORDERS (DEBUG) on main locomotion.PathFollower.moveLengthwise(PathFollower.java:217)] Sent to LL: maxro 6.28319[0m
[[34m15:35:43.947 LOCOMOTION (DEBUG) on main locomotion.PathFollower.moveLengthwise(PathFollower.java:224)] End of move lengthwise[0m
[[34m15:35:43.947 ORDERS (DEBUG) on main locomotion.PathFollower.turnTowards(PathFollower.java:301)] SensorState.DISABLE_LIDAR = true[0m
[[34m15:35:43.947 ORDERS (DEBUG) on main locomotion.PathFollower.turnTowards(PathFollower.java:303)] SensorState.MOVING = true[0m
[[34m15:35:43.948 STDOUT (DEBUG) on SimulatorManagerThread simulator.SimulatorManager.handleMessageLL(SimulatorManager.java:239)] SIMULATEUR-LL : message reçu : maxtr 500.00000[0m
[[34m15:35:43.948 ORDERS (DEBUG) on main locomotion.Locomotion.turnTowards(Locomotion.java:139)] Sent to LL: t 3.74159[0m
[[34m15:35:43.950 STDOUT (DEBUG) on SimulatorManagerThread simulator.SimulatorManager.handleMessageLL(SimulatorManager.java:335)] SIMULATEUR-LL : l'ordre "maxtr" est inconnu[0m
[[34m15:35:43.952 STDOUT (DEBUG) on SimulatorManagerThread simulator.SimulatorManager.handleMessageLL(SimulatorManager.java:239)] SIMULATEUR-LL : message reçu : maxro 6.28319[0m
[[34m15:35:43.953 STDOUT (DEBUG) on SimulatorManagerThread simulator.SimulatorManager.handleMessageLL(SimulatorManager.java:335)] SIMULATEUR-LL : l'ordre "maxro" est inconnu[0m
[[34m15:35:43.955 STDOUT (DEBUG) on SimulatorManagerThread simulator.SimulatorManager.handleMessageLL(SimulatorManager.java:239)] SIMULATEUR-LL : message reçu : t 3.74159[0m
[[34m15:35:44.122 STDOUT (DEBUG) on SimulatorManagerThread simulator.SimulatedRobot.trySendStoppedMovingMessage(SimulatedRobot.java:193)] stoppedMoving[0m
[[34m15:35:44.122 COMMUNICATION (DEBUG) on pool-1-thread-1 data.controlers.DataController.handleEvent(DataController.java:251)] Got event: stoppedMoving[0m
[[34m15:35:44.122 ORDERS (DEBUG) on pool-1-thread-1 data.controlers.DataController.handleEvent(DataController.java:263)] SensorState.MOVING = false[0m
[[34m15:35:44.123 STDOUT (DEBUG) on pool-1-thread-1 data.controlers.DataController.handleEvent(DataController.java:264)] Position at StoppedMoving: (x,y)=(300,785), o=-2.5416[0m
[[34m15:35:44.124 ORDERS (DEBUG) on main locomotion.PathFollower.turnTowards(PathFollower.java:317)] SensorState.DISABLE_LIDAR = false[0m
[[34m15:35:44.124 ORDERS (DEBUG) on main locomotion.PathFollower.moveLengthwise(PathFollower.java:165)] SensorState.MOVING = true[0m
[[34m15:35:44.124 LOCOMOTION (DEBUG) on main locomotion.PathFollower.moveLengthwise(PathFollower.java:166)] Move lengthwise 1262[0m
[[34m15:35:44.125 ORDERS (DEBUG) on main locomotion.Locomotion.moveLengthwise(Locomotion.java:131)] Sent to LL: d 1262 false[0m
[[34m15:35:44.133 STDOUT (DEBUG) on SimulatorManagerThread simulator.SimulatorManager.handleMessageLL(SimulatorManager.java:239)] SIMULATEUR-LL : message reçu : d 1262 false[0m
[[33m15:35:44.133 COMMUNICATION (WARNING) on SimulatorManagerThread simulator.SimulatedRobot.moveLengthwise(SimulatedRobot.java:382)] C:-825, D:-565[0m
[[33m15:35:44.133 COMMUNICATION (WARNING) on SimulatorManagerThread simulator.SimulatedRobot.moveLengthwise(SimulatedRobot.java:384)] A:(300,785), B:(-741,72), C:(-825,-565)[0m
[[34m15:35:45.447 STDOUT (DEBUG) on SimulatorManagerThread simulator.SimulatedRobot.trySendStoppedMovingMessage(SimulatedRobot.java:193)] stoppedMoving[0m
[[34m15:35:45.448 COMMUNICATION (DEBUG) on pool-1-thread-1 data.controlers.DataController.handleEvent(DataController.java:251)] Got event: stoppedMoving[0m
[[34m15:35:45.449 ORDERS (DEBUG) on pool-1-thread-1 data.controlers.DataController.handleEvent(DataController.java:263)] SensorState.MOVING = false[0m
[[34m15:35:45.449 STDOUT (DEBUG) on pool-1-thread-1 data.controlers.DataController.handleEvent(DataController.java:264)] Position at StoppedMoving: (x,y)=(-741,72), o=-2.5416[0m
[[34m15:35:45.501 ORDERS (DEBUG) on main locomotion.PathFollower.moveLengthwise(PathFollower.java:217)] Sent to LL: maxtr 500.00000[0m
[[34m15:35:45.501 ORDERS (DEBUG) on main locomotion.PathFollower.moveLengthwise(PathFollower.java:217)] Sent to LL: maxro 6.28319[0m
[[34m15:35:45.501 LOCOMOTION (DEBUG) on main locomotion.PathFollower.moveLengthwise(PathFollower.java:224)] End of move lengthwise[0m
[[34m15:35:45.502 ORDERS (DEBUG) on main locomotion.PathFollower.turnTowards(PathFollower.java:301)] SensorState.DISABLE_LIDAR = true[0m
[[34m15:35:45.502 ORDERS (DEBUG) on main locomotion.PathFollower.turnTowards(PathFollower.java:303)] SensorState.MOVING = true[0m
[[34m15:35:45.502 ORDERS (DEBUG) on main locomotion.Locomotion.turnTowards(Locomotion.java:139)] Sent to LL: t -2.74889[0m
[[34m15:35:45.504 STDOUT (DEBUG) on SimulatorManagerThread simulator.SimulatorManager.handleMessageLL(SimulatorManager.java:239)] SIMULATEUR-LL : message reçu : maxtr 500.00000[0m
[[34m15:35:45.504 STDOUT (DEBUG) on SimulatorManagerThread simulator.SimulatorManager.handleMessageLL(SimulatorManager.java:335)] SIMULATEUR-LL : l'ordre "maxtr" est inconnu[0m
[[34m15:35:45.513 STDOUT (DEBUG) on SimulatorManagerThread simulator.SimulatorManager.handleMessageLL(SimulatorManager.java:239)] SIMULATEUR-LL : message reçu : maxro 6.28319[0m
[[34m15:35:45.514 STDOUT (DEBUG) on SimulatorManagerThread simulator.SimulatorManager.handleMessageLL(SimulatorManager.java:335)] SIMULATEUR-LL : l'ordre "maxro" est inconnu[0m
[[34m15:35:45.516 STDOUT (DEBUG) on SimulatorManagerThread simulator.SimulatorManager.handleMessageLL(SimulatorManager.java:239)] SIMULATEUR-LL : message reçu : t -2.74889[0m
[[34m15:35:45.578 STDOUT (DEBUG) on SimulatorManagerThread simulator.SimulatedRobot.trySendStoppedMovingMessage(SimulatedRobot.java:193)] stoppedMoving[0m
[[34m15:35:45.579 COMMUNICATION (DEBUG) on pool-1-thread-1 data.controlers.DataController.handleEvent(DataController.java:251)] Got event: stoppedMoving[0m
[[34m15:35:45.579 ORDERS (DEBUG) on pool-1-thread-1 data.controlers.DataController.handleEvent(DataController.java:263)] SensorState.MOVING = false[0m
[[34m15:35:45.579 STDOUT (DEBUG) on pool-1-thread-1 data.controlers.DataController.handleEvent(DataController.java:264)] Position at StoppedMoving: (x,y)=(-741,72), o=-2.74889[0m
[[34m15:35:45.579 ORDERS (DEBUG) on main locomotion.PathFollower.turnTowards(PathFollower.java:317)] SensorState.DISABLE_LIDAR = false[0m
[[34m15:35:45.580 ORDERS (DEBUG) on main locomotion.PathFollower.moveLengthwise(PathFollower.java:165)] SensorState.MOVING = true[0m
[[34m15:35:45.580 LOCOMOTION (DEBUG) on main locomotion.PathFollower.moveLengthwise(PathFollower.java:166)] Move lengthwise 1000[0m
[[34m15:35:45.580 ORDERS (DEBUG) on main locomotion.Locomotion.moveLengthwise(Locomotion.java:131)] Sent to LL: d 1000 false[0m
[[34m15:35:45.581 STDOUT (DEBUG) on SimulatorManagerThread simulator.SimulatorManager.handleMessageLL(SimulatorManager.java:239)] SIMULATEUR-LL : message reçu : d 1000 false[0m
[[33m15:35:45.581 COMMUNICATION (WARNING) on SimulatorManagerThread simulator.SimulatedRobot.moveLengthwise(SimulatedRobot.java:382)] C:-924, D:-383[0m
[[33m15:35:45.581 COMMUNICATION (WARNING) on SimulatorManagerThread simulator.SimulatedRobot.moveLengthwise(SimulatedRobot.java:384)] A:(-741,72), B:(-1665,-311), C:(-924,-383)[0m
[[34m15:35:46.643 STDOUT (DEBUG) on SimulatorManagerThread simulator.SimulatedRobot.trySendStoppedMovingMessage(SimulatedRobot.java:193)] stoppedMoving[0m
[[34m15:35:46.644 COMMUNICATION (DEBUG) on pool-1-thread-1 data.controlers.DataController.handleEvent(DataController.java:251)] Got event: stoppedMoving[0m
[[34m15:35:46.644 ORDERS (DEBUG) on pool-1-thread-1 data.controlers.DataController.handleEvent(DataController.java:263)] SensorState.MOVING = false[0m
[[34m15:35:46.644 STDOUT (DEBUG) on pool-1-thread-1 data.controlers.DataController.handleEvent(DataController.java:264)] Position at StoppedMoving: (x,y)=(-1665,-311), o=-2.74889[0m
[[34m15:35:46.696 ORDERS (DEBUG) on main locomotion.PathFollower.moveLengthwise(PathFollower.java:217)] Sent to LL: maxtr 500.00000[0m
[[34m15:35:46.696 ORDERS (DEBUG) on main locomotion.PathFollower.moveLengthwise(PathFollower.java:217)] Sent to LL: maxro 6.28319[0m
[[34m15:35:46.696 LOCOMOTION (DEBUG) on main locomotion.PathFollower.moveLengthwise(PathFollower.java:224)] End of move lengthwise[0m
[[34m15:35:46.696 ORDERS (DEBUG) on main locomotion.PathFollower.turnTowards(PathFollower.java:301)] SensorState.DISABLE_LIDAR = true[0m
[[34m15:35:46.696 ORDERS (DEBUG) on main locomotion.PathFollower.turnTowards(PathFollower.java:303)] SensorState.MOVING = true[0m
[[34m15:35:46.697 ORDERS (DEBUG) on main locomotion.Locomotion.turnTowards(Locomotion.java:139)] Sent to LL: t -3.14159[0m
[[34m15:35:46.704 STDOUT (DEBUG) on SimulatorManagerThread simulator.SimulatorManager.handleMessageLL(SimulatorManager.java:239)] SIMULATEUR-LL : message reçu : maxtr 500.00000[0m
[[34m15:35:46.704 STDOUT (DEBUG) on SimulatorManagerThread simulator.SimulatorManager.handleMessageLL(SimulatorManager.java:335)] SIMULATEUR-LL : l'ordre "maxtr" est inconnu[0m
[[34m15:35:46.707 STDOUT (DEBUG) on SimulatorManagerThread simulator.SimulatorManager.handleMessageLL(SimulatorManager.java:239)] SIMULATEUR-LL : message reçu : maxro 6.28319[0m
[[34m15:35:46.707 STDOUT (DEBUG) on SimulatorManagerThread simulator.SimulatorManager.handleMessageLL(SimulatorManager.java:335)] SIMULATEUR-LL : l'ordre "maxro" est inconnu[0m
[[34m15:35:46.714 STDOUT (DEBUG) on SimulatorManagerThread simulator.SimulatorManager.handleMessageLL(SimulatorManager.java:239)] SIMULATEUR-LL : message reçu : t -3.14159[0m
[[34m15:35:46.824 STDOUT (DEBUG) on SimulatorManagerThread simulator.SimulatedRobot.trySendStoppedMovingMessage(SimulatedRobot.java:193)] stoppedMoving[0m
[[34m15:35:46.825 COMMUNICATION (DEBUG) on pool-1-thread-1 data.controlers.DataController.handleEvent(DataController.java:251)] Got event: stoppedMoving[0m
[[34m15:35:46.825 ORDERS (DEBUG) on pool-1-thread-1 data.controlers.DataController.handleEvent(DataController.java:263)] SensorState.MOVING = false[0m
[[34m15:35:46.825 STDOUT (DEBUG) on pool-1-thread-1 data.controlers.DataController.handleEvent(DataController.java:264)] Position at StoppedMoving: (x,y)=(-1665,-311), o=-3.14159[0m
[[34m15:35:46.830 ORDERS (DEBUG) on main locomotion.PathFollower.turnTowards(PathFollower.java:317)] SensorState.DISABLE_LIDAR = false[0m
[[34m15:35:46.830 ORDERS (DEBUG) on main locomotion.PathFollower.moveLengthwise(PathFollower.java:165)] SensorState.MOVING = true[0m
[[34m15:35:46.830 LOCOMOTION (DEBUG) on main locomotion.PathFollower.moveLengthwise(PathFollower.java:166)] Move lengthwise 700[0m
[[34m15:35:46.832 ORDERS (DEBUG) on main locomotion.Locomotion.moveLengthwise(Locomotion.java:131)] Sent to LL: d 700 false[0m
[[34m15:35:46.834 STDOUT (DEBUG) on SimulatorManagerThread simulator.SimulatorManager.handleMessageLL(SimulatorManager.java:239)] SIMULATEUR-LL : message reçu : d 700 false[0m
[[33m15:35:46.834 COMMUNICATION (WARNING) on SimulatorManagerThread simulator.SimulatedRobot.moveLengthwise(SimulatedRobot.java:382)] C:-1000, D:0[0m
[[33m15:35:46.834 COMMUNICATION (WARNING) on SimulatorManagerThread simulator.SimulatedRobot.moveLengthwise(SimulatedRobot.java:384)] A:(-1665,-311), B:(-2365,-311), C:(-1000,0)[0m
