[[34m19:45:49.423 STDOUT (DEBUG) on main utils.HLInstance.<init>(HLInstance.java:104)] Version : 138dd36 on dev_LoloElDeglingo - [oups][0m
[[34m19:45:49.426 STDOUT (DEBUG) on main utils.HLInstance.<init>(HLInstance.java:112)] System : Linux 5.8.0-44-generic amd64[0m
[[34m19:45:49.433 STDOUT (DEBUG) on main utils.HLInstance.<init>(HLInstance.java:114)] Java : Oracle Corporation 14.0.2, max memory : 3.88G, available processors : 8[0m
[[34m19:45:49.433 STDOUT (DEBUG) on main utils.HLInstance.<init>(HLInstance.java:117)] [0m
[[34m19:45:49.434 STDOUT (DEBUG) on main utils.HLInstance.<init>(HLInstance.java:119)]    Remember, with great power comes great current squared times resistance !
[0m
[[34m19:45:49.434 STDOUT (DEBUG) on main utils.HLInstance.<init>(HLInstance.java:122)] Chargement de la config...[0m
[[34m19:45:49.451 STDOUT (DEBUG) on main pfg.config.Config.readConfigFile(Config.java:166)] Loading config file : /home/tsimafei/TechTheTiller-HighLevel/bin/../config/config.txt[0m
[[31m19:45:49.467 STDERR (CRITICAL) on main] Unknown key : RECALAGE_ACC, also tried recalageAcc[0m
[[31m19:45:49.467 STDERR (CRITICAL) on main] Unknown key : SECOURS, also tried secours[0m
[[31m19:45:49.468 STDERR (CRITICAL) on main] Unknown key : RECALAGE_MECA_ACC, also tried recalageMecaAcc[0m
[[31m19:45:49.468 STDERR (CRITICAL) on main] Unknown key : MILIEU_ECUEIL_PRIVE_XBLEU, also tried milieuEcueilPriveXbleu[0m
[[34m19:45:49.469 STDOUT (DEBUG) on main pfg.config.Config.printChangedValues(Config.java:465)] Configuration diff :[0m
[[34m19:45:49.469 STDOUT (DEBUG) on main pfg.config.Config.printChangedValues(Config.java:469)]   visualisation = false (default : true)[0m
[[34m19:45:49.470 STDOUT (DEBUG) on main pfg.config.Config.printChangedValues(Config.java:469)]   usingBaliseImage = false (default : true)[0m
[[34m19:45:49.470 STDOUT (DEBUG) on main pfg.config.Config.printChangedValues(Config.java:469)]   usingPanel = false (default : true)[0m
[[34m19:45:49.470 STDOUT (DEBUG) on main pfg.config.Config.printChangedValues(Config.java:469)]   connectToBuddy = false (default : true)[0m
[[34m19:45:49.471 STDOUT (DEBUG) on main pfg.config.Config.printChangedValues(Config.java:469)]   modeMonthlery = true (default : false)[0m
[[34m19:45:49.471 STDOUT (DEBUG) on main pfg.config.Config.printChangedValues(Config.java:469)]   buddyRay = 70 (default : 150)[0m
[[34m19:45:49.471 STDOUT (DEBUG) on main pfg.config.Config.printChangedValues(Config.java:469)]   ennemyRay = 150 (default : 220)[0m
[[34m19:45:49.471 STDOUT (DEBUG) on main pfg.config.Config.printChangedValues(Config.java:469)]   nbrNoeudsX = 30 (default : 45)[0m
[[34m19:45:49.472 STDOUT (DEBUG) on main pfg.config.Config.printChangedValues(Config.java:469)]   nbrNoeudsY = 20 (default : 30)[0m
[[34m19:45:49.472 STDOUT (DEBUG) on main pfg.config.Config.printChangedValues(Config.java:469)]   nbrNoeudsCircle = 14 (default : 12)[0m
[[34m19:45:49.482 DATA_HANDLER (DEBUG) on main utils.HLInstance.module(HLInstance.java:271)] Initialisation du moduleClass Table[0m
[[34m19:45:49.482 DATA_HANDLER (DEBUG) on main utils.HLInstance.module(HLInstance.java:285)] Mise à jour de la config du moduleClass Table après son initialisation.[0m
[[34m19:45:49.489 STDOUT (DEBUG) on main pfg.config.Config.loadInto(Config.java:274)] Set private boolean data.Table.symetry to false[0m
[[34m19:45:49.490 STDOUT (DEBUG) on main pfg.config.Config.loadInto(Config.java:274)] Set private int data.Table.length to 3000[0m
[[34m19:45:49.490 STDOUT (DEBUG) on main pfg.config.Config.loadInto(Config.java:274)] Set private int data.Table.height to 2000[0m
[[34m19:45:49.490 STDOUT (DEBUG) on main pfg.config.Config.loadInto(Config.java:274)] Set private int data.Table.robotRay to 190[0m
[[34m19:45:49.491 STDOUT (DEBUG) on main pfg.config.Config.loadInto(Config.java:274)] Set private int data.Table.buddyRay to 70[0m
[[34m19:45:49.491 STDOUT (DEBUG) on main pfg.config.Config.loadInto(Config.java:274)] Set private int data.Table.ennemyRay to 150[0m
[[34m19:45:49.491 STDOUT (DEBUG) on main pfg.config.Config.loadInto(Config.java:274)] Set private int data.Table.compareThreshold to 5[0m
[[34m19:45:49.492 STDOUT (DEBUG) on main pfg.config.Config.loadInto(Config.java:274)] Set private boolean data.Table.openTheGate to false[0m
[[34m19:45:49.492 DATA_HANDLER (DEBUG) on main utils.HLInstance.module(HLInstance.java:297)] Module Table prêt[0m
[[34m19:45:49.493 DATA_HANDLER (DEBUG) on main utils.HLInstance.module(HLInstance.java:271)] Initialisation du moduleClass Graphe[0m
[[34m19:45:49.494 DATA_HANDLER (DEBUG) on main utils.HLInstance.module(HLInstance.java:285)] Mise à jour de la config du moduleClass Graphe après son initialisation.[0m
[[34m19:45:49.494 STDOUT (DEBUG) on main pfg.config.Config.loadInto(Config.java:274)] Set private int data.Graphe.nodeCircleNbr to 14[0m
[[34m19:45:49.495 STDOUT (DEBUG) on main pfg.config.Config.loadInto(Config.java:274)] Set private double data.Graphe.spaceCircleParameter to 1.2[0m
[[34m19:45:49.495 STDOUT (DEBUG) on main pfg.config.Config.loadInto(Config.java:274)] Set private int data.Graphe.nodeXNbr to 30[0m
[[34m19:45:49.496 STDOUT (DEBUG) on main pfg.config.Config.loadInto(Config.java:274)] Set private int data.Graphe.nodeYNbr to 20[0m
[[34m19:45:49.496 STDOUT (DEBUG) on main pfg.config.Config.loadInto(Config.java:274)] Set private int data.Graphe.partitioningX to 25[0m
[[34m19:45:49.496 STDOUT (DEBUG) on main pfg.config.Config.loadInto(Config.java:274)] Set private int data.Graphe.partitioningY to 25[0m
[[34m19:45:49.779 DATA_HANDLER (DEBUG) on main utils.HLInstance.module(HLInstance.java:297)] Module Graphe prêt[0m
[[34m19:45:49.779 DATA_HANDLER (DEBUG) on main utils.HLInstance.module(HLInstance.java:271)] Initialisation du moduleClass Pathfinder[0m
[[34m19:45:49.780 DATA_HANDLER (DEBUG) on main utils.HLInstance.module(HLInstance.java:285)] Mise à jour de la config du moduleClass Pathfinder après son initialisation.[0m
[[34m19:45:49.780 DATA_HANDLER (DEBUG) on main utils.HLInstance.module(HLInstance.java:297)] Module Pathfinder prêt[0m
[[34m19:45:49.781 DATA_HANDLER (DEBUG) on main utils.HLInstance.module(HLInstance.java:271)] Initialisation du moduleClass OrderWrapper[0m
[[34m19:45:49.781 DATA_HANDLER (DEBUG) on main utils.HLInstance.module(HLInstance.java:285)] Mise à jour de la config du moduleClass OrderWrapper après son initialisation.[0m
[[34m19:45:49.782 STDOUT (DEBUG) on main pfg.config.Config.loadInto(Config.java:274)] Set private boolean orders.OrderWrapper.symetry to false[0m
[[34m19:45:49.784 STDOUT (DEBUG) on main pfg.config.Config.loadInto(Config.java:274)] Set private boolean orders.OrderWrapper.simulation to false[0m
[[34m19:45:49.784 STDOUT (DEBUG) on main pfg.config.Config.loadInto(Config.java:274)] Set private boolean orders.OrderWrapper.usingBaliseImage to false[0m
[[34m19:45:49.786 DATA_HANDLER (DEBUG) on main utils.HLInstance.module(HLInstance.java:297)] Module OrderWrapper prêt[0m
[[34m19:45:49.786 DATA_HANDLER (DEBUG) on main utils.HLInstance.module(HLInstance.java:271)] Initialisation du moduleClass PathFollower[0m
[[34m19:45:49.786 DATA_HANDLER (DEBUG) on main utils.HLInstance.module(HLInstance.java:285)] Mise à jour de la config du moduleClass PathFollower après son initialisation.[0m
[[34m19:45:49.787 STDOUT (DEBUG) on main pfg.config.Config.loadInto(Config.java:274)] Set private long locomotion.PathFollower.locomotionLoopDelay to 20[0m
[[34m19:45:49.787 STDOUT (DEBUG) on main pfg.config.Config.loadInto(Config.java:274)] Set private int locomotion.PathFollower.locomotionDistanceCheck to 200[0m
[[34m19:45:49.787 STDOUT (DEBUG) on main pfg.config.Config.loadInto(Config.java:274)] Set private int locomotion.PathFollower.locomotionRadiusCheck to 200[0m
[[34m19:45:49.787 STDOUT (DEBUG) on main pfg.config.Config.loadInto(Config.java:274)] Set private long locomotion.PathFollower.locomotionObstructedTimeout to 2000[0m
[[34m19:45:49.787 STDOUT (DEBUG) on main pfg.config.Config.loadInto(Config.java:274)] Set private boolean locomotion.PathFollower.simulation to false[0m
[[34m19:45:49.791 DATA_HANDLER (DEBUG) on main utils.HLInstance.module(HLInstance.java:297)] Module PathFollower prêt[0m
[[34m19:45:49.792 DATA_HANDLER (DEBUG) on main utils.HLInstance.module(HLInstance.java:271)] Initialisation du moduleClass Locomotion[0m
[[34m19:45:49.792 DATA_HANDLER (DEBUG) on main utils.HLInstance.module(HLInstance.java:285)] Mise à jour de la config du moduleClass Locomotion après son initialisation.[0m
[[34m19:45:49.793 STDOUT (DEBUG) on main pfg.config.Config.loadInto(Config.java:274)] Set private int locomotion.Locomotion.vectorComparisonThreshold to 5[0m
[[34m19:45:49.793 STDOUT (DEBUG) on main pfg.config.Config.loadInto(Config.java:274)] Set private long locomotion.Locomotion.locomotionObstructedTimeout to 2000[0m
[[34m19:45:49.793 DATA_HANDLER (DEBUG) on main utils.HLInstance.module(HLInstance.java:297)] Module Locomotion prêt[0m
[[34m19:45:49.793 DATA_HANDLER (DEBUG) on main utils.HLInstance.module(HLInstance.java:271)] Initialisation du moduleClass HookFactory[0m
[[34m19:45:49.793 DATA_HANDLER (DEBUG) on main utils.HLInstance.module(HLInstance.java:285)] Mise à jour de la config du moduleClass HookFactory après son initialisation.[0m
[[34m19:45:49.793 DATA_HANDLER (DEBUG) on main utils.HLInstance.module(HLInstance.java:297)] Module HookFactory prêt[0m
[[34m19:45:49.794 DATA_HANDLER (DEBUG) on main utils.HLInstance.module(HLInstance.java:271)] Initialisation du moduleClass ConnectionManager[0m
[[34m19:45:49.794 DATA_HANDLER (DEBUG) on main utils.HLInstance.module(HLInstance.java:285)] Mise à jour de la config du moduleClass ConnectionManager après son initialisation.[0m
[[34m19:45:49.794 DATA_HANDLER (DEBUG) on main utils.HLInstance.module(HLInstance.java:297)] Module ConnectionManager prêt[0m
[[34m19:45:49.795 DATA_HANDLER (DEBUG) on main utils.HLInstance.module(HLInstance.java:271)] Initialisation du moduleClass SimulatorDebug[0m
[[34m19:45:49.795 DATA_HANDLER (DEBUG) on main utils.HLInstance.module(HLInstance.java:285)] Mise à jour de la config du moduleClass SimulatorDebug après son initialisation.[0m
[[34m19:45:49.795 STDOUT (DEBUG) on main pfg.config.Config.loadInto(Config.java:274)] Set private boolean utils.communication.SimulatorDebug.active to false[0m
[[34m19:45:49.795 DATA_HANDLER (DEBUG) on main utils.HLInstance.module(HLInstance.java:297)] Module SimulatorDebug prêt[0m
[[34m19:45:49.795 DATA_HANDLER (DEBUG) on main utils.HLInstance.module(HLInstance.java:271)] Initialisation du moduleClass PanneauModule[0m
[[34m19:45:49.795 DATA_HANDLER (DEBUG) on main utils.HLInstance.module(HLInstance.java:285)] Mise à jour de la config du moduleClass PanneauModule après son initialisation.[0m
[[34m19:45:49.797 STDOUT (DEBUG) on main pfg.config.Config.loadInto(Config.java:274)] Set private long data.controlers.PanneauModule.scoreUpdatePeriod to 100[0m
[[34m19:45:49.798 STDOUT (DEBUG) on main pfg.config.Config.loadInto(Config.java:274)] Set private java.lang.String data.controlers.PanneauModule.couleur to jaune[0m
[[34m19:45:49.798 STDOUT (DEBUG) on main pfg.config.Config.loadInto(Config.java:274)] Set private int data.controlers.PanneauModule.ledProgramPort to 19500[0m
[[34m19:45:49.799 STDOUT (DEBUG) on main pfg.config.Config.loadInto(Config.java:274)] Set private int data.controlers.PanneauModule.ledCount to 16[0m
[[34m19:45:49.799 STDOUT (DEBUG) on main pfg.config.Config.loadInto(Config.java:274)] Set private boolean data.controlers.PanneauModule.using7Segments to true[0m
[[34m19:45:49.799 DATA_HANDLER (DEBUG) on main utils.HLInstance.module(HLInstance.java:297)] Module PanneauModule prêt[0m
[[34m19:45:49.799 DATA_HANDLER (DEBUG) on main utils.HLInstance.module(HLInstance.java:271)] Initialisation du moduleClass Master[0m
[[34m19:45:49.803 DATA_HANDLER (DEBUG) on main utils.HLInstance.module(HLInstance.java:271)] Initialisation du moduleClass SynchronizationWithBuddy[0m
[[34m19:45:49.803 DATA_HANDLER (DEBUG) on main utils.HLInstance.module(HLInstance.java:285)] Mise à jour de la config du moduleClass SynchronizationWithBuddy après son initialisation.[0m
[[34m19:45:49.803 STDOUT (DEBUG) on main pfg.config.Config.loadInto(Config.java:274)] Set protected boolean data.synchronization.SynchronizationCommon.symetry to false[0m
[[34m19:45:49.804 STDOUT (DEBUG) on main pfg.config.Config.loadInto(Config.java:274)] Set protected boolean data.synchronization.SynchronizationCommon.simulation to false[0m
[[34m19:45:49.804 STDOUT (DEBUG) on main pfg.config.Config.loadInto(Config.java:274)] Set protected boolean data.synchronization.SynchronizationCommon.master to true[0m
[[34m19:45:49.804 DATA_HANDLER (DEBUG) on main utils.HLInstance.module(HLInstance.java:297)] Module SynchronizationWithBuddy prêt[0m
[[34m19:45:49.804 DATA_HANDLER (DEBUG) on main utils.HLInstance.module(HLInstance.java:271)] Initialisation du moduleClass Listener[0m
[[34m19:45:49.804 DATA_HANDLER (DEBUG) on main utils.HLInstance.module(HLInstance.java:285)] Mise à jour de la config du moduleClass Listener après son initialisation.[0m
[[34m19:45:49.805 STDOUT (DEBUG) on main pfg.config.Config.loadInto(Config.java:274)] Set private boolean data.controlers.Listener.master to true[0m
[[34m19:45:49.805 STDOUT (DEBUG) on main pfg.config.Config.loadInto(Config.java:274)] Set private boolean data.controlers.Listener.simulation to false[0m
[[34m19:45:49.806 STDOUT (DEBUG) on main pfg.config.Config.loadInto(Config.java:274)] Set private boolean data.controlers.Listener.usingLidar to false[0m
[[34m19:45:49.806 STDOUT (DEBUG) on main pfg.config.Config.loadInto(Config.java:274)] Set private boolean data.controlers.Listener.usingCylinderDetection to false[0m
[[34m19:45:49.806 STDOUT (DEBUG) on main pfg.config.Config.loadInto(Config.java:274)] Set private boolean data.controlers.Listener.usingBaliseImage to false[0m
[[34m19:45:49.806 STDOUT (DEBUG) on main pfg.config.Config.loadInto(Config.java:274)] Set private boolean data.controlers.Listener.visualisation to false[0m
[[34m19:45:49.806 STDOUT (DEBUG) on main pfg.config.Config.loadInto(Config.java:274)] Set private boolean data.controlers.Listener.usingBaliseConnection to false[0m
[[34m19:45:49.807 STDOUT (DEBUG) on main pfg.config.Config.loadInto(Config.java:274)] Set private boolean data.controlers.Listener.connectToBuddy to false[0m
[[34m19:45:49.807 STDOUT (DEBUG) on main pfg.config.Config.loadInto(Config.java:274)] Set private long data.controlers.Listener.timeBetweenPosUpdates to 200[0m
[[34m19:45:49.808 DATA_HANDLER (DEBUG) on main utils.HLInstance.module(HLInstance.java:297)] Module Listener prêt[0m
[[34m19:45:49.809 COMMUNICATION (DEBUG) on pool-1-thread-1 data.controlers.Listener.asyncInit(Listener.java:186)] Listener lancé : connection aux devices...[0m
[[34m19:45:49.809 DATA_HANDLER (DEBUG) on main utils.HLInstance.module(HLInstance.java:271)] Initialisation du moduleClass MatchTimer[0m
[[34m19:45:49.809 COMMUNICATION (DEBUG) on pool-1-thread-1 data.controlers.Listener.asyncInit(Listener.java:199)] Lidar[0m
[[34m19:45:49.809 COMMUNICATION (DEBUG) on pool-1-thread-1 data.controlers.Listener.asyncInit(Listener.java:200)] Balise[0m
[[34m19:45:49.809 DATA_HANDLER (DEBUG) on main utils.HLInstance.module(HLInstance.java:285)] Mise à jour de la config du moduleClass MatchTimer après son initialisation.[0m
[[34m19:45:49.809 DATA_HANDLER (DEBUG) on main utils.HLInstance.module(HLInstance.java:297)] Module MatchTimer prêt[0m
[[34m19:45:49.809 DATA_HANDLER (DEBUG) on main utils.HLInstance.module(HLInstance.java:271)] Initialisation du moduleClass DataController[0m
[[34m19:45:49.811 DATA_HANDLER (DEBUG) on main utils.HLInstance.module(HLInstance.java:285)] Mise à jour de la config du moduleClass DataController après son initialisation.[0m
[[34m19:45:49.811 STDOUT (DEBUG) on main pfg.config.Config.loadInto(Config.java:274)] Set private boolean data.controlers.DataController.master to true[0m
[[34m19:45:49.812 STDOUT (DEBUG) on main pfg.config.Config.loadInto(Config.java:274)] Set private boolean data.controlers.DataController.symetry to false[0m
[[34m19:45:49.818 DATA_HANDLER (DEBUG) on main utils.HLInstance.module(HLInstance.java:297)] Module DataController prêt[0m
[[34m19:45:49.818 DATA_HANDLER (DEBUG) on DataController data.controlers.DataController.run(DataController.java:164)] Controller lancé : en attente du listener...[0m
[[34m19:45:49.818 DATA_HANDLER (DEBUG) on main utils.HLInstance.module(HLInstance.java:285)] Mise à jour de la config du moduleClass Master après son initialisation.[0m
[[34m19:45:49.819 STDOUT (DEBUG) on main pfg.config.Config.loadInto(Config.java:274)] Set private long robot.Robot.locomotionLoopDelay to 20[0m
[[34m19:45:49.819 STDOUT (DEBUG) on main pfg.config.Config.loadInto(Config.java:274)] Set private boolean robot.Robot.simulation to false[0m
[[34m19:45:49.819 STDOUT (DEBUG) on main pfg.config.Config.loadInto(Config.java:274)] Set private boolean robot.Robot.master to true[0m
[[34m19:45:49.820 STDOUT (DEBUG) on main pfg.config.Config.loadInto(Config.java:274)] Set private boolean robot.Robot.symetry to false[0m
[[34m19:45:49.820 STDOUT (DEBUG) on main pfg.config.Config.loadInto(Config.java:274)] Set private boolean robot.Robot.usingPanel to false[0m
[[34m19:45:49.820 DATA_HANDLER (DEBUG) on main utils.HLInstance.module(HLInstance.java:297)] Module Master prêt[0m
[[34m19:45:49.820 COMMUNICATION (DEBUG) on pool-1-thread-1 utils.communication.SerialInterface.init(SerialInterface.java:65)] Ouverture de ttyACM0[0m
[[31m19:45:49.820 STRATEGY (CRITICAL) on main main.RobotEntryPoint.initServices(RobotEntryPoint.java:195)] PAS DE PANNEAU[0m
[[34m19:45:49.821 STRATEGY (DEBUG) on main main.RobotEntryPoint.initServices(RobotEntryPoint.java:198)] Couleur: jaune[0m
[[34m19:45:49.821 DATA_HANDLER (DEBUG) on main utils.HLInstance.module(HLInstance.java:271)] Initialisation du moduleClass ScriptManagerMaster[0m
[[34m19:45:49.821 COMMUNICATION (DEBUG) on pool-1-thread-1 data.controlers.Listener.asyncInit(Listener.java:203)] Teensy Master[0m
[[34m19:45:49.822 DATA_HANDLER (DEBUG) on main utils.HLInstance.module(HLInstance.java:285)] Mise à jour de la config du moduleClass ScriptManagerMaster après son initialisation.[0m
[[34m19:45:49.822 DATA_HANDLER (DEBUG) on main utils.HLInstance.module(HLInstance.java:297)] Module ScriptManagerMaster prêt[0m
[[34m19:45:50.166 DATA_HANDLER (DEBUG) on main utils.HLInstance.module(HLInstance.java:271)] Initialisation du moduleClass LidarController[0m
[[34m19:45:50.166 DATA_HANDLER (DEBUG) on main utils.HLInstance.module(HLInstance.java:285)] Mise à jour de la config du moduleClass LidarController après son initialisation.[0m
[[34m19:45:50.167 STDOUT (DEBUG) on main pfg.config.Config.loadInto(Config.java:274)] Set private boolean data.controlers.LidarController.symetry to false[0m
[[34m19:45:50.167 STDOUT (DEBUG) on main pfg.config.Config.loadInto(Config.java:274)] Set private int data.controlers.LidarController.robotRay to 190[0m
[[34m19:45:50.167 STDOUT (DEBUG) on main pfg.config.Config.loadInto(Config.java:274)] Set private int data.controlers.LidarController.ennemyRay to 150[0m
[[34m19:45:50.167 STDOUT (DEBUG) on main pfg.config.Config.loadInto(Config.java:274)] Set private java.lang.String data.controlers.LidarController.lidarProcessPath to ../bin/LiDAR_UST_10LX[0m
[[34m19:45:50.167 STDOUT (DEBUG) on main pfg.config.Config.loadInto(Config.java:274)] Set private boolean data.controlers.LidarController.usingLidar to false[0m
[[34m19:45:50.168 DATA_HANDLER (DEBUG) on main utils.HLInstance.module(HLInstance.java:297)] Module LidarController prêt[0m
[[34m19:45:50.169 DATA_HANDLER (DEBUG) on main utils.HLInstance.module(HLInstance.java:271)] Initialisation du moduleClass CylinderDetectionController[0m
[[34m19:45:50.170 DATA_HANDLER (DEBUG) on main utils.HLInstance.module(HLInstance.java:285)] Mise à jour de la config du moduleClass CylinderDetectionController après son initialisation.[0m
[[34m19:45:50.171 STDOUT (DEBUG) on main pfg.config.Config.loadInto(Config.java:274)] Set private boolean data.controlers.CylinderDetectionController.usingCylinderDetection to false[0m
[[34m19:45:50.171 STDOUT (DEBUG) on main pfg.config.Config.loadInto(Config.java:274)] Set private boolean data.controlers.CylinderDetectionController.symetry to false[0m
[[34m19:45:50.172 DATA_HANDLER (DEBUG) on main utils.HLInstance.module(HLInstance.java:297)] Module CylinderDetectionController prêt[0m
[[34m19:45:50.172 DATA_HANDLER (DEBUG) on main utils.HLInstance.module(HLInstance.java:271)] Initialisation du moduleClass AIModule[0m
[[34m19:45:50.176 DATA_HANDLER (DEBUG) on main utils.HLInstance.module(HLInstance.java:285)] Mise à jour de la config du moduleClass AIModule après son initialisation.[0m
[[34m19:45:50.177 STDOUT (DEBUG) on main pfg.config.Config.loadInto(Config.java:274)] Set private int data.Graphe.nodeCircleNbr to 14[0m
[[34m19:45:50.177 STDOUT (DEBUG) on main pfg.config.Config.loadInto(Config.java:274)] Set private double data.Graphe.spaceCircleParameter to 1.2[0m
[[34m19:45:50.177 STDOUT (DEBUG) on main pfg.config.Config.loadInto(Config.java:274)] Set private int data.Graphe.nodeXNbr to 30[0m
[[34m19:45:50.177 STDOUT (DEBUG) on main pfg.config.Config.loadInto(Config.java:274)] Set private int data.Graphe.nodeYNbr to 20[0m
[[34m19:45:50.177 STDOUT (DEBUG) on main pfg.config.Config.loadInto(Config.java:274)] Set private int data.Graphe.partitioningX to 25[0m
[[34m19:45:50.177 STDOUT (DEBUG) on main pfg.config.Config.loadInto(Config.java:274)] Set private int data.Graphe.partitioningY to 25[0m
[[34m19:45:50.177 DATA_HANDLER (DEBUG) on main utils.HLInstance.module(HLInstance.java:297)] Module AIModule prêt[0m
[[34m19:45:50.179 DATA_HANDLER (DEBUG) on main utils.HLInstance.module(HLInstance.java:271)] Initialisation du moduleClass MontlheryController[0m
[[34m19:45:50.179 DATA_HANDLER (DEBUG) on main utils.HLInstance.module(HLInstance.java:285)] Mise à jour de la config du moduleClass MontlheryController après son initialisation.[0m
[[34m19:45:50.179 DATA_HANDLER (DEBUG) on main utils.HLInstance.module(HLInstance.java:297)] Module MontlheryController prêt[0m
[[31m19:45:50.182 COMMUNICATION (CRITICAL) on Thread-5 connection.Connection.send(Connection.java:145)] TEENSY_MASTER WAITING FOR OPENNESS[0m
[[31m19:45:50.682 COMMUNICATION (CRITICAL) on Thread-5 connection.Connection.send(Connection.java:145)] TEENSY_MASTER WAITING FOR OPENNESS[0m
[[34m19:45:50.834 COMMUNICATION (DEBUG) on main main.RobotEntryPoint.entryPoint(RobotEntryPoint.java:61)] Connection established, starting match[0m
[[34m19:45:51.023 COMMUNICATION (DEBUG) on pool-1-thread-1 data.controlers.Listener.asyncInit(Listener.java:257)] Listener opérationnel[0m
[[34m19:45:51.184 ORDERS (DEBUG) on Thread-5 MontlheryController.run(MontlheryController.java:39)] Sent to LL: montlhery[0m
[[34m19:45:51.184 ORDERS (DEBUG) on Thread-5 MontlheryController.run(MontlheryController.java:39)] Sent to LL: maxro 0.39269908169872414[0m
[[34m19:45:51.184 ORDERS (DEBUG) on Thread-5 MontlheryController.run(MontlheryController.java:39)] Sent to LL: maxtr 60[0m
[[34m19:45:51.220 DATA_HANDLER (DEBUG) on DataController data.controlers.DataController.run(DataController.java:172)] Controller opérationnel[0m
[[34m19:45:51.291 ORDERS (DEBUG) on Thread-5 MontlheryController.run(MontlheryController.java:137)] Sent to LL: sstop[0m
[[34m19:45:53.627 ORDERS (DEBUG) on Thread-5 MontlheryController.run(MontlheryController.java:112)] Sent to LL: av[0m
[[34m19:45:54.030 ORDERS (DEBUG) on Thread-5 MontlheryController.run(MontlheryController.java:119)] Sent to LL: trstop[0m
[[34m19:45:54.031 ORDERS (DEBUG) on Thread-5 MontlheryController.run(MontlheryController.java:137)] Sent to LL: sstop[0m
[[34m19:45:54.321 ORDERS (DEBUG) on Thread-5 MontlheryController.run(MontlheryController.java:125)] Sent to LL: td[0m
[[34m19:45:54.514 ORDERS (DEBUG) on Thread-5 MontlheryController.run(MontlheryController.java:132)] Sent to LL: rostop[0m
[[34m19:45:54.514 ORDERS (DEBUG) on Thread-5 MontlheryController.run(MontlheryController.java:137)] Sent to LL: sstop[0m
[[34m19:45:54.788 ORDERS (DEBUG) on Thread-5 MontlheryController.run(MontlheryController.java:125)] Sent to LL: td[0m
[[34m19:45:55.014 ORDERS (DEBUG) on Thread-5 MontlheryController.run(MontlheryController.java:132)] Sent to LL: rostop[0m
[[34m19:45:55.014 ORDERS (DEBUG) on Thread-5 MontlheryController.run(MontlheryController.java:137)] Sent to LL: sstop[0m
[[34m19:45:55.176 ORDERS (DEBUG) on Thread-5 MontlheryController.run(MontlheryController.java:127)] Sent to LL: tg[0m
[[34m19:45:55.659 ORDERS (DEBUG) on Thread-5 MontlheryController.run(MontlheryController.java:132)] Sent to LL: rostop[0m
[[34m19:45:55.659 ORDERS (DEBUG) on Thread-5 MontlheryController.run(MontlheryController.java:137)] Sent to LL: sstop[0m
[[34m19:45:56.094 ORDERS (DEBUG) on Thread-5 MontlheryController.run(MontlheryController.java:112)] Sent to LL: av[0m
[[34m19:45:56.531 ORDERS (DEBUG) on Thread-5 MontlheryController.run(MontlheryController.java:102)] Sent to LL: trstop[0m
[[34m19:45:56.531 ORDERS (DEBUG) on Thread-5 MontlheryController.run(MontlheryController.java:103)] Sent to LL: td[0m
[[34m19:45:56.554 ORDERS (DEBUG) on Thread-5 MontlheryController.run(MontlheryController.java:105)] Sent to LL: rostop[0m
[[34m19:45:56.554 ORDERS (DEBUG) on Thread-5 MontlheryController.run(MontlheryController.java:100)] Sent to LL: av[0m
[[34m19:45:56.604 ORDERS (DEBUG) on Thread-5 MontlheryController.run(MontlheryController.java:102)] Sent to LL: trstop[0m
[[34m19:45:56.604 ORDERS (DEBUG) on Thread-5 MontlheryController.run(MontlheryController.java:103)] Sent to LL: td[0m
[[34m19:45:56.626 ORDERS (DEBUG) on Thread-5 MontlheryController.run(MontlheryController.java:105)] Sent to LL: rostop[0m
[[34m19:45:56.626 ORDERS (DEBUG) on Thread-5 MontlheryController.run(MontlheryController.java:100)] Sent to LL: av[0m
[[34m19:45:56.677 ORDERS (DEBUG) on Thread-5 MontlheryController.run(MontlheryController.java:102)] Sent to LL: trstop[0m
[[34m19:45:56.677 ORDERS (DEBUG) on Thread-5 MontlheryController.run(MontlheryController.java:103)] Sent to LL: td[0m
[[34m19:45:56.699 ORDERS (DEBUG) on Thread-5 MontlheryController.run(MontlheryController.java:105)] Sent to LL: rostop[0m
[[34m19:45:56.699 ORDERS (DEBUG) on Thread-5 MontlheryController.run(MontlheryController.java:100)] Sent to LL: av[0m
[[34m19:45:56.749 ORDERS (DEBUG) on Thread-5 MontlheryController.run(MontlheryController.java:102)] Sent to LL: trstop[0m
[[34m19:45:56.749 ORDERS (DEBUG) on Thread-5 MontlheryController.run(MontlheryController.java:103)] Sent to LL: td[0m
[[34m19:45:56.772 ORDERS (DEBUG) on Thread-5 MontlheryController.run(MontlheryController.java:105)] Sent to LL: rostop[0m
[[34m19:45:56.772 ORDERS (DEBUG) on Thread-5 MontlheryController.run(MontlheryController.java:100)] Sent to LL: av[0m
[[34m19:45:56.822 ORDERS (DEBUG) on Thread-5 MontlheryController.run(MontlheryController.java:102)] Sent to LL: trstop[0m
[[34m19:45:56.822 ORDERS (DEBUG) on Thread-5 MontlheryController.run(MontlheryController.java:103)] Sent to LL: td[0m
[[34m19:45:56.844 ORDERS (DEBUG) on Thread-5 MontlheryController.run(MontlheryController.java:105)] Sent to LL: rostop[0m
[[34m19:45:56.845 ORDERS (DEBUG) on Thread-5 MontlheryController.run(MontlheryController.java:100)] Sent to LL: av[0m
[[34m19:45:56.895 ORDERS (DEBUG) on Thread-5 MontlheryController.run(MontlheryController.java:102)] Sent to LL: trstop[0m
[[34m19:45:56.895 ORDERS (DEBUG) on Thread-5 MontlheryController.run(MontlheryController.java:103)] Sent to LL: td[0m
[[34m19:45:56.917 ORDERS (DEBUG) on Thread-5 MontlheryController.run(MontlheryController.java:105)] Sent to LL: rostop[0m
[[34m19:45:56.917 ORDERS (DEBUG) on Thread-5 MontlheryController.run(MontlheryController.java:100)] Sent to LL: av[0m
[[34m19:45:56.967 ORDERS (DEBUG) on Thread-5 MontlheryController.run(MontlheryController.java:102)] Sent to LL: trstop[0m
[[34m19:45:56.968 ORDERS (DEBUG) on Thread-5 MontlheryController.run(MontlheryController.java:103)] Sent to LL: td[0m
[[34m19:45:56.990 ORDERS (DEBUG) on Thread-5 MontlheryController.run(MontlheryController.java:105)] Sent to LL: rostop[0m
[[34m19:45:56.990 ORDERS (DEBUG) on Thread-5 MontlheryController.run(MontlheryController.java:100)] Sent to LL: av[0m
[[34m19:45:57.040 ORDERS (DEBUG) on Thread-5 MontlheryController.run(MontlheryController.java:102)] Sent to LL: trstop[0m
[[34m19:45:57.041 ORDERS (DEBUG) on Thread-5 MontlheryController.run(MontlheryController.java:103)] Sent to LL: td[0m
[[34m19:45:57.063 ORDERS (DEBUG) on Thread-5 MontlheryController.run(MontlheryController.java:105)] Sent to LL: rostop[0m
[[34m19:45:57.063 ORDERS (DEBUG) on Thread-5 MontlheryController.run(MontlheryController.java:100)] Sent to LL: av[0m
[[34m19:45:57.113 ORDERS (DEBUG) on Thread-5 MontlheryController.run(MontlheryController.java:102)] Sent to LL: trstop[0m
[[34m19:45:57.114 ORDERS (DEBUG) on Thread-5 MontlheryController.run(MontlheryController.java:103)] Sent to LL: td[0m
[[34m19:45:57.136 ORDERS (DEBUG) on Thread-5 MontlheryController.run(MontlheryController.java:105)] Sent to LL: rostop[0m
[[34m19:45:57.136 ORDERS (DEBUG) on Thread-5 MontlheryController.run(MontlheryController.java:100)] Sent to LL: av[0m
[[34m19:45:57.186 ORDERS (DEBUG) on Thread-5 MontlheryController.run(MontlheryController.java:102)] Sent to LL: trstop[0m
[[34m19:45:57.186 ORDERS (DEBUG) on Thread-5 MontlheryController.run(MontlheryController.java:103)] Sent to LL: td[0m
[[34m19:45:57.209 ORDERS (DEBUG) on Thread-5 MontlheryController.run(MontlheryController.java:105)] Sent to LL: rostop[0m
[[34m19:45:57.209 ORDERS (DEBUG) on Thread-5 MontlheryController.run(MontlheryController.java:100)] Sent to LL: av[0m
[[34m19:45:57.259 ORDERS (DEBUG) on Thread-5 MontlheryController.run(MontlheryController.java:102)] Sent to LL: trstop[0m
[[34m19:45:57.259 ORDERS (DEBUG) on Thread-5 MontlheryController.run(MontlheryController.java:103)] Sent to LL: td[0m
[[34m19:45:57.281 ORDERS (DEBUG) on Thread-5 MontlheryController.run(MontlheryController.java:105)] Sent to LL: rostop[0m
[[34m19:45:57.282 ORDERS (DEBUG) on Thread-5 MontlheryController.run(MontlheryController.java:100)] Sent to LL: av[0m
[[34m19:45:57.332 ORDERS (DEBUG) on Thread-5 MontlheryController.run(MontlheryController.java:102)] Sent to LL: trstop[0m
[[34m19:45:57.332 ORDERS (DEBUG) on Thread-5 MontlheryController.run(MontlheryController.java:103)] Sent to LL: td[0m
[[34m19:45:57.354 ORDERS (DEBUG) on Thread-5 MontlheryController.run(MontlheryController.java:105)] Sent to LL: rostop[0m
[[34m19:45:57.354 ORDERS (DEBUG) on Thread-5 MontlheryController.run(MontlheryController.java:100)] Sent to LL: av[0m
[[34m19:45:57.405 ORDERS (DEBUG) on Thread-5 MontlheryController.run(MontlheryController.java:102)] Sent to LL: trstop[0m
[[34m19:45:57.405 ORDERS (DEBUG) on Thread-5 MontlheryController.run(MontlheryController.java:103)] Sent to LL: td[0m
[[34m19:45:57.427 ORDERS (DEBUG) on Thread-5 MontlheryController.run(MontlheryController.java:105)] Sent to LL: rostop[0m
[[34m19:45:57.427 ORDERS (DEBUG) on Thread-5 MontlheryController.run(MontlheryController.java:100)] Sent to LL: av[0m
[[34m19:45:57.477 ORDERS (DEBUG) on Thread-5 MontlheryController.run(MontlheryController.java:102)] Sent to LL: trstop[0m
[[34m19:45:57.477 ORDERS (DEBUG) on Thread-5 MontlheryController.run(MontlheryController.java:103)] Sent to LL: td[0m
[[34m19:45:57.499 ORDERS (DEBUG) on Thread-5 MontlheryController.run(MontlheryController.java:105)] Sent to LL: rostop[0m
[[34m19:45:57.499 ORDERS (DEBUG) on Thread-5 MontlheryController.run(MontlheryController.java:100)] Sent to LL: av[0m
[[34m19:45:57.550 ORDERS (DEBUG) on Thread-5 MontlheryController.run(MontlheryController.java:102)] Sent to LL: trstop[0m
[[34m19:45:57.550 ORDERS (DEBUG) on Thread-5 MontlheryController.run(MontlheryController.java:103)] Sent to LL: td[0m
[[34m19:45:57.572 ORDERS (DEBUG) on Thread-5 MontlheryController.run(MontlheryController.java:105)] Sent to LL: rostop[0m
[[34m19:45:57.572 ORDERS (DEBUG) on Thread-5 MontlheryController.run(MontlheryController.java:100)] Sent to LL: av[0m
[[34m19:45:57.622 ORDERS (DEBUG) on Thread-5 MontlheryController.run(MontlheryController.java:102)] Sent to LL: trstop[0m
[[34m19:45:57.622 ORDERS (DEBUG) on Thread-5 MontlheryController.run(MontlheryController.java:103)] Sent to LL: td[0m
[[34m19:45:57.645 ORDERS (DEBUG) on Thread-5 MontlheryController.run(MontlheryController.java:105)] Sent to LL: rostop[0m
[[34m19:45:57.645 ORDERS (DEBUG) on Thread-5 MontlheryController.run(MontlheryController.java:100)] Sent to LL: av[0m
[[34m19:45:57.695 ORDERS (DEBUG) on Thread-5 MontlheryController.run(MontlheryController.java:102)] Sent to LL: trstop[0m
[[34m19:45:57.695 ORDERS (DEBUG) on Thread-5 MontlheryController.run(MontlheryController.java:103)] Sent to LL: td[0m
[[34m19:45:57.717 ORDERS (DEBUG) on Thread-5 MontlheryController.run(MontlheryController.java:105)] Sent to LL: rostop[0m
[[34m19:45:57.717 ORDERS (DEBUG) on Thread-5 MontlheryController.run(MontlheryController.java:100)] Sent to LL: av[0m
[[34m19:45:57.768 ORDERS (DEBUG) on Thread-5 MontlheryController.run(MontlheryController.java:102)] Sent to LL: trstop[0m
[[34m19:45:57.768 ORDERS (DEBUG) on Thread-5 MontlheryController.run(MontlheryController.java:103)] Sent to LL: td[0m
[[34m19:45:57.790 ORDERS (DEBUG) on Thread-5 MontlheryController.run(MontlheryController.java:105)] Sent to LL: rostop[0m
[[34m19:45:57.790 ORDERS (DEBUG) on Thread-5 MontlheryController.run(MontlheryController.java:100)] Sent to LL: av[0m
[[34m19:45:57.842 ORDERS (DEBUG) on Thread-5 MontlheryController.run(MontlheryController.java:102)] Sent to LL: trstop[0m
[[34m19:45:57.842 ORDERS (DEBUG) on Thread-5 MontlheryController.run(MontlheryController.java:103)] Sent to LL: td[0m
[[34m19:45:57.864 ORDERS (DEBUG) on Thread-5 MontlheryController.run(MontlheryController.java:105)] Sent to LL: rostop[0m
[[34m19:45:57.864 ORDERS (DEBUG) on Thread-5 MontlheryController.run(MontlheryController.java:100)] Sent to LL: av[0m
[[34m19:45:57.915 ORDERS (DEBUG) on Thread-5 MontlheryController.run(MontlheryController.java:102)] Sent to LL: trstop[0m
[[34m19:45:57.915 ORDERS (DEBUG) on Thread-5 MontlheryController.run(MontlheryController.java:103)] Sent to LL: td[0m
[[34m19:45:57.937 ORDERS (DEBUG) on Thread-5 MontlheryController.run(MontlheryController.java:105)] Sent to LL: rostop[0m
[[34m19:45:57.937 ORDERS (DEBUG) on Thread-5 MontlheryController.run(MontlheryController.java:100)] Sent to LL: av[0m
[[34m19:45:57.987 ORDERS (DEBUG) on Thread-5 MontlheryController.run(MontlheryController.java:102)] Sent to LL: trstop[0m
[[34m19:45:57.987 ORDERS (DEBUG) on Thread-5 MontlheryController.run(MontlheryController.java:103)] Sent to LL: td[0m
[[34m19:45:58.009 ORDERS (DEBUG) on Thread-5 MontlheryController.run(MontlheryController.java:105)] Sent to LL: rostop[0m
[[34m19:45:58.010 ORDERS (DEBUG) on Thread-5 MontlheryController.run(MontlheryController.java:100)] Sent to LL: av[0m
[[34m19:45:58.060 ORDERS (DEBUG) on Thread-5 MontlheryController.run(MontlheryController.java:102)] Sent to LL: trstop[0m
[[34m19:45:58.060 ORDERS (DEBUG) on Thread-5 MontlheryController.run(MontlheryController.java:103)] Sent to LL: td[0m
[[34m19:45:58.082 ORDERS (DEBUG) on Thread-5 MontlheryController.run(MontlheryController.java:105)] Sent to LL: rostop[0m
[[34m19:45:58.082 ORDERS (DEBUG) on Thread-5 MontlheryController.run(MontlheryController.java:100)] Sent to LL: av[0m
[[34m19:45:58.132 ORDERS (DEBUG) on Thread-5 MontlheryController.run(MontlheryController.java:102)] Sent to LL: trstop[0m
[[34m19:45:58.133 ORDERS (DEBUG) on Thread-5 MontlheryController.run(MontlheryController.java:103)] Sent to LL: td[0m
[[34m19:45:58.155 ORDERS (DEBUG) on Thread-5 MontlheryController.run(MontlheryController.java:105)] Sent to LL: rostop[0m
[[34m19:45:58.155 ORDERS (DEBUG) on Thread-5 MontlheryController.run(MontlheryController.java:100)] Sent to LL: av[0m
[[34m19:45:58.205 ORDERS (DEBUG) on Thread-5 MontlheryController.run(MontlheryController.java:102)] Sent to LL: trstop[0m
[[34m19:45:58.205 ORDERS (DEBUG) on Thread-5 MontlheryController.run(MontlheryController.java:103)] Sent to LL: td[0m
[[34m19:45:58.227 ORDERS (DEBUG) on Thread-5 MontlheryController.run(MontlheryController.java:105)] Sent to LL: rostop[0m
[[34m19:45:58.228 ORDERS (DEBUG) on Thread-5 MontlheryController.run(MontlheryController.java:100)] Sent to LL: av[0m
[[34m19:45:58.278 ORDERS (DEBUG) on Thread-5 MontlheryController.run(MontlheryController.java:102)] Sent to LL: trstop[0m
[[34m19:45:58.278 ORDERS (DEBUG) on Thread-5 MontlheryController.run(MontlheryController.java:103)] Sent to LL: td[0m
[[34m19:45:58.300 ORDERS (DEBUG) on Thread-5 MontlheryController.run(MontlheryController.java:105)] Sent to LL: rostop[0m
[[34m19:45:58.300 ORDERS (DEBUG) on Thread-5 MontlheryController.run(MontlheryController.java:100)] Sent to LL: av[0m
[[34m19:45:58.350 ORDERS (DEBUG) on Thread-5 MontlheryController.run(MontlheryController.java:102)] Sent to LL: trstop[0m
[[34m19:45:58.350 ORDERS (DEBUG) on Thread-5 MontlheryController.run(MontlheryController.java:103)] Sent to LL: td[0m
[[34m19:45:58.373 ORDERS (DEBUG) on Thread-5 MontlheryController.run(MontlheryController.java:105)] Sent to LL: rostop[0m
[[34m19:45:58.373 ORDERS (DEBUG) on Thread-5 MontlheryController.run(MontlheryController.java:100)] Sent to LL: av[0m
[[34m19:45:58.423 ORDERS (DEBUG) on Thread-5 MontlheryController.run(MontlheryController.java:102)] Sent to LL: trstop[0m
[[34m19:45:58.423 ORDERS (DEBUG) on Thread-5 MontlheryController.run(MontlheryController.java:103)] Sent to LL: td[0m
[[34m19:45:58.445 ORDERS (DEBUG) on Thread-5 MontlheryController.run(MontlheryController.java:105)] Sent to LL: rostop[0m
[[34m19:45:58.446 ORDERS (DEBUG) on Thread-5 MontlheryController.run(MontlheryController.java:119)] Sent to LL: trstop[0m
[[34m19:45:58.446 ORDERS (DEBUG) on Thread-5 MontlheryController.run(MontlheryController.java:125)] Sent to LL: td[0m
[[34m19:45:58.478 ORDERS (DEBUG) on Thread-5 MontlheryController.run(MontlheryController.java:132)] Sent to LL: rostop[0m
[[34m19:45:58.478 ORDERS (DEBUG) on Thread-5 MontlheryController.run(MontlheryController.java:137)] Sent to LL: sstop[0m
[[34m19:45:59.122 ORDERS (DEBUG) on Thread-5 MontlheryController.run(MontlheryController.java:127)] Sent to LL: tg[0m
[[34m19:45:59.429 ORDERS (DEBUG) on Thread-5 MontlheryController.run(MontlheryController.java:132)] Sent to LL: rostop[0m
[[34m19:45:59.429 ORDERS (DEBUG) on Thread-5 MontlheryController.run(MontlheryController.java:137)] Sent to LL: sstop[0m
[[34m19:45:59.638 ORDERS (DEBUG) on Thread-5 MontlheryController.run(MontlheryController.java:127)] Sent to LL: tg[0m
[[34m19:45:59.783 ORDERS (DEBUG) on Thread-5 MontlheryController.run(MontlheryController.java:132)] Sent to LL: rostop[0m
[[34m19:45:59.784 ORDERS (DEBUG) on Thread-5 MontlheryController.run(MontlheryController.java:137)] Sent to LL: sstop[0m
[[34m19:46:00.460 ORDERS (DEBUG) on Thread-5 MontlheryController.run(MontlheryController.java:127)] Sent to LL: tg[0m
[[34m19:46:00.509 ORDERS (DEBUG) on Thread-5 MontlheryController.run(MontlheryController.java:132)] Sent to LL: rostop[0m
[[34m19:46:00.509 ORDERS (DEBUG) on Thread-5 MontlheryController.run(MontlheryController.java:137)] Sent to LL: sstop[0m
[[34m19:46:01.202 ORDERS (DEBUG) on Thread-5 MontlheryController.run(MontlheryController.java:127)] Sent to LL: tg[0m
[[34m19:46:01.282 ORDERS (DEBUG) on Thread-5 MontlheryController.run(MontlheryController.java:132)] Sent to LL: rostop[0m
[[34m19:46:01.282 ORDERS (DEBUG) on Thread-5 MontlheryController.run(MontlheryController.java:137)] Sent to LL: sstop[0m
[[34m19:46:01.717 ORDERS (DEBUG) on Thread-5 MontlheryController.run(MontlheryController.java:114)] Sent to LL: rc[0m
[[34m19:46:02.716 ORDERS (DEBUG) on Thread-5 MontlheryController.run(MontlheryController.java:127)] Sent to LL: tg[0m
[[34m19:46:02.732 ORDERS (DEBUG) on Thread-5 MontlheryController.run(MontlheryController.java:114)] Sent to LL: rc[0m
[[34m19:46:02.732 ORDERS (DEBUG) on Thread-5 MontlheryController.run(MontlheryController.java:127)] Sent to LL: tg[0m
[[34m19:46:02.748 ORDERS (DEBUG) on Thread-5 MontlheryController.run(MontlheryController.java:114)] Sent to LL: rc[0m
[[34m19:46:02.748 ORDERS (DEBUG) on Thread-5 MontlheryController.run(MontlheryController.java:127)] Sent to LL: tg[0m
[[34m19:46:02.764 ORDERS (DEBUG) on Thread-5 MontlheryController.run(MontlheryController.java:114)] Sent to LL: rc[0m
[[34m19:46:02.764 ORDERS (DEBUG) on Thread-5 MontlheryController.run(MontlheryController.java:127)] Sent to LL: tg[0m
[[34m19:46:02.781 ORDERS (DEBUG) on Thread-5 MontlheryController.run(MontlheryController.java:114)] Sent to LL: rc[0m
[[34m19:46:02.781 ORDERS (DEBUG) on Thread-5 MontlheryController.run(MontlheryController.java:127)] Sent to LL: tg[0m
[[34m19:46:02.797 ORDERS (DEBUG) on Thread-5 MontlheryController.run(MontlheryController.java:114)] Sent to LL: rc[0m
[[34m19:46:02.797 ORDERS (DEBUG) on Thread-5 MontlheryController.run(MontlheryController.java:127)] Sent to LL: tg[0m
[[34m19:46:02.813 ORDERS (DEBUG) on Thread-5 MontlheryController.run(MontlheryController.java:114)] Sent to LL: rc[0m
[[34m19:46:02.813 ORDERS (DEBUG) on Thread-5 MontlheryController.run(MontlheryController.java:127)] Sent to LL: tg[0m
[[34m19:46:02.829 ORDERS (DEBUG) on Thread-5 MontlheryController.run(MontlheryController.java:114)] Sent to LL: rc[0m
[[34m19:46:02.829 ORDERS (DEBUG) on Thread-5 MontlheryController.run(MontlheryController.java:127)] Sent to LL: tg[0m
[[34m19:46:02.845 ORDERS (DEBUG) on Thread-5 MontlheryController.run(MontlheryController.java:114)] Sent to LL: rc[0m
[[34m19:46:02.846 ORDERS (DEBUG) on Thread-5 MontlheryController.run(MontlheryController.java:127)] Sent to LL: tg[0m
[[34m19:46:02.862 ORDERS (DEBUG) on Thread-5 MontlheryController.run(MontlheryController.java:114)] Sent to LL: rc[0m
[[34m19:46:02.862 ORDERS (DEBUG) on Thread-5 MontlheryController.run(MontlheryController.java:127)] Sent to LL: tg[0m
[[34m19:46:02.878 ORDERS (DEBUG) on Thread-5 MontlheryController.run(MontlheryController.java:114)] Sent to LL: rc[0m
[[34m19:46:02.878 ORDERS (DEBUG) on Thread-5 MontlheryController.run(MontlheryController.java:127)] Sent to LL: tg[0m
[[34m19:46:02.894 ORDERS (DEBUG) on Thread-5 MontlheryController.run(MontlheryController.java:114)] Sent to LL: rc[0m
[[34m19:46:02.894 ORDERS (DEBUG) on Thread-5 MontlheryController.run(MontlheryController.java:127)] Sent to LL: tg[0m
[[34m19:46:02.910 ORDERS (DEBUG) on Thread-5 MontlheryController.run(MontlheryController.java:114)] Sent to LL: rc[0m
[[34m19:46:02.910 ORDERS (DEBUG) on Thread-5 MontlheryController.run(MontlheryController.java:127)] Sent to LL: tg[0m
[[34m19:46:02.927 ORDERS (DEBUG) on Thread-5 MontlheryController.run(MontlheryController.java:114)] Sent to LL: rc[0m
[[34m19:46:02.927 ORDERS (DEBUG) on Thread-5 MontlheryController.run(MontlheryController.java:127)] Sent to LL: tg[0m
[[34m19:46:02.943 ORDERS (DEBUG) on Thread-5 MontlheryController.run(MontlheryController.java:114)] Sent to LL: rc[0m
[[34m19:46:02.943 ORDERS (DEBUG) on Thread-5 MontlheryController.run(MontlheryController.java:127)] Sent to LL: tg[0m
[[34m19:46:02.959 ORDERS (DEBUG) on Thread-5 MontlheryController.run(MontlheryController.java:114)] Sent to LL: rc[0m
[[34m19:46:02.959 ORDERS (DEBUG) on Thread-5 MontlheryController.run(MontlheryController.java:127)] Sent to LL: tg[0m
[[34m19:46:02.975 ORDERS (DEBUG) on Thread-5 MontlheryController.run(MontlheryController.java:114)] Sent to LL: rc[0m
[[34m19:46:02.975 ORDERS (DEBUG) on Thread-5 MontlheryController.run(MontlheryController.java:127)] Sent to LL: tg[0m
[[34m19:46:02.992 ORDERS (DEBUG) on Thread-5 MontlheryController.run(MontlheryController.java:114)] Sent to LL: rc[0m
[[34m19:46:02.992 ORDERS (DEBUG) on Thread-5 MontlheryController.run(MontlheryController.java:127)] Sent to LL: tg[0m
[[34m19:46:03.008 ORDERS (DEBUG) on Thread-5 MontlheryController.run(MontlheryController.java:114)] Sent to LL: rc[0m
[[34m19:46:03.008 ORDERS (DEBUG) on Thread-5 MontlheryController.run(MontlheryController.java:127)] Sent to LL: tg[0m
[[34m19:46:03.025 ORDERS (DEBUG) on Thread-5 MontlheryController.run(MontlheryController.java:114)] Sent to LL: rc[0m
[[34m19:46:03.025 ORDERS (DEBUG) on Thread-5 MontlheryController.run(MontlheryController.java:132)] Sent to LL: rostop[0m
[[34m19:46:03.041 ORDERS (DEBUG) on Thread-5 MontlheryController.run(MontlheryController.java:114)] Sent to LL: rc[0m
[[34m19:46:03.105 ORDERS (DEBUG) on Thread-5 MontlheryController.run(MontlheryController.java:119)] Sent to LL: trstop[0m
[[34m19:46:03.106 ORDERS (DEBUG) on Thread-5 MontlheryController.run(MontlheryController.java:137)] Sent to LL: sstop[0m
[[34m19:46:03.250 ORDERS (DEBUG) on Thread-5 MontlheryController.run(MontlheryController.java:112)] Sent to LL: av[0m
[[34m19:46:03.653 ORDERS (DEBUG) on Thread-5 MontlheryController.run(MontlheryController.java:119)] Sent to LL: trstop[0m
[[34m19:46:03.653 ORDERS (DEBUG) on Thread-5 MontlheryController.run(MontlheryController.java:137)] Sent to LL: sstop[0m
[[34m19:46:03.943 ORDERS (DEBUG) on Thread-5 MontlheryController.run(MontlheryController.java:112)] Sent to LL: av[0m
[[34m19:46:04.796 ORDERS (DEBUG) on Thread-5 MontlheryController.run(MontlheryController.java:119)] Sent to LL: trstop[0m
[[34m19:46:04.797 ORDERS (DEBUG) on Thread-5 MontlheryController.run(MontlheryController.java:137)] Sent to LL: sstop[0m
[[34m19:46:04.861 ORDERS (DEBUG) on Thread-5 MontlheryController.run(MontlheryController.java:125)] Sent to LL: td[0m
[[34m19:46:05.006 ORDERS (DEBUG) on Thread-5 MontlheryController.run(MontlheryController.java:132)] Sent to LL: rostop[0m
[[34m19:46:05.006 ORDERS (DEBUG) on Thread-5 MontlheryController.run(MontlheryController.java:137)] Sent to LL: sstop[0m
[[34m19:46:05.232 ORDERS (DEBUG) on Thread-5 MontlheryController.run(MontlheryController.java:125)] Sent to LL: td[0m
[[34m19:46:05.699 ORDERS (DEBUG) on Thread-5 MontlheryController.run(MontlheryController.java:132)] Sent to LL: rostop[0m
[[34m19:46:05.699 ORDERS (DEBUG) on Thread-5 MontlheryController.run(MontlheryController.java:137)] Sent to LL: sstop[0m
[[34m19:46:05.972 ORDERS (DEBUG) on Thread-5 MontlheryController.run(MontlheryController.java:125)] Sent to LL: td[0m
[[34m19:46:06.133 ORDERS (DEBUG) on Thread-5 MontlheryController.run(MontlheryController.java:132)] Sent to LL: rostop[0m
[[34m19:46:06.134 ORDERS (DEBUG) on Thread-5 MontlheryController.run(MontlheryController.java:137)] Sent to LL: sstop[0m
[[34m19:46:06.552 ORDERS (DEBUG) on Thread-5 MontlheryController.run(MontlheryController.java:114)] Sent to LL: rc[0m
[[34m19:46:07.163 ORDERS (DEBUG) on Thread-5 MontlheryController.run(MontlheryController.java:119)] Sent to LL: trstop[0m
[[34m19:46:07.163 ORDERS (DEBUG) on Thread-5 MontlheryController.run(MontlheryController.java:137)] Sent to LL: sstop[0m
[[34m19:46:07.695 ORDERS (DEBUG) on Thread-5 MontlheryController.run(MontlheryController.java:125)] Sent to LL: td[0m
[[34m19:46:07.840 ORDERS (DEBUG) on Thread-5 MontlheryController.run(MontlheryController.java:132)] Sent to LL: rostop[0m
[[34m19:46:07.840 ORDERS (DEBUG) on Thread-5 MontlheryController.run(MontlheryController.java:137)] Sent to LL: sstop[0m
[[34m19:46:08.050 ORDERS (DEBUG) on Thread-5 MontlheryController.run(MontlheryController.java:127)] Sent to LL: tg[0m
[[34m19:46:08.356 ORDERS (DEBUG) on Thread-5 MontlheryController.run(MontlheryController.java:132)] Sent to LL: rostop[0m
[[34m19:46:08.356 ORDERS (DEBUG) on Thread-5 MontlheryController.run(MontlheryController.java:137)] Sent to LL: sstop[0m
[[34m19:46:08.726 ORDERS (DEBUG) on Thread-5 MontlheryController.run(MontlheryController.java:112)] Sent to LL: av[0m
[[34m19:46:09.421 ORDERS (DEBUG) on Thread-5 MontlheryController.run(MontlheryController.java:102)] Sent to LL: trstop[0m
[[34m19:46:09.421 ORDERS (DEBUG) on Thread-5 MontlheryController.run(MontlheryController.java:103)] Sent to LL: td[0m
[[34m19:46:09.443 ORDERS (DEBUG) on Thread-5 MontlheryController.run(MontlheryController.java:105)] Sent to LL: rostop[0m
[[34m19:46:09.444 ORDERS (DEBUG) on Thread-5 MontlheryController.run(MontlheryController.java:100)] Sent to LL: av[0m
[[34m19:46:09.494 ORDERS (DEBUG) on Thread-5 MontlheryController.run(MontlheryController.java:102)] Sent to LL: trstop[0m
[[34m19:46:09.494 ORDERS (DEBUG) on Thread-5 MontlheryController.run(MontlheryController.java:103)] Sent to LL: td[0m
[[34m19:46:09.516 ORDERS (DEBUG) on Thread-5 MontlheryController.run(MontlheryController.java:105)] Sent to LL: rostop[0m
[[34m19:46:09.516 ORDERS (DEBUG) on Thread-5 MontlheryController.run(MontlheryController.java:100)] Sent to LL: av[0m
[[34m19:46:09.566 ORDERS (DEBUG) on Thread-5 MontlheryController.run(MontlheryController.java:102)] Sent to LL: trstop[0m
[[34m19:46:09.566 ORDERS (DEBUG) on Thread-5 MontlheryController.run(MontlheryController.java:103)] Sent to LL: td[0m
[[34m19:46:09.588 ORDERS (DEBUG) on Thread-5 MontlheryController.run(MontlheryController.java:105)] Sent to LL: rostop[0m
[[34m19:46:09.589 ORDERS (DEBUG) on Thread-5 MontlheryController.run(MontlheryController.java:100)] Sent to LL: av[0m
[[34m19:46:09.639 ORDERS (DEBUG) on Thread-5 MontlheryController.run(MontlheryController.java:102)] Sent to LL: trstop[0m
[[34m19:46:09.639 ORDERS (DEBUG) on Thread-5 MontlheryController.run(MontlheryController.java:103)] Sent to LL: td[0m
[[34m19:46:09.661 ORDERS (DEBUG) on Thread-5 MontlheryController.run(MontlheryController.java:105)] Sent to LL: rostop[0m
[[34m19:46:09.661 ORDERS (DEBUG) on Thread-5 MontlheryController.run(MontlheryController.java:100)] Sent to LL: av[0m
[[34m19:46:09.711 ORDERS (DEBUG) on Thread-5 MontlheryController.run(MontlheryController.java:102)] Sent to LL: trstop[0m
[[34m19:46:09.712 ORDERS (DEBUG) on Thread-5 MontlheryController.run(MontlheryController.java:103)] Sent to LL: td[0m
[[34m19:46:09.734 ORDERS (DEBUG) on Thread-5 MontlheryController.run(MontlheryController.java:105)] Sent to LL: rostop[0m
[[34m19:46:09.734 ORDERS (DEBUG) on Thread-5 MontlheryController.run(MontlheryController.java:100)] Sent to LL: av[0m
[[34m19:46:09.784 ORDERS (DEBUG) on Thread-5 MontlheryController.run(MontlheryController.java:102)] Sent to LL: trstop[0m
[[34m19:46:09.784 ORDERS (DEBUG) on Thread-5 MontlheryController.run(MontlheryController.java:103)] Sent to LL: td[0m
[[34m19:46:09.806 ORDERS (DEBUG) on Thread-5 MontlheryController.run(MontlheryController.java:105)] Sent to LL: rostop[0m
[[34m19:46:09.807 ORDERS (DEBUG) on Thread-5 MontlheryController.run(MontlheryController.java:100)] Sent to LL: av[0m
[[34m19:46:09.857 ORDERS (DEBUG) on Thread-5 MontlheryController.run(MontlheryController.java:102)] Sent to LL: trstop[0m
[[34m19:46:09.858 ORDERS (DEBUG) on Thread-5 MontlheryController.run(MontlheryController.java:103)] Sent to LL: td[0m
[[34m19:46:09.880 ORDERS (DEBUG) on Thread-5 MontlheryController.run(MontlheryController.java:105)] Sent to LL: rostop[0m
[[34m19:46:09.880 ORDERS (DEBUG) on Thread-5 MontlheryController.run(MontlheryController.java:100)] Sent to LL: av[0m
[[34m19:46:09.930 ORDERS (DEBUG) on Thread-5 MontlheryController.run(MontlheryController.java:102)] Sent to LL: trstop[0m
[[34m19:46:09.930 ORDERS (DEBUG) on Thread-5 MontlheryController.run(MontlheryController.java:103)] Sent to LL: td[0m
[[34m19:46:09.952 ORDERS (DEBUG) on Thread-5 MontlheryController.run(MontlheryController.java:105)] Sent to LL: rostop[0m
[[34m19:46:09.952 ORDERS (DEBUG) on Thread-5 MontlheryController.run(MontlheryController.java:100)] Sent to LL: av[0m
[[34m19:46:10.003 ORDERS (DEBUG) on Thread-5 MontlheryController.run(MontlheryController.java:102)] Sent to LL: trstop[0m
[[34m19:46:10.003 ORDERS (DEBUG) on Thread-5 MontlheryController.run(MontlheryController.java:103)] Sent to LL: td[0m
[[34m19:46:10.025 ORDERS (DEBUG) on Thread-5 MontlheryController.run(MontlheryController.java:105)] Sent to LL: rostop[0m
[[34m19:46:10.025 ORDERS (DEBUG) on Thread-5 MontlheryController.run(MontlheryController.java:100)] Sent to LL: av[0m
[[34m19:46:10.075 ORDERS (DEBUG) on Thread-5 MontlheryController.run(MontlheryController.java:102)] Sent to LL: trstop[0m
[[34m19:46:10.075 ORDERS (DEBUG) on Thread-5 MontlheryController.run(MontlheryController.java:103)] Sent to LL: td[0m
[[34m19:46:10.098 ORDERS (DEBUG) on Thread-5 MontlheryController.run(MontlheryController.java:105)] Sent to LL: rostop[0m
[[34m19:46:10.098 ORDERS (DEBUG) on Thread-5 MontlheryController.run(MontlheryController.java:100)] Sent to LL: av[0m
[[34m19:46:10.148 ORDERS (DEBUG) on Thread-5 MontlheryController.run(MontlheryController.java:102)] Sent to LL: trstop[0m
[[34m19:46:10.148 ORDERS (DEBUG) on Thread-5 MontlheryController.run(MontlheryController.java:103)] Sent to LL: td[0m
[[34m19:46:10.170 ORDERS (DEBUG) on Thread-5 MontlheryController.run(MontlheryController.java:105)] Sent to LL: rostop[0m
[[34m19:46:10.170 ORDERS (DEBUG) on Thread-5 MontlheryController.run(MontlheryController.java:100)] Sent to LL: av[0m
[[34m19:46:10.221 ORDERS (DEBUG) on Thread-5 MontlheryController.run(MontlheryController.java:102)] Sent to LL: trstop[0m
[[34m19:46:10.221 ORDERS (DEBUG) on Thread-5 MontlheryController.run(MontlheryController.java:103)] Sent to LL: td[0m
[[34m19:46:10.243 ORDERS (DEBUG) on Thread-5 MontlheryController.run(MontlheryController.java:105)] Sent to LL: rostop[0m
[[34m19:46:10.243 ORDERS (DEBUG) on Thread-5 MontlheryController.run(MontlheryController.java:100)] Sent to LL: av[0m
[[34m19:46:10.293 ORDERS (DEBUG) on Thread-5 MontlheryController.run(MontlheryController.java:102)] Sent to LL: trstop[0m
[[34m19:46:10.293 ORDERS (DEBUG) on Thread-5 MontlheryController.run(MontlheryController.java:103)] Sent to LL: td[0m
[[34m19:46:10.315 ORDERS (DEBUG) on Thread-5 MontlheryController.run(MontlheryController.java:105)] Sent to LL: rostop[0m
[[34m19:46:10.316 ORDERS (DEBUG) on Thread-5 MontlheryController.run(MontlheryController.java:100)] Sent to LL: av[0m
[[34m19:46:10.366 ORDERS (DEBUG) on Thread-5 MontlheryController.run(MontlheryController.java:102)] Sent to LL: trstop[0m
[[34m19:46:10.366 ORDERS (DEBUG) on Thread-5 MontlheryController.run(MontlheryController.java:103)] Sent to LL: td[0m
[[34m19:46:10.388 ORDERS (DEBUG) on Thread-5 MontlheryController.run(MontlheryController.java:105)] Sent to LL: rostop[0m
[[34m19:46:10.388 ORDERS (DEBUG) on Thread-5 MontlheryController.run(MontlheryController.java:100)] Sent to LL: av[0m
[[34m19:46:10.438 ORDERS (DEBUG) on Thread-5 MontlheryController.run(MontlheryController.java:102)] Sent to LL: trstop[0m
[[34m19:46:10.438 ORDERS (DEBUG) on Thread-5 MontlheryController.run(MontlheryController.java:103)] Sent to LL: td[0m
[[34m19:46:10.460 ORDERS (DEBUG) on Thread-5 MontlheryController.run(MontlheryController.java:105)] Sent to LL: rostop[0m
[[34m19:46:10.461 ORDERS (DEBUG) on Thread-5 MontlheryController.run(MontlheryController.java:100)] Sent to LL: av[0m
[[34m19:46:10.511 ORDERS (DEBUG) on Thread-5 MontlheryController.run(MontlheryController.java:102)] Sent to LL: trstop[0m
[[34m19:46:10.511 ORDERS (DEBUG) on Thread-5 MontlheryController.run(MontlheryController.java:103)] Sent to LL: td[0m
[[34m19:46:10.533 ORDERS (DEBUG) on Thread-5 MontlheryController.run(MontlheryController.java:105)] Sent to LL: rostop[0m
[[34m19:46:10.533 ORDERS (DEBUG) on Thread-5 MontlheryController.run(MontlheryController.java:100)] Sent to LL: av[0m
[[34m19:46:10.583 ORDERS (DEBUG) on Thread-5 MontlheryController.run(MontlheryController.java:102)] Sent to LL: trstop[0m
[[34m19:46:10.583 ORDERS (DEBUG) on Thread-5 MontlheryController.run(MontlheryController.java:103)] Sent to LL: td[0m
[[34m19:46:10.609 ORDERS (DEBUG) on Thread-5 MontlheryController.run(MontlheryController.java:105)] Sent to LL: rostop[0m
[[34m19:46:10.609 ORDERS (DEBUG) on Thread-5 MontlheryController.run(MontlheryController.java:100)] Sent to LL: av[0m
[[34m19:46:10.659 ORDERS (DEBUG) on Thread-5 MontlheryController.run(MontlheryController.java:102)] Sent to LL: trstop[0m
[[34m19:46:10.659 ORDERS (DEBUG) on Thread-5 MontlheryController.run(MontlheryController.java:103)] Sent to LL: td[0m
[[34m19:46:10.682 ORDERS (DEBUG) on Thread-5 MontlheryController.run(MontlheryController.java:105)] Sent to LL: rostop[0m
[[34m19:46:10.682 ORDERS (DEBUG) on Thread-5 MontlheryController.run(MontlheryController.java:100)] Sent to LL: av[0m
[[34m19:46:10.732 ORDERS (DEBUG) on Thread-5 MontlheryController.run(MontlheryController.java:102)] Sent to LL: trstop[0m
[[34m19:46:10.732 ORDERS (DEBUG) on Thread-5 MontlheryController.run(MontlheryController.java:103)] Sent to LL: td[0m
[[34m19:46:10.754 ORDERS (DEBUG) on Thread-5 MontlheryController.run(MontlheryController.java:105)] Sent to LL: rostop[0m
[[34m19:46:10.754 ORDERS (DEBUG) on Thread-5 MontlheryController.run(MontlheryController.java:100)] Sent to LL: av[0m
[[34m19:46:10.804 ORDERS (DEBUG) on Thread-5 MontlheryController.run(MontlheryController.java:102)] Sent to LL: trstop[0m
[[34m19:46:10.804 ORDERS (DEBUG) on Thread-5 MontlheryController.run(MontlheryController.java:103)] Sent to LL: td[0m
[[34m19:46:10.827 ORDERS (DEBUG) on Thread-5 MontlheryController.run(MontlheryController.java:105)] Sent to LL: rostop[0m
[[34m19:46:10.827 ORDERS (DEBUG) on Thread-5 MontlheryController.run(MontlheryController.java:100)] Sent to LL: av[0m
[[34m19:46:10.877 ORDERS (DEBUG) on Thread-5 MontlheryController.run(MontlheryController.java:102)] Sent to LL: trstop[0m
[[34m19:46:10.877 ORDERS (DEBUG) on Thread-5 MontlheryController.run(MontlheryController.java:103)] Sent to LL: td[0m
[[34m19:46:10.899 ORDERS (DEBUG) on Thread-5 MontlheryController.run(MontlheryController.java:105)] Sent to LL: rostop[0m
[[34m19:46:10.899 ORDERS (DEBUG) on Thread-5 MontlheryController.run(MontlheryController.java:100)] Sent to LL: av[0m
[[34m19:46:10.949 ORDERS (DEBUG) on Thread-5 MontlheryController.run(MontlheryController.java:102)] Sent to LL: trstop[0m
[[34m19:46:10.950 ORDERS (DEBUG) on Thread-5 MontlheryController.run(MontlheryController.java:103)] Sent to LL: td[0m
[[34m19:46:10.972 ORDERS (DEBUG) on Thread-5 MontlheryController.run(MontlheryController.java:105)] Sent to LL: rostop[0m
[[34m19:46:10.972 ORDERS (DEBUG) on Thread-5 MontlheryController.run(MontlheryController.java:100)] Sent to LL: av[0m
[[34m19:46:11.022 ORDERS (DEBUG) on Thread-5 MontlheryController.run(MontlheryController.java:102)] Sent to LL: trstop[0m
[[34m19:46:11.022 ORDERS (DEBUG) on Thread-5 MontlheryController.run(MontlheryController.java:103)] Sent to LL: td[0m
[[34m19:46:11.044 ORDERS (DEBUG) on Thread-5 MontlheryController.run(MontlheryController.java:105)] Sent to LL: rostop[0m
[[34m19:46:11.044 ORDERS (DEBUG) on Thread-5 MontlheryController.run(MontlheryController.java:100)] Sent to LL: av[0m
[[34m19:46:11.094 ORDERS (DEBUG) on Thread-5 MontlheryController.run(MontlheryController.java:102)] Sent to LL: trstop[0m
[[34m19:46:11.095 ORDERS (DEBUG) on Thread-5 MontlheryController.run(MontlheryController.java:103)] Sent to LL: td[0m
[[34m19:46:11.117 ORDERS (DEBUG) on Thread-5 MontlheryController.run(MontlheryController.java:105)] Sent to LL: rostop[0m
[[34m19:46:11.117 ORDERS (DEBUG) on Thread-5 MontlheryController.run(MontlheryController.java:112)] Sent to LL: av[0m
[[34m19:46:11.181 ORDERS (DEBUG) on Thread-5 MontlheryController.run(MontlheryController.java:119)] Sent to LL: trstop[0m
[[34m19:46:11.181 ORDERS (DEBUG) on Thread-5 MontlheryController.run(MontlheryController.java:137)] Sent to LL: sstop[0m
[[34m19:46:11.439 ORDERS (DEBUG) on Thread-5 MontlheryController.run(MontlheryController.java:127)] Sent to LL: tg[0m
[[34m19:46:11.617 ORDERS (DEBUG) on Thread-5 MontlheryController.run(MontlheryController.java:132)] Sent to LL: rostop[0m
[[34m19:46:11.617 ORDERS (DEBUG) on Thread-5 MontlheryController.run(MontlheryController.java:137)] Sent to LL: sstop[0m
[[34m19:46:11.826 ORDERS (DEBUG) on Thread-5 MontlheryController.run(MontlheryController.java:127)] Sent to LL: tg[0m
[[34m19:46:11.955 ORDERS (DEBUG) on Thread-5 MontlheryController.run(MontlheryController.java:132)] Sent to LL: rostop[0m
[[34m19:46:11.955 ORDERS (DEBUG) on Thread-5 MontlheryController.run(MontlheryController.java:137)] Sent to LL: sstop[0m
[[34m19:46:12.309 ORDERS (DEBUG) on Thread-5 MontlheryController.run(MontlheryController.java:127)] Sent to LL: tg[0m
[[34m19:46:12.406 ORDERS (DEBUG) on Thread-5 MontlheryController.run(MontlheryController.java:132)] Sent to LL: rostop[0m
[[34m19:46:12.406 ORDERS (DEBUG) on Thread-5 MontlheryController.run(MontlheryController.java:137)] Sent to LL: sstop[0m
[[34m19:46:12.728 ORDERS (DEBUG) on Thread-5 MontlheryController.run(MontlheryController.java:114)] Sent to LL: rc[0m
[[34m19:46:13.550 ORDERS (DEBUG) on Thread-5 MontlheryController.run(MontlheryController.java:125)] Sent to LL: td[0m
[[34m19:46:13.566 ORDERS (DEBUG) on Thread-5 MontlheryController.run(MontlheryController.java:114)] Sent to LL: rc[0m
[[34m19:46:13.566 ORDERS (DEBUG) on Thread-5 MontlheryController.run(MontlheryController.java:125)] Sent to LL: td[0m
[[34m19:46:13.582 ORDERS (DEBUG) on Thread-5 MontlheryController.run(MontlheryController.java:114)] Sent to LL: rc[0m
[[34m19:46:13.582 ORDERS (DEBUG) on Thread-5 MontlheryController.run(MontlheryController.java:125)] Sent to LL: td[0m
[[34m19:46:13.598 ORDERS (DEBUG) on Thread-5 MontlheryController.run(MontlheryController.java:114)] Sent to LL: rc[0m
[[34m19:46:13.598 ORDERS (DEBUG) on Thread-5 MontlheryController.run(MontlheryController.java:125)] Sent to LL: td[0m
[[34m19:46:13.615 ORDERS (DEBUG) on Thread-5 MontlheryController.run(MontlheryController.java:114)] Sent to LL: rc[0m
[[34m19:46:13.615 ORDERS (DEBUG) on Thread-5 MontlheryController.run(MontlheryController.java:132)] Sent to LL: rostop[0m
[[34m19:46:13.631 ORDERS (DEBUG) on Thread-5 MontlheryController.run(MontlheryController.java:114)] Sent to LL: rc[0m
[[34m19:46:14.065 ORDERS (DEBUG) on Thread-5 MontlheryController.run(MontlheryController.java:119)] Sent to LL: trstop[0m
[[34m19:46:14.065 ORDERS (DEBUG) on Thread-5 MontlheryController.run(MontlheryController.java:137)] Sent to LL: sstop[0m
[[34m19:46:14.162 ORDERS (DEBUG) on Thread-5 MontlheryController.run(MontlheryController.java:127)] Sent to LL: tg[0m
[[34m19:46:14.306 ORDERS (DEBUG) on Thread-5 MontlheryController.run(MontlheryController.java:132)] Sent to LL: rostop[0m
[[34m19:46:14.306 ORDERS (DEBUG) on Thread-5 MontlheryController.run(MontlheryController.java:137)] Sent to LL: sstop[0m
[[34m19:46:14.580 ORDERS (DEBUG) on Thread-5 MontlheryController.run(MontlheryController.java:127)] Sent to LL: tg[0m
[[34m19:46:14.837 ORDERS (DEBUG) on Thread-5 MontlheryController.run(MontlheryController.java:132)] Sent to LL: rostop[0m
[[34m19:46:14.837 ORDERS (DEBUG) on Thread-5 MontlheryController.run(MontlheryController.java:137)] Sent to LL: sstop[0m
[[34m19:46:15.078 ORDERS (DEBUG) on Thread-5 MontlheryController.run(MontlheryController.java:127)] Sent to LL: tg[0m
[[34m19:46:15.191 ORDERS (DEBUG) on Thread-5 MontlheryController.run(MontlheryController.java:132)] Sent to LL: rostop[0m
[[34m19:46:15.191 ORDERS (DEBUG) on Thread-5 MontlheryController.run(MontlheryController.java:137)] Sent to LL: sstop[0m
[[34m19:46:15.465 ORDERS (DEBUG) on Thread-5 MontlheryController.run(MontlheryController.java:127)] Sent to LL: tg[0m
[[34m19:46:15.545 ORDERS (DEBUG) on Thread-5 MontlheryController.run(MontlheryController.java:132)] Sent to LL: rostop[0m
[[34m19:46:15.546 ORDERS (DEBUG) on Thread-5 MontlheryController.run(MontlheryController.java:137)] Sent to LL: sstop[0m
[[34m19:46:15.900 ORDERS (DEBUG) on Thread-5 MontlheryController.run(MontlheryController.java:114)] Sent to LL: rc[0m
[[34m19:46:16.641 ORDERS (DEBUG) on Thread-5 MontlheryController.run(MontlheryController.java:119)] Sent to LL: trstop[0m
[[34m19:46:16.641 ORDERS (DEBUG) on Thread-5 MontlheryController.run(MontlheryController.java:137)] Sent to LL: sstop[0m
