[[34m15:39:36.207 STDOUT (DEBUG) on main utils.HLInstance.<init>(HLInstance.java:104)] Version : d1a5ef2 on master - [gitignore .idea, .gradle][0m
[[34m15:39:36.209 STDOUT (DEBUG) on main utils.HLInstance.<init>(HLInstance.java:112)] System : Linux 5.8.0-49-generic amd64[0m
[[34m15:39:36.215 STDOUT (DEBUG) on main utils.HLInstance.<init>(HLInstance.java:114)] Java : Oracle Corporation 16, max memory : 3.87G, available processors : 12[0m
[[34m15:39:36.215 STDOUT (DEBUG) on main utils.HLInstance.<init>(HLInstance.java:117)] [0m
[[34m15:39:36.216 STDOUT (DEBUG) on main utils.HLInstance.<init>(HLInstance.java:119)]    Remember, with great power comes great current squared times resistance !
[0m
[[34m15:39:36.216 STDOUT (DEBUG) on main utils.HLInstance.<init>(HLInstance.java:122)] Chargement de la config...[0m
[[34m15:39:36.236 STDOUT (DEBUG) on main pfg.config.Config.readConfigFile(Config.java:166)] Loading config file : /home/brunlois/IdeaProjects/TechTheTiller-HighLevel/bin/../config/config.txt[0m
[[31m15:39:36.248 STDERR (CRITICAL) on main] Unknown key : RECALAGE_MECA_BLUE_ACC, also tried recalageMecaBlueAcc[0m
[[31m15:39:36.249 STDERR (CRITICAL) on main] Unknown key : MILIEU_ECUEIL_PRIVE_XBLEU, also tried milieuEcueilPriveXbleu[0m
[[34m15:39:36.249 STDOUT (DEBUG) on main pfg.config.Config.printChangedValues(Config.java:465)] Configuration diff :[0m
[[34m15:39:36.249 STDOUT (DEBUG) on main pfg.config.Config.printChangedValues(Config.java:469)]   master = false (default : true)[0m
[[34m15:39:36.250 STDOUT (DEBUG) on main pfg.config.Config.printChangedValues(Config.java:469)]   visualisation = false (default : true)[0m
[[34m15:39:36.250 STDOUT (DEBUG) on main pfg.config.Config.printChangedValues(Config.java:469)]   usingBaliseImage = false (default : true)[0m
[[34m15:39:36.250 STDOUT (DEBUG) on main pfg.config.Config.printChangedValues(Config.java:469)]   usingPanel = false (default : true)[0m
[[34m15:39:36.250 STDOUT (DEBUG) on main pfg.config.Config.printChangedValues(Config.java:469)]   connectToBuddy = false (default : true)[0m
[[34m15:39:36.250 STDOUT (DEBUG) on main pfg.config.Config.printChangedValues(Config.java:469)]   ledCount = 1 (default : 16)[0m
[[34m15:39:36.251 STDOUT (DEBUG) on main pfg.config.Config.printChangedValues(Config.java:469)]   using7Segments = false (default : true)[0m
[[34m15:39:36.251 STDOUT (DEBUG) on main pfg.config.Config.printChangedValues(Config.java:469)]   robotRay = 142 (default : 190)[0m
[[34m15:39:36.251 STDOUT (DEBUG) on main pfg.config.Config.printChangedValues(Config.java:469)]   buddyRay = 190 (default : 150)[0m
[[34m15:39:36.251 STDOUT (DEBUG) on main pfg.config.Config.printChangedValues(Config.java:469)]   ennemyRay = 150 (default : 220)[0m
[[34m15:39:36.251 STDOUT (DEBUG) on main pfg.config.Config.printChangedValues(Config.java:469)]   vectorComparisonThreshold = 15 (default : 5)[0m
[[34m15:39:36.252 STDOUT (DEBUG) on main pfg.config.Config.printChangedValues(Config.java:469)]   nbrNoeudsX = 30 (default : 45)[0m
[[34m15:39:36.252 STDOUT (DEBUG) on main pfg.config.Config.printChangedValues(Config.java:469)]   nbrNoeudsY = 20 (default : 30)[0m
[[34m15:39:36.252 STDOUT (DEBUG) on main pfg.config.Config.printChangedValues(Config.java:469)]   nbrNoeudsCircle = 14 (default : 12)[0m
[[34m15:39:36.259 DATA_HANDLER (DEBUG) on main utils.HLInstance.module(HLInstance.java:271)] Initialisation du moduleClass Table[0m
[[34m15:39:36.260 DATA_HANDLER (DEBUG) on main utils.HLInstance.module(HLInstance.java:285)] Mise à jour de la config du moduleClass Table après son initialisation.[0m
[[34m15:39:36.266 STDOUT (DEBUG) on main pfg.config.Config.loadInto(Config.java:274)] Set private boolean data.Table.symetry to false[0m
[[34m15:39:36.267 STDOUT (DEBUG) on main pfg.config.Config.loadInto(Config.java:274)] Set private int data.Table.length to 3000[0m
[[34m15:39:36.267 STDOUT (DEBUG) on main pfg.config.Config.loadInto(Config.java:274)] Set private int data.Table.height to 2000[0m
[[34m15:39:36.267 STDOUT (DEBUG) on main pfg.config.Config.loadInto(Config.java:274)] Set private int data.Table.robotRay to 142[0m
[[34m15:39:36.267 STDOUT (DEBUG) on main pfg.config.Config.loadInto(Config.java:274)] Set private int data.Table.buddyRay to 190[0m
[[34m15:39:36.268 STDOUT (DEBUG) on main pfg.config.Config.loadInto(Config.java:274)] Set private int data.Table.ennemyRay to 150[0m
[[34m15:39:36.268 STDOUT (DEBUG) on main pfg.config.Config.loadInto(Config.java:274)] Set private int data.Table.compareThreshold to 15[0m
[[34m15:39:36.268 STDOUT (DEBUG) on main pfg.config.Config.loadInto(Config.java:274)] Set private boolean data.Table.openTheGate to false[0m
[[34m15:39:36.268 DATA_HANDLER (DEBUG) on main utils.HLInstance.module(HLInstance.java:297)] Module Table prêt[0m
[[34m15:39:36.269 DATA_HANDLER (DEBUG) on main utils.HLInstance.module(HLInstance.java:271)] Initialisation du moduleClass Graphe[0m
[[34m15:39:36.270 DATA_HANDLER (DEBUG) on main utils.HLInstance.module(HLInstance.java:285)] Mise à jour de la config du moduleClass Graphe après son initialisation.[0m
[[34m15:39:36.270 STDOUT (DEBUG) on main pfg.config.Config.loadInto(Config.java:274)] Set private int data.Graphe.nodeCircleNbr to 14[0m
[[34m15:39:36.270 STDOUT (DEBUG) on main pfg.config.Config.loadInto(Config.java:274)] Set private double data.Graphe.spaceCircleParameter to 1.2[0m
[[34m15:39:36.270 STDOUT (DEBUG) on main pfg.config.Config.loadInto(Config.java:274)] Set private int data.Graphe.nodeXNbr to 30[0m
[[34m15:39:36.271 STDOUT (DEBUG) on main pfg.config.Config.loadInto(Config.java:274)] Set private int data.Graphe.nodeYNbr to 20[0m
[[34m15:39:36.271 STDOUT (DEBUG) on main pfg.config.Config.loadInto(Config.java:274)] Set private int data.Graphe.partitioningX to 25[0m
[[34m15:39:36.271 STDOUT (DEBUG) on main pfg.config.Config.loadInto(Config.java:274)] Set private int data.Graphe.partitioningY to 25[0m
[[34m15:39:36.494 DATA_HANDLER (DEBUG) on main utils.HLInstance.module(HLInstance.java:297)] Module Graphe prêt[0m
[[34m15:39:36.495 DATA_HANDLER (DEBUG) on main utils.HLInstance.module(HLInstance.java:271)] Initialisation du moduleClass Pathfinder[0m
[[34m15:39:36.495 DATA_HANDLER (DEBUG) on main utils.HLInstance.module(HLInstance.java:285)] Mise à jour de la config du moduleClass Pathfinder après son initialisation.[0m
[[34m15:39:36.496 DATA_HANDLER (DEBUG) on main utils.HLInstance.module(HLInstance.java:297)] Module Pathfinder prêt[0m
[[34m15:39:36.497 DATA_HANDLER (DEBUG) on main utils.HLInstance.module(HLInstance.java:271)] Initialisation du moduleClass OrderWrapper[0m
[[34m15:39:36.497 DATA_HANDLER (DEBUG) on main utils.HLInstance.module(HLInstance.java:285)] Mise à jour de la config du moduleClass OrderWrapper après son initialisation.[0m
[[34m15:39:36.497 STDOUT (DEBUG) on main pfg.config.Config.loadInto(Config.java:274)] Set private boolean orders.OrderWrapper.symetry to false[0m
[[34m15:39:36.499 STDOUT (DEBUG) on main pfg.config.Config.loadInto(Config.java:274)] Set private boolean orders.OrderWrapper.simulation to true[0m
[[34m15:39:36.499 STDOUT (DEBUG) on main pfg.config.Config.loadInto(Config.java:274)] Set private boolean orders.OrderWrapper.usingBaliseImage to false[0m
[[34m15:39:36.501 DATA_HANDLER (DEBUG) on main utils.HLInstance.module(HLInstance.java:297)] Module OrderWrapper prêt[0m
[[34m15:39:36.501 DATA_HANDLER (DEBUG) on main utils.HLInstance.module(HLInstance.java:271)] Initialisation du moduleClass PathFollower[0m
[[34m15:39:36.501 DATA_HANDLER (DEBUG) on main utils.HLInstance.module(HLInstance.java:285)] Mise à jour de la config du moduleClass PathFollower après son initialisation.[0m
[[34m15:39:36.502 STDOUT (DEBUG) on main pfg.config.Config.loadInto(Config.java:274)] Set private long locomotion.PathFollower.locomotionLoopDelay to 20[0m
[[34m15:39:36.502 STDOUT (DEBUG) on main pfg.config.Config.loadInto(Config.java:274)] Set private int locomotion.PathFollower.locomotionDistanceCheck to 200[0m
[[34m15:39:36.502 STDOUT (DEBUG) on main pfg.config.Config.loadInto(Config.java:274)] Set private int locomotion.PathFollower.locomotionRadiusCheck to 200[0m
[[34m15:39:36.502 STDOUT (DEBUG) on main pfg.config.Config.loadInto(Config.java:274)] Set private long locomotion.PathFollower.locomotionObstructedTimeout to 2000[0m
[[34m15:39:36.502 STDOUT (DEBUG) on main pfg.config.Config.loadInto(Config.java:274)] Set private boolean locomotion.PathFollower.simulation to true[0m
[[34m15:39:36.504 DATA_HANDLER (DEBUG) on main utils.HLInstance.module(HLInstance.java:297)] Module PathFollower prêt[0m
[[34m15:39:36.504 DATA_HANDLER (DEBUG) on main utils.HLInstance.module(HLInstance.java:271)] Initialisation du moduleClass Locomotion[0m
[[34m15:39:36.504 DATA_HANDLER (DEBUG) on main utils.HLInstance.module(HLInstance.java:285)] Mise à jour de la config du moduleClass Locomotion après son initialisation.[0m
[[34m15:39:36.504 STDOUT (DEBUG) on main pfg.config.Config.loadInto(Config.java:274)] Set private int locomotion.Locomotion.vectorComparisonThreshold to 15[0m
[[34m15:39:36.505 STDOUT (DEBUG) on main pfg.config.Config.loadInto(Config.java:274)] Set private long locomotion.Locomotion.locomotionObstructedTimeout to 2000[0m
[[34m15:39:36.505 DATA_HANDLER (DEBUG) on main utils.HLInstance.module(HLInstance.java:297)] Module Locomotion prêt[0m
[[34m15:39:36.505 DATA_HANDLER (DEBUG) on main utils.HLInstance.module(HLInstance.java:271)] Initialisation du moduleClass HookFactory[0m
[[34m15:39:36.505 DATA_HANDLER (DEBUG) on main utils.HLInstance.module(HLInstance.java:285)] Mise à jour de la config du moduleClass HookFactory après son initialisation.[0m
[[34m15:39:36.505 DATA_HANDLER (DEBUG) on main utils.HLInstance.module(HLInstance.java:297)] Module HookFactory prêt[0m
[[34m15:39:36.505 DATA_HANDLER (DEBUG) on main utils.HLInstance.module(HLInstance.java:271)] Initialisation du moduleClass ConnectionManager[0m
[[34m15:39:36.505 DATA_HANDLER (DEBUG) on main utils.HLInstance.module(HLInstance.java:285)] Mise à jour de la config du moduleClass ConnectionManager après son initialisation.[0m
[[34m15:39:36.505 DATA_HANDLER (DEBUG) on main utils.HLInstance.module(HLInstance.java:297)] Module ConnectionManager prêt[0m
[[34m15:39:36.506 DATA_HANDLER (DEBUG) on main utils.HLInstance.module(HLInstance.java:271)] Initialisation du moduleClass SimulatorDebug[0m
[[34m15:39:36.506 DATA_HANDLER (DEBUG) on main utils.HLInstance.module(HLInstance.java:285)] Mise à jour de la config du moduleClass SimulatorDebug après son initialisation.[0m
[[34m15:39:36.506 STDOUT (DEBUG) on main pfg.config.Config.loadInto(Config.java:274)] Set private boolean utils.communication.SimulatorDebug.active to true[0m
[[34m15:39:36.506 DATA_HANDLER (DEBUG) on main utils.HLInstance.module(HLInstance.java:297)] Module SimulatorDebug prêt[0m
[[34m15:39:36.506 DATA_HANDLER (DEBUG) on main utils.HLInstance.module(HLInstance.java:271)] Initialisation du moduleClass PanneauModule[0m
[[34m15:39:36.506 DATA_HANDLER (DEBUG) on main utils.HLInstance.module(HLInstance.java:285)] Mise à jour de la config du moduleClass PanneauModule après son initialisation.[0m
[[34m15:39:36.507 STDOUT (DEBUG) on main pfg.config.Config.loadInto(Config.java:274)] Set private long data.controlers.PanneauModule.scoreUpdatePeriod to 100[0m
[[34m15:39:36.507 STDOUT (DEBUG) on main pfg.config.Config.loadInto(Config.java:274)] Set private java.lang.String data.controlers.PanneauModule.couleur to jaune[0m
[[34m15:39:36.507 STDOUT (DEBUG) on main pfg.config.Config.loadInto(Config.java:274)] Set private int data.controlers.PanneauModule.ledProgramPort to 19500[0m
[[34m15:39:36.507 STDOUT (DEBUG) on main pfg.config.Config.loadInto(Config.java:274)] Set private int data.controlers.PanneauModule.ledCount to 1[0m
[[34m15:39:36.508 STDOUT (DEBUG) on main pfg.config.Config.loadInto(Config.java:274)] Set private boolean data.controlers.PanneauModule.using7Segments to false[0m
[[34m15:39:36.508 DATA_HANDLER (DEBUG) on main utils.HLInstance.module(HLInstance.java:297)] Module PanneauModule prêt[0m
[[34m15:39:36.508 DATA_HANDLER (DEBUG) on main utils.HLInstance.module(HLInstance.java:271)] Initialisation du moduleClass Slave[0m
[[34m15:39:36.510 DATA_HANDLER (DEBUG) on main utils.HLInstance.module(HLInstance.java:271)] Initialisation du moduleClass SynchronizationWithBuddy[0m
[[34m15:39:36.510 DATA_HANDLER (DEBUG) on main utils.HLInstance.module(HLInstance.java:285)] Mise à jour de la config du moduleClass SynchronizationWithBuddy après son initialisation.[0m
[[34m15:39:36.510 STDOUT (DEBUG) on main pfg.config.Config.loadInto(Config.java:274)] Set protected boolean data.synchronization.SynchronizationCommon.symetry to false[0m
[[34m15:39:36.510 STDOUT (DEBUG) on main pfg.config.Config.loadInto(Config.java:274)] Set protected boolean data.synchronization.SynchronizationCommon.simulation to true[0m
[[34m15:39:36.511 STDOUT (DEBUG) on main pfg.config.Config.loadInto(Config.java:274)] Set protected boolean data.synchronization.SynchronizationCommon.master to false[0m
[[34m15:39:36.511 DATA_HANDLER (DEBUG) on main utils.HLInstance.module(HLInstance.java:297)] Module SynchronizationWithBuddy prêt[0m
[[34m15:39:36.511 DATA_HANDLER (DEBUG) on main utils.HLInstance.module(HLInstance.java:271)] Initialisation du moduleClass Listener[0m
[[34m15:39:36.511 DATA_HANDLER (DEBUG) on main utils.HLInstance.module(HLInstance.java:285)] Mise à jour de la config du moduleClass Listener après son initialisation.[0m
[[34m15:39:36.511 STDOUT (DEBUG) on main pfg.config.Config.loadInto(Config.java:274)] Set private boolean data.controlers.Listener.master to false[0m
[[34m15:39:36.511 STDOUT (DEBUG) on main pfg.config.Config.loadInto(Config.java:274)] Set private boolean data.controlers.Listener.simulation to true[0m
[[34m15:39:36.512 STDOUT (DEBUG) on main pfg.config.Config.loadInto(Config.java:274)] Set private boolean data.controlers.Listener.usingLidar to false[0m
[[34m15:39:36.512 STDOUT (DEBUG) on main pfg.config.Config.loadInto(Config.java:274)] Set private boolean data.controlers.Listener.usingCylinderDetection to false[0m
[[34m15:39:36.512 STDOUT (DEBUG) on main pfg.config.Config.loadInto(Config.java:274)] Set private boolean data.controlers.Listener.usingBaliseImage to false[0m
[[34m15:39:36.512 STDOUT (DEBUG) on main pfg.config.Config.loadInto(Config.java:274)] Set private boolean data.controlers.Listener.visualisation to false[0m
[[34m15:39:36.512 STDOUT (DEBUG) on main pfg.config.Config.loadInto(Config.java:274)] Set private boolean data.controlers.Listener.usingBaliseConnection to false[0m
[[34m15:39:36.512 STDOUT (DEBUG) on main pfg.config.Config.loadInto(Config.java:274)] Set private boolean data.controlers.Listener.connectToBuddy to false[0m
[[34m15:39:36.512 STDOUT (DEBUG) on main pfg.config.Config.loadInto(Config.java:274)] Set private long data.controlers.Listener.timeBetweenPosUpdates to 200[0m
[[34m15:39:36.514 DATA_HANDLER (DEBUG) on main utils.HLInstance.module(HLInstance.java:297)] Module Listener prêt[0m
[[34m15:39:36.514 COMMUNICATION (DEBUG) on pool-1-thread-1 data.controlers.Listener.asyncInit(Listener.java:186)] Listener lancé : connection aux devices...[0m
[[34m15:39:36.515 DATA_HANDLER (DEBUG) on main utils.HLInstance.module(HLInstance.java:271)] Initialisation du moduleClass MatchTimer[0m
[[34m15:39:36.515 COMMUNICATION (DEBUG) on pool-1-thread-1 data.controlers.Listener.asyncInit(Listener.java:189)] Simulation initializing connections...[0m
[[34m15:39:36.515 DATA_HANDLER (DEBUG) on main utils.HLInstance.module(HLInstance.java:285)] Mise à jour de la config du moduleClass MatchTimer après son initialisation.[0m
[[34m15:39:36.515 DATA_HANDLER (DEBUG) on main utils.HLInstance.module(HLInstance.java:297)] Module MatchTimer prêt[0m
[[34m15:39:36.515 DATA_HANDLER (DEBUG) on main utils.HLInstance.module(HLInstance.java:271)] Initialisation du moduleClass DataController[0m
[[34m15:39:36.516 DATA_HANDLER (DEBUG) on main utils.HLInstance.module(HLInstance.java:285)] Mise à jour de la config du moduleClass DataController après son initialisation.[0m
[[34m15:39:36.516 COMMUNICATION (DEBUG) on pool-1-thread-1 data.controlers.Listener.asyncInit(Listener.java:191)] Simulated Teensy Master connected[0m
[[34m15:39:36.516 COMMUNICATION (DEBUG) on pool-1-thread-1 data.controlers.Listener.asyncInit(Listener.java:194)] Debug connection init...[0m
[[34m15:39:36.516 COMMUNICATION (DEBUG) on SocketClient(localhost:10001) utils.communication.SocketClientInterface.lambda$init$0(SocketClientInterface.java:51)] Trying to connect to localhost on port 10001[0m
[[34m15:39:36.516 STDOUT (DEBUG) on main pfg.config.Config.loadInto(Config.java:274)] Set private boolean data.controlers.DataController.master to false[0m
[[34m15:39:36.516 COMMUNICATION (DEBUG) on pool-1-thread-1 data.controlers.Listener.asyncInit(Listener.java:196)] Debug connection ready![0m
[[34m15:39:36.516 COMMUNICATION (DEBUG) on SocketClient(localhost:19999) utils.communication.SocketClientInterface.lambda$init$0(SocketClientInterface.java:51)] Trying to connect to localhost on port 19999[0m
[[34m15:39:36.516 STDOUT (DEBUG) on main pfg.config.Config.loadInto(Config.java:274)] Set private boolean data.controlers.DataController.symetry to false[0m
[[34m15:39:36.522 DATA_HANDLER (DEBUG) on main utils.HLInstance.module(HLInstance.java:297)] Module DataController prêt[0m
[[34m15:39:36.522 DATA_HANDLER (DEBUG) on DataController data.controlers.DataController.run(DataController.java:164)] Controller lancé : en attente du listener...[0m
[[34m15:39:36.522 DATA_HANDLER (DEBUG) on main utils.HLInstance.module(HLInstance.java:285)] Mise à jour de la config du moduleClass Slave après son initialisation.[0m
[[34m15:39:36.522 STDOUT (DEBUG) on main pfg.config.Config.loadInto(Config.java:274)] Set private long robot.Robot.locomotionLoopDelay to 20[0m
[[34m15:39:36.523 STDOUT (DEBUG) on main pfg.config.Config.loadInto(Config.java:274)] Set private boolean robot.Robot.simulation to true[0m
[[34m15:39:36.523 STDOUT (DEBUG) on main pfg.config.Config.loadInto(Config.java:274)] Set private boolean robot.Robot.master to false[0m
[[34m15:39:36.523 STDOUT (DEBUG) on main pfg.config.Config.loadInto(Config.java:274)] Set private boolean robot.Robot.symetry to false[0m
[[34m15:39:36.523 STDOUT (DEBUG) on main pfg.config.Config.loadInto(Config.java:274)] Set private boolean robot.Robot.usingPanel to false[0m
[[34m15:39:36.523 DATA_HANDLER (DEBUG) on main utils.HLInstance.module(HLInstance.java:297)] Module Slave prêt[0m
[[31m15:39:36.523 STRATEGY (CRITICAL) on main main.RobotEntryPoint.initServices(RobotEntryPoint.java:195)] PAS DE PANNEAU[0m
[[34m15:39:36.524 STRATEGY (DEBUG) on main main.RobotEntryPoint.initServices(RobotEntryPoint.java:198)] Couleur: jaune[0m
[[34m15:39:36.524 DATA_HANDLER (DEBUG) on main utils.HLInstance.module(HLInstance.java:271)] Initialisation du moduleClass ScriptManagerSlave[0m
[[33m15:39:36.525 COMMUNICATION (WARNING) on SocketClient(localhost:10001) utils.communication.SocketClientInterface.lambda$init$0(SocketClientInterface.java:57)] Failed trying to connect to localhost on port 10001[0m
[[33m15:39:36.525 COMMUNICATION (WARNING) on SocketClient(localhost:19999) utils.communication.SocketClientInterface.lambda$init$0(SocketClientInterface.java:57)] Failed trying to connect to localhost on port 19999[0m
[[34m15:39:36.525 DATA_HANDLER (DEBUG) on main utils.HLInstance.module(HLInstance.java:271)] Initialisation du moduleClass ScriptLoisSlave[0m
[[34m15:39:36.526 DATA_HANDLER (DEBUG) on main utils.HLInstance.module(HLInstance.java:271)] Initialisation du moduleClass ActuatorsModule[0m
[[34m15:39:36.533 DATA_HANDLER (DEBUG) on main utils.HLInstance.module(HLInstance.java:285)] Mise à jour de la config du moduleClass ActuatorsModule après son initialisation.[0m
[[34m15:39:36.533 DATA_HANDLER (DEBUG) on main utils.HLInstance.module(HLInstance.java:297)] Module ActuatorsModule prêt[0m
[[34m15:39:36.533 DATA_HANDLER (DEBUG) on main utils.HLInstance.module(HLInstance.java:285)] Mise à jour de la config du moduleClass ScriptLoisSlave après son initialisation.[0m
[[34m15:39:36.533 STDOUT (DEBUG) on main pfg.config.Config.loadInto(Config.java:274)] Set private int scripts.ScriptLoisSlave.robotRay to 142[0m
[[34m15:39:36.534 STDOUT (DEBUG) on main pfg.config.Config.loadInto(Config.java:274)] Set private long scripts.Script.locomotionObstructedTimeout to 2000[0m
[[34m15:39:36.534 STDOUT (DEBUG) on main pfg.config.Config.loadInto(Config.java:274)] Set protected boolean scripts.Script.symetry to false[0m
[[34m15:39:36.534 DATA_HANDLER (DEBUG) on main utils.HLInstance.module(HLInstance.java:297)] Module ScriptLoisSlave prêt[0m
[[34m15:39:36.534 DATA_HANDLER (DEBUG) on main utils.HLInstance.module(HLInstance.java:285)] Mise à jour de la config du moduleClass ScriptManagerSlave après son initialisation.[0m
[[34m15:39:36.534 DATA_HANDLER (DEBUG) on main utils.HLInstance.module(HLInstance.java:297)] Module ScriptManagerSlave prêt[0m
[[34m15:39:36.625 COMMUNICATION (DEBUG) on SocketClient(localhost:10001) utils.communication.SocketClientInterface.lambda$init$0(SocketClientInterface.java:51)] Trying to connect to localhost on port 10001[0m
[[34m15:39:36.625 COMMUNICATION (DEBUG) on SocketClient(localhost:19999) utils.communication.SocketClientInterface.lambda$init$0(SocketClientInterface.java:51)] Trying to connect to localhost on port 19999[0m
[[33m15:39:36.625 COMMUNICATION (WARNING) on SocketClient(localhost:10001) utils.communication.SocketClientInterface.lambda$init$0(SocketClientInterface.java:57)] Failed trying to connect to localhost on port 10001[0m
[[33m15:39:36.625 COMMUNICATION (WARNING) on SocketClient(localhost:19999) utils.communication.SocketClientInterface.lambda$init$0(SocketClientInterface.java:57)] Failed trying to connect to localhost on port 19999[0m
[[34m15:39:36.726 COMMUNICATION (DEBUG) on SocketClient(localhost:10001) utils.communication.SocketClientInterface.lambda$init$0(SocketClientInterface.java:51)] Trying to connect to localhost on port 10001[0m
[[34m15:39:36.726 COMMUNICATION (DEBUG) on SocketClient(localhost:19999) utils.communication.SocketClientInterface.lambda$init$0(SocketClientInterface.java:51)] Trying to connect to localhost on port 19999[0m
[[33m15:39:36.726 COMMUNICATION (WARNING) on SocketClient(localhost:10001) utils.communication.SocketClientInterface.lambda$init$0(SocketClientInterface.java:57)] Failed trying to connect to localhost on port 10001[0m
[[33m15:39:36.726 COMMUNICATION (WARNING) on SocketClient(localhost:19999) utils.communication.SocketClientInterface.lambda$init$0(SocketClientInterface.java:57)] Failed trying to connect to localhost on port 19999[0m
[[34m15:39:36.757 DATA_HANDLER (DEBUG) on main utils.HLInstance.module(HLInstance.java:271)] Initialisation du moduleClass LidarController[0m
[[34m15:39:36.757 DATA_HANDLER (DEBUG) on main utils.HLInstance.module(HLInstance.java:285)] Mise à jour de la config du moduleClass LidarController après son initialisation.[0m
[[34m15:39:36.757 STDOUT (DEBUG) on main pfg.config.Config.loadInto(Config.java:274)] Set private boolean data.controlers.LidarController.symetry to false[0m
[[34m15:39:36.758 STDOUT (DEBUG) on main pfg.config.Config.loadInto(Config.java:274)] Set private int data.controlers.LidarController.robotRay to 142[0m
[[34m15:39:36.758 STDOUT (DEBUG) on main pfg.config.Config.loadInto(Config.java:274)] Set private int data.controlers.LidarController.ennemyRay to 150[0m
[[34m15:39:36.758 STDOUT (DEBUG) on main pfg.config.Config.loadInto(Config.java:274)] Set private java.lang.String data.controlers.LidarController.lidarProcessPath to ../bin/LiDAR_UST_10LX[0m
[[34m15:39:36.758 STDOUT (DEBUG) on main pfg.config.Config.loadInto(Config.java:274)] Set private boolean data.controlers.LidarController.usingLidar to false[0m
[[34m15:39:36.758 DATA_HANDLER (DEBUG) on main utils.HLInstance.module(HLInstance.java:297)] Module LidarController prêt[0m
[[34m15:39:36.759 DATA_HANDLER (DEBUG) on main utils.HLInstance.module(HLInstance.java:271)] Initialisation du moduleClass CylinderDetectionController[0m
[[34m15:39:36.760 DATA_HANDLER (DEBUG) on main utils.HLInstance.module(HLInstance.java:285)] Mise à jour de la config du moduleClass CylinderDetectionController après son initialisation.[0m
[[34m15:39:36.760 STDOUT (DEBUG) on main pfg.config.Config.loadInto(Config.java:274)] Set private boolean data.controlers.CylinderDetectionController.usingCylinderDetection to false[0m
[[34m15:39:36.760 STDOUT (DEBUG) on main pfg.config.Config.loadInto(Config.java:274)] Set private boolean data.controlers.CylinderDetectionController.symetry to false[0m
[[34m15:39:36.760 DATA_HANDLER (DEBUG) on main utils.HLInstance.module(HLInstance.java:297)] Module CylinderDetectionController prêt[0m
[[34m15:39:36.761 DATA_HANDLER (DEBUG) on main utils.HLInstance.module(HLInstance.java:271)] Initialisation du moduleClass AIModule[0m
[[34m15:39:36.763 DATA_HANDLER (DEBUG) on main utils.HLInstance.module(HLInstance.java:285)] Mise à jour de la config du moduleClass AIModule après son initialisation.[0m
[[34m15:39:36.764 STDOUT (DEBUG) on main pfg.config.Config.loadInto(Config.java:274)] Set private int data.Graphe.nodeCircleNbr to 14[0m
[[34m15:39:36.764 STDOUT (DEBUG) on main pfg.config.Config.loadInto(Config.java:274)] Set private double data.Graphe.spaceCircleParameter to 1.2[0m
[[34m15:39:36.764 STDOUT (DEBUG) on main pfg.config.Config.loadInto(Config.java:274)] Set private int data.Graphe.nodeXNbr to 30[0m
[[34m15:39:36.764 STDOUT (DEBUG) on main pfg.config.Config.loadInto(Config.java:274)] Set private int data.Graphe.nodeYNbr to 20[0m
[[34m15:39:36.764 STDOUT (DEBUG) on main pfg.config.Config.loadInto(Config.java:274)] Set private int data.Graphe.partitioningX to 25[0m
[[34m15:39:36.764 STDOUT (DEBUG) on main pfg.config.Config.loadInto(Config.java:274)] Set private int data.Graphe.partitioningY to 25[0m
[[34m15:39:36.764 DATA_HANDLER (DEBUG) on main utils.HLInstance.module(HLInstance.java:297)] Module AIModule prêt[0m
[[34m15:39:36.765 STDOUT (DEBUG) on main simulator.SimulatorManagerLauncher.launch(SimulatorManagerLauncher.java:166)] Lanceur de simulateur démarré[0m
[[34m15:39:36.766 STDOUT (DEBUG) on Thread-6 simulator.SimulatorManagerLauncher.launchSimulatorManager(SimulatorManagerLauncher.java:190)] Listener LL-Master lancé sur le port 10001[0m
[[34m15:39:36.767 STDOUT (DEBUG) on Thread-7 simulator.SimulatedConnectionManager.<init>(SimulatedConnectionManager.java:36)] Ouverture d'une socket sur le port 10001[0m
[[34m15:39:36.827 COMMUNICATION (DEBUG) on SocketClient(localhost:10001) utils.communication.SocketClientInterface.lambda$init$0(SocketClientInterface.java:51)] Trying to connect to localhost on port 10001[0m
[[34m15:39:36.827 COMMUNICATION (DEBUG) on SocketClient(localhost:19999) utils.communication.SocketClientInterface.lambda$init$0(SocketClientInterface.java:51)] Trying to connect to localhost on port 19999[0m
[[34m15:39:36.827 COMMUNICATION (DEBUG) on SocketClient(localhost:10001) utils.communication.SocketClientInterface.lambda$init$0(SocketClientInterface.java:53)] Socket created to localhost on port 10001[0m
[[33m15:39:36.827 COMMUNICATION (WARNING) on SocketClient(localhost:19999) utils.communication.SocketClientInterface.lambda$init$0(SocketClientInterface.java:57)] Failed trying to connect to localhost on port 19999[0m
[[34m15:39:36.827 STDOUT (DEBUG) on Thread-7 simulator.SimulatedConnectionManager.<init>(SimulatedConnectionManager.java:43)] Socket connectée sur le port 10001[0m
[[34m15:39:36.828 COMMUNICATION (DEBUG) on SocketClient(localhost:10001) utils.communication.SocketClientInterface.lambda$init$0(SocketClientInterface.java:70)] SUCCESS to connect to localhost on port 10001[0m
[[34m15:39:36.829 STDOUT (DEBUG) on Thread-6 simulator.SimulatorManagerLauncher.launchSimulatorManager(SimulatorManagerLauncher.java:303)] (10001) Listener connecté[0m
[[34m15:39:36.830 STDOUT (DEBUG) on Thread-6 simulator.SimulatedRobot.launch(SimulatedRobot.java:139)] (10001) Robot simulé démarré[0m
[[34m15:39:36.830 STDOUT (DEBUG) on Thread-6 simulator.SimulatorManagerLauncher.launchSimulatorManager(SimulatorManagerLauncher.java:313)] (10001) Robot simulé instancié[0m
[[34m15:39:36.830 STDOUT (DEBUG) on Thread-6 simulator.SimulatorManagerLauncher.launchSimulatorManager(SimulatorManagerLauncher.java:317)] Instanciation de l'interface graphique[0m
[[34m15:39:36.830 STDOUT (DEBUG) on Thread-6 simulator.SimulatedConnectionManager.<init>(SimulatedConnectionManager.java:36)] Ouverture d'une socket sur le port 19999[0m
[[34m15:39:36.928 COMMUNICATION (DEBUG) on SocketClient(localhost:19999) utils.communication.SocketClientInterface.lambda$init$0(SocketClientInterface.java:51)] Trying to connect to localhost on port 19999[0m
[[34m15:39:36.928 COMMUNICATION (DEBUG) on SocketClient(localhost:19999) utils.communication.SocketClientInterface.lambda$init$0(SocketClientInterface.java:53)] Socket created to localhost on port 19999[0m
[[34m15:39:36.929 STDOUT (DEBUG) on Thread-6 simulator.SimulatedConnectionManager.<init>(SimulatedConnectionManager.java:43)] Socket connectée sur le port 19999[0m
[[34m15:39:36.929 COMMUNICATION (DEBUG) on SocketClient(localhost:19999) utils.communication.SocketClientInterface.lambda$init$0(SocketClientInterface.java:70)] SUCCESS to connect to localhost on port 19999[0m
[[34m15:39:37.117 COMMUNICATION (DEBUG) on pool-1-thread-1 data.controlers.Listener.asyncInit(Listener.java:257)] Listener opérationnel[0m
[[34m15:39:37.122 DATA_HANDLER (DEBUG) on DataController data.controlers.DataController.run(DataController.java:172)] Controller opérationnel[0m
[[34m15:39:38.729 STDOUT (DEBUG) on Thread-6 simulator.GraphicalInterface.launch(GraphicalInterface.java:200)] Interface graphique démarrée[0m
[[34m15:39:38.729 STDOUT (DEBUG) on Thread-6 simulator.SimulatorManagerLauncher.launchSimulatorManager(SimulatorManagerLauncher.java:337)] Interface graphique instanciée[0m
[[34m15:39:38.731 STDOUT (DEBUG) on Thread-6 simulator.SimulatorManager.launch(SimulatorManager.java:139)] Manager de simulation démarré[0m
[[34m15:39:38.731 STDOUT (DEBUG) on Thread-6 simulator.SimulatorManagerLauncher.launchSimulatorManager(SimulatorManagerLauncher.java:351)] Manager de simulation instancié[0m
[[34m15:39:41.766 COMMUNICATION (DEBUG) on main main.RobotEntryPoint.entryPoint(RobotEntryPoint.java:61)] Connection established, starting match[0m
[[34m15:39:41.766 DATA_HANDLER (DEBUG) on main utils.HLInstance.module(HLInstance.java:271)] Initialisation du moduleClass MatchSlave[0m
[[34m15:39:41.766 DATA_HANDLER (DEBUG) on main utils.HLInstance.module(HLInstance.java:285)] Mise à jour de la config du moduleClass MatchSlave après son initialisation.[0m
[[34m15:39:41.766 STDOUT (DEBUG) on main pfg.config.Config.loadInto(Config.java:274)] Set private long scripts.Script.locomotionObstructedTimeout to 2000[0m
[[34m15:39:41.767 STDOUT (DEBUG) on main pfg.config.Config.loadInto(Config.java:274)] Set protected boolean scripts.Script.symetry to false[0m
[[34m15:39:41.767 DATA_HANDLER (DEBUG) on main utils.HLInstance.module(HLInstance.java:297)] Module MatchSlave prêt[0m
[[34m15:39:41.767 ORDERS (DEBUG) on main orders.OrderWrapper.setPositionAndOrientation(OrderWrapper.java:180)] SensorState.ACTUATOR_ACTUATING = true[0m
[[34m15:39:41.769 ORDERS (DEBUG) on main orders.OrderWrapper.setPositionAndOrientation(OrderWrapper.java:168)] Sent to LL: !cxyo 1200 650 1.57080[0m
[[34m15:39:41.770 STDOUT (DEBUG) on SimulatorManagerThread simulator.SimulatorManager.handleMessageLL(SimulatorManager.java:239)] SIMULATEUR-LL : message reçu : !cxyo 1200 650 1.57080[0m
[[34m15:39:41.771 COMMUNICATION (DEBUG) on pool-1-thread-1 data.controlers.DataController.handleEvent(DataController.java:251)] Got event: confirmOrder cxyo 1200 650 1.57080[0m
[[34m15:39:41.771 COMMUNICATION (DEBUG) on pool-1-thread-1 data.controlers.DataController.handleEvent(DataController.java:285)] Received confirmation for order (cxyo)[0m
[[34m15:39:41.771 ORDERS (DEBUG) on pool-1-thread-1 data.controlers.DataController.handleEvent(DataController.java:286)] SensorState.ACTUATOR_ACTUATING = false[0m
[[34m15:39:41.775 COMMUNICATION (DEBUG) on main data.controlers.DataController.waitForTwoPositionUpdates(DataController.java:548)] Waiting for two position updates[0m
[[33m15:39:41.793 STRATEGY (WARNING) on main scripts.Script.timedExecute(Script.java:174)] Starting script ScriptLoisSlave v0 at 1618753181.792[0m
[[34m15:39:41.793 ORDERS (DEBUG) on main locomotion.PathFollower.turnTowards(PathFollower.java:301)] SensorState.DISABLE_LIDAR = true[0m
[[34m15:39:41.793 ORDERS (DEBUG) on main locomotion.PathFollower.turnTowards(PathFollower.java:303)] SensorState.MOVING = true[0m
[[34m15:39:41.793 ORDERS (DEBUG) on main locomotion.Locomotion.turnTowards(Locomotion.java:139)] Sent to LL: t -2.74889[0m
[[34m15:39:41.795 STDOUT (DEBUG) on SimulatorManagerThread simulator.SimulatorManager.handleMessageLL(SimulatorManager.java:239)] SIMULATEUR-LL : message reçu : t -2.74889[0m
[[34m15:39:42.303 STDOUT (DEBUG) on SimulatorManagerThread simulator.SimulatedRobot.trySendStoppedMovingMessage(SimulatedRobot.java:193)] stoppedMoving[0m
[[34m15:39:42.304 COMMUNICATION (DEBUG) on pool-1-thread-1 data.controlers.DataController.handleEvent(DataController.java:251)] Got event: stoppedMoving[0m
[[34m15:39:42.304 ORDERS (DEBUG) on pool-1-thread-1 data.controlers.DataController.handleEvent(DataController.java:263)] SensorState.MOVING = false[0m
[[34m15:39:42.305 STDOUT (DEBUG) on pool-1-thread-1 data.controlers.DataController.handleEvent(DataController.java:264)] Position at StoppedMoving: (x,y)=(1200,650), o=-2.74889[0m
[[34m15:39:42.307 ORDERS (DEBUG) on main locomotion.PathFollower.turnTowards(PathFollower.java:317)] SensorState.DISABLE_LIDAR = false[0m
[[34m15:39:42.309 ORDERS (DEBUG) on main locomotion.PathFollower.moveLengthwise(PathFollower.java:165)] SensorState.MOVING = true[0m
[[34m15:39:42.309 LOCOMOTION (DEBUG) on main locomotion.PathFollower.moveLengthwise(PathFollower.java:166)] Move lengthwise 1000[0m
[[34m15:39:42.309 ORDERS (DEBUG) on main locomotion.Locomotion.moveLengthwise(Locomotion.java:131)] Sent to LL: d 1000 false[0m
[[34m15:39:42.310 STDOUT (DEBUG) on SimulatorManagerThread simulator.SimulatorManager.handleMessageLL(SimulatorManager.java:239)] SIMULATEUR-LL : message reçu : d 1000 false[0m
[[33m15:39:42.310 COMMUNICATION (WARNING) on SimulatorManagerThread simulator.SimulatedRobot.moveLengthwise(SimulatedRobot.java:382)] C:-924, D:-383[0m
[[33m15:39:42.311 COMMUNICATION (WARNING) on SimulatorManagerThread simulator.SimulatedRobot.moveLengthwise(SimulatedRobot.java:384)] A:(1200,650), B:(276,267), C:(-924,-383)[0m
[[34m15:39:43.347 STDOUT (DEBUG) on SimulatorManagerThread simulator.SimulatedRobot.trySendStoppedMovingMessage(SimulatedRobot.java:193)] stoppedMoving[0m
[[34m15:39:43.347 COMMUNICATION (DEBUG) on pool-1-thread-1 data.controlers.DataController.handleEvent(DataController.java:251)] Got event: stoppedMoving[0m
[[34m15:39:43.348 ORDERS (DEBUG) on pool-1-thread-1 data.controlers.DataController.handleEvent(DataController.java:263)] SensorState.MOVING = false[0m
[[34m15:39:43.348 STDOUT (DEBUG) on pool-1-thread-1 data.controlers.DataController.handleEvent(DataController.java:264)] Position at StoppedMoving: (x,y)=(276,267), o=-2.74889[0m
[[34m15:39:43.399 ORDERS (DEBUG) on main locomotion.PathFollower.moveLengthwise(PathFollower.java:217)] Sent to LL: maxtr 500.00000[0m
[[34m15:39:43.400 ORDERS (DEBUG) on main locomotion.PathFollower.moveLengthwise(PathFollower.java:217)] Sent to LL: maxro 6.28319[0m
[[34m15:39:43.400 LOCOMOTION (DEBUG) on main locomotion.PathFollower.moveLengthwise(PathFollower.java:224)] End of move lengthwise[0m
[[34m15:39:43.400 ORDERS (DEBUG) on main locomotion.PathFollower.turnTowards(PathFollower.java:301)] SensorState.DISABLE_LIDAR = true[0m
[[34m15:39:43.400 ORDERS (DEBUG) on main locomotion.PathFollower.turnTowards(PathFollower.java:303)] SensorState.MOVING = true[0m
[[34m15:39:43.401 ORDERS (DEBUG) on main locomotion.Locomotion.turnTowards(Locomotion.java:139)] Sent to LL: t -3.14159[0m
[[34m15:39:43.401 STDOUT (DEBUG) on SimulatorManagerThread simulator.SimulatorManager.handleMessageLL(SimulatorManager.java:239)] SIMULATEUR-LL : message reçu : maxtr 500.00000[0m
[[34m15:39:43.402 STDOUT (DEBUG) on SimulatorManagerThread simulator.SimulatorManager.handleMessageLL(SimulatorManager.java:335)] SIMULATEUR-LL : l'ordre "maxtr" est inconnu[0m
[[34m15:39:43.404 STDOUT (DEBUG) on SimulatorManagerThread simulator.SimulatorManager.handleMessageLL(SimulatorManager.java:239)] SIMULATEUR-LL : message reçu : maxro 6.28319[0m
[[34m15:39:43.404 STDOUT (DEBUG) on SimulatorManagerThread simulator.SimulatorManager.handleMessageLL(SimulatorManager.java:335)] SIMULATEUR-LL : l'ordre "maxro" est inconnu[0m
[[34m15:39:43.409 STDOUT (DEBUG) on SimulatorManagerThread simulator.SimulatorManager.handleMessageLL(SimulatorManager.java:239)] SIMULATEUR-LL : message reçu : t -3.14159[0m
[[34m15:39:43.512 STDOUT (DEBUG) on SimulatorManagerThread simulator.SimulatedRobot.trySendStoppedMovingMessage(SimulatedRobot.java:193)] stoppedMoving[0m
[[34m15:39:43.512 COMMUNICATION (DEBUG) on pool-1-thread-1 data.controlers.DataController.handleEvent(DataController.java:251)] Got event: stoppedMoving[0m
[[34m15:39:43.512 ORDERS (DEBUG) on pool-1-thread-1 data.controlers.DataController.handleEvent(DataController.java:263)] SensorState.MOVING = false[0m
[[34m15:39:43.512 STDOUT (DEBUG) on pool-1-thread-1 data.controlers.DataController.handleEvent(DataController.java:264)] Position at StoppedMoving: (x,y)=(276,267), o=-3.14159[0m
[[34m15:39:43.513 ORDERS (DEBUG) on main locomotion.PathFollower.turnTowards(PathFollower.java:317)] SensorState.DISABLE_LIDAR = false[0m
[[34m15:39:43.513 ORDERS (DEBUG) on main locomotion.PathFollower.moveLengthwise(PathFollower.java:165)] SensorState.MOVING = true[0m
[[34m15:39:43.513 LOCOMOTION (DEBUG) on main locomotion.PathFollower.moveLengthwise(PathFollower.java:166)] Move lengthwise 700[0m
[[34m15:39:43.514 ORDERS (DEBUG) on main locomotion.Locomotion.moveLengthwise(Locomotion.java:131)] Sent to LL: d 700 false[0m
[[34m15:39:43.516 STDOUT (DEBUG) on SimulatorManagerThread simulator.SimulatorManager.handleMessageLL(SimulatorManager.java:239)] SIMULATEUR-LL : message reçu : d 700 false[0m
[[33m15:39:43.516 COMMUNICATION (WARNING) on SimulatorManagerThread simulator.SimulatedRobot.moveLengthwise(SimulatedRobot.java:382)] C:-1000, D:0[0m
[[33m15:39:43.516 COMMUNICATION (WARNING) on SimulatorManagerThread simulator.SimulatedRobot.moveLengthwise(SimulatedRobot.java:384)] A:(276,267), B:(-424,267), C:(-1000,0)[0m
[[34m15:39:44.243 STDOUT (DEBUG) on SimulatorManagerThread simulator.SimulatedRobot.trySendStoppedMovingMessage(SimulatedRobot.java:193)] stoppedMoving[0m
[[34m15:39:44.244 COMMUNICATION (DEBUG) on pool-1-thread-1 data.controlers.DataController.handleEvent(DataController.java:251)] Got event: stoppedMoving[0m
[[34m15:39:44.244 ORDERS (DEBUG) on pool-1-thread-1 data.controlers.DataController.handleEvent(DataController.java:263)] SensorState.MOVING = false[0m
[[34m15:39:44.244 STDOUT (DEBUG) on pool-1-thread-1 data.controlers.DataController.handleEvent(DataController.java:264)] Position at StoppedMoving: (x,y)=(-424,267), o=-3.14159[0m
[[34m15:39:44.296 ORDERS (DEBUG) on main locomotion.PathFollower.moveLengthwise(PathFollower.java:217)] Sent to LL: maxtr 500.00000[0m
[[34m15:39:44.296 ORDERS (DEBUG) on main locomotion.PathFollower.moveLengthwise(PathFollower.java:217)] Sent to LL: maxro 6.28319[0m
[[34m15:39:44.296 LOCOMOTION (DEBUG) on main locomotion.PathFollower.moveLengthwise(PathFollower.java:224)] End of move lengthwise[0m
[[34m15:39:44.296 ORDERS (DEBUG) on main locomotion.PathFollower.turnTowards(PathFollower.java:301)] SensorState.DISABLE_LIDAR = true[0m
[[34m15:39:44.296 ORDERS (DEBUG) on main locomotion.PathFollower.turnTowards(PathFollower.java:303)] SensorState.MOVING = true[0m
[[34m15:39:44.297 ORDERS (DEBUG) on main locomotion.Locomotion.turnTowards(Locomotion.java:139)] Sent to LL: t 1.57080[0m
[[34m15:39:44.298 STDOUT (DEBUG) on SimulatorManagerThread simulator.SimulatorManager.handleMessageLL(SimulatorManager.java:239)] SIMULATEUR-LL : message reçu : maxtr 500.00000[0m
[[34m15:39:44.298 STDOUT (DEBUG) on SimulatorManagerThread simulator.SimulatorManager.handleMessageLL(SimulatorManager.java:335)] SIMULATEUR-LL : l'ordre "maxtr" est inconnu[0m
[[34m15:39:44.301 STDOUT (DEBUG) on SimulatorManagerThread simulator.SimulatorManager.handleMessageLL(SimulatorManager.java:239)] SIMULATEUR-LL : message reçu : maxro 6.28319[0m
[[34m15:39:44.301 STDOUT (DEBUG) on SimulatorManagerThread simulator.SimulatorManager.handleMessageLL(SimulatorManager.java:335)] SIMULATEUR-LL : l'ordre "maxro" est inconnu[0m
[[34m15:39:44.305 STDOUT (DEBUG) on SimulatorManagerThread simulator.SimulatorManager.handleMessageLL(SimulatorManager.java:239)] SIMULATEUR-LL : message reçu : t 1.57080[0m
[[34m15:39:44.715 STDOUT (DEBUG) on SimulatorManagerThread simulator.SimulatedRobot.trySendStoppedMovingMessage(SimulatedRobot.java:193)] stoppedMoving[0m
[[34m15:39:44.715 COMMUNICATION (DEBUG) on pool-1-thread-1 data.controlers.DataController.handleEvent(DataController.java:251)] Got event: stoppedMoving[0m
[[34m15:39:44.715 ORDERS (DEBUG) on pool-1-thread-1 data.controlers.DataController.handleEvent(DataController.java:263)] SensorState.MOVING = false[0m
[[34m15:39:44.716 STDOUT (DEBUG) on pool-1-thread-1 data.controlers.DataController.handleEvent(DataController.java:264)] Position at StoppedMoving: (x,y)=(-424,267), o=1.5708[0m
[[34m15:39:44.718 ORDERS (DEBUG) on main locomotion.PathFollower.turnTowards(PathFollower.java:317)] SensorState.DISABLE_LIDAR = false[0m
[[34m15:39:44.718 ORDERS (DEBUG) on main locomotion.PathFollower.moveLengthwise(PathFollower.java:165)] SensorState.MOVING = true[0m
[[34m15:39:44.718 LOCOMOTION (DEBUG) on main locomotion.PathFollower.moveLengthwise(PathFollower.java:166)] Move lengthwise 600[0m
[[34m15:39:44.719 ORDERS (DEBUG) on main locomotion.Locomotion.moveLengthwise(Locomotion.java:131)] Sent to LL: d 600 false[0m
[[34m15:39:44.722 STDOUT (DEBUG) on SimulatorManagerThread simulator.SimulatorManager.handleMessageLL(SimulatorManager.java:239)] SIMULATEUR-LL : message reçu : d 600 false[0m
[[33m15:39:44.722 COMMUNICATION (WARNING) on SimulatorManagerThread simulator.SimulatedRobot.moveLengthwise(SimulatedRobot.java:382)] C:0, D:1000[0m
[[33m15:39:44.722 COMMUNICATION (WARNING) on SimulatorManagerThread simulator.SimulatedRobot.moveLengthwise(SimulatedRobot.java:384)] A:(-424,267), B:(-424,867), C:(0,1000)[0m
[[34m15:39:45.346 STDOUT (DEBUG) on SimulatorManagerThread simulator.SimulatedRobot.trySendStoppedMovingMessage(SimulatedRobot.java:193)] stoppedMoving[0m
[[34m15:39:45.347 COMMUNICATION (DEBUG) on pool-1-thread-1 data.controlers.DataController.handleEvent(DataController.java:251)] Got event: stoppedMoving[0m
[[34m15:39:45.347 ORDERS (DEBUG) on pool-1-thread-1 data.controlers.DataController.handleEvent(DataController.java:263)] SensorState.MOVING = false[0m
[[34m15:39:45.347 STDOUT (DEBUG) on pool-1-thread-1 data.controlers.DataController.handleEvent(DataController.java:264)] Position at StoppedMoving: (x,y)=(-424,867), o=1.5708[0m
[[34m15:39:45.402 ORDERS (DEBUG) on main locomotion.PathFollower.moveLengthwise(PathFollower.java:217)] Sent to LL: maxtr 500.00000[0m
[[34m15:39:45.403 STDOUT (DEBUG) on SimulatorManagerThread simulator.SimulatorManager.handleMessageLL(SimulatorManager.java:239)] SIMULATEUR-LL : message reçu : maxtr 500.00000[0m
[[34m15:39:45.403 STDOUT (DEBUG) on SimulatorManagerThread simulator.SimulatorManager.handleMessageLL(SimulatorManager.java:335)] SIMULATEUR-LL : l'ordre "maxtr" est inconnu[0m
[[34m15:39:45.403 ORDERS (DEBUG) on main locomotion.PathFollower.moveLengthwise(PathFollower.java:217)] Sent to LL: maxro 6.28319[0m
[[34m15:39:45.403 LOCOMOTION (DEBUG) on main locomotion.PathFollower.moveLengthwise(PathFollower.java:224)] End of move lengthwise[0m
[[34m15:39:45.403 ORDERS (DEBUG) on main locomotion.PathFollower.turnTowards(PathFollower.java:301)] SensorState.DISABLE_LIDAR = true[0m
[[34m15:39:45.403 ORDERS (DEBUG) on main locomotion.PathFollower.turnTowards(PathFollower.java:303)] SensorState.MOVING = true[0m
[[34m15:39:45.404 ORDERS (DEBUG) on main locomotion.Locomotion.turnTowards(Locomotion.java:139)] Sent to LL: t 1.30900[0m
[[34m15:39:45.407 STDOUT (DEBUG) on SimulatorManagerThread simulator.SimulatorManager.handleMessageLL(SimulatorManager.java:239)] SIMULATEUR-LL : message reçu : maxro 6.28319[0m
[[34m15:39:45.407 STDOUT (DEBUG) on SimulatorManagerThread simulator.SimulatorManager.handleMessageLL(SimulatorManager.java:335)] SIMULATEUR-LL : l'ordre "maxro" est inconnu[0m
[[34m15:39:45.409 STDOUT (DEBUG) on SimulatorManagerThread simulator.SimulatorManager.handleMessageLL(SimulatorManager.java:239)] SIMULATEUR-LL : message reçu : t 1.30900[0m
[[34m15:39:45.477 STDOUT (DEBUG) on SimulatorManagerThread simulator.SimulatedRobot.trySendStoppedMovingMessage(SimulatedRobot.java:193)] stoppedMoving[0m
[[34m15:39:45.477 COMMUNICATION (DEBUG) on pool-1-thread-1 data.controlers.DataController.handleEvent(DataController.java:251)] Got event: stoppedMoving[0m
[[34m15:39:45.477 ORDERS (DEBUG) on pool-1-thread-1 data.controlers.DataController.handleEvent(DataController.java:263)] SensorState.MOVING = false[0m
[[34m15:39:45.477 STDOUT (DEBUG) on pool-1-thread-1 data.controlers.DataController.handleEvent(DataController.java:264)] Position at StoppedMoving: (x,y)=(-424,867), o=1.309[0m
[[34m15:39:45.480 ORDERS (DEBUG) on main locomotion.PathFollower.turnTowards(PathFollower.java:317)] SensorState.DISABLE_LIDAR = false[0m
[[34m15:39:45.480 ORDERS (DEBUG) on main locomotion.PathFollower.moveLengthwise(PathFollower.java:165)] SensorState.MOVING = true[0m
[[34m15:39:45.480 LOCOMOTION (DEBUG) on main locomotion.PathFollower.moveLengthwise(PathFollower.java:166)] Move lengthwise 300[0m
[[34m15:39:45.482 ORDERS (DEBUG) on main locomotion.Locomotion.moveLengthwise(Locomotion.java:131)] Sent to LL: d 300 false[0m
[[34m15:39:45.484 STDOUT (DEBUG) on SimulatorManagerThread simulator.SimulatorManager.handleMessageLL(SimulatorManager.java:239)] SIMULATEUR-LL : message reçu : d 300 false[0m
[[33m15:39:45.484 COMMUNICATION (WARNING) on SimulatorManagerThread simulator.SimulatedRobot.moveLengthwise(SimulatedRobot.java:382)] C:259, D:966[0m
[[33m15:39:45.484 COMMUNICATION (WARNING) on SimulatorManagerThread simulator.SimulatedRobot.moveLengthwise(SimulatedRobot.java:384)] A:(-424,867), B:(-346,1157), C:(259,966)[0m
[[34m15:39:45.784 STDOUT (DEBUG) on SimulatorManagerThread simulator.SimulatedRobot.trySendStoppedMovingMessage(SimulatedRobot.java:193)] stoppedMoving[0m
[[34m15:39:45.784 COMMUNICATION (DEBUG) on pool-1-thread-1 data.controlers.DataController.handleEvent(DataController.java:251)] Got event: stoppedMoving[0m
[[34m15:39:45.784 ORDERS (DEBUG) on pool-1-thread-1 data.controlers.DataController.handleEvent(DataController.java:263)] SensorState.MOVING = false[0m
[[34m15:39:45.784 STDOUT (DEBUG) on pool-1-thread-1 data.controlers.DataController.handleEvent(DataController.java:264)] Position at StoppedMoving: (x,y)=(-346,1157), o=1.309[0m
[[34m15:39:45.839 ORDERS (DEBUG) on main locomotion.PathFollower.moveLengthwise(PathFollower.java:217)] Sent to LL: maxtr 500.00000[0m
[[34m15:39:45.839 ORDERS (DEBUG) on main locomotion.PathFollower.moveLengthwise(PathFollower.java:217)] Sent to LL: maxro 6.28319[0m
[[34m15:39:45.839 LOCOMOTION (DEBUG) on main locomotion.PathFollower.moveLengthwise(PathFollower.java:224)] End of move lengthwise[0m
[[34m15:39:45.840 ORDERS (DEBUG) on main locomotion.PathFollower.turnTowards(PathFollower.java:301)] SensorState.DISABLE_LIDAR = true[0m
[[34m15:39:45.840 ORDERS (DEBUG) on main locomotion.PathFollower.turnTowards(PathFollower.java:303)] SensorState.MOVING = true[0m
[[34m15:39:45.840 ORDERS (DEBUG) on main locomotion.Locomotion.turnTowards(Locomotion.java:139)] Sent to LL: t 0.00000[0m
[[34m15:39:45.842 STDOUT (DEBUG) on SimulatorManagerThread simulator.SimulatorManager.handleMessageLL(SimulatorManager.java:239)] SIMULATEUR-LL : message reçu : maxtr 500.00000[0m
[[34m15:39:45.842 STDOUT (DEBUG) on SimulatorManagerThread simulator.SimulatorManager.handleMessageLL(SimulatorManager.java:335)] SIMULATEUR-LL : l'ordre "maxtr" est inconnu[0m
[[34m15:39:45.846 STDOUT (DEBUG) on SimulatorManagerThread simulator.SimulatorManager.handleMessageLL(SimulatorManager.java:239)] SIMULATEUR-LL : message reçu : maxro 6.28319[0m
[[34m15:39:45.846 STDOUT (DEBUG) on SimulatorManagerThread simulator.SimulatorManager.handleMessageLL(SimulatorManager.java:335)] SIMULATEUR-LL : l'ordre "maxro" est inconnu[0m
[[34m15:39:45.849 STDOUT (DEBUG) on SimulatorManagerThread simulator.SimulatorManager.handleMessageLL(SimulatorManager.java:239)] SIMULATEUR-LL : message reçu : t 0.00000[0m
[[34m15:39:46.188 STDOUT (DEBUG) on SimulatorManagerThread simulator.SimulatedRobot.trySendStoppedMovingMessage(SimulatedRobot.java:193)] stoppedMoving[0m
[[34m15:39:46.188 COMMUNICATION (DEBUG) on pool-1-thread-1 data.controlers.DataController.handleEvent(DataController.java:251)] Got event: stoppedMoving[0m
[[34m15:39:46.188 ORDERS (DEBUG) on pool-1-thread-1 data.controlers.DataController.handleEvent(DataController.java:263)] SensorState.MOVING = false[0m
[[34m15:39:46.188 STDOUT (DEBUG) on pool-1-thread-1 data.controlers.DataController.handleEvent(DataController.java:264)] Position at StoppedMoving: (x,y)=(-346,1157), o=0.0[0m
[[34m15:39:46.191 ORDERS (DEBUG) on main locomotion.PathFollower.turnTowards(PathFollower.java:317)] SensorState.DISABLE_LIDAR = false[0m
[[34m15:39:46.191 ORDERS (DEBUG) on main locomotion.PathFollower.moveLengthwise(PathFollower.java:165)] SensorState.MOVING = true[0m
[[34m15:39:46.191 LOCOMOTION (DEBUG) on main locomotion.PathFollower.moveLengthwise(PathFollower.java:166)] Move lengthwise 600[0m
[[34m15:39:46.192 ORDERS (DEBUG) on main locomotion.Locomotion.moveLengthwise(Locomotion.java:131)] Sent to LL: d 600 false[0m
[[34m15:39:46.193 STDOUT (DEBUG) on SimulatorManagerThread simulator.SimulatorManager.handleMessageLL(SimulatorManager.java:239)] SIMULATEUR-LL : message reçu : d 600 false[0m
[[33m15:39:46.193 COMMUNICATION (WARNING) on SimulatorManagerThread simulator.SimulatedRobot.moveLengthwise(SimulatedRobot.java:382)] C:1000, D:0[0m
[[33m15:39:46.193 COMMUNICATION (WARNING) on SimulatorManagerThread simulator.SimulatedRobot.moveLengthwise(SimulatedRobot.java:384)] A:(-346,1157), B:(254,1157), C:(1000,0)[0m
[[34m15:39:46.804 STDOUT (DEBUG) on SimulatorManagerThread simulator.SimulatedRobot.trySendStoppedMovingMessage(SimulatedRobot.java:193)] stoppedMoving[0m
[[34m15:39:46.804 COMMUNICATION (DEBUG) on pool-1-thread-1 data.controlers.DataController.handleEvent(DataController.java:251)] Got event: stoppedMoving[0m
[[34m15:39:46.804 ORDERS (DEBUG) on pool-1-thread-1 data.controlers.DataController.handleEvent(DataController.java:263)] SensorState.MOVING = false[0m
[[34m15:39:46.804 STDOUT (DEBUG) on pool-1-thread-1 data.controlers.DataController.handleEvent(DataController.java:264)] Position at StoppedMoving: (x,y)=(254,1157), o=0.0[0m
[[34m15:39:46.859 ORDERS (DEBUG) on main locomotion.PathFollower.moveLengthwise(PathFollower.java:217)] Sent to LL: maxtr 500.00000[0m
[[34m15:39:46.860 ORDERS (DEBUG) on main locomotion.PathFollower.moveLengthwise(PathFollower.java:217)] Sent to LL: maxro 6.28319[0m
[[34m15:39:46.860 LOCOMOTION (DEBUG) on main locomotion.PathFollower.moveLengthwise(PathFollower.java:224)] End of move lengthwise[0m
[[34m15:39:46.860 ORDERS (DEBUG) on main locomotion.PathFollower.turnTowards(PathFollower.java:301)] SensorState.DISABLE_LIDAR = true[0m
[[34m15:39:46.860 ORDERS (DEBUG) on main locomotion.PathFollower.turnTowards(PathFollower.java:303)] SensorState.MOVING = true[0m
[[34m15:39:46.860 STDOUT (DEBUG) on SimulatorManagerThread simulator.SimulatorManager.handleMessageLL(SimulatorManager.java:239)] SIMULATEUR-LL : message reçu : maxtr 500.00000[0m
[[34m15:39:46.860 STDOUT (DEBUG) on SimulatorManagerThread simulator.SimulatorManager.handleMessageLL(SimulatorManager.java:335)] SIMULATEUR-LL : l'ordre "maxtr" est inconnu[0m
[[34m15:39:46.861 ORDERS (DEBUG) on main locomotion.Locomotion.turnTowards(Locomotion.java:139)] Sent to LL: t 1.57080[0m
[[34m15:39:46.865 STDOUT (DEBUG) on SimulatorManagerThread simulator.SimulatorManager.handleMessageLL(SimulatorManager.java:239)] SIMULATEUR-LL : message reçu : maxro 6.28319[0m
[[34m15:39:46.865 STDOUT (DEBUG) on SimulatorManagerThread simulator.SimulatorManager.handleMessageLL(SimulatorManager.java:335)] SIMULATEUR-LL : l'ordre "maxro" est inconnu[0m
[[34m15:39:46.867 STDOUT (DEBUG) on SimulatorManagerThread simulator.SimulatorManager.handleMessageLL(SimulatorManager.java:239)] SIMULATEUR-LL : message reçu : t 1.57080[0m
[[34m15:39:47.272 STDOUT (DEBUG) on SimulatorManagerThread simulator.SimulatedRobot.trySendStoppedMovingMessage(SimulatedRobot.java:193)] stoppedMoving[0m
[[34m15:39:47.273 COMMUNICATION (DEBUG) on pool-1-thread-1 data.controlers.DataController.handleEvent(DataController.java:251)] Got event: stoppedMoving[0m
[[34m15:39:47.273 ORDERS (DEBUG) on pool-1-thread-1 data.controlers.DataController.handleEvent(DataController.java:263)] SensorState.MOVING = false[0m
[[34m15:39:47.273 STDOUT (DEBUG) on pool-1-thread-1 data.controlers.DataController.handleEvent(DataController.java:264)] Position at StoppedMoving: (x,y)=(254,1157), o=1.5708[0m
[[34m15:39:47.277 ORDERS (DEBUG) on main locomotion.PathFollower.turnTowards(PathFollower.java:317)] SensorState.DISABLE_LIDAR = false[0m
[[34m15:39:47.277 ORDERS (DEBUG) on main locomotion.PathFollower.moveLengthwise(PathFollower.java:165)] SensorState.MOVING = true[0m
[[34m15:39:47.277 LOCOMOTION (DEBUG) on main locomotion.PathFollower.moveLengthwise(PathFollower.java:166)] Move lengthwise 800[0m
[[34m15:39:47.278 ORDERS (DEBUG) on main locomotion.Locomotion.moveLengthwise(Locomotion.java:131)] Sent to LL: d 800 false[0m
[[34m15:39:47.279 STDOUT (DEBUG) on SimulatorManagerThread simulator.SimulatorManager.handleMessageLL(SimulatorManager.java:239)] SIMULATEUR-LL : message reçu : d 800 false[0m
[[33m15:39:47.279 COMMUNICATION (WARNING) on SimulatorManagerThread simulator.SimulatedRobot.moveLengthwise(SimulatedRobot.java:382)] C:0, D:1000[0m
[[33m15:39:47.279 COMMUNICATION (WARNING) on SimulatorManagerThread simulator.SimulatedRobot.moveLengthwise(SimulatedRobot.java:384)] A:(254,1157), B:(254,1957), C:(0,1000)[0m
[[34m15:39:48.095 STDOUT (DEBUG) on SimulatorManagerThread simulator.SimulatedRobot.trySendStoppedMovingMessage(SimulatedRobot.java:193)] stoppedMoving[0m
[[34m15:39:48.095 COMMUNICATION (DEBUG) on pool-1-thread-1 data.controlers.DataController.handleEvent(DataController.java:251)] Got event: stoppedMoving[0m
[[34m15:39:48.095 ORDERS (DEBUG) on pool-1-thread-1 data.controlers.DataController.handleEvent(DataController.java:263)] SensorState.MOVING = false[0m
[[34m15:39:48.095 STDOUT (DEBUG) on pool-1-thread-1 data.controlers.DataController.handleEvent(DataController.java:264)] Position at StoppedMoving: (x,y)=(254,1957), o=1.5708[0m
[[34m15:39:48.148 ORDERS (DEBUG) on main locomotion.PathFollower.moveLengthwise(PathFollower.java:217)] Sent to LL: maxtr 500.00000[0m
[[34m15:39:48.148 ORDERS (DEBUG) on main locomotion.PathFollower.moveLengthwise(PathFollower.java:217)] Sent to LL: maxro 6.28319[0m
[[34m15:39:48.148 LOCOMOTION (DEBUG) on main locomotion.PathFollower.moveLengthwise(PathFollower.java:224)] End of move lengthwise[0m
[[33m15:39:48.148 STRATEGY (WARNING) on main scripts.Script.timedExecute(Script.java:177)] Ending script ScriptLoisSlave v0 at 1618753188.149[0m
[[33m15:39:48.149 STRATEGY (WARNING) on main scripts.Script.timedExecute(Script.java:179)] Script ScriptLoisSlave v0 took 006.357[0m
[[34m15:39:48.149 STDOUT (DEBUG) on main main.RobotEntryPoint.entryPoint(RobotEntryPoint.java:70)] Finished![0m
[[34m15:39:48.149 STDOUT (DEBUG) on SimulatorManagerThread simulator.SimulatorManager.handleMessageLL(SimulatorManager.java:239)] SIMULATEUR-LL : message reçu : maxtr 500.00000[0m
[[34m15:39:48.149 STDOUT (DEBUG) on SimulatorManagerThread simulator.SimulatorManager.handleMessageLL(SimulatorManager.java:335)] SIMULATEUR-LL : l'ordre "maxtr" est inconnu[0m
[[34m15:39:48.156 STDOUT (DEBUG) on SimulatorManagerThread simulator.SimulatorManager.handleMessageLL(SimulatorManager.java:239)] SIMULATEUR-LL : message reçu : maxro 6.28319[0m
[[34m15:39:48.156 STDOUT (DEBUG) on SimulatorManagerThread simulator.SimulatorManager.handleMessageLL(SimulatorManager.java:335)] SIMULATEUR-LL : l'ordre "maxro" est inconnu[0m
[[34m15:39:49.149 STDOUT (DEBUG) on main main.RobotEntryPoint.entryPoint(RobotEntryPoint.java:70)] Finished![0m
